2023-11-29 19:48:40,891 [INFO] Activator:176 - 


2023-11-29 19:48:40,900 [INFO] Activator:177 - !SESSION log4j initialized
2023-11-29 19:48:45,605 [INFO] LogOutputStream:77 - [STDOUT_REDIRECT] 
2023-11-29 19:48:51,572 [INFO] ApplicationProperties:184 - Using Application install path: C:\ST\STM32CubeIDE_1.13.2\STM32CubeIDE\plugins\com.st.stm32cube.common.mx_6.9.2.202309101412
2023-11-29 19:48:51,598 [INFO] DbMcusXml:78 - Set database path to: C:\ST\STM32CubeIDE_1.13.2\STM32CubeIDE\plugins\com.st.stm32cube.common.mx_6.9.2.202309101412\\db\/mcu/
2023-11-29 19:48:51,598 [INFO] ApiDb:274 - Set plugin database path to: C:\ST\STM32CubeIDE_1.13.2\STM32CubeIDE\plugins\com.st.stm32cube.common.mx_6.9.2.202309101412\\db\/plugins/boardmanager/
2023-11-29 19:48:51,599 [WARN] ApiDb:259 - Overriding images path with different value:  => C:\ST\STM32CubeIDE_1.13.2\STM32CubeIDE\plugins\com.st.stm32cube.common.mx_6.9.2.202309101412\\db\/plugins/mcufinder/images/
2023-11-29 19:48:51,616 [INFO] ApiDb:250 - Set database path to: C:\Users\E-AY\.stmcufinder\plugins\mcufinder//mcu/
2023-11-29 19:48:51,617 [INFO] DbMcusAds:125 - Set database path to: C:\Users\E-AY\.stmcufinder\plugins\mcufinder//mcu/
2023-11-29 19:48:51,619 [INFO] CrossReferenceDbSqlite:203 - Set database path to: C:\Users\E-AY\.stmcufinder\plugins\mcufinder//mcu/cs/
2023-11-29 19:48:51,809 [INFO] RulesReader:64 - Compatibility file has been processed (293 Rules)
2023-11-29 19:48:51,937 [INFO] DbMcusXml:78 - Set database path to: C:\ST\STM32CubeIDE_1.13.2\STM32CubeIDE\plugins\com.st.stm32cube.common.mx_6.9.2.202309101412\\db\/mcu/
2023-11-29 19:48:51,937 [INFO] ApiDb:274 - Set plugin database path to: C:\ST\STM32CubeIDE_1.13.2\STM32CubeIDE\plugins\com.st.stm32cube.common.mx_6.9.2.202309101412\\db\/plugins/boardmanager/
2023-11-29 19:48:51,937 [INFO] ApiDb:261 - Set plugin images path to: C:\ST\STM32CubeIDE_1.13.2\STM32CubeIDE\plugins\com.st.stm32cube.common.mx_6.9.2.202309101412\\db\/plugins/mcufinder/images/
2023-11-29 19:48:51,938 [WARN] DbFile:41 - Overriding database path with different value: C:\Users\E-AY\.stmcufinder\plugins\mcufinder/ => C:\Users\E-AY\.stmcufinder\plugins\mcufinder
2023-11-29 19:48:51,938 [INFO] ApiDb:250 - Set database path to: C:\Users\E-AY\.stmcufinder\plugins\mcufinder//mcu/
2023-11-29 19:48:51,938 [WARN] DbFile:41 - Overriding database path with different value: C:\Users\E-AY\.stmcufinder\plugins\mcufinder/ => C:\Users\E-AY\.stmcufinder\plugins\mcufinder
2023-11-29 19:48:51,938 [INFO] DbMcusAds:125 - Set database path to: C:\Users\E-AY\.stmcufinder\plugins\mcufinder//mcu/
2023-11-29 19:48:51,938 [WARN] DbFile:41 - Overriding database path with different value: C:\Users\E-AY\.stmcufinder\plugins\mcufinder/ => C:\Users\E-AY\.stmcufinder\plugins\mcufinder
2023-11-29 19:48:51,938 [WARN] DbFile:41 - Overriding database path with different value: C:\Users\E-AY\.stmcufinder\plugins\mcufinder/ => C:\Users\E-AY\.stmcufinder\plugins\mcufinder
2023-11-29 19:48:51,939 [INFO] CrossReferenceDbSqlite:203 - Set database path to: C:\Users\E-AY\.stmcufinder\plugins\mcufinder//mcu/cs/
2023-11-29 19:48:52,055 [INFO] MainPanel:262 - HeapMemory: 268435456
2023-11-29 19:48:52,172 [INFO] DbMcusXml:78 - Set database path to: C:\ST\STM32CubeIDE_1.13.2\STM32CubeIDE\plugins\com.st.stm32cube.common.mx_6.9.2.202309101412\\db\/mcu/
2023-11-29 19:48:52,172 [INFO] ApiDb:274 - Set plugin database path to: C:\ST\STM32CubeIDE_1.13.2\STM32CubeIDE\plugins\com.st.stm32cube.common.mx_6.9.2.202309101412\\db\/plugins/boardmanager/
2023-11-29 19:48:52,172 [INFO] ApiDb:261 - Set plugin images path to: C:\ST\STM32CubeIDE_1.13.2\STM32CubeIDE\plugins\com.st.stm32cube.common.mx_6.9.2.202309101412\\db\/plugins/mcufinder/images/
2023-11-29 19:48:52,173 [WARN] DbFile:41 - Overriding database path with different value: C:\Users\E-AY\.stmcufinder\plugins\mcufinder/ => C:\Users\E-AY\.stmcufinder\plugins\mcufinder
2023-11-29 19:48:52,173 [INFO] ApiDb:250 - Set database path to: C:\Users\E-AY\.stmcufinder\plugins\mcufinder//mcu/
2023-11-29 19:48:52,174 [WARN] DbFile:41 - Overriding database path with different value: C:\Users\E-AY\.stmcufinder\plugins\mcufinder/ => C:\Users\E-AY\.stmcufinder\plugins\mcufinder
2023-11-29 19:48:52,174 [INFO] DbMcusAds:125 - Set database path to: C:\Users\E-AY\.stmcufinder\plugins\mcufinder//mcu/
2023-11-29 19:48:52,174 [WARN] DbFile:41 - Overriding database path with different value: C:\Users\E-AY\.stmcufinder\plugins\mcufinder/ => C:\Users\E-AY\.stmcufinder\plugins\mcufinder
2023-11-29 19:48:52,174 [WARN] DbFile:41 - Overriding database path with different value: C:\Users\E-AY\.stmcufinder\plugins\mcufinder/ => C:\Users\E-AY\.stmcufinder\plugins\mcufinder
2023-11-29 19:48:52,174 [INFO] CrossReferenceDbSqlite:203 - Set database path to: C:\Users\E-AY\.stmcufinder\plugins\mcufinder//mcu/cs/
2023-11-29 19:48:52,198 [INFO] ApplicationProperties:184 - Using Application install path: C:\ST\STM32CubeIDE_1.13.2\STM32CubeIDE\plugins\com.st.stm32cube.common.mx_6.9.2.202309101412
2023-11-29 19:48:52,200 [INFO] PluginManage:196 - Search for loadable plugins [exclusion list=, ]
2023-11-29 19:48:52,202 [INFO] PluginManage:310 - Check plugin analytics
2023-11-29 19:48:52,464 [INFO] AnalyticsPlugin:253 - Accepted Software Licenses: 
2023-11-29 19:48:52,465 [INFO] AnalyticsPlugin:255 - Accepted CMSIS Pack Licenses: 
2023-11-29 19:48:52,465 [INFO] AnalyticsPlugin:257 - Accepted Firmware Licenses: 
2023-11-29 19:48:52,468 [INFO] PluginManage:359 - Loaded plugin analytics (category:tool,tabindex:-1)
2023-11-29 19:48:52,469 [INFO] PluginManage:310 - Check plugin cadmodel
2023-11-29 19:48:52,485 [INFO] CADModel:105 - Init CAD model plugin
2023-11-29 19:48:52,486 [INFO] PluginManage:359 - Loaded plugin cadmodel (category:power,tabindex:5)
2023-11-29 19:48:52,486 [INFO] PluginManage:310 - Check plugin clock
2023-11-29 19:48:52,509 [INFO] PluginManage:359 - Loaded plugin clock (category:base,tabindex:2)
2023-11-29 19:48:52,509 [INFO] PluginManage:310 - Check plugin ddr
2023-11-29 19:48:52,512 [INFO] PluginManage:359 - Loaded plugin ddr (category:tool,tabindex:6)
2023-11-29 19:48:52,513 [INFO] PluginManage:310 - Check plugin filemanager
2023-11-29 19:48:52,770 [INFO] PluginManage:359 - Loaded plugin filemanager (category:base,tabindex:10)
2023-11-29 19:48:52,770 [INFO] PluginManage:310 - Check plugin ipmanager
2023-11-29 19:48:52,781 [INFO] PluginManage:359 - Loaded plugin ipmanager (category:base,tabindex:5)
2023-11-29 19:48:52,781 [INFO] PluginManage:310 - Check plugin lpbam
2023-11-29 19:48:52,808 [INFO] PluginManage:359 - Loaded plugin lpbam (category:base,tabindex:0)
2023-11-29 19:48:52,809 [INFO] PluginManage:310 - Check plugin memorymap
2023-11-29 19:48:52,839 [INFO] PluginManage:359 - Loaded plugin memorymap (category:base,tabindex:4)
2023-11-29 19:48:52,839 [INFO] PluginManage:310 - Check plugin pinoutandconfiguration
2023-11-29 19:48:52,860 [INFO] PluginManage:359 - Loaded plugin pinoutandconfiguration (category:base,tabindex:1)
2023-11-29 19:48:52,860 [INFO] PluginManage:310 - Check plugin pinoutconfig
2023-11-29 19:48:52,991 [WARN] SupportedApi:132 - Cannot load RTOS API schema: s4s-elt-must-match.1: The content of 'definitions' must match (annotation?, (simpleType | complexType)?, (unique | key | keyref)*)). A problem was found starting at: attribute.
2023-11-29 19:48:53,166 [INFO] PluginManage:359 - Loaded plugin pinoutconfig (category:base,tabindex:0)
2023-11-29 19:48:53,167 [INFO] PluginManage:310 - Check plugin power
2023-11-29 19:48:53,196 [INFO] PluginManage:359 - Loaded plugin power (category:power,tabindex:4)
2023-11-29 19:48:53,197 [INFO] PluginManage:310 - Check plugin projectmanager
2023-11-29 19:48:53,219 [INFO] PluginManage:359 - Loaded plugin projectmanager (category:projectmanager,tabindex:3)
2023-11-29 19:48:53,219 [INFO] PluginManage:310 - Check plugin thirdparty
2023-11-29 19:48:53,559 [INFO] PluginManage:359 - Loaded plugin thirdparty (category:base,tabindex:-1)
2023-11-29 19:48:53,559 [INFO] PluginManage:310 - Check plugin tools
2023-11-29 19:48:53,559 [WARN] IntegrityCheckThread:84 - waiting for thirdparty lock release [integrity check]
2023-11-29 19:48:53,559 [INFO] IntegrityCheckThread:86 - entering critical section [integrity check]
2023-11-29 19:48:53,560 [INFO] ThirdPartyUpdaterWithRetryManager:70 - Updater plugin not ready yet. [1/15]
2023-11-29 19:48:53,601 [INFO] PluginManage:359 - Loaded plugin tools (category:base,tabindex:7)
2023-11-29 19:48:53,601 [INFO] PluginManage:310 - Check plugin tutovideos
2023-11-29 19:48:53,834 [INFO] PluginManage:359 - Loaded plugin tutovideos (category:base,tabindex:-1)
2023-11-29 19:48:53,834 [INFO] PluginManage:310 - Check plugin updater
2023-11-29 19:48:53,846 [INFO] PluginManage:359 - Loaded plugin updater (category:base,tabindex:12)
2023-11-29 19:48:53,847 [INFO] PluginManage:310 - Check plugin userauth
2023-11-29 19:48:53,853 [INFO] UserAuth:113 - Init User Auth plugin
2023-11-29 19:48:53,853 [INFO] PluginManage:359 - Loaded plugin userauth (category:base,tabindex:14)
2023-11-29 19:48:53,854 [INFO] PluginManage:283 - PluginManage : Loaded plugins [17]
2023-11-29 19:48:54,118 [INFO] PinOutPanel:1499 - setPackage(No Configuration,No Configuration)
2023-11-29 19:48:54,250 [INFO] CADModel:165 - CPN selected for project level
2023-11-29 19:48:54,250 [INFO] CADModel:114 - Register for checkConnection events
2023-11-29 19:48:54,279 [INFO] IPUIPlugin:80 - create IPUIPlugin
2023-11-29 19:48:54,279 [INFO] PluginManager:220 - loadIPPluginJar : add adc
2023-11-29 19:48:54,322 [INFO] IPUIPlugin:80 - create IPUIPlugin
2023-11-29 19:48:54,323 [INFO] PluginManager:220 - loadIPPluginJar : add aes
2023-11-29 19:48:54,373 [INFO] IPUIPlugin:80 - create IPUIPlugin
2023-11-29 19:48:54,373 [INFO] PluginManager:220 - loadIPPluginJar : add can
2023-11-29 19:48:54,400 [INFO] IPUIPlugin:80 - create IPUIPlugin
2023-11-29 19:48:54,400 [INFO] PluginManager:220 - loadIPPluginJar : add comp
2023-11-29 19:48:54,440 [INFO] IPUIPlugin:80 - create IPUIPlugin
2023-11-29 19:48:54,440 [INFO] PluginManager:220 - loadIPPluginJar : add cryp
2023-11-29 19:48:54,480 [INFO] IPUIPlugin:80 - create IPUIPlugin
2023-11-29 19:48:54,481 [INFO] PluginManager:220 - loadIPPluginJar : add dfsdm
2023-11-29 19:48:54,497 [INFO] IPUIPlugin:80 - create IPUIPlugin
2023-11-29 19:48:54,498 [INFO] PluginManager:220 - loadIPPluginJar : add dma
2023-11-29 19:48:54,554 [INFO] IPUIPlugin:80 - create IPUIPlugin
2023-11-29 19:48:54,554 [INFO] PluginManager:220 - loadIPPluginJar : add dma3
2023-11-29 19:48:54,580 [INFO] IPUIPlugin:80 - create IPUIPlugin
2023-11-29 19:48:54,580 [INFO] PluginManager:220 - loadIPPluginJar : add fatfs
2023-11-29 19:48:54,640 [INFO] IPUIPlugin:80 - create IPUIPlugin
2023-11-29 19:48:54,640 [INFO] PluginManager:220 - loadIPPluginJar : add fmc
2023-11-29 19:48:54,658 [INFO] IPUIPlugin:80 - create IPUIPlugin
2023-11-29 19:48:54,658 [INFO] PluginManager:220 - loadIPPluginJar : add freertos
2023-11-29 19:48:54,684 [INFO] IPUIPlugin:80 - create IPUIPlugin
2023-11-29 19:48:54,685 [INFO] PluginManager:220 - loadIPPluginJar : add genericplugin
2023-11-29 19:48:54,808 [INFO] IPUIPlugin:80 - create IPUIPlugin
2023-11-29 19:48:54,808 [INFO] PluginManager:220 - loadIPPluginJar : add gfxmmu
2023-11-29 19:48:54,974 [INFO] IPUIPlugin:80 - create IPUIPlugin
2023-11-29 19:48:54,974 [INFO] PluginManager:220 - loadIPPluginJar : add gic
2023-11-29 19:48:54,989 [INFO] IPUIPlugin:80 - create IPUIPlugin
2023-11-29 19:48:54,990 [INFO] PluginManager:220 - loadIPPluginJar : add gpio
2023-11-29 19:48:55,107 [INFO] IPUIPlugin:80 - create IPUIPlugin
2023-11-29 19:48:55,107 [INFO] PluginManager:220 - loadIPPluginJar : add gtzc
2023-11-29 19:48:55,147 [INFO] IPUIPlugin:80 - create IPUIPlugin
2023-11-29 19:48:55,147 [INFO] PluginManager:220 - loadIPPluginJar : add hash
2023-11-29 19:48:55,210 [INFO] IPUIPlugin:80 - create IPUIPlugin
2023-11-29 19:48:55,211 [INFO] PluginManager:220 - loadIPPluginJar : add i2c
2023-11-29 19:48:55,259 [INFO] IPUIPlugin:80 - create IPUIPlugin
2023-11-29 19:48:55,260 [INFO] PluginManager:220 - loadIPPluginJar : add i2s
2023-11-29 19:48:55,310 [INFO] IPUIPlugin:80 - create IPUIPlugin
2023-11-29 19:48:55,310 [INFO] PluginManager:220 - loadIPPluginJar : add i3c
2023-11-29 19:48:55,448 [INFO] IPUIPlugin:80 - create IPUIPlugin
2023-11-29 19:48:55,448 [INFO] PluginManager:220 - loadIPPluginJar : add ipddr
2023-11-29 19:48:55,558 [INFO] IPUIPlugin:80 - create IPUIPlugin
2023-11-29 19:48:55,559 [INFO] PluginManager:220 - loadIPPluginJar : add linkedlist
2023-11-29 19:48:55,600 [INFO] IPUIPlugin:80 - create IPUIPlugin
2023-11-29 19:48:55,601 [INFO] PluginManager:220 - loadIPPluginJar : add lorawan
2023-11-29 19:48:55,644 [INFO] IPUIPlugin:80 - create IPUIPlugin
2023-11-29 19:48:55,644 [INFO] PluginManager:220 - loadIPPluginJar : add ltdc
2023-11-29 19:48:55,661 [INFO] IPUIPlugin:80 - create IPUIPlugin
2023-11-29 19:48:55,661 [INFO] PluginManager:220 - loadIPPluginJar : add mdma
2023-11-29 19:48:55,676 [INFO] IPUIPlugin:80 - create IPUIPlugin
2023-11-29 19:48:55,676 [INFO] PluginManager:220 - loadIPPluginJar : add nvic
2023-11-29 19:48:55,719 [INFO] IPUIPlugin:80 - create IPUIPlugin
2023-11-29 19:48:55,719 [INFO] PluginManager:220 - loadIPPluginJar : add opamp
2023-11-29 19:48:55,791 [INFO] IPUIPlugin:80 - create IPUIPlugin
2023-11-29 19:48:55,791 [INFO] PluginManager:220 - loadIPPluginJar : add openamp
2023-11-29 19:48:55,844 [INFO] IPUIPlugin:80 - create IPUIPlugin
2023-11-29 19:48:55,844 [INFO] PluginManager:220 - loadIPPluginJar : add pdm2pcm
2023-11-29 19:48:55,861 [INFO] IPUIPlugin:80 - create IPUIPlugin
2023-11-29 19:48:55,864 [INFO] PluginManager:220 - loadIPPluginJar : add plateformsettings
2023-11-29 19:48:55,890 [INFO] IPUIPlugin:80 - create IPUIPlugin
2023-11-29 19:48:55,890 [INFO] PluginManager:220 - loadIPPluginJar : add quadspi
2023-11-29 19:48:55,904 [INFO] IPUIPlugin:80 - create IPUIPlugin
2023-11-29 19:48:55,904 [INFO] PluginManager:220 - loadIPPluginJar : add resmgrutility
2023-11-29 19:48:55,965 [INFO] IPUIPlugin:80 - create IPUIPlugin
2023-11-29 19:48:55,965 [INFO] PluginManager:220 - loadIPPluginJar : add sai
2023-11-29 19:48:56,010 [INFO] IPUIPlugin:80 - create IPUIPlugin
2023-11-29 19:48:56,010 [INFO] PluginManager:220 - loadIPPluginJar : add spi
2023-11-29 19:48:56,082 [INFO] IPUIPlugin:80 - create IPUIPlugin
2023-11-29 19:48:56,083 [INFO] PluginManager:220 - loadIPPluginJar : add stm32_wpan
2023-11-29 19:48:56,110 [INFO] IPUIPlugin:80 - create IPUIPlugin
2023-11-29 19:48:56,111 [INFO] PluginManager:220 - loadIPPluginJar : add tim
2023-11-29 19:48:56,181 [INFO] IPUIPlugin:80 - create IPUIPlugin
2023-11-29 19:48:56,181 [INFO] PluginManager:220 - loadIPPluginJar : add touchsensing
2023-11-29 19:48:56,207 [INFO] IPUIPlugin:80 - create IPUIPlugin
2023-11-29 19:48:56,207 [INFO] PluginManager:220 - loadIPPluginJar : add tracer_emb
2023-11-29 19:48:56,236 [INFO] IPUIPlugin:80 - create IPUIPlugin
2023-11-29 19:48:56,236 [INFO] PluginManager:220 - loadIPPluginJar : add ts
2023-11-29 19:48:56,262 [INFO] IPUIPlugin:80 - create IPUIPlugin
2023-11-29 19:48:56,263 [INFO] PluginManager:220 - loadIPPluginJar : add tsc
2023-11-29 19:48:56,288 [INFO] IPUIPlugin:80 - create IPUIPlugin
2023-11-29 19:48:56,288 [INFO] PluginManager:220 - loadIPPluginJar : add ucpd
2023-11-29 19:48:56,343 [INFO] IPUIPlugin:80 - create IPUIPlugin
2023-11-29 19:48:56,343 [INFO] PluginManager:220 - loadIPPluginJar : add usart
2023-11-29 19:48:56,399 [INFO] IPUIPlugin:80 - create IPUIPlugin
2023-11-29 19:48:56,399 [INFO] PluginManager:220 - loadIPPluginJar : add usbx
2023-11-29 19:48:56,539 [INFO] CADModel:165 - CPN selected for project level
2023-11-29 19:48:56,539 [INFO] CADModel:114 - Register for checkConnection events
2023-11-29 19:48:56,539 [FATAL] Updater:308 - Updater called before beeing initialized
2023-11-29 19:48:56,540 [ERROR] CADModel:125 - Updater not yet initialized, retry later 
2023-11-29 19:48:56,563 [INFO] ThirdPartyUpdaterWithRetryManager:70 - Updater plugin not ready yet. [2/15]
2023-11-29 19:48:56,729 [INFO] CADModel:165 - CPN selected for project level
2023-11-29 19:48:56,729 [INFO] CADModel:114 - Register for checkConnection events
2023-11-29 19:48:56,729 [FATAL] Updater:308 - Updater called before beeing initialized
2023-11-29 19:48:56,729 [ERROR] CADModel:125 - Updater not yet initialized, retry later 
2023-11-29 19:48:56,733 [FATAL] Updater:308 - Updater called before beeing initialized
2023-11-29 19:48:56,872 [FATAL] Updater:308 - Updater called before beeing initialized
2023-11-29 19:48:56,888 [INFO] DbMcusAds:53 - JSON generation date=Tue Mar 07 11:50:55 TRT 2023 (1678179055335)
2023-11-29 19:48:56,888 [FATAL] Updater:308 - Updater called before beeing initialized
2023-11-29 19:48:56,987 [WARN] DetailPanel:346 - Failed to get advertising image, set to default
2023-11-29 19:48:57,125 [FATAL] Updater:308 - Updater called before beeing initialized
2023-11-29 19:48:57,128 [FATAL] Updater:308 - Updater called before beeing initialized
2023-11-29 19:48:57,128 [FATAL] Updater:308 - Updater called before beeing initialized
2023-11-29 19:48:57,128 [WARN] DetailPanel:346 - Failed to get advertising image, set to default
2023-11-29 19:48:57,129 [FATAL] Updater:308 - Updater called before beeing initialized
2023-11-29 19:48:57,204 [ERROR] Updater:1120 - MainUpdater not yet initialized. External WinMGr cannot be set.
2023-11-29 19:48:57,217 [INFO] Updater:1056 - Updater Version found : 6.9.2
2023-11-29 19:48:57,239 [INFO] ApplicationProperties:184 - Using Application install path: C:\ST\STM32CubeIDE_1.13.2\STM32CubeIDE\plugins\com.st.stm32cube.common.mx_6.9.2.202309101412
2023-11-29 19:48:57,461 [INFO] MainUpdater:2868 - connection check result : 10
2023-11-29 19:48:57,462 [INFO] MainUpdater:285 - Updater Check For Update Now.
2023-11-29 19:48:57,462 [INFO] MicroXplorer:498 - Change Database Version : DB.6.0.92
2023-11-29 19:48:57,487 [INFO] McuFinderGlobals:63 - Set McuFinder mode to 2 (CubeIDE integrated)
2023-11-29 19:48:57,487 [INFO] UserAuth:179 - activating auth plugin
2023-11-29 19:48:57,491 [INFO] UserAuth:393 - Internet connection configuration mode: 1
2023-11-29 19:48:57,524 [INFO] JxBrowserEngine:151 - Initiate JxBrowser Engine with user profile folder
2023-11-29 19:48:57,726 [INFO] CheckServerUpdateThread:120 - End of CheckServer Thread
2023-11-29 19:48:59,811 [WARN] PackLoader:240 - Cannot read IP mode file for STMicroelectronics.X-CUBE-SMBUS.2.1.0
2023-11-29 19:48:59,885 [WARN] PackLoader:240 - Cannot read IP mode file for STMicroelectronics.X-CUBE-AZRTOS-F7.1.1.0
2023-11-29 19:48:59,913 [WARN] PackLoader:240 - Cannot read IP mode file for STMicroelectronics.FP-SNS-MOTENV1.4.3.2
2023-11-29 19:48:59,940 [WARN] PackLoader:240 - Cannot read IP mode file for STMicroelectronics.FP-SNS-FLIGHT1.5.0.2
2023-11-29 19:48:59,968 [WARN] PackLoader:240 - Cannot read IP mode file for STMicroelectronics.X-CUBE-DISPLAY.3.0.0
2023-11-29 19:49:00,009 [WARN] PackLoader:240 - Cannot read IP mode file for STMicroelectronics.X-CUBE-BLE1.7.0.0
2023-11-29 19:49:00,043 [WARN] PackLoader:240 - Cannot read IP mode file for emotas.I-CUBE-CANOPEN.1.3.0
2023-11-29 19:49:00,210 [INFO] LogOutputStream:77 - [STDOUT_REDIRECT] 1 : Invalid condition id : UX_CORESTACK_Condition cause : null
2023-11-29 19:49:00,211 [INFO] LogOutputStream:77 - [STDOUT_REDIRECT] 1 : Invalid condition id : UX_CORESTACK_Condition cause : null
2023-11-29 19:49:00,215 [INFO] LogOutputStream:77 - [STDOUT_REDIRECT] 1 : Invalid condition id : UX_CORESTACK_Condition cause : null
2023-11-29 19:49:00,218 [INFO] LogOutputStream:77 - [STDOUT_REDIRECT] 1 : Invalid condition id : UX_CORESTACK_Condition cause : null
2023-11-29 19:49:00,221 [INFO] LogOutputStream:77 - [STDOUT_REDIRECT] 1 : Invalid condition id : UX_CORESTACK_Condition cause : null
2023-11-29 19:49:00,229 [WARN] PackLoader:240 - Cannot read IP mode file for STMicroelectronics.X-CUBE-AZRTOS-WL.2.0.0
2023-11-29 19:49:00,254 [WARN] PackLoader:240 - Cannot read IP mode file for WES.I-CUBE-Cesium.1.3.0
2023-11-29 19:49:00,272 [WARN] PackLoader:240 - Cannot read IP mode file for STMicroelectronics.X-CUBE-BLE2.3.3.0
2023-11-29 19:49:00,289 [WARN] PackLoader:240 - Cannot read IP mode file for STMicroelectronics.X-CUBE-ALGOBUILD.1.3.0
2023-11-29 19:49:00,333 [WARN] PackLoader:240 - Cannot read IP mode file for STMicroelectronics.X-CUBE-AZRTOS-G0.1.1.0
2023-11-29 19:49:00,363 [WARN] PackLoader:240 - Cannot read IP mode file for STMicroelectronics.X-CUBE-NFC4.3.0.0
2023-11-29 19:49:00,401 [WARN] PackLoader:240 - Cannot read IP mode file for STMicroelectronics.X-CUBE-BLEMGR.3.0.0
2023-11-29 19:49:00,428 [WARN] PackLoader:240 - Cannot read IP mode file for STMicroelectronics.FP-ATR-SIGFOX1.3.2.0
2023-11-29 19:49:00,534 [WARN] PackLoader:240 - Cannot read IP mode file for SEGGER.I-CUBE-embOS.1.3.1
2023-11-29 19:49:00,722 [WARN] PackLoader:240 - Cannot read IP mode file for STMicroelectronics.X-CUBE-GNSS1.6.0.0
2023-11-29 19:49:00,849 [WARN] PackLoader:240 - Cannot read IP mode file for STMicroelectronics.X-CUBE-AZRTOS-F4.1.1.0
2023-11-29 19:49:00,954 [WARN] PackLoader:240 - Cannot read IP mode file for STMicroelectronics.X-CUBE-AZRTOS-L5.2.0.0
2023-11-29 19:49:01,065 [INFO] WebApp:157 - Instantiating new browser for Auth
2023-11-29 19:49:01,077 [WARN] PackLoader:240 - Cannot read IP mode file for STMicroelectronics.X-CUBE-MEMS1.9.6.0
2023-11-29 19:49:01,519 [WARN] PackLoader:240 - Cannot read IP mode file for STMicroelectronics.X-CUBE-EEPRMA1.4.2.0
2023-11-29 19:49:01,542 [WARN] PackLoader:240 - Cannot read IP mode file for ITTIA_DB.I-CUBE-ITTIADB.8.8.0
2023-11-29 19:49:01,569 [WARN] PackLoader:240 - Cannot read IP mode file for STMicroelectronics.X-CUBE-BLEMGR.2.0.0
2023-11-29 19:49:01,625 [WARN] ConditionMgr:438 - getConditionDescription Invalid condition id : UX DEVICE CLASS RTOS Condition cause : null
2023-11-29 19:49:01,626 [WARN] ConditionMgr:438 - getConditionDescription Invalid condition id : UX DEVICE CLASS RTOS Condition cause : null
2023-11-29 19:49:01,631 [WARN] PackLoader:240 - Cannot read IP mode file for STMicroelectronics.X-CUBE-AZRTOS-H7.3.1.0
2023-11-29 19:49:01,634 [WARN] ConditionMgr:1039 - genDependencies : Invalid condition id : UX DEVICE CLASS RTOS Condition cause : null
2023-11-29 19:49:01,634 [WARN] ConditionMgr:1039 - genDependencies : Invalid condition id : UX DEVICE CLASS RTOS Condition cause : null
2023-11-29 19:49:01,635 [WARN] ConditionMgr:1039 - genDependencies : Invalid condition id : UX DEVICE CLASS RTOS Condition cause : null
2023-11-29 19:49:01,637 [WARN] ConditionMgr:1039 - genDependencies : Invalid condition id : UX DEVICE CLASS RTOS Condition cause : null
2023-11-29 19:49:01,637 [WARN] ConditionMgr:1039 - genDependencies : Invalid condition id : UX DEVICE CLASS RTOS Condition cause : null
2023-11-29 19:49:01,679 [WARN] PackLoader:240 - Cannot read IP mode file for STMicroelectronics.X-CUBE-NFC7.1.0.1
2023-11-29 19:49:01,706 [WARN] PackLoader:240 - Cannot read IP mode file for STMicroelectronics.X-CUBE-EEPRMA1.4.1.0
2023-11-29 19:49:01,732 [WARN] PackLoader:240 - Cannot read IP mode file for STMicroelectronics.X-CUBE-AI.8.1.0
2023-11-29 19:49:01,791 [WARN] ConditionMgr:438 - getConditionDescription Invalid condition id : LAN8742 Phy interface Condition cause : null
2023-11-29 19:49:01,792 [WARN] PackLoader:240 - Cannot read IP mode file for STMicroelectronics.X-CUBE-AZRTOS-L4.2.0.0
2023-11-29 19:49:01,794 [WARN] ConditionMgr:1039 - genDependencies : Invalid condition id : LAN8742 Phy interface Condition cause : null
2023-11-29 19:49:01,795 [WARN] ConditionMgr:1039 - genDependencies : Invalid condition id : LAN8742 Phy interface Condition cause : null
2023-11-29 19:49:01,797 [WARN] ConditionMgr:1039 - genDependencies : Invalid condition id : LAN8742 Phy interface Condition cause : null
2023-11-29 19:49:01,823 [WARN] PackLoader:240 - Cannot read IP mode file for STMicroelectronics.X-CUBE-SFXS2LP1.4.0.0
2023-11-29 19:49:01,847 [WARN] PackLoader:240 - Cannot read IP mode file for STMicroelectronics.X-CUBE-ISPU.1.1.0
2023-11-29 19:49:01,892 [WARN] ConditionMgr:438 - getConditionDescription Invalid condition id : UX DEVICE CLASS RTOS Condition cause : null
2023-11-29 19:49:01,892 [WARN] ConditionMgr:438 - getConditionDescription Invalid condition id : UX DEVICE CLASS RTOS Condition cause : null
2023-11-29 19:49:01,897 [WARN] PackLoader:240 - Cannot read IP mode file for STMicroelectronics.X-CUBE-AZRTOS-WB.2.0.0
2023-11-29 19:49:01,898 [WARN] ConditionMgr:1039 - genDependencies : Invalid condition id : UX DEVICE CLASS RTOS Condition cause : null
2023-11-29 19:49:01,898 [WARN] ConditionMgr:1039 - genDependencies : Invalid condition id : UX DEVICE CLASS RTOS Condition cause : null
2023-11-29 19:49:01,899 [WARN] ConditionMgr:1039 - genDependencies : Invalid condition id : UX DEVICE CLASS RTOS Condition cause : null
2023-11-29 19:49:01,899 [WARN] ConditionMgr:1039 - genDependencies : Invalid condition id : UX DEVICE CLASS RTOS Condition cause : null
2023-11-29 19:49:01,899 [WARN] ConditionMgr:1039 - genDependencies : Invalid condition id : UX DEVICE CLASS RTOS Condition cause : null
2023-11-29 19:49:01,940 [WARN] PackLoader:240 - Cannot read IP mode file for STMicroelectronics.X-CUBE-SUBG2.5.0.0
2023-11-29 19:49:01,992 [WARN] PackLoader:240 - Cannot read IP mode file for STMicroelectronics.X-CUBE-TOF1.3.3.1
2023-11-29 19:49:02,057 [WARN] PackLoader:240 - Cannot read IP mode file for STMicroelectronics.X-CUBE-AZRTOS-G4.2.0.0
2023-11-29 19:49:02,103 [WARN] PackLoader:240 - Cannot read IP mode file for Infineon.AIROC-Wi-Fi-Bluetooth-STM32.1.5.1
2023-11-29 19:49:02,134 [WARN] PackLoader:240 - Cannot read IP mode file for STMicroelectronics.FP-SNS-MOTENVWB1.1.3.0
2023-11-29 19:49:02,241 [WARN] PackLoader:240 - Cannot read IP mode file for STMicroelectronics.X-CUBE-MEMS1.10.0.0
2023-11-29 19:49:02,490 [INFO] WebApp:753 - Register for checkConnection events
2023-11-29 19:49:02,491 [INFO] WebApp:390 - Apply proxy settings
2023-11-29 19:49:02,491 [INFO] WebApp:475 - Chromium requires no authentication
2023-11-29 19:49:02,503 [WARN] PackLoader:240 - Cannot read IP mode file for STMicroelectronics.X-CUBE-FREERTOS.1.1.0
2023-11-29 19:49:02,509 [INFO] WebApp:418 - Direct internet connection detected
2023-11-29 19:49:02,526 [WARN] PackLoader:240 - Cannot read IP mode file for portGmbH.I-Cube-SoM-uGOAL.1.1.0
2023-11-29 19:49:02,544 [WARN] PackLoader:240 - Cannot read IP mode file for STMicroelectronics.X-CUBE-ALS.1.0.1
2023-11-29 19:49:02,561 [WARN] PackLoader:240 - Cannot read IP mode file for STMicroelectronics.FP-ATR-ASTRA1.2.0.0
2023-11-29 19:49:02,592 [WARN] PackLoader:240 - Cannot read IP mode file for STMicroelectronics.X-CUBE-TOF1.3.4.0
2023-11-29 19:49:02,608 [INFO] ThirdParty:978 - Integrity check success = true
2023-11-29 19:49:02,608 [INFO] IntegrityCheckThread:100 - exiting critical section [integrity check]
2023-11-29 19:49:02,608 [INFO] IntegrityCheckThread:103 - End integrity checks thread
2023-11-29 19:49:02,892 [INFO] WebApp:188 - Starting web application
2023-11-29 19:49:02,893 [INFO] WebApp:520 - Web application path used C:\ST\STM32CubeIDE_1.13.2\STM32CubeIDE\plugins\com.st.stm32cube.common.mx_6.9.2.202309101412\db\plugins\mcufinder\reactClient1\index.html
2023-11-29 19:49:24,301 [ERROR] LogOutputStream:75 - [STDERR_REDIRECT] SLF4J: Failed to load class "org.slf4j.impl.StaticLoggerBinder".
2023-11-29 19:49:24,302 [ERROR] LogOutputStream:75 - [STDERR_REDIRECT] SLF4J: Defaulting to no-operation (NOP) logger implementation
2023-11-29 19:49:24,305 [ERROR] LogOutputStream:75 - [STDERR_REDIRECT] SLF4J: See http://www.slf4j.org/codes.html#StaticLoggerBinder for further details.
2023-11-29 19:49:30,739 [ERROR] ConfigurationRetriever:142 - IOException on connection: No route to host: no further information
2023-11-29 19:49:30,750 [ERROR] ConfigurationRetriever:142 - IOException on connection: No route to host: no further information
2023-11-29 19:49:30,751 [ERROR] ConfigurationRetriever:142 - IOException on connection: No route to host: no further information
2023-11-29 19:50:17,265 [ERROR] ConfigurationRetriever:142 - IOException on connection: sw-center.st.com
2023-11-29 19:50:17,266 [ERROR] ConfigurationRetriever:142 - IOException on connection: sw-center.st.com
2023-11-29 19:50:17,266 [ERROR] ConfigurationRetriever:142 - IOException on connection: sw-center.st.com
2023-11-29 19:51:04,164 [ERROR] ConfigurationRetriever:142 - IOException on connection: sw-center.st.com
2023-11-29 19:51:04,164 [ERROR] ConfigurationRetriever:142 - IOException on connection: sw-center.st.com
2023-11-29 19:51:04,165 [ERROR] ConfigurationRetriever:142 - IOException on connection: sw-center.st.com
2023-11-29 19:51:31,857 [ERROR] ConfigurationRetriever:142 - IOException on connection: sw-center.st.com
2023-11-29 19:51:31,857 [ERROR] ConfigurationRetriever:142 - IOException on connection: sw-center.st.com
2023-11-29 19:51:31,858 [ERROR] ConfigurationRetriever:142 - IOException on connection: sw-center.st.com
2023-11-29 19:51:33,141 [ERROR] LogOutputStream:75 - [STDERR_REDIRECT] 
