2023-10-31 10:31:40,785 [INFO] Activator:176 - 


2023-10-31 10:31:40,795 [INFO] Activator:177 - !SESSION log4j initialized
2023-10-31 10:31:46,915 [INFO] LogOutputStream:77 - [STDOUT_REDIRECT] 
2023-10-31 10:31:52,480 [INFO] ApplicationProperties:184 - Using Application install path: C:\ST\STM32CubeIDE_1.13.2\STM32CubeIDE\plugins\com.st.stm32cube.common.mx_6.9.2.202309101412
2023-10-31 10:31:52,507 [INFO] DbMcusXml:78 - Set database path to: C:\ST\STM32CubeIDE_1.13.2\STM32CubeIDE\plugins\com.st.stm32cube.common.mx_6.9.2.202309101412\\db\/mcu/
2023-10-31 10:31:52,508 [INFO] ApiDb:274 - Set plugin database path to: C:\ST\STM32CubeIDE_1.13.2\STM32CubeIDE\plugins\com.st.stm32cube.common.mx_6.9.2.202309101412\\db\/plugins/boardmanager/
2023-10-31 10:31:52,508 [WARN] ApiDb:259 - Overriding images path with different value:  => C:\ST\STM32CubeIDE_1.13.2\STM32CubeIDE\plugins\com.st.stm32cube.common.mx_6.9.2.202309101412\\db\/plugins/mcufinder/images/
2023-10-31 10:31:52,525 [INFO] ApiDb:250 - Set database path to: C:\Users\E-AY\.stmcufinder\plugins\mcufinder//mcu/
2023-10-31 10:31:52,526 [INFO] DbMcusAds:125 - Set database path to: C:\Users\E-AY\.stmcufinder\plugins\mcufinder//mcu/
2023-10-31 10:31:52,529 [INFO] CrossReferenceDbSqlite:203 - Set database path to: C:\Users\E-AY\.stmcufinder\plugins\mcufinder//mcu/cs/
2023-10-31 10:31:52,688 [INFO] RulesReader:64 - Compatibility file has been processed (293 Rules)
2023-10-31 10:31:52,802 [INFO] DbMcusXml:78 - Set database path to: C:\ST\STM32CubeIDE_1.13.2\STM32CubeIDE\plugins\com.st.stm32cube.common.mx_6.9.2.202309101412\\db\/mcu/
2023-10-31 10:31:52,802 [INFO] ApiDb:274 - Set plugin database path to: C:\ST\STM32CubeIDE_1.13.2\STM32CubeIDE\plugins\com.st.stm32cube.common.mx_6.9.2.202309101412\\db\/plugins/boardmanager/
2023-10-31 10:31:52,802 [INFO] ApiDb:261 - Set plugin images path to: C:\ST\STM32CubeIDE_1.13.2\STM32CubeIDE\plugins\com.st.stm32cube.common.mx_6.9.2.202309101412\\db\/plugins/mcufinder/images/
2023-10-31 10:31:52,802 [WARN] DbFile:41 - Overriding database path with different value: C:\Users\E-AY\.stmcufinder\plugins\mcufinder/ => C:\Users\E-AY\.stmcufinder\plugins\mcufinder
2023-10-31 10:31:52,803 [INFO] ApiDb:250 - Set database path to: C:\Users\E-AY\.stmcufinder\plugins\mcufinder//mcu/
2023-10-31 10:31:52,803 [WARN] DbFile:41 - Overriding database path with different value: C:\Users\E-AY\.stmcufinder\plugins\mcufinder/ => C:\Users\E-AY\.stmcufinder\plugins\mcufinder
2023-10-31 10:31:52,803 [INFO] DbMcusAds:125 - Set database path to: C:\Users\E-AY\.stmcufinder\plugins\mcufinder//mcu/
2023-10-31 10:31:52,803 [WARN] DbFile:41 - Overriding database path with different value: C:\Users\E-AY\.stmcufinder\plugins\mcufinder/ => C:\Users\E-AY\.stmcufinder\plugins\mcufinder
2023-10-31 10:31:52,803 [WARN] DbFile:41 - Overriding database path with different value: C:\Users\E-AY\.stmcufinder\plugins\mcufinder/ => C:\Users\E-AY\.stmcufinder\plugins\mcufinder
2023-10-31 10:31:52,803 [INFO] CrossReferenceDbSqlite:203 - Set database path to: C:\Users\E-AY\.stmcufinder\plugins\mcufinder//mcu/cs/
2023-10-31 10:31:52,914 [INFO] MainPanel:262 - HeapMemory: 268435456
2023-10-31 10:31:53,023 [INFO] DbMcusXml:78 - Set database path to: C:\ST\STM32CubeIDE_1.13.2\STM32CubeIDE\plugins\com.st.stm32cube.common.mx_6.9.2.202309101412\\db\/mcu/
2023-10-31 10:31:53,024 [INFO] ApiDb:274 - Set plugin database path to: C:\ST\STM32CubeIDE_1.13.2\STM32CubeIDE\plugins\com.st.stm32cube.common.mx_6.9.2.202309101412\\db\/plugins/boardmanager/
2023-10-31 10:31:53,024 [INFO] ApiDb:261 - Set plugin images path to: C:\ST\STM32CubeIDE_1.13.2\STM32CubeIDE\plugins\com.st.stm32cube.common.mx_6.9.2.202309101412\\db\/plugins/mcufinder/images/
2023-10-31 10:31:53,024 [WARN] DbFile:41 - Overriding database path with different value: C:\Users\E-AY\.stmcufinder\plugins\mcufinder/ => C:\Users\E-AY\.stmcufinder\plugins\mcufinder
2023-10-31 10:31:53,025 [INFO] ApiDb:250 - Set database path to: C:\Users\E-AY\.stmcufinder\plugins\mcufinder//mcu/
2023-10-31 10:31:53,025 [WARN] DbFile:41 - Overriding database path with different value: C:\Users\E-AY\.stmcufinder\plugins\mcufinder/ => C:\Users\E-AY\.stmcufinder\plugins\mcufinder
2023-10-31 10:31:53,025 [INFO] DbMcusAds:125 - Set database path to: C:\Users\E-AY\.stmcufinder\plugins\mcufinder//mcu/
2023-10-31 10:31:53,025 [WARN] DbFile:41 - Overriding database path with different value: C:\Users\E-AY\.stmcufinder\plugins\mcufinder/ => C:\Users\E-AY\.stmcufinder\plugins\mcufinder
2023-10-31 10:31:53,025 [WARN] DbFile:41 - Overriding database path with different value: C:\Users\E-AY\.stmcufinder\plugins\mcufinder/ => C:\Users\E-AY\.stmcufinder\plugins\mcufinder
2023-10-31 10:31:53,025 [INFO] CrossReferenceDbSqlite:203 - Set database path to: C:\Users\E-AY\.stmcufinder\plugins\mcufinder//mcu/cs/
2023-10-31 10:31:53,050 [INFO] ApplicationProperties:184 - Using Application install path: C:\ST\STM32CubeIDE_1.13.2\STM32CubeIDE\plugins\com.st.stm32cube.common.mx_6.9.2.202309101412
2023-10-31 10:31:53,052 [INFO] PluginManage:196 - Search for loadable plugins [exclusion list=, ]
2023-10-31 10:31:53,054 [INFO] PluginManage:310 - Check plugin analytics
2023-10-31 10:31:53,297 [INFO] AnalyticsPlugin:253 - Accepted Software Licenses: 
2023-10-31 10:31:53,298 [INFO] AnalyticsPlugin:255 - Accepted CMSIS Pack Licenses: 
2023-10-31 10:31:53,298 [INFO] AnalyticsPlugin:257 - Accepted Firmware Licenses: 
2023-10-31 10:31:53,303 [INFO] PluginManage:359 - Loaded plugin analytics (category:tool,tabindex:-1)
2023-10-31 10:31:53,304 [INFO] PluginManage:310 - Check plugin cadmodel
2023-10-31 10:31:53,322 [INFO] CADModel:105 - Init CAD model plugin
2023-10-31 10:31:53,322 [INFO] PluginManage:359 - Loaded plugin cadmodel (category:power,tabindex:5)
2023-10-31 10:31:53,323 [INFO] PluginManage:310 - Check plugin clock
2023-10-31 10:31:53,347 [INFO] PluginManage:359 - Loaded plugin clock (category:base,tabindex:2)
2023-10-31 10:31:53,347 [INFO] PluginManage:310 - Check plugin ddr
2023-10-31 10:31:53,350 [INFO] PluginManage:359 - Loaded plugin ddr (category:tool,tabindex:6)
2023-10-31 10:31:53,350 [INFO] PluginManage:310 - Check plugin filemanager
2023-10-31 10:31:53,536 [INFO] PluginManage:359 - Loaded plugin filemanager (category:base,tabindex:10)
2023-10-31 10:31:53,536 [INFO] PluginManage:310 - Check plugin ipmanager
2023-10-31 10:31:53,546 [INFO] PluginManage:359 - Loaded plugin ipmanager (category:base,tabindex:5)
2023-10-31 10:31:53,546 [INFO] PluginManage:310 - Check plugin lpbam
2023-10-31 10:31:53,567 [INFO] PluginManage:359 - Loaded plugin lpbam (category:base,tabindex:0)
2023-10-31 10:31:53,567 [INFO] PluginManage:310 - Check plugin memorymap
2023-10-31 10:31:53,595 [INFO] PluginManage:359 - Loaded plugin memorymap (category:base,tabindex:4)
2023-10-31 10:31:53,596 [INFO] PluginManage:310 - Check plugin pinoutandconfiguration
2023-10-31 10:31:53,619 [INFO] PluginManage:359 - Loaded plugin pinoutandconfiguration (category:base,tabindex:1)
2023-10-31 10:31:53,619 [INFO] PluginManage:310 - Check plugin pinoutconfig
2023-10-31 10:31:53,758 [WARN] SupportedApi:132 - Cannot load RTOS API schema: s4s-elt-must-match.1: The content of 'definitions' must match (annotation?, (simpleType | complexType)?, (unique | key | keyref)*)). A problem was found starting at: attribute.
2023-10-31 10:31:53,958 [INFO] PluginManage:359 - Loaded plugin pinoutconfig (category:base,tabindex:0)
2023-10-31 10:31:53,958 [INFO] PluginManage:310 - Check plugin power
2023-10-31 10:31:53,984 [INFO] PluginManage:359 - Loaded plugin power (category:power,tabindex:4)
2023-10-31 10:31:53,984 [INFO] PluginManage:310 - Check plugin projectmanager
2023-10-31 10:31:54,006 [INFO] PluginManage:359 - Loaded plugin projectmanager (category:projectmanager,tabindex:3)
2023-10-31 10:31:54,006 [INFO] PluginManage:310 - Check plugin thirdparty
2023-10-31 10:31:54,352 [INFO] PluginManage:359 - Loaded plugin thirdparty (category:base,tabindex:-1)
2023-10-31 10:31:54,352 [WARN] IntegrityCheckThread:84 - waiting for thirdparty lock release [integrity check]
2023-10-31 10:31:54,352 [INFO] PluginManage:310 - Check plugin tools
2023-10-31 10:31:54,352 [INFO] IntegrityCheckThread:86 - entering critical section [integrity check]
2023-10-31 10:31:54,353 [INFO] ThirdPartyUpdaterWithRetryManager:70 - Updater plugin not ready yet. [1/15]
2023-10-31 10:31:54,394 [INFO] PluginManage:359 - Loaded plugin tools (category:base,tabindex:7)
2023-10-31 10:31:54,395 [INFO] PluginManage:310 - Check plugin tutovideos
2023-10-31 10:31:54,646 [INFO] PluginManage:359 - Loaded plugin tutovideos (category:base,tabindex:-1)
2023-10-31 10:31:54,646 [INFO] PluginManage:310 - Check plugin updater
2023-10-31 10:31:54,660 [INFO] PluginManage:359 - Loaded plugin updater (category:base,tabindex:12)
2023-10-31 10:31:54,660 [INFO] PluginManage:310 - Check plugin userauth
2023-10-31 10:31:54,667 [INFO] UserAuth:113 - Init User Auth plugin
2023-10-31 10:31:54,667 [INFO] PluginManage:359 - Loaded plugin userauth (category:base,tabindex:14)
2023-10-31 10:31:54,668 [INFO] PluginManage:283 - PluginManage : Loaded plugins [17]
2023-10-31 10:31:54,947 [INFO] PinOutPanel:1499 - setPackage(No Configuration,No Configuration)
2023-10-31 10:31:55,106 [INFO] CADModel:165 - CPN selected for project level
2023-10-31 10:31:55,106 [INFO] CADModel:114 - Register for checkConnection events
2023-10-31 10:31:55,141 [INFO] IPUIPlugin:80 - create IPUIPlugin
2023-10-31 10:31:55,141 [INFO] PluginManager:220 - loadIPPluginJar : add adc
2023-10-31 10:31:55,184 [INFO] IPUIPlugin:80 - create IPUIPlugin
2023-10-31 10:31:55,184 [INFO] PluginManager:220 - loadIPPluginJar : add aes
2023-10-31 10:31:55,230 [INFO] IPUIPlugin:80 - create IPUIPlugin
2023-10-31 10:31:55,231 [INFO] PluginManager:220 - loadIPPluginJar : add can
2023-10-31 10:31:55,255 [INFO] IPUIPlugin:80 - create IPUIPlugin
2023-10-31 10:31:55,255 [INFO] PluginManager:220 - loadIPPluginJar : add comp
2023-10-31 10:31:55,293 [INFO] IPUIPlugin:80 - create IPUIPlugin
2023-10-31 10:31:55,293 [INFO] PluginManager:220 - loadIPPluginJar : add cryp
2023-10-31 10:31:55,327 [INFO] IPUIPlugin:80 - create IPUIPlugin
2023-10-31 10:31:55,327 [INFO] PluginManager:220 - loadIPPluginJar : add dfsdm
2023-10-31 10:31:55,343 [INFO] IPUIPlugin:80 - create IPUIPlugin
2023-10-31 10:31:55,343 [INFO] PluginManager:220 - loadIPPluginJar : add dma
2023-10-31 10:31:55,393 [INFO] IPUIPlugin:80 - create IPUIPlugin
2023-10-31 10:31:55,394 [INFO] PluginManager:220 - loadIPPluginJar : add dma3
2023-10-31 10:31:55,417 [INFO] IPUIPlugin:80 - create IPUIPlugin
2023-10-31 10:31:55,417 [INFO] PluginManager:220 - loadIPPluginJar : add fatfs
2023-10-31 10:31:55,473 [INFO] IPUIPlugin:80 - create IPUIPlugin
2023-10-31 10:31:55,474 [INFO] PluginManager:220 - loadIPPluginJar : add fmc
2023-10-31 10:31:55,491 [INFO] IPUIPlugin:80 - create IPUIPlugin
2023-10-31 10:31:55,491 [INFO] PluginManager:220 - loadIPPluginJar : add freertos
2023-10-31 10:31:55,515 [INFO] IPUIPlugin:80 - create IPUIPlugin
2023-10-31 10:31:55,516 [INFO] PluginManager:220 - loadIPPluginJar : add genericplugin
2023-10-31 10:31:55,624 [INFO] IPUIPlugin:80 - create IPUIPlugin
2023-10-31 10:31:55,624 [INFO] PluginManager:220 - loadIPPluginJar : add gfxmmu
2023-10-31 10:31:55,771 [INFO] IPUIPlugin:80 - create IPUIPlugin
2023-10-31 10:31:55,771 [INFO] PluginManager:220 - loadIPPluginJar : add gic
2023-10-31 10:31:55,786 [INFO] IPUIPlugin:80 - create IPUIPlugin
2023-10-31 10:31:55,786 [INFO] PluginManager:220 - loadIPPluginJar : add gpio
2023-10-31 10:31:55,892 [INFO] IPUIPlugin:80 - create IPUIPlugin
2023-10-31 10:31:55,893 [INFO] PluginManager:220 - loadIPPluginJar : add gtzc
2023-10-31 10:31:55,929 [INFO] IPUIPlugin:80 - create IPUIPlugin
2023-10-31 10:31:55,930 [INFO] PluginManager:220 - loadIPPluginJar : add hash
2023-10-31 10:31:55,988 [INFO] IPUIPlugin:80 - create IPUIPlugin
2023-10-31 10:31:55,989 [INFO] PluginManager:220 - loadIPPluginJar : add i2c
2023-10-31 10:31:56,034 [INFO] IPUIPlugin:80 - create IPUIPlugin
2023-10-31 10:31:56,034 [INFO] PluginManager:220 - loadIPPluginJar : add i2s
2023-10-31 10:31:56,081 [INFO] IPUIPlugin:80 - create IPUIPlugin
2023-10-31 10:31:56,081 [INFO] PluginManager:220 - loadIPPluginJar : add i3c
2023-10-31 10:31:56,208 [INFO] IPUIPlugin:80 - create IPUIPlugin
2023-10-31 10:31:56,208 [INFO] PluginManager:220 - loadIPPluginJar : add ipddr
2023-10-31 10:31:56,314 [INFO] IPUIPlugin:80 - create IPUIPlugin
2023-10-31 10:31:56,314 [INFO] PluginManager:220 - loadIPPluginJar : add linkedlist
2023-10-31 10:31:56,353 [INFO] IPUIPlugin:80 - create IPUIPlugin
2023-10-31 10:31:56,354 [INFO] PluginManager:220 - loadIPPluginJar : add lorawan
2023-10-31 10:31:56,394 [INFO] IPUIPlugin:80 - create IPUIPlugin
2023-10-31 10:31:56,395 [INFO] PluginManager:220 - loadIPPluginJar : add ltdc
2023-10-31 10:31:56,411 [INFO] IPUIPlugin:80 - create IPUIPlugin
2023-10-31 10:31:56,411 [INFO] PluginManager:220 - loadIPPluginJar : add mdma
2023-10-31 10:31:56,425 [INFO] IPUIPlugin:80 - create IPUIPlugin
2023-10-31 10:31:56,425 [INFO] PluginManager:220 - loadIPPluginJar : add nvic
2023-10-31 10:31:56,467 [INFO] IPUIPlugin:80 - create IPUIPlugin
2023-10-31 10:31:56,467 [INFO] PluginManager:220 - loadIPPluginJar : add opamp
2023-10-31 10:31:56,534 [INFO] IPUIPlugin:80 - create IPUIPlugin
2023-10-31 10:31:56,534 [INFO] PluginManager:220 - loadIPPluginJar : add openamp
2023-10-31 10:31:56,600 [INFO] IPUIPlugin:80 - create IPUIPlugin
2023-10-31 10:31:56,600 [INFO] PluginManager:220 - loadIPPluginJar : add pdm2pcm
2023-10-31 10:31:56,617 [INFO] IPUIPlugin:80 - create IPUIPlugin
2023-10-31 10:31:56,620 [INFO] PluginManager:220 - loadIPPluginJar : add plateformsettings
2023-10-31 10:31:56,644 [INFO] IPUIPlugin:80 - create IPUIPlugin
2023-10-31 10:31:56,644 [INFO] PluginManager:220 - loadIPPluginJar : add quadspi
2023-10-31 10:31:56,658 [INFO] IPUIPlugin:80 - create IPUIPlugin
2023-10-31 10:31:56,659 [INFO] PluginManager:220 - loadIPPluginJar : add resmgrutility
2023-10-31 10:31:56,717 [INFO] IPUIPlugin:80 - create IPUIPlugin
2023-10-31 10:31:56,717 [INFO] PluginManager:220 - loadIPPluginJar : add sai
2023-10-31 10:31:56,759 [INFO] IPUIPlugin:80 - create IPUIPlugin
2023-10-31 10:31:56,759 [INFO] PluginManager:220 - loadIPPluginJar : add spi
2023-10-31 10:31:56,828 [INFO] IPUIPlugin:80 - create IPUIPlugin
2023-10-31 10:31:56,828 [INFO] PluginManager:220 - loadIPPluginJar : add stm32_wpan
2023-10-31 10:31:56,854 [INFO] IPUIPlugin:80 - create IPUIPlugin
2023-10-31 10:31:56,854 [INFO] PluginManager:220 - loadIPPluginJar : add tim
2023-10-31 10:31:56,918 [INFO] IPUIPlugin:80 - create IPUIPlugin
2023-10-31 10:31:56,918 [INFO] PluginManager:220 - loadIPPluginJar : add touchsensing
2023-10-31 10:31:56,944 [INFO] IPUIPlugin:80 - create IPUIPlugin
2023-10-31 10:31:56,944 [INFO] PluginManager:220 - loadIPPluginJar : add tracer_emb
2023-10-31 10:31:56,970 [INFO] IPUIPlugin:80 - create IPUIPlugin
2023-10-31 10:31:56,970 [INFO] PluginManager:220 - loadIPPluginJar : add ts
2023-10-31 10:31:56,994 [INFO] IPUIPlugin:80 - create IPUIPlugin
2023-10-31 10:31:56,994 [INFO] PluginManager:220 - loadIPPluginJar : add tsc
2023-10-31 10:31:57,018 [INFO] IPUIPlugin:80 - create IPUIPlugin
2023-10-31 10:31:57,019 [INFO] PluginManager:220 - loadIPPluginJar : add ucpd
2023-10-31 10:31:57,069 [INFO] IPUIPlugin:80 - create IPUIPlugin
2023-10-31 10:31:57,070 [INFO] PluginManager:220 - loadIPPluginJar : add usart
2023-10-31 10:31:57,119 [INFO] IPUIPlugin:80 - create IPUIPlugin
2023-10-31 10:31:57,119 [INFO] PluginManager:220 - loadIPPluginJar : add usbx
2023-10-31 10:31:57,264 [INFO] CADModel:165 - CPN selected for project level
2023-10-31 10:31:57,264 [INFO] CADModel:114 - Register for checkConnection events
2023-10-31 10:31:57,265 [FATAL] Updater:308 - Updater called before beeing initialized
2023-10-31 10:31:57,265 [ERROR] CADModel:125 - Updater not yet initialized, retry later 
2023-10-31 10:31:57,354 [INFO] ThirdPartyUpdaterWithRetryManager:70 - Updater plugin not ready yet. [2/15]
2023-10-31 10:31:57,464 [INFO] CADModel:165 - CPN selected for project level
2023-10-31 10:31:57,465 [INFO] CADModel:114 - Register for checkConnection events
2023-10-31 10:31:57,465 [FATAL] Updater:308 - Updater called before beeing initialized
2023-10-31 10:31:57,465 [ERROR] CADModel:125 - Updater not yet initialized, retry later 
2023-10-31 10:31:57,469 [FATAL] Updater:308 - Updater called before beeing initialized
2023-10-31 10:31:57,599 [FATAL] Updater:308 - Updater called before beeing initialized
2023-10-31 10:31:57,612 [INFO] DbMcusAds:53 - JSON generation date=Tue Mar 07 11:50:55 TRT 2023 (1678179055114)
2023-10-31 10:31:57,612 [FATAL] Updater:308 - Updater called before beeing initialized
2023-10-31 10:31:57,710 [WARN] DetailPanel:346 - Failed to get advertising image, set to default
2023-10-31 10:31:57,853 [FATAL] Updater:308 - Updater called before beeing initialized
2023-10-31 10:31:57,856 [FATAL] Updater:308 - Updater called before beeing initialized
2023-10-31 10:31:57,856 [FATAL] Updater:308 - Updater called before beeing initialized
2023-10-31 10:31:57,856 [WARN] DetailPanel:346 - Failed to get advertising image, set to default
2023-10-31 10:31:57,857 [FATAL] Updater:308 - Updater called before beeing initialized
2023-10-31 10:31:57,980 [ERROR] Updater:1120 - MainUpdater not yet initialized. External WinMGr cannot be set.
2023-10-31 10:31:57,999 [INFO] Updater:1056 - Updater Version found : 6.9.2
2023-10-31 10:31:58,023 [INFO] ApplicationProperties:184 - Using Application install path: C:\ST\STM32CubeIDE_1.13.2\STM32CubeIDE\plugins\com.st.stm32cube.common.mx_6.9.2.202309101412
2023-10-31 10:31:58,199 [INFO] MainUpdater:2868 - connection check result : 10
2023-10-31 10:31:58,200 [INFO] MainUpdater:285 - Updater Check For Update Now.
2023-10-31 10:31:58,201 [INFO] MicroXplorer:498 - Change Database Version : DB.6.0.92
2023-10-31 10:31:58,231 [INFO] McuFinderGlobals:63 - Set McuFinder mode to 2 (CubeIDE integrated)
2023-10-31 10:31:58,232 [INFO] UserAuth:179 - activating auth plugin
2023-10-31 10:31:58,235 [INFO] UserAuth:393 - Internet connection configuration mode: 1
2023-10-31 10:31:58,271 [INFO] JxBrowserEngine:151 - Initiate JxBrowser Engine with user profile folder
2023-10-31 10:31:58,454 [INFO] CheckServerUpdateThread:120 - End of CheckServer Thread
2023-10-31 10:32:00,713 [WARN] PackLoader:240 - Cannot read IP mode file for STMicroelectronics.X-CUBE-SMBUS.2.1.0
2023-10-31 10:32:00,799 [WARN] PackLoader:240 - Cannot read IP mode file for STMicroelectronics.X-CUBE-AZRTOS-F7.1.1.0
2023-10-31 10:32:00,831 [WARN] PackLoader:240 - Cannot read IP mode file for STMicroelectronics.FP-SNS-MOTENV1.4.3.2
2023-10-31 10:32:00,859 [WARN] PackLoader:240 - Cannot read IP mode file for STMicroelectronics.FP-SNS-FLIGHT1.5.0.2
2023-10-31 10:32:00,889 [WARN] PackLoader:240 - Cannot read IP mode file for STMicroelectronics.X-CUBE-DISPLAY.3.0.0
2023-10-31 10:32:00,931 [WARN] PackLoader:240 - Cannot read IP mode file for STMicroelectronics.X-CUBE-BLE1.7.0.0
2023-10-31 10:32:00,959 [WARN] PackLoader:240 - Cannot read IP mode file for emotas.I-CUBE-CANOPEN.1.3.0
2023-10-31 10:32:01,166 [INFO] LogOutputStream:77 - [STDOUT_REDIRECT] 1 : Invalid condition id : UX_CORESTACK_Condition cause : null
2023-10-31 10:32:01,167 [INFO] LogOutputStream:77 - [STDOUT_REDIRECT] 1 : Invalid condition id : UX_CORESTACK_Condition cause : null
2023-10-31 10:32:01,170 [INFO] LogOutputStream:77 - [STDOUT_REDIRECT] 1 : Invalid condition id : UX_CORESTACK_Condition cause : null
2023-10-31 10:32:01,173 [INFO] LogOutputStream:77 - [STDOUT_REDIRECT] 1 : Invalid condition id : UX_CORESTACK_Condition cause : null
2023-10-31 10:32:01,178 [INFO] LogOutputStream:77 - [STDOUT_REDIRECT] 1 : Invalid condition id : UX_CORESTACK_Condition cause : null
2023-10-31 10:32:01,188 [WARN] PackLoader:240 - Cannot read IP mode file for STMicroelectronics.X-CUBE-AZRTOS-WL.2.0.0
2023-10-31 10:32:01,225 [WARN] PackLoader:240 - Cannot read IP mode file for WES.I-CUBE-Cesium.1.3.0
2023-10-31 10:32:01,247 [WARN] PackLoader:240 - Cannot read IP mode file for STMicroelectronics.X-CUBE-BLE2.3.3.0
2023-10-31 10:32:01,272 [WARN] PackLoader:240 - Cannot read IP mode file for STMicroelectronics.X-CUBE-ALGOBUILD.1.3.0
2023-10-31 10:32:01,317 [INFO] WebApp:157 - Instantiating new browser for Auth
2023-10-31 10:32:01,331 [WARN] PackLoader:240 - Cannot read IP mode file for STMicroelectronics.X-CUBE-AZRTOS-G0.1.1.0
2023-10-31 10:32:01,370 [WARN] PackLoader:240 - Cannot read IP mode file for STMicroelectronics.X-CUBE-NFC4.3.0.0
2023-10-31 10:32:01,403 [WARN] PackLoader:240 - Cannot read IP mode file for STMicroelectronics.FP-ATR-SIGFOX1.3.2.0
2023-10-31 10:32:01,508 [WARN] PackLoader:240 - Cannot read IP mode file for SEGGER.I-CUBE-embOS.1.3.1
2023-10-31 10:32:01,619 [WARN] PackLoader:240 - Cannot read IP mode file for STMicroelectronics.X-CUBE-GNSS1.6.0.0
2023-10-31 10:32:01,676 [WARN] PackLoader:240 - Cannot read IP mode file for STMicroelectronics.X-CUBE-AZRTOS-F4.1.1.0
2023-10-31 10:32:01,733 [WARN] PackLoader:240 - Cannot read IP mode file for STMicroelectronics.X-CUBE-AZRTOS-L5.2.0.0
2023-10-31 10:32:01,836 [WARN] PackLoader:240 - Cannot read IP mode file for STMicroelectronics.X-CUBE-MEMS1.9.6.0
2023-10-31 10:32:02,147 [WARN] PackLoader:240 - Cannot read IP mode file for STMicroelectronics.X-CUBE-EEPRMA1.4.2.0
2023-10-31 10:32:02,171 [WARN] PackLoader:240 - Cannot read IP mode file for ITTIA_DB.I-CUBE-ITTIADB.8.8.0
2023-10-31 10:32:02,197 [WARN] PackLoader:240 - Cannot read IP mode file for STMicroelectronics.X-CUBE-BLEMGR.2.0.0
2023-10-31 10:32:02,252 [WARN] ConditionMgr:438 - getConditionDescription Invalid condition id : UX DEVICE CLASS RTOS Condition cause : null
2023-10-31 10:32:02,252 [WARN] ConditionMgr:438 - getConditionDescription Invalid condition id : UX DEVICE CLASS RTOS Condition cause : null
2023-10-31 10:32:02,257 [WARN] PackLoader:240 - Cannot read IP mode file for STMicroelectronics.X-CUBE-AZRTOS-H7.3.1.0
2023-10-31 10:32:02,259 [WARN] ConditionMgr:1039 - genDependencies : Invalid condition id : UX DEVICE CLASS RTOS Condition cause : null
2023-10-31 10:32:02,259 [WARN] ConditionMgr:1039 - genDependencies : Invalid condition id : UX DEVICE CLASS RTOS Condition cause : null
2023-10-31 10:32:02,261 [WARN] ConditionMgr:1039 - genDependencies : Invalid condition id : UX DEVICE CLASS RTOS Condition cause : null
2023-10-31 10:32:02,262 [WARN] ConditionMgr:1039 - genDependencies : Invalid condition id : UX DEVICE CLASS RTOS Condition cause : null
2023-10-31 10:32:02,262 [WARN] ConditionMgr:1039 - genDependencies : Invalid condition id : UX DEVICE CLASS RTOS Condition cause : null
2023-10-31 10:32:02,280 [WARN] PackLoader:240 - Cannot read IP mode file for STMicroelectronics.X-CUBE-NFC7.1.0.1
2023-10-31 10:32:02,298 [WARN] PackLoader:240 - Cannot read IP mode file for STMicroelectronics.X-CUBE-EEPRMA1.4.1.0
2023-10-31 10:32:02,315 [WARN] PackLoader:240 - Cannot read IP mode file for STMicroelectronics.X-CUBE-AI.8.1.0
2023-10-31 10:32:02,374 [WARN] ConditionMgr:438 - getConditionDescription Invalid condition id : LAN8742 Phy interface Condition cause : null
2023-10-31 10:32:02,375 [WARN] PackLoader:240 - Cannot read IP mode file for STMicroelectronics.X-CUBE-AZRTOS-L4.2.0.0
2023-10-31 10:32:02,377 [WARN] ConditionMgr:1039 - genDependencies : Invalid condition id : LAN8742 Phy interface Condition cause : null
2023-10-31 10:32:02,378 [WARN] ConditionMgr:1039 - genDependencies : Invalid condition id : LAN8742 Phy interface Condition cause : null
2023-10-31 10:32:02,379 [WARN] ConditionMgr:1039 - genDependencies : Invalid condition id : LAN8742 Phy interface Condition cause : null
2023-10-31 10:32:02,404 [WARN] PackLoader:240 - Cannot read IP mode file for STMicroelectronics.X-CUBE-SFXS2LP1.4.0.0
2023-10-31 10:32:02,426 [WARN] PackLoader:240 - Cannot read IP mode file for STMicroelectronics.X-CUBE-ISPU.1.1.0
2023-10-31 10:32:02,461 [WARN] ConditionMgr:438 - getConditionDescription Invalid condition id : UX DEVICE CLASS RTOS Condition cause : null
2023-10-31 10:32:02,461 [WARN] ConditionMgr:438 - getConditionDescription Invalid condition id : UX DEVICE CLASS RTOS Condition cause : null
2023-10-31 10:32:02,465 [WARN] PackLoader:240 - Cannot read IP mode file for STMicroelectronics.X-CUBE-AZRTOS-WB.2.0.0
2023-10-31 10:32:02,467 [WARN] ConditionMgr:1039 - genDependencies : Invalid condition id : UX DEVICE CLASS RTOS Condition cause : null
2023-10-31 10:32:02,467 [WARN] ConditionMgr:1039 - genDependencies : Invalid condition id : UX DEVICE CLASS RTOS Condition cause : null
2023-10-31 10:32:02,468 [WARN] ConditionMgr:1039 - genDependencies : Invalid condition id : UX DEVICE CLASS RTOS Condition cause : null
2023-10-31 10:32:02,469 [WARN] ConditionMgr:1039 - genDependencies : Invalid condition id : UX DEVICE CLASS RTOS Condition cause : null
2023-10-31 10:32:02,469 [WARN] ConditionMgr:1039 - genDependencies : Invalid condition id : UX DEVICE CLASS RTOS Condition cause : null
2023-10-31 10:32:02,499 [WARN] PackLoader:240 - Cannot read IP mode file for STMicroelectronics.X-CUBE-SUBG2.5.0.0
2023-10-31 10:32:02,533 [WARN] PackLoader:240 - Cannot read IP mode file for STMicroelectronics.X-CUBE-TOF1.3.3.1
2023-10-31 10:32:02,547 [INFO] WebApp:753 - Register for checkConnection events
2023-10-31 10:32:02,547 [INFO] WebApp:390 - Apply proxy settings
2023-10-31 10:32:02,547 [INFO] WebApp:475 - Chromium requires no authentication
2023-10-31 10:32:02,560 [INFO] WebApp:418 - Direct internet connection detected
2023-10-31 10:32:02,588 [WARN] PackLoader:240 - Cannot read IP mode file for STMicroelectronics.X-CUBE-AZRTOS-G4.2.0.0
2023-10-31 10:32:02,627 [WARN] PackLoader:240 - Cannot read IP mode file for Infineon.AIROC-Wi-Fi-Bluetooth-STM32.1.5.1
2023-10-31 10:32:02,703 [WARN] PackLoader:240 - Cannot read IP mode file for STMicroelectronics.X-CUBE-MEMS1.10.0.0
2023-10-31 10:32:02,869 [WARN] PackLoader:240 - Cannot read IP mode file for STMicroelectronics.X-CUBE-FREERTOS.1.1.0
2023-10-31 10:32:02,886 [WARN] PackLoader:240 - Cannot read IP mode file for portGmbH.I-Cube-SoM-uGOAL.1.1.0
2023-10-31 10:32:02,905 [WARN] PackLoader:240 - Cannot read IP mode file for STMicroelectronics.X-CUBE-ALS.1.0.1
2023-10-31 10:32:02,924 [WARN] PackLoader:240 - Cannot read IP mode file for STMicroelectronics.FP-ATR-ASTRA1.2.0.0
2023-10-31 10:32:02,926 [INFO] ThirdParty:978 - Integrity check success = true
2023-10-31 10:32:02,926 [INFO] IntegrityCheckThread:100 - exiting critical section [integrity check]
2023-10-31 10:32:02,926 [INFO] IntegrityCheckThread:103 - End integrity checks thread
2023-10-31 10:32:02,960 [INFO] WebApp:188 - Starting web application
2023-10-31 10:32:02,960 [INFO] WebApp:520 - Web application path used C:\ST\STM32CubeIDE_1.13.2\STM32CubeIDE\plugins\com.st.stm32cube.common.mx_6.9.2.202309101412\db\plugins\mcufinder\reactClient1\index.html
2023-10-31 10:32:24,479 [ERROR] LogOutputStream:75 - [STDERR_REDIRECT] SLF4J: Failed to load class "org.slf4j.impl.StaticLoggerBinder".
2023-10-31 10:32:24,479 [ERROR] LogOutputStream:75 - [STDERR_REDIRECT] SLF4J: Defaulting to no-operation (NOP) logger implementation
2023-10-31 10:32:24,481 [ERROR] LogOutputStream:75 - [STDERR_REDIRECT] SLF4J: See http://www.slf4j.org/codes.html#StaticLoggerBinder for further details.
2023-10-31 11:18:41,270 [ERROR] LogOutputStream:75 - [STDERR_REDIRECT] 
