2023-11-06 10:57:34,560 [INFO] Activator:176 - 


2023-11-06 10:57:34,573 [INFO] Activator:177 - !SESSION log4j initialized
2023-11-06 10:57:38,954 [INFO] LogOutputStream:77 - [STDOUT_REDIRECT] 
2023-11-06 10:57:45,883 [INFO] ApplicationProperties:184 - Using Application install path: C:\ST\STM32CubeIDE_1.13.2\STM32CubeIDE\plugins\com.st.stm32cube.common.mx_6.9.2.202309101412
2023-11-06 10:57:45,909 [INFO] DbMcusXml:78 - Set database path to: C:\ST\STM32CubeIDE_1.13.2\STM32CubeIDE\plugins\com.st.stm32cube.common.mx_6.9.2.202309101412\\db\/mcu/
2023-11-06 10:57:45,909 [INFO] ApiDb:274 - Set plugin database path to: C:\ST\STM32CubeIDE_1.13.2\STM32CubeIDE\plugins\com.st.stm32cube.common.mx_6.9.2.202309101412\\db\/plugins/boardmanager/
2023-11-06 10:57:45,910 [WARN] ApiDb:259 - Overriding images path with different value:  => C:\ST\STM32CubeIDE_1.13.2\STM32CubeIDE\plugins\com.st.stm32cube.common.mx_6.9.2.202309101412\\db\/plugins/mcufinder/images/
2023-11-06 10:57:45,927 [INFO] ApiDb:250 - Set database path to: C:\Users\E-AY\.stmcufinder\plugins\mcufinder//mcu/
2023-11-06 10:57:45,928 [INFO] DbMcusAds:125 - Set database path to: C:\Users\E-AY\.stmcufinder\plugins\mcufinder//mcu/
2023-11-06 10:57:45,931 [INFO] CrossReferenceDbSqlite:203 - Set database path to: C:\Users\E-AY\.stmcufinder\plugins\mcufinder//mcu/cs/
2023-11-06 10:57:46,104 [INFO] RulesReader:64 - Compatibility file has been processed (293 Rules)
2023-11-06 10:57:46,216 [INFO] DbMcusXml:78 - Set database path to: C:\ST\STM32CubeIDE_1.13.2\STM32CubeIDE\plugins\com.st.stm32cube.common.mx_6.9.2.202309101412\\db\/mcu/
2023-11-06 10:57:46,216 [INFO] ApiDb:274 - Set plugin database path to: C:\ST\STM32CubeIDE_1.13.2\STM32CubeIDE\plugins\com.st.stm32cube.common.mx_6.9.2.202309101412\\db\/plugins/boardmanager/
2023-11-06 10:57:46,217 [INFO] ApiDb:261 - Set plugin images path to: C:\ST\STM32CubeIDE_1.13.2\STM32CubeIDE\plugins\com.st.stm32cube.common.mx_6.9.2.202309101412\\db\/plugins/mcufinder/images/
2023-11-06 10:57:46,217 [WARN] DbFile:41 - Overriding database path with different value: C:\Users\E-AY\.stmcufinder\plugins\mcufinder/ => C:\Users\E-AY\.stmcufinder\plugins\mcufinder
2023-11-06 10:57:46,217 [INFO] ApiDb:250 - Set database path to: C:\Users\E-AY\.stmcufinder\plugins\mcufinder//mcu/
2023-11-06 10:57:46,217 [WARN] DbFile:41 - Overriding database path with different value: C:\Users\E-AY\.stmcufinder\plugins\mcufinder/ => C:\Users\E-AY\.stmcufinder\plugins\mcufinder
2023-11-06 10:57:46,217 [INFO] DbMcusAds:125 - Set database path to: C:\Users\E-AY\.stmcufinder\plugins\mcufinder//mcu/
2023-11-06 10:57:46,218 [WARN] DbFile:41 - Overriding database path with different value: C:\Users\E-AY\.stmcufinder\plugins\mcufinder/ => C:\Users\E-AY\.stmcufinder\plugins\mcufinder
2023-11-06 10:57:46,218 [WARN] DbFile:41 - Overriding database path with different value: C:\Users\E-AY\.stmcufinder\plugins\mcufinder/ => C:\Users\E-AY\.stmcufinder\plugins\mcufinder
2023-11-06 10:57:46,218 [INFO] CrossReferenceDbSqlite:203 - Set database path to: C:\Users\E-AY\.stmcufinder\plugins\mcufinder//mcu/cs/
2023-11-06 10:57:46,326 [INFO] MainPanel:262 - HeapMemory: 268435456
2023-11-06 10:57:46,445 [INFO] DbMcusXml:78 - Set database path to: C:\ST\STM32CubeIDE_1.13.2\STM32CubeIDE\plugins\com.st.stm32cube.common.mx_6.9.2.202309101412\\db\/mcu/
2023-11-06 10:57:46,445 [INFO] ApiDb:274 - Set plugin database path to: C:\ST\STM32CubeIDE_1.13.2\STM32CubeIDE\plugins\com.st.stm32cube.common.mx_6.9.2.202309101412\\db\/plugins/boardmanager/
2023-11-06 10:57:46,445 [INFO] ApiDb:261 - Set plugin images path to: C:\ST\STM32CubeIDE_1.13.2\STM32CubeIDE\plugins\com.st.stm32cube.common.mx_6.9.2.202309101412\\db\/plugins/mcufinder/images/
2023-11-06 10:57:46,446 [WARN] DbFile:41 - Overriding database path with different value: C:\Users\E-AY\.stmcufinder\plugins\mcufinder/ => C:\Users\E-AY\.stmcufinder\plugins\mcufinder
2023-11-06 10:57:46,446 [INFO] ApiDb:250 - Set database path to: C:\Users\E-AY\.stmcufinder\plugins\mcufinder//mcu/
2023-11-06 10:57:46,446 [WARN] DbFile:41 - Overriding database path with different value: C:\Users\E-AY\.stmcufinder\plugins\mcufinder/ => C:\Users\E-AY\.stmcufinder\plugins\mcufinder
2023-11-06 10:57:46,447 [INFO] DbMcusAds:125 - Set database path to: C:\Users\E-AY\.stmcufinder\plugins\mcufinder//mcu/
2023-11-06 10:57:46,447 [WARN] DbFile:41 - Overriding database path with different value: C:\Users\E-AY\.stmcufinder\plugins\mcufinder/ => C:\Users\E-AY\.stmcufinder\plugins\mcufinder
2023-11-06 10:57:46,447 [WARN] DbFile:41 - Overriding database path with different value: C:\Users\E-AY\.stmcufinder\plugins\mcufinder/ => C:\Users\E-AY\.stmcufinder\plugins\mcufinder
2023-11-06 10:57:46,447 [INFO] CrossReferenceDbSqlite:203 - Set database path to: C:\Users\E-AY\.stmcufinder\plugins\mcufinder//mcu/cs/
2023-11-06 10:57:46,471 [INFO] ApplicationProperties:184 - Using Application install path: C:\ST\STM32CubeIDE_1.13.2\STM32CubeIDE\plugins\com.st.stm32cube.common.mx_6.9.2.202309101412
2023-11-06 10:57:46,473 [INFO] PluginManage:196 - Search for loadable plugins [exclusion list=, ]
2023-11-06 10:57:46,475 [INFO] PluginManage:310 - Check plugin analytics
2023-11-06 10:57:46,803 [INFO] AnalyticsPlugin:253 - Accepted Software Licenses: 
2023-11-06 10:57:46,803 [INFO] AnalyticsPlugin:255 - Accepted CMSIS Pack Licenses: 
2023-11-06 10:57:46,804 [INFO] AnalyticsPlugin:257 - Accepted Firmware Licenses: 
2023-11-06 10:57:46,811 [INFO] PluginManage:359 - Loaded plugin analytics (category:tool,tabindex:-1)
2023-11-06 10:57:46,811 [INFO] PluginManage:310 - Check plugin cadmodel
2023-11-06 10:57:46,831 [INFO] CADModel:105 - Init CAD model plugin
2023-11-06 10:57:46,832 [INFO] PluginManage:359 - Loaded plugin cadmodel (category:power,tabindex:5)
2023-11-06 10:57:46,832 [INFO] PluginManage:310 - Check plugin clock
2023-11-06 10:57:46,857 [INFO] PluginManage:359 - Loaded plugin clock (category:base,tabindex:2)
2023-11-06 10:57:46,857 [INFO] PluginManage:310 - Check plugin ddr
2023-11-06 10:57:46,860 [INFO] PluginManage:359 - Loaded plugin ddr (category:tool,tabindex:6)
2023-11-06 10:57:46,860 [INFO] PluginManage:310 - Check plugin filemanager
2023-11-06 10:57:47,028 [INFO] PluginManage:359 - Loaded plugin filemanager (category:base,tabindex:10)
2023-11-06 10:57:47,028 [INFO] PluginManage:310 - Check plugin ipmanager
2023-11-06 10:57:47,038 [INFO] PluginManage:359 - Loaded plugin ipmanager (category:base,tabindex:5)
2023-11-06 10:57:47,038 [INFO] PluginManage:310 - Check plugin lpbam
2023-11-06 10:57:47,060 [INFO] PluginManage:359 - Loaded plugin lpbam (category:base,tabindex:0)
2023-11-06 10:57:47,061 [INFO] PluginManage:310 - Check plugin memorymap
2023-11-06 10:57:47,087 [INFO] PluginManage:359 - Loaded plugin memorymap (category:base,tabindex:4)
2023-11-06 10:57:47,087 [INFO] PluginManage:310 - Check plugin pinoutandconfiguration
2023-11-06 10:57:47,107 [INFO] PluginManage:359 - Loaded plugin pinoutandconfiguration (category:base,tabindex:1)
2023-11-06 10:57:47,107 [INFO] PluginManage:310 - Check plugin pinoutconfig
2023-11-06 10:57:47,230 [WARN] SupportedApi:132 - Cannot load RTOS API schema: s4s-elt-must-match.1: The content of 'definitions' must match (annotation?, (simpleType | complexType)?, (unique | key | keyref)*)). A problem was found starting at: attribute.
2023-11-06 10:57:47,414 [INFO] PluginManage:359 - Loaded plugin pinoutconfig (category:base,tabindex:0)
2023-11-06 10:57:47,414 [INFO] PluginManage:310 - Check plugin power
2023-11-06 10:57:47,440 [INFO] PluginManage:359 - Loaded plugin power (category:power,tabindex:4)
2023-11-06 10:57:47,440 [INFO] PluginManage:310 - Check plugin projectmanager
2023-11-06 10:57:47,459 [INFO] PluginManage:359 - Loaded plugin projectmanager (category:projectmanager,tabindex:3)
2023-11-06 10:57:47,459 [INFO] PluginManage:310 - Check plugin thirdparty
2023-11-06 10:57:47,787 [INFO] PluginManage:359 - Loaded plugin thirdparty (category:base,tabindex:-1)
2023-11-06 10:57:47,787 [WARN] IntegrityCheckThread:84 - waiting for thirdparty lock release [integrity check]
2023-11-06 10:57:47,787 [INFO] PluginManage:310 - Check plugin tools
2023-11-06 10:57:47,787 [INFO] IntegrityCheckThread:86 - entering critical section [integrity check]
2023-11-06 10:57:47,788 [INFO] ThirdPartyUpdaterWithRetryManager:70 - Updater plugin not ready yet. [1/15]
2023-11-06 10:57:47,827 [INFO] PluginManage:359 - Loaded plugin tools (category:base,tabindex:7)
2023-11-06 10:57:47,827 [INFO] PluginManage:310 - Check plugin tutovideos
2023-11-06 10:57:48,058 [INFO] PluginManage:359 - Loaded plugin tutovideos (category:base,tabindex:-1)
2023-11-06 10:57:48,058 [INFO] PluginManage:310 - Check plugin updater
2023-11-06 10:57:48,072 [INFO] PluginManage:359 - Loaded plugin updater (category:base,tabindex:12)
2023-11-06 10:57:48,072 [INFO] PluginManage:310 - Check plugin userauth
2023-11-06 10:57:48,079 [INFO] UserAuth:113 - Init User Auth plugin
2023-11-06 10:57:48,079 [INFO] PluginManage:359 - Loaded plugin userauth (category:base,tabindex:14)
2023-11-06 10:57:48,079 [INFO] PluginManage:283 - PluginManage : Loaded plugins [17]
2023-11-06 10:57:48,347 [INFO] PinOutPanel:1499 - setPackage(No Configuration,No Configuration)
2023-11-06 10:57:48,487 [INFO] CADModel:165 - CPN selected for project level
2023-11-06 10:57:48,487 [INFO] CADModel:114 - Register for checkConnection events
2023-11-06 10:57:48,517 [INFO] IPUIPlugin:80 - create IPUIPlugin
2023-11-06 10:57:48,518 [INFO] PluginManager:220 - loadIPPluginJar : add adc
2023-11-06 10:57:48,560 [INFO] IPUIPlugin:80 - create IPUIPlugin
2023-11-06 10:57:48,561 [INFO] PluginManager:220 - loadIPPluginJar : add aes
2023-11-06 10:57:48,607 [INFO] IPUIPlugin:80 - create IPUIPlugin
2023-11-06 10:57:48,607 [INFO] PluginManager:220 - loadIPPluginJar : add can
2023-11-06 10:57:48,633 [INFO] IPUIPlugin:80 - create IPUIPlugin
2023-11-06 10:57:48,634 [INFO] PluginManager:220 - loadIPPluginJar : add comp
2023-11-06 10:57:48,671 [INFO] IPUIPlugin:80 - create IPUIPlugin
2023-11-06 10:57:48,672 [INFO] PluginManager:220 - loadIPPluginJar : add cryp
2023-11-06 10:57:48,706 [INFO] IPUIPlugin:80 - create IPUIPlugin
2023-11-06 10:57:48,706 [INFO] PluginManager:220 - loadIPPluginJar : add dfsdm
2023-11-06 10:57:48,723 [INFO] IPUIPlugin:80 - create IPUIPlugin
2023-11-06 10:57:48,723 [INFO] PluginManager:220 - loadIPPluginJar : add dma
2023-11-06 10:57:48,774 [INFO] IPUIPlugin:80 - create IPUIPlugin
2023-11-06 10:57:48,775 [INFO] PluginManager:220 - loadIPPluginJar : add dma3
2023-11-06 10:57:48,798 [INFO] IPUIPlugin:80 - create IPUIPlugin
2023-11-06 10:57:48,798 [INFO] PluginManager:220 - loadIPPluginJar : add fatfs
2023-11-06 10:57:48,856 [INFO] IPUIPlugin:80 - create IPUIPlugin
2023-11-06 10:57:48,856 [INFO] PluginManager:220 - loadIPPluginJar : add fmc
2023-11-06 10:57:48,873 [INFO] IPUIPlugin:80 - create IPUIPlugin
2023-11-06 10:57:48,873 [INFO] PluginManager:220 - loadIPPluginJar : add freertos
2023-11-06 10:57:48,897 [INFO] IPUIPlugin:80 - create IPUIPlugin
2023-11-06 10:57:48,897 [INFO] PluginManager:220 - loadIPPluginJar : add genericplugin
2023-11-06 10:57:48,999 [INFO] IPUIPlugin:80 - create IPUIPlugin
2023-11-06 10:57:48,999 [INFO] PluginManager:220 - loadIPPluginJar : add gfxmmu
2023-11-06 10:57:49,148 [INFO] IPUIPlugin:80 - create IPUIPlugin
2023-11-06 10:57:49,148 [INFO] PluginManager:220 - loadIPPluginJar : add gic
2023-11-06 10:57:49,162 [INFO] IPUIPlugin:80 - create IPUIPlugin
2023-11-06 10:57:49,163 [INFO] PluginManager:220 - loadIPPluginJar : add gpio
2023-11-06 10:57:49,270 [INFO] IPUIPlugin:80 - create IPUIPlugin
2023-11-06 10:57:49,270 [INFO] PluginManager:220 - loadIPPluginJar : add gtzc
2023-11-06 10:57:49,306 [INFO] IPUIPlugin:80 - create IPUIPlugin
2023-11-06 10:57:49,307 [INFO] PluginManager:220 - loadIPPluginJar : add hash
2023-11-06 10:57:49,365 [INFO] IPUIPlugin:80 - create IPUIPlugin
2023-11-06 10:57:49,365 [INFO] PluginManager:220 - loadIPPluginJar : add i2c
2023-11-06 10:57:49,409 [INFO] IPUIPlugin:80 - create IPUIPlugin
2023-11-06 10:57:49,409 [INFO] PluginManager:220 - loadIPPluginJar : add i2s
2023-11-06 10:57:49,458 [INFO] IPUIPlugin:80 - create IPUIPlugin
2023-11-06 10:57:49,458 [INFO] PluginManager:220 - loadIPPluginJar : add i3c
2023-11-06 10:57:49,587 [INFO] IPUIPlugin:80 - create IPUIPlugin
2023-11-06 10:57:49,587 [INFO] PluginManager:220 - loadIPPluginJar : add ipddr
2023-11-06 10:57:49,690 [INFO] IPUIPlugin:80 - create IPUIPlugin
2023-11-06 10:57:49,690 [INFO] PluginManager:220 - loadIPPluginJar : add linkedlist
2023-11-06 10:57:49,729 [INFO] IPUIPlugin:80 - create IPUIPlugin
2023-11-06 10:57:49,729 [INFO] PluginManager:220 - loadIPPluginJar : add lorawan
2023-11-06 10:57:49,770 [INFO] IPUIPlugin:80 - create IPUIPlugin
2023-11-06 10:57:49,770 [INFO] PluginManager:220 - loadIPPluginJar : add ltdc
2023-11-06 10:57:49,786 [INFO] IPUIPlugin:80 - create IPUIPlugin
2023-11-06 10:57:49,787 [INFO] PluginManager:220 - loadIPPluginJar : add mdma
2023-11-06 10:57:49,800 [INFO] IPUIPlugin:80 - create IPUIPlugin
2023-11-06 10:57:49,800 [INFO] PluginManager:220 - loadIPPluginJar : add nvic
2023-11-06 10:57:49,840 [INFO] IPUIPlugin:80 - create IPUIPlugin
2023-11-06 10:57:49,841 [INFO] PluginManager:220 - loadIPPluginJar : add opamp
2023-11-06 10:57:49,907 [INFO] IPUIPlugin:80 - create IPUIPlugin
2023-11-06 10:57:49,908 [INFO] PluginManager:220 - loadIPPluginJar : add openamp
2023-11-06 10:57:49,956 [INFO] IPUIPlugin:80 - create IPUIPlugin
2023-11-06 10:57:49,956 [INFO] PluginManager:220 - loadIPPluginJar : add pdm2pcm
2023-11-06 10:57:49,973 [INFO] IPUIPlugin:80 - create IPUIPlugin
2023-11-06 10:57:49,975 [INFO] PluginManager:220 - loadIPPluginJar : add plateformsettings
2023-11-06 10:57:50,000 [INFO] IPUIPlugin:80 - create IPUIPlugin
2023-11-06 10:57:50,000 [INFO] PluginManager:220 - loadIPPluginJar : add quadspi
2023-11-06 10:57:50,014 [INFO] IPUIPlugin:80 - create IPUIPlugin
2023-11-06 10:57:50,015 [INFO] PluginManager:220 - loadIPPluginJar : add resmgrutility
2023-11-06 10:57:50,072 [INFO] IPUIPlugin:80 - create IPUIPlugin
2023-11-06 10:57:50,072 [INFO] PluginManager:220 - loadIPPluginJar : add sai
2023-11-06 10:57:50,113 [INFO] IPUIPlugin:80 - create IPUIPlugin
2023-11-06 10:57:50,113 [INFO] PluginManager:220 - loadIPPluginJar : add spi
2023-11-06 10:57:50,182 [INFO] IPUIPlugin:80 - create IPUIPlugin
2023-11-06 10:57:50,182 [INFO] PluginManager:220 - loadIPPluginJar : add stm32_wpan
2023-11-06 10:57:50,207 [INFO] IPUIPlugin:80 - create IPUIPlugin
2023-11-06 10:57:50,208 [INFO] PluginManager:220 - loadIPPluginJar : add tim
2023-11-06 10:57:50,272 [INFO] IPUIPlugin:80 - create IPUIPlugin
2023-11-06 10:57:50,272 [INFO] PluginManager:220 - loadIPPluginJar : add touchsensing
2023-11-06 10:57:50,298 [INFO] IPUIPlugin:80 - create IPUIPlugin
2023-11-06 10:57:50,298 [INFO] PluginManager:220 - loadIPPluginJar : add tracer_emb
2023-11-06 10:57:50,324 [INFO] IPUIPlugin:80 - create IPUIPlugin
2023-11-06 10:57:50,324 [INFO] PluginManager:220 - loadIPPluginJar : add ts
2023-11-06 10:57:50,347 [INFO] IPUIPlugin:80 - create IPUIPlugin
2023-11-06 10:57:50,347 [INFO] PluginManager:220 - loadIPPluginJar : add tsc
2023-11-06 10:57:50,372 [INFO] IPUIPlugin:80 - create IPUIPlugin
2023-11-06 10:57:50,372 [INFO] PluginManager:220 - loadIPPluginJar : add ucpd
2023-11-06 10:57:50,423 [INFO] IPUIPlugin:80 - create IPUIPlugin
2023-11-06 10:57:50,423 [INFO] PluginManager:220 - loadIPPluginJar : add usart
2023-11-06 10:57:50,473 [INFO] IPUIPlugin:80 - create IPUIPlugin
2023-11-06 10:57:50,473 [INFO] PluginManager:220 - loadIPPluginJar : add usbx
2023-11-06 10:57:50,617 [INFO] CADModel:165 - CPN selected for project level
2023-11-06 10:57:50,617 [INFO] CADModel:114 - Register for checkConnection events
2023-11-06 10:57:50,617 [FATAL] Updater:308 - Updater called before beeing initialized
2023-11-06 10:57:50,618 [ERROR] CADModel:125 - Updater not yet initialized, retry later 
2023-11-06 10:57:50,788 [INFO] ThirdPartyUpdaterWithRetryManager:70 - Updater plugin not ready yet. [2/15]
2023-11-06 10:57:50,815 [INFO] CADModel:165 - CPN selected for project level
2023-11-06 10:57:50,815 [INFO] CADModel:114 - Register for checkConnection events
2023-11-06 10:57:50,815 [FATAL] Updater:308 - Updater called before beeing initialized
2023-11-06 10:57:50,815 [ERROR] CADModel:125 - Updater not yet initialized, retry later 
2023-11-06 10:57:50,819 [FATAL] Updater:308 - Updater called before beeing initialized
2023-11-06 10:57:50,958 [FATAL] Updater:308 - Updater called before beeing initialized
2023-11-06 10:57:50,971 [INFO] DbMcusAds:53 - JSON generation date=Tue Mar 07 11:50:55 TRT 2023 (1678179055335)
2023-11-06 10:57:50,971 [FATAL] Updater:308 - Updater called before beeing initialized
2023-11-06 10:57:51,067 [WARN] DetailPanel:346 - Failed to get advertising image, set to default
2023-11-06 10:57:51,207 [FATAL] Updater:308 - Updater called before beeing initialized
2023-11-06 10:57:51,209 [FATAL] Updater:308 - Updater called before beeing initialized
2023-11-06 10:57:51,209 [FATAL] Updater:308 - Updater called before beeing initialized
2023-11-06 10:57:51,210 [WARN] DetailPanel:346 - Failed to get advertising image, set to default
2023-11-06 10:57:51,211 [FATAL] Updater:308 - Updater called before beeing initialized
2023-11-06 10:57:51,292 [ERROR] Updater:1120 - MainUpdater not yet initialized. External WinMGr cannot be set.
2023-11-06 10:57:51,306 [INFO] Updater:1056 - Updater Version found : 6.9.2
2023-11-06 10:57:51,327 [INFO] ApplicationProperties:184 - Using Application install path: C:\ST\STM32CubeIDE_1.13.2\STM32CubeIDE\plugins\com.st.stm32cube.common.mx_6.9.2.202309101412
2023-11-06 10:57:51,465 [INFO] MainUpdater:2868 - connection check result : 10
2023-11-06 10:57:51,466 [INFO] MainUpdater:285 - Updater Check For Update Now.
2023-11-06 10:57:51,466 [INFO] MicroXplorer:498 - Change Database Version : DB.6.0.92
2023-11-06 10:57:51,488 [INFO] McuFinderGlobals:63 - Set McuFinder mode to 2 (CubeIDE integrated)
2023-11-06 10:57:51,488 [INFO] UserAuth:179 - activating auth plugin
2023-11-06 10:57:51,492 [INFO] UserAuth:393 - Internet connection configuration mode: 1
2023-11-06 10:57:51,529 [INFO] JxBrowserEngine:151 - Initiate JxBrowser Engine with user profile folder
2023-11-06 10:57:51,729 [INFO] CheckServerUpdateThread:120 - End of CheckServer Thread
2023-11-06 10:57:54,162 [WARN] PackLoader:240 - Cannot read IP mode file for STMicroelectronics.X-CUBE-SMBUS.2.1.0
2023-11-06 10:57:54,292 [WARN] PackLoader:240 - Cannot read IP mode file for STMicroelectronics.X-CUBE-AZRTOS-F7.1.1.0
2023-11-06 10:57:54,333 [WARN] PackLoader:240 - Cannot read IP mode file for STMicroelectronics.FP-SNS-MOTENV1.4.3.2
2023-11-06 10:57:54,361 [WARN] PackLoader:240 - Cannot read IP mode file for STMicroelectronics.FP-SNS-FLIGHT1.5.0.2
2023-11-06 10:57:54,394 [WARN] PackLoader:240 - Cannot read IP mode file for STMicroelectronics.X-CUBE-DISPLAY.3.0.0
2023-11-06 10:57:54,435 [WARN] PackLoader:240 - Cannot read IP mode file for STMicroelectronics.X-CUBE-BLE1.7.0.0
2023-11-06 10:57:54,466 [WARN] PackLoader:240 - Cannot read IP mode file for emotas.I-CUBE-CANOPEN.1.3.0
2023-11-06 10:57:54,510 [INFO] LogOutputStream:77 - [STDOUT_REDIRECT] 1 : Invalid condition id : UX_CORESTACK_Condition cause : null
2023-11-06 10:57:54,512 [INFO] LogOutputStream:77 - [STDOUT_REDIRECT] 1 : Invalid condition id : UX_CORESTACK_Condition cause : null
2023-11-06 10:57:54,515 [INFO] LogOutputStream:77 - [STDOUT_REDIRECT] 1 : Invalid condition id : UX_CORESTACK_Condition cause : null
2023-11-06 10:57:54,520 [INFO] LogOutputStream:77 - [STDOUT_REDIRECT] 1 : Invalid condition id : UX_CORESTACK_Condition cause : null
2023-11-06 10:57:54,523 [INFO] LogOutputStream:77 - [STDOUT_REDIRECT] 1 : Invalid condition id : UX_CORESTACK_Condition cause : null
2023-11-06 10:57:54,531 [WARN] PackLoader:240 - Cannot read IP mode file for STMicroelectronics.X-CUBE-AZRTOS-WL.2.0.0
2023-11-06 10:57:54,559 [WARN] PackLoader:240 - Cannot read IP mode file for WES.I-CUBE-Cesium.1.3.0
2023-11-06 10:57:54,582 [WARN] PackLoader:240 - Cannot read IP mode file for STMicroelectronics.X-CUBE-BLE2.3.3.0
2023-11-06 10:57:54,606 [WARN] PackLoader:240 - Cannot read IP mode file for STMicroelectronics.X-CUBE-ALGOBUILD.1.3.0
2023-11-06 10:57:54,619 [INFO] WebApp:157 - Instantiating new browser for Auth
2023-11-06 10:57:54,667 [WARN] PackLoader:240 - Cannot read IP mode file for STMicroelectronics.X-CUBE-AZRTOS-G0.1.1.0
2023-11-06 10:57:54,706 [WARN] PackLoader:240 - Cannot read IP mode file for STMicroelectronics.X-CUBE-NFC4.3.0.0
2023-11-06 10:57:54,748 [WARN] PackLoader:240 - Cannot read IP mode file for STMicroelectronics.X-CUBE-BLEMGR.3.0.0
2023-11-06 10:57:54,773 [WARN] PackLoader:240 - Cannot read IP mode file for STMicroelectronics.FP-ATR-SIGFOX1.3.2.0
2023-11-06 10:57:54,864 [WARN] PackLoader:240 - Cannot read IP mode file for SEGGER.I-CUBE-embOS.1.3.1
2023-11-06 10:57:55,003 [WARN] PackLoader:240 - Cannot read IP mode file for STMicroelectronics.X-CUBE-GNSS1.6.0.0
2023-11-06 10:57:55,056 [WARN] PackLoader:240 - Cannot read IP mode file for STMicroelectronics.X-CUBE-AZRTOS-F4.1.1.0
2023-11-06 10:57:55,109 [WARN] PackLoader:240 - Cannot read IP mode file for STMicroelectronics.X-CUBE-AZRTOS-L5.2.0.0
2023-11-06 10:57:55,189 [WARN] PackLoader:240 - Cannot read IP mode file for STMicroelectronics.X-CUBE-MEMS1.9.6.0
2023-11-06 10:57:55,431 [WARN] PackLoader:240 - Cannot read IP mode file for STMicroelectronics.X-CUBE-EEPRMA1.4.2.0
2023-11-06 10:57:55,447 [WARN] PackLoader:240 - Cannot read IP mode file for ITTIA_DB.I-CUBE-ITTIADB.8.8.0
2023-11-06 10:57:55,467 [WARN] PackLoader:240 - Cannot read IP mode file for STMicroelectronics.X-CUBE-BLEMGR.2.0.0
2023-11-06 10:57:55,532 [WARN] ConditionMgr:438 - getConditionDescription Invalid condition id : UX DEVICE CLASS RTOS Condition cause : null
2023-11-06 10:57:55,532 [WARN] ConditionMgr:438 - getConditionDescription Invalid condition id : UX DEVICE CLASS RTOS Condition cause : null
2023-11-06 10:57:55,537 [WARN] PackLoader:240 - Cannot read IP mode file for STMicroelectronics.X-CUBE-AZRTOS-H7.3.1.0
2023-11-06 10:57:55,538 [WARN] ConditionMgr:1039 - genDependencies : Invalid condition id : UX DEVICE CLASS RTOS Condition cause : null
2023-11-06 10:57:55,538 [WARN] ConditionMgr:1039 - genDependencies : Invalid condition id : UX DEVICE CLASS RTOS Condition cause : null
2023-11-06 10:57:55,539 [WARN] ConditionMgr:1039 - genDependencies : Invalid condition id : UX DEVICE CLASS RTOS Condition cause : null
2023-11-06 10:57:55,539 [WARN] ConditionMgr:1039 - genDependencies : Invalid condition id : UX DEVICE CLASS RTOS Condition cause : null
2023-11-06 10:57:55,539 [WARN] ConditionMgr:1039 - genDependencies : Invalid condition id : UX DEVICE CLASS RTOS Condition cause : null
2023-11-06 10:57:55,562 [WARN] PackLoader:240 - Cannot read IP mode file for STMicroelectronics.X-CUBE-NFC7.1.0.1
2023-11-06 10:57:55,598 [WARN] PackLoader:240 - Cannot read IP mode file for STMicroelectronics.X-CUBE-EEPRMA1.4.1.0
2023-11-06 10:57:55,622 [WARN] PackLoader:240 - Cannot read IP mode file for STMicroelectronics.X-CUBE-AI.8.1.0
2023-11-06 10:57:55,671 [WARN] ConditionMgr:438 - getConditionDescription Invalid condition id : LAN8742 Phy interface Condition cause : null
2023-11-06 10:57:55,672 [WARN] PackLoader:240 - Cannot read IP mode file for STMicroelectronics.X-CUBE-AZRTOS-L4.2.0.0
2023-11-06 10:57:55,673 [WARN] ConditionMgr:1039 - genDependencies : Invalid condition id : LAN8742 Phy interface Condition cause : null
2023-11-06 10:57:55,674 [WARN] ConditionMgr:1039 - genDependencies : Invalid condition id : LAN8742 Phy interface Condition cause : null
2023-11-06 10:57:55,674 [WARN] ConditionMgr:1039 - genDependencies : Invalid condition id : LAN8742 Phy interface Condition cause : null
2023-11-06 10:57:55,697 [WARN] PackLoader:240 - Cannot read IP mode file for STMicroelectronics.X-CUBE-SFXS2LP1.4.0.0
2023-11-06 10:57:55,716 [WARN] PackLoader:240 - Cannot read IP mode file for STMicroelectronics.X-CUBE-ISPU.1.1.0
2023-11-06 10:57:55,765 [WARN] ConditionMgr:438 - getConditionDescription Invalid condition id : UX DEVICE CLASS RTOS Condition cause : null
2023-11-06 10:57:55,765 [WARN] ConditionMgr:438 - getConditionDescription Invalid condition id : UX DEVICE CLASS RTOS Condition cause : null
2023-11-06 10:57:55,769 [WARN] PackLoader:240 - Cannot read IP mode file for STMicroelectronics.X-CUBE-AZRTOS-WB.2.0.0
2023-11-06 10:57:55,770 [WARN] ConditionMgr:1039 - genDependencies : Invalid condition id : UX DEVICE CLASS RTOS Condition cause : null
2023-11-06 10:57:55,770 [WARN] ConditionMgr:1039 - genDependencies : Invalid condition id : UX DEVICE CLASS RTOS Condition cause : null
2023-11-06 10:57:55,771 [WARN] ConditionMgr:1039 - genDependencies : Invalid condition id : UX DEVICE CLASS RTOS Condition cause : null
2023-11-06 10:57:55,771 [WARN] ConditionMgr:1039 - genDependencies : Invalid condition id : UX DEVICE CLASS RTOS Condition cause : null
2023-11-06 10:57:55,772 [WARN] ConditionMgr:1039 - genDependencies : Invalid condition id : UX DEVICE CLASS RTOS Condition cause : null
2023-11-06 10:57:55,802 [WARN] PackLoader:240 - Cannot read IP mode file for STMicroelectronics.X-CUBE-SUBG2.5.0.0
2023-11-06 10:57:55,838 [WARN] PackLoader:240 - Cannot read IP mode file for STMicroelectronics.X-CUBE-TOF1.3.3.1
2023-11-06 10:57:55,889 [WARN] PackLoader:240 - Cannot read IP mode file for STMicroelectronics.X-CUBE-AZRTOS-G4.2.0.0
2023-11-06 10:57:55,921 [WARN] PackLoader:240 - Cannot read IP mode file for Infineon.AIROC-Wi-Fi-Bluetooth-STM32.1.5.1
2023-11-06 10:57:55,942 [INFO] WebApp:753 - Register for checkConnection events
2023-11-06 10:57:55,942 [INFO] WebApp:390 - Apply proxy settings
2023-11-06 10:57:55,943 [INFO] WebApp:475 - Chromium requires no authentication
2023-11-06 10:57:55,956 [INFO] WebApp:418 - Direct internet connection detected
2023-11-06 10:57:56,001 [WARN] PackLoader:240 - Cannot read IP mode file for STMicroelectronics.X-CUBE-MEMS1.10.0.0
2023-11-06 10:57:56,157 [WARN] PackLoader:240 - Cannot read IP mode file for STMicroelectronics.X-CUBE-FREERTOS.1.1.0
2023-11-06 10:57:56,175 [WARN] PackLoader:240 - Cannot read IP mode file for portGmbH.I-Cube-SoM-uGOAL.1.1.0
2023-11-06 10:57:56,191 [WARN] PackLoader:240 - Cannot read IP mode file for STMicroelectronics.X-CUBE-ALS.1.0.1
2023-11-06 10:57:56,206 [WARN] PackLoader:240 - Cannot read IP mode file for STMicroelectronics.FP-ATR-ASTRA1.2.0.0
2023-11-06 10:57:56,207 [INFO] ThirdParty:978 - Integrity check success = true
2023-11-06 10:57:56,207 [INFO] IntegrityCheckThread:100 - exiting critical section [integrity check]
2023-11-06 10:57:56,208 [INFO] IntegrityCheckThread:103 - End integrity checks thread
2023-11-06 10:57:56,328 [INFO] WebApp:188 - Starting web application
2023-11-06 10:57:56,328 [INFO] WebApp:520 - Web application path used C:\ST\STM32CubeIDE_1.13.2\STM32CubeIDE\plugins\com.st.stm32cube.common.mx_6.9.2.202309101412\db\plugins\mcufinder\reactClient1\index.html
2023-11-06 10:58:17,563 [ERROR] LogOutputStream:75 - [STDERR_REDIRECT] SLF4J: Failed to load class "org.slf4j.impl.StaticLoggerBinder".
2023-11-06 10:58:17,563 [ERROR] LogOutputStream:75 - [STDERR_REDIRECT] SLF4J: Defaulting to no-operation (NOP) logger implementation
2023-11-06 10:58:17,566 [ERROR] LogOutputStream:75 - [STDERR_REDIRECT] SLF4J: See http://www.slf4j.org/codes.html#StaticLoggerBinder for further details.
2023-11-06 19:05:23,713 [ERROR] LogOutputStream:75 - [STDERR_REDIRECT] 
