2023-11-02 11:31:40,800 [INFO] Activator:176 - 


2023-11-02 11:31:40,812 [INFO] Activator:177 - !SESSION log4j initialized
2023-11-02 11:31:46,656 [INFO] LogOutputStream:77 - [STDOUT_REDIRECT] 
2023-11-02 11:31:52,370 [INFO] ApplicationProperties:184 - Using Application install path: C:\ST\STM32CubeIDE_1.13.2\STM32CubeIDE\plugins\com.st.stm32cube.common.mx_6.9.2.202309101412
2023-11-02 11:31:52,394 [INFO] DbMcusXml:78 - Set database path to: C:\ST\STM32CubeIDE_1.13.2\STM32CubeIDE\plugins\com.st.stm32cube.common.mx_6.9.2.202309101412\\db\/mcu/
2023-11-02 11:31:52,394 [INFO] ApiDb:274 - Set plugin database path to: C:\ST\STM32CubeIDE_1.13.2\STM32CubeIDE\plugins\com.st.stm32cube.common.mx_6.9.2.202309101412\\db\/plugins/boardmanager/
2023-11-02 11:31:52,395 [WARN] ApiDb:259 - Overriding images path with different value:  => C:\ST\STM32CubeIDE_1.13.2\STM32CubeIDE\plugins\com.st.stm32cube.common.mx_6.9.2.202309101412\\db\/plugins/mcufinder/images/
2023-11-02 11:31:52,410 [INFO] ApiDb:250 - Set database path to: C:\Users\E-AY\.stmcufinder\plugins\mcufinder//mcu/
2023-11-02 11:31:52,411 [INFO] DbMcusAds:125 - Set database path to: C:\Users\E-AY\.stmcufinder\plugins\mcufinder//mcu/
2023-11-02 11:31:52,413 [INFO] CrossReferenceDbSqlite:203 - Set database path to: C:\Users\E-AY\.stmcufinder\plugins\mcufinder//mcu/cs/
2023-11-02 11:31:52,568 [INFO] RulesReader:64 - Compatibility file has been processed (293 Rules)
2023-11-02 11:31:52,680 [INFO] DbMcusXml:78 - Set database path to: C:\ST\STM32CubeIDE_1.13.2\STM32CubeIDE\plugins\com.st.stm32cube.common.mx_6.9.2.202309101412\\db\/mcu/
2023-11-02 11:31:52,680 [INFO] ApiDb:274 - Set plugin database path to: C:\ST\STM32CubeIDE_1.13.2\STM32CubeIDE\plugins\com.st.stm32cube.common.mx_6.9.2.202309101412\\db\/plugins/boardmanager/
2023-11-02 11:31:52,680 [INFO] ApiDb:261 - Set plugin images path to: C:\ST\STM32CubeIDE_1.13.2\STM32CubeIDE\plugins\com.st.stm32cube.common.mx_6.9.2.202309101412\\db\/plugins/mcufinder/images/
2023-11-02 11:31:52,681 [WARN] DbFile:41 - Overriding database path with different value: C:\Users\E-AY\.stmcufinder\plugins\mcufinder/ => C:\Users\E-AY\.stmcufinder\plugins\mcufinder
2023-11-02 11:31:52,681 [INFO] ApiDb:250 - Set database path to: C:\Users\E-AY\.stmcufinder\plugins\mcufinder//mcu/
2023-11-02 11:31:52,681 [WARN] DbFile:41 - Overriding database path with different value: C:\Users\E-AY\.stmcufinder\plugins\mcufinder/ => C:\Users\E-AY\.stmcufinder\plugins\mcufinder
2023-11-02 11:31:52,681 [INFO] DbMcusAds:125 - Set database path to: C:\Users\E-AY\.stmcufinder\plugins\mcufinder//mcu/
2023-11-02 11:31:52,681 [WARN] DbFile:41 - Overriding database path with different value: C:\Users\E-AY\.stmcufinder\plugins\mcufinder/ => C:\Users\E-AY\.stmcufinder\plugins\mcufinder
2023-11-02 11:31:52,681 [WARN] DbFile:41 - Overriding database path with different value: C:\Users\E-AY\.stmcufinder\plugins\mcufinder/ => C:\Users\E-AY\.stmcufinder\plugins\mcufinder
2023-11-02 11:31:52,681 [INFO] CrossReferenceDbSqlite:203 - Set database path to: C:\Users\E-AY\.stmcufinder\plugins\mcufinder//mcu/cs/
2023-11-02 11:31:52,783 [INFO] MainPanel:262 - HeapMemory: 268435456
2023-11-02 11:31:52,900 [INFO] DbMcusXml:78 - Set database path to: C:\ST\STM32CubeIDE_1.13.2\STM32CubeIDE\plugins\com.st.stm32cube.common.mx_6.9.2.202309101412\\db\/mcu/
2023-11-02 11:31:52,900 [INFO] ApiDb:274 - Set plugin database path to: C:\ST\STM32CubeIDE_1.13.2\STM32CubeIDE\plugins\com.st.stm32cube.common.mx_6.9.2.202309101412\\db\/plugins/boardmanager/
2023-11-02 11:31:52,901 [INFO] ApiDb:261 - Set plugin images path to: C:\ST\STM32CubeIDE_1.13.2\STM32CubeIDE\plugins\com.st.stm32cube.common.mx_6.9.2.202309101412\\db\/plugins/mcufinder/images/
2023-11-02 11:31:52,901 [WARN] DbFile:41 - Overriding database path with different value: C:\Users\E-AY\.stmcufinder\plugins\mcufinder/ => C:\Users\E-AY\.stmcufinder\plugins\mcufinder
2023-11-02 11:31:52,901 [INFO] ApiDb:250 - Set database path to: C:\Users\E-AY\.stmcufinder\plugins\mcufinder//mcu/
2023-11-02 11:31:52,902 [WARN] DbFile:41 - Overriding database path with different value: C:\Users\E-AY\.stmcufinder\plugins\mcufinder/ => C:\Users\E-AY\.stmcufinder\plugins\mcufinder
2023-11-02 11:31:52,902 [INFO] DbMcusAds:125 - Set database path to: C:\Users\E-AY\.stmcufinder\plugins\mcufinder//mcu/
2023-11-02 11:31:52,902 [WARN] DbFile:41 - Overriding database path with different value: C:\Users\E-AY\.stmcufinder\plugins\mcufinder/ => C:\Users\E-AY\.stmcufinder\plugins\mcufinder
2023-11-02 11:31:52,902 [WARN] DbFile:41 - Overriding database path with different value: C:\Users\E-AY\.stmcufinder\plugins\mcufinder/ => C:\Users\E-AY\.stmcufinder\plugins\mcufinder
2023-11-02 11:31:52,902 [INFO] CrossReferenceDbSqlite:203 - Set database path to: C:\Users\E-AY\.stmcufinder\plugins\mcufinder//mcu/cs/
2023-11-02 11:31:52,926 [INFO] ApplicationProperties:184 - Using Application install path: C:\ST\STM32CubeIDE_1.13.2\STM32CubeIDE\plugins\com.st.stm32cube.common.mx_6.9.2.202309101412
2023-11-02 11:31:52,927 [INFO] PluginManage:196 - Search for loadable plugins [exclusion list=, ]
2023-11-02 11:31:52,929 [INFO] PluginManage:310 - Check plugin analytics
2023-11-02 11:31:53,182 [INFO] AnalyticsPlugin:253 - Accepted Software Licenses: 
2023-11-02 11:31:53,182 [INFO] AnalyticsPlugin:255 - Accepted CMSIS Pack Licenses: 
2023-11-02 11:31:53,182 [INFO] AnalyticsPlugin:257 - Accepted Firmware Licenses: 
2023-11-02 11:31:53,186 [INFO] PluginManage:359 - Loaded plugin analytics (category:tool,tabindex:-1)
2023-11-02 11:31:53,187 [INFO] PluginManage:310 - Check plugin cadmodel
2023-11-02 11:31:53,205 [INFO] CADModel:105 - Init CAD model plugin
2023-11-02 11:31:53,205 [INFO] PluginManage:359 - Loaded plugin cadmodel (category:power,tabindex:5)
2023-11-02 11:31:53,205 [INFO] PluginManage:310 - Check plugin clock
2023-11-02 11:31:53,231 [INFO] PluginManage:359 - Loaded plugin clock (category:base,tabindex:2)
2023-11-02 11:31:53,232 [INFO] PluginManage:310 - Check plugin ddr
2023-11-02 11:31:53,236 [INFO] PluginManage:359 - Loaded plugin ddr (category:tool,tabindex:6)
2023-11-02 11:31:53,236 [INFO] PluginManage:310 - Check plugin filemanager
2023-11-02 11:31:53,416 [INFO] PluginManage:359 - Loaded plugin filemanager (category:base,tabindex:10)
2023-11-02 11:31:53,416 [INFO] PluginManage:310 - Check plugin ipmanager
2023-11-02 11:31:53,427 [INFO] PluginManage:359 - Loaded plugin ipmanager (category:base,tabindex:5)
2023-11-02 11:31:53,427 [INFO] PluginManage:310 - Check plugin lpbam
2023-11-02 11:31:53,448 [INFO] PluginManage:359 - Loaded plugin lpbam (category:base,tabindex:0)
2023-11-02 11:31:53,448 [INFO] PluginManage:310 - Check plugin memorymap
2023-11-02 11:31:53,477 [INFO] PluginManage:359 - Loaded plugin memorymap (category:base,tabindex:4)
2023-11-02 11:31:53,477 [INFO] PluginManage:310 - Check plugin pinoutandconfiguration
2023-11-02 11:31:53,498 [INFO] PluginManage:359 - Loaded plugin pinoutandconfiguration (category:base,tabindex:1)
2023-11-02 11:31:53,498 [INFO] PluginManage:310 - Check plugin pinoutconfig
2023-11-02 11:31:53,641 [WARN] SupportedApi:132 - Cannot load RTOS API schema: s4s-elt-must-match.1: The content of 'definitions' must match (annotation?, (simpleType | complexType)?, (unique | key | keyref)*)). A problem was found starting at: attribute.
2023-11-02 11:31:53,837 [INFO] PluginManage:359 - Loaded plugin pinoutconfig (category:base,tabindex:0)
2023-11-02 11:31:53,838 [INFO] PluginManage:310 - Check plugin power
2023-11-02 11:31:53,863 [INFO] PluginManage:359 - Loaded plugin power (category:power,tabindex:4)
2023-11-02 11:31:53,864 [INFO] PluginManage:310 - Check plugin projectmanager
2023-11-02 11:31:53,883 [INFO] PluginManage:359 - Loaded plugin projectmanager (category:projectmanager,tabindex:3)
2023-11-02 11:31:53,883 [INFO] PluginManage:310 - Check plugin thirdparty
2023-11-02 11:31:54,222 [INFO] PluginManage:359 - Loaded plugin thirdparty (category:base,tabindex:-1)
2023-11-02 11:31:54,223 [INFO] PluginManage:310 - Check plugin tools
2023-11-02 11:31:54,223 [WARN] IntegrityCheckThread:84 - waiting for thirdparty lock release [integrity check]
2023-11-02 11:31:54,223 [INFO] IntegrityCheckThread:86 - entering critical section [integrity check]
2023-11-02 11:31:54,224 [INFO] ThirdPartyUpdaterWithRetryManager:70 - Updater plugin not ready yet. [1/15]
2023-11-02 11:31:54,262 [INFO] PluginManage:359 - Loaded plugin tools (category:base,tabindex:7)
2023-11-02 11:31:54,262 [INFO] PluginManage:310 - Check plugin tutovideos
2023-11-02 11:31:54,512 [INFO] PluginManage:359 - Loaded plugin tutovideos (category:base,tabindex:-1)
2023-11-02 11:31:54,512 [INFO] PluginManage:310 - Check plugin updater
2023-11-02 11:31:54,526 [INFO] PluginManage:359 - Loaded plugin updater (category:base,tabindex:12)
2023-11-02 11:31:54,526 [INFO] PluginManage:310 - Check plugin userauth
2023-11-02 11:31:54,532 [INFO] UserAuth:113 - Init User Auth plugin
2023-11-02 11:31:54,533 [INFO] PluginManage:359 - Loaded plugin userauth (category:base,tabindex:14)
2023-11-02 11:31:54,533 [INFO] PluginManage:283 - PluginManage : Loaded plugins [17]
2023-11-02 11:31:54,816 [INFO] PinOutPanel:1499 - setPackage(No Configuration,No Configuration)
2023-11-02 11:31:54,982 [INFO] CADModel:165 - CPN selected for project level
2023-11-02 11:31:54,982 [INFO] CADModel:114 - Register for checkConnection events
2023-11-02 11:31:55,015 [INFO] IPUIPlugin:80 - create IPUIPlugin
2023-11-02 11:31:55,015 [INFO] PluginManager:220 - loadIPPluginJar : add adc
2023-11-02 11:31:55,057 [INFO] IPUIPlugin:80 - create IPUIPlugin
2023-11-02 11:31:55,057 [INFO] PluginManager:220 - loadIPPluginJar : add aes
2023-11-02 11:31:55,104 [INFO] IPUIPlugin:80 - create IPUIPlugin
2023-11-02 11:31:55,104 [INFO] PluginManager:220 - loadIPPluginJar : add can
2023-11-02 11:31:55,129 [INFO] IPUIPlugin:80 - create IPUIPlugin
2023-11-02 11:31:55,129 [INFO] PluginManager:220 - loadIPPluginJar : add comp
2023-11-02 11:31:55,167 [INFO] IPUIPlugin:80 - create IPUIPlugin
2023-11-02 11:31:55,167 [INFO] PluginManager:220 - loadIPPluginJar : add cryp
2023-11-02 11:31:55,200 [INFO] IPUIPlugin:80 - create IPUIPlugin
2023-11-02 11:31:55,200 [INFO] PluginManager:220 - loadIPPluginJar : add dfsdm
2023-11-02 11:31:55,217 [INFO] IPUIPlugin:80 - create IPUIPlugin
2023-11-02 11:31:55,217 [INFO] PluginManager:220 - loadIPPluginJar : add dma
2023-11-02 11:31:55,266 [INFO] IPUIPlugin:80 - create IPUIPlugin
2023-11-02 11:31:55,266 [INFO] PluginManager:220 - loadIPPluginJar : add dma3
2023-11-02 11:31:55,288 [INFO] IPUIPlugin:80 - create IPUIPlugin
2023-11-02 11:31:55,289 [INFO] PluginManager:220 - loadIPPluginJar : add fatfs
2023-11-02 11:31:55,344 [INFO] IPUIPlugin:80 - create IPUIPlugin
2023-11-02 11:31:55,344 [INFO] PluginManager:220 - loadIPPluginJar : add fmc
2023-11-02 11:31:55,362 [INFO] IPUIPlugin:80 - create IPUIPlugin
2023-11-02 11:31:55,363 [INFO] PluginManager:220 - loadIPPluginJar : add freertos
2023-11-02 11:31:55,386 [INFO] IPUIPlugin:80 - create IPUIPlugin
2023-11-02 11:31:55,387 [INFO] PluginManager:220 - loadIPPluginJar : add genericplugin
2023-11-02 11:31:55,492 [INFO] IPUIPlugin:80 - create IPUIPlugin
2023-11-02 11:31:55,492 [INFO] PluginManager:220 - loadIPPluginJar : add gfxmmu
2023-11-02 11:31:55,641 [INFO] IPUIPlugin:80 - create IPUIPlugin
2023-11-02 11:31:55,642 [INFO] PluginManager:220 - loadIPPluginJar : add gic
2023-11-02 11:31:55,656 [INFO] IPUIPlugin:80 - create IPUIPlugin
2023-11-02 11:31:55,656 [INFO] PluginManager:220 - loadIPPluginJar : add gpio
2023-11-02 11:31:55,763 [INFO] IPUIPlugin:80 - create IPUIPlugin
2023-11-02 11:31:55,763 [INFO] PluginManager:220 - loadIPPluginJar : add gtzc
2023-11-02 11:31:55,799 [INFO] IPUIPlugin:80 - create IPUIPlugin
2023-11-02 11:31:55,800 [INFO] PluginManager:220 - loadIPPluginJar : add hash
2023-11-02 11:31:55,859 [INFO] IPUIPlugin:80 - create IPUIPlugin
2023-11-02 11:31:55,859 [INFO] PluginManager:220 - loadIPPluginJar : add i2c
2023-11-02 11:31:55,903 [INFO] IPUIPlugin:80 - create IPUIPlugin
2023-11-02 11:31:55,904 [INFO] PluginManager:220 - loadIPPluginJar : add i2s
2023-11-02 11:31:55,951 [INFO] IPUIPlugin:80 - create IPUIPlugin
2023-11-02 11:31:55,951 [INFO] PluginManager:220 - loadIPPluginJar : add i3c
2023-11-02 11:31:56,078 [INFO] IPUIPlugin:80 - create IPUIPlugin
2023-11-02 11:31:56,079 [INFO] PluginManager:220 - loadIPPluginJar : add ipddr
2023-11-02 11:31:56,183 [INFO] IPUIPlugin:80 - create IPUIPlugin
2023-11-02 11:31:56,183 [INFO] PluginManager:220 - loadIPPluginJar : add linkedlist
2023-11-02 11:31:56,222 [INFO] IPUIPlugin:80 - create IPUIPlugin
2023-11-02 11:31:56,223 [INFO] PluginManager:220 - loadIPPluginJar : add lorawan
2023-11-02 11:31:56,264 [INFO] IPUIPlugin:80 - create IPUIPlugin
2023-11-02 11:31:56,264 [INFO] PluginManager:220 - loadIPPluginJar : add ltdc
2023-11-02 11:31:56,280 [INFO] IPUIPlugin:80 - create IPUIPlugin
2023-11-02 11:31:56,281 [INFO] PluginManager:220 - loadIPPluginJar : add mdma
2023-11-02 11:31:56,295 [INFO] IPUIPlugin:80 - create IPUIPlugin
2023-11-02 11:31:56,295 [INFO] PluginManager:220 - loadIPPluginJar : add nvic
2023-11-02 11:31:56,336 [INFO] IPUIPlugin:80 - create IPUIPlugin
2023-11-02 11:31:56,336 [INFO] PluginManager:220 - loadIPPluginJar : add opamp
2023-11-02 11:31:56,403 [INFO] IPUIPlugin:80 - create IPUIPlugin
2023-11-02 11:31:56,403 [INFO] PluginManager:220 - loadIPPluginJar : add openamp
2023-11-02 11:31:56,451 [INFO] IPUIPlugin:80 - create IPUIPlugin
2023-11-02 11:31:56,451 [INFO] PluginManager:220 - loadIPPluginJar : add pdm2pcm
2023-11-02 11:31:56,468 [INFO] IPUIPlugin:80 - create IPUIPlugin
2023-11-02 11:31:56,471 [INFO] PluginManager:220 - loadIPPluginJar : add plateformsettings
2023-11-02 11:31:56,494 [INFO] IPUIPlugin:80 - create IPUIPlugin
2023-11-02 11:31:56,495 [INFO] PluginManager:220 - loadIPPluginJar : add quadspi
2023-11-02 11:31:56,508 [INFO] IPUIPlugin:80 - create IPUIPlugin
2023-11-02 11:31:56,508 [INFO] PluginManager:220 - loadIPPluginJar : add resmgrutility
2023-11-02 11:31:56,565 [INFO] IPUIPlugin:80 - create IPUIPlugin
2023-11-02 11:31:56,565 [INFO] PluginManager:220 - loadIPPluginJar : add sai
2023-11-02 11:31:56,607 [INFO] IPUIPlugin:80 - create IPUIPlugin
2023-11-02 11:31:56,607 [INFO] PluginManager:220 - loadIPPluginJar : add spi
2023-11-02 11:31:56,675 [INFO] IPUIPlugin:80 - create IPUIPlugin
2023-11-02 11:31:56,675 [INFO] PluginManager:220 - loadIPPluginJar : add stm32_wpan
2023-11-02 11:31:56,701 [INFO] IPUIPlugin:80 - create IPUIPlugin
2023-11-02 11:31:56,701 [INFO] PluginManager:220 - loadIPPluginJar : add tim
2023-11-02 11:31:56,765 [INFO] IPUIPlugin:80 - create IPUIPlugin
2023-11-02 11:31:56,765 [INFO] PluginManager:220 - loadIPPluginJar : add touchsensing
2023-11-02 11:31:56,791 [INFO] IPUIPlugin:80 - create IPUIPlugin
2023-11-02 11:31:56,791 [INFO] PluginManager:220 - loadIPPluginJar : add tracer_emb
2023-11-02 11:31:56,817 [INFO] IPUIPlugin:80 - create IPUIPlugin
2023-11-02 11:31:56,817 [INFO] PluginManager:220 - loadIPPluginJar : add ts
2023-11-02 11:31:56,841 [INFO] IPUIPlugin:80 - create IPUIPlugin
2023-11-02 11:31:56,842 [INFO] PluginManager:220 - loadIPPluginJar : add tsc
2023-11-02 11:31:56,866 [INFO] IPUIPlugin:80 - create IPUIPlugin
2023-11-02 11:31:56,866 [INFO] PluginManager:220 - loadIPPluginJar : add ucpd
2023-11-02 11:31:56,917 [INFO] IPUIPlugin:80 - create IPUIPlugin
2023-11-02 11:31:56,917 [INFO] PluginManager:220 - loadIPPluginJar : add usart
2023-11-02 11:31:56,966 [INFO] IPUIPlugin:80 - create IPUIPlugin
2023-11-02 11:31:56,966 [INFO] PluginManager:220 - loadIPPluginJar : add usbx
2023-11-02 11:31:57,111 [INFO] CADModel:165 - CPN selected for project level
2023-11-02 11:31:57,111 [INFO] CADModel:114 - Register for checkConnection events
2023-11-02 11:31:57,112 [FATAL] Updater:308 - Updater called before beeing initialized
2023-11-02 11:31:57,112 [ERROR] CADModel:125 - Updater not yet initialized, retry later 
2023-11-02 11:31:57,225 [INFO] ThirdPartyUpdaterWithRetryManager:70 - Updater plugin not ready yet. [2/15]
2023-11-02 11:31:57,312 [INFO] CADModel:165 - CPN selected for project level
2023-11-02 11:31:57,312 [INFO] CADModel:114 - Register for checkConnection events
2023-11-02 11:31:57,312 [FATAL] Updater:308 - Updater called before beeing initialized
2023-11-02 11:31:57,312 [ERROR] CADModel:125 - Updater not yet initialized, retry later 
2023-11-02 11:31:57,317 [FATAL] Updater:308 - Updater called before beeing initialized
2023-11-02 11:31:57,453 [FATAL] Updater:308 - Updater called before beeing initialized
2023-11-02 11:31:57,466 [INFO] DbMcusAds:53 - JSON generation date=Tue Mar 07 11:50:55 TRT 2023 (1678179055114)
2023-11-02 11:31:57,466 [FATAL] Updater:308 - Updater called before beeing initialized
2023-11-02 11:31:57,562 [WARN] DetailPanel:346 - Failed to get advertising image, set to default
2023-11-02 11:31:57,705 [FATAL] Updater:308 - Updater called before beeing initialized
2023-11-02 11:31:57,707 [FATAL] Updater:308 - Updater called before beeing initialized
2023-11-02 11:31:57,708 [FATAL] Updater:308 - Updater called before beeing initialized
2023-11-02 11:31:57,708 [WARN] DetailPanel:346 - Failed to get advertising image, set to default
2023-11-02 11:31:57,709 [FATAL] Updater:308 - Updater called before beeing initialized
2023-11-02 11:31:57,831 [ERROR] Updater:1120 - MainUpdater not yet initialized. External WinMGr cannot be set.
2023-11-02 11:31:57,858 [INFO] Updater:1056 - Updater Version found : 6.9.2
2023-11-02 11:31:57,881 [INFO] ApplicationProperties:184 - Using Application install path: C:\ST\STM32CubeIDE_1.13.2\STM32CubeIDE\plugins\com.st.stm32cube.common.mx_6.9.2.202309101412
2023-11-02 11:31:58,055 [INFO] MainUpdater:2868 - connection check result : 10
2023-11-02 11:31:58,056 [INFO] MainUpdater:285 - Updater Check For Update Now.
2023-11-02 11:31:58,056 [INFO] MicroXplorer:498 - Change Database Version : DB.6.0.92
2023-11-02 11:31:58,079 [INFO] McuFinderGlobals:63 - Set McuFinder mode to 2 (CubeIDE integrated)
2023-11-02 11:31:58,079 [INFO] UserAuth:179 - activating auth plugin
2023-11-02 11:31:58,083 [INFO] UserAuth:393 - Internet connection configuration mode: 1
2023-11-02 11:31:58,117 [INFO] JxBrowserEngine:151 - Initiate JxBrowser Engine with user profile folder
2023-11-02 11:31:58,317 [INFO] CheckServerUpdateThread:120 - End of CheckServer Thread
2023-11-02 11:32:00,649 [WARN] PackLoader:240 - Cannot read IP mode file for STMicroelectronics.X-CUBE-SMBUS.2.1.0
2023-11-02 11:32:00,713 [WARN] PackLoader:240 - Cannot read IP mode file for STMicroelectronics.X-CUBE-AZRTOS-F7.1.1.0
2023-11-02 11:32:00,740 [WARN] PackLoader:240 - Cannot read IP mode file for STMicroelectronics.FP-SNS-MOTENV1.4.3.2
2023-11-02 11:32:00,769 [WARN] PackLoader:240 - Cannot read IP mode file for STMicroelectronics.FP-SNS-FLIGHT1.5.0.2
2023-11-02 11:32:00,802 [WARN] PackLoader:240 - Cannot read IP mode file for STMicroelectronics.X-CUBE-DISPLAY.3.0.0
2023-11-02 11:32:00,836 [WARN] PackLoader:240 - Cannot read IP mode file for STMicroelectronics.X-CUBE-BLE1.7.0.0
2023-11-02 11:32:00,858 [WARN] PackLoader:240 - Cannot read IP mode file for emotas.I-CUBE-CANOPEN.1.3.0
2023-11-02 11:32:00,912 [INFO] LogOutputStream:77 - [STDOUT_REDIRECT] 1 : Invalid condition id : UX_CORESTACK_Condition cause : null
2023-11-02 11:32:00,913 [INFO] LogOutputStream:77 - [STDOUT_REDIRECT] 1 : Invalid condition id : UX_CORESTACK_Condition cause : null
2023-11-02 11:32:00,917 [INFO] LogOutputStream:77 - [STDOUT_REDIRECT] 1 : Invalid condition id : UX_CORESTACK_Condition cause : null
2023-11-02 11:32:00,920 [INFO] LogOutputStream:77 - [STDOUT_REDIRECT] 1 : Invalid condition id : UX_CORESTACK_Condition cause : null
2023-11-02 11:32:00,924 [INFO] LogOutputStream:77 - [STDOUT_REDIRECT] 1 : Invalid condition id : UX_CORESTACK_Condition cause : null
2023-11-02 11:32:00,935 [WARN] PackLoader:240 - Cannot read IP mode file for STMicroelectronics.X-CUBE-AZRTOS-WL.2.0.0
2023-11-02 11:32:00,974 [WARN] PackLoader:240 - Cannot read IP mode file for WES.I-CUBE-Cesium.1.3.0
2023-11-02 11:32:01,012 [WARN] PackLoader:240 - Cannot read IP mode file for STMicroelectronics.X-CUBE-BLE2.3.3.0
2023-11-02 11:32:01,045 [WARN] PackLoader:240 - Cannot read IP mode file for STMicroelectronics.X-CUBE-ALGOBUILD.1.3.0
2023-11-02 11:32:01,110 [WARN] PackLoader:240 - Cannot read IP mode file for STMicroelectronics.X-CUBE-AZRTOS-G0.1.1.0
2023-11-02 11:32:01,144 [WARN] PackLoader:240 - Cannot read IP mode file for STMicroelectronics.X-CUBE-NFC4.3.0.0
2023-11-02 11:32:01,174 [WARN] PackLoader:240 - Cannot read IP mode file for STMicroelectronics.FP-ATR-SIGFOX1.3.2.0
2023-11-02 11:32:01,314 [WARN] PackLoader:240 - Cannot read IP mode file for SEGGER.I-CUBE-embOS.1.3.1
2023-11-02 11:32:01,427 [WARN] PackLoader:240 - Cannot read IP mode file for STMicroelectronics.X-CUBE-GNSS1.6.0.0
2023-11-02 11:32:01,441 [INFO] WebApp:157 - Instantiating new browser for Auth
2023-11-02 11:32:01,487 [WARN] PackLoader:240 - Cannot read IP mode file for STMicroelectronics.X-CUBE-AZRTOS-F4.1.1.0
2023-11-02 11:32:01,555 [WARN] PackLoader:240 - Cannot read IP mode file for STMicroelectronics.X-CUBE-AZRTOS-L5.2.0.0
2023-11-02 11:32:01,693 [WARN] PackLoader:240 - Cannot read IP mode file for STMicroelectronics.X-CUBE-MEMS1.9.6.0
2023-11-02 11:32:02,047 [WARN] PackLoader:240 - Cannot read IP mode file for STMicroelectronics.X-CUBE-EEPRMA1.4.2.0
2023-11-02 11:32:02,068 [WARN] PackLoader:240 - Cannot read IP mode file for ITTIA_DB.I-CUBE-ITTIADB.8.8.0
2023-11-02 11:32:02,092 [WARN] PackLoader:240 - Cannot read IP mode file for STMicroelectronics.X-CUBE-BLEMGR.2.0.0
2023-11-02 11:32:02,141 [WARN] ConditionMgr:438 - getConditionDescription Invalid condition id : UX DEVICE CLASS RTOS Condition cause : null
2023-11-02 11:32:02,142 [WARN] ConditionMgr:438 - getConditionDescription Invalid condition id : UX DEVICE CLASS RTOS Condition cause : null
2023-11-02 11:32:02,149 [WARN] PackLoader:240 - Cannot read IP mode file for STMicroelectronics.X-CUBE-AZRTOS-H7.3.1.0
2023-11-02 11:32:02,151 [WARN] ConditionMgr:1039 - genDependencies : Invalid condition id : UX DEVICE CLASS RTOS Condition cause : null
2023-11-02 11:32:02,152 [WARN] ConditionMgr:1039 - genDependencies : Invalid condition id : UX DEVICE CLASS RTOS Condition cause : null
2023-11-02 11:32:02,153 [WARN] ConditionMgr:1039 - genDependencies : Invalid condition id : UX DEVICE CLASS RTOS Condition cause : null
2023-11-02 11:32:02,154 [WARN] ConditionMgr:1039 - genDependencies : Invalid condition id : UX DEVICE CLASS RTOS Condition cause : null
2023-11-02 11:32:02,154 [WARN] ConditionMgr:1039 - genDependencies : Invalid condition id : UX DEVICE CLASS RTOS Condition cause : null
2023-11-02 11:32:02,182 [WARN] PackLoader:240 - Cannot read IP mode file for STMicroelectronics.X-CUBE-NFC7.1.0.1
2023-11-02 11:32:02,200 [WARN] PackLoader:240 - Cannot read IP mode file for STMicroelectronics.X-CUBE-EEPRMA1.4.1.0
2023-11-02 11:32:02,214 [WARN] PackLoader:240 - Cannot read IP mode file for STMicroelectronics.X-CUBE-AI.8.1.0
2023-11-02 11:32:02,282 [WARN] ConditionMgr:438 - getConditionDescription Invalid condition id : LAN8742 Phy interface Condition cause : null
2023-11-02 11:32:02,284 [WARN] PackLoader:240 - Cannot read IP mode file for STMicroelectronics.X-CUBE-AZRTOS-L4.2.0.0
2023-11-02 11:32:02,286 [WARN] ConditionMgr:1039 - genDependencies : Invalid condition id : LAN8742 Phy interface Condition cause : null
2023-11-02 11:32:02,287 [WARN] ConditionMgr:1039 - genDependencies : Invalid condition id : LAN8742 Phy interface Condition cause : null
2023-11-02 11:32:02,288 [WARN] ConditionMgr:1039 - genDependencies : Invalid condition id : LAN8742 Phy interface Condition cause : null
2023-11-02 11:32:02,326 [WARN] PackLoader:240 - Cannot read IP mode file for STMicroelectronics.X-CUBE-SFXS2LP1.4.0.0
2023-11-02 11:32:02,352 [WARN] PackLoader:240 - Cannot read IP mode file for STMicroelectronics.X-CUBE-ISPU.1.1.0
2023-11-02 11:32:02,401 [WARN] ConditionMgr:438 - getConditionDescription Invalid condition id : UX DEVICE CLASS RTOS Condition cause : null
2023-11-02 11:32:02,401 [WARN] ConditionMgr:438 - getConditionDescription Invalid condition id : UX DEVICE CLASS RTOS Condition cause : null
2023-11-02 11:32:02,406 [WARN] PackLoader:240 - Cannot read IP mode file for STMicroelectronics.X-CUBE-AZRTOS-WB.2.0.0
2023-11-02 11:32:02,408 [WARN] ConditionMgr:1039 - genDependencies : Invalid condition id : UX DEVICE CLASS RTOS Condition cause : null
2023-11-02 11:32:02,409 [WARN] ConditionMgr:1039 - genDependencies : Invalid condition id : UX DEVICE CLASS RTOS Condition cause : null
2023-11-02 11:32:02,410 [WARN] ConditionMgr:1039 - genDependencies : Invalid condition id : UX DEVICE CLASS RTOS Condition cause : null
2023-11-02 11:32:02,411 [WARN] ConditionMgr:1039 - genDependencies : Invalid condition id : UX DEVICE CLASS RTOS Condition cause : null
2023-11-02 11:32:02,411 [WARN] ConditionMgr:1039 - genDependencies : Invalid condition id : UX DEVICE CLASS RTOS Condition cause : null
2023-11-02 11:32:02,462 [WARN] PackLoader:240 - Cannot read IP mode file for STMicroelectronics.X-CUBE-SUBG2.5.0.0
2023-11-02 11:32:02,505 [WARN] PackLoader:240 - Cannot read IP mode file for STMicroelectronics.X-CUBE-TOF1.3.3.1
2023-11-02 11:32:02,558 [WARN] PackLoader:240 - Cannot read IP mode file for STMicroelectronics.X-CUBE-AZRTOS-G4.2.0.0
2023-11-02 11:32:02,588 [WARN] PackLoader:240 - Cannot read IP mode file for Infineon.AIROC-Wi-Fi-Bluetooth-STM32.1.5.1
2023-11-02 11:32:02,667 [WARN] PackLoader:240 - Cannot read IP mode file for STMicroelectronics.X-CUBE-MEMS1.10.0.0
2023-11-02 11:32:02,711 [INFO] WebApp:753 - Register for checkConnection events
2023-11-02 11:32:02,711 [INFO] WebApp:390 - Apply proxy settings
2023-11-02 11:32:02,712 [INFO] WebApp:475 - Chromium requires no authentication
2023-11-02 11:32:02,727 [INFO] WebApp:418 - Direct internet connection detected
2023-11-02 11:32:02,837 [WARN] PackLoader:240 - Cannot read IP mode file for STMicroelectronics.X-CUBE-FREERTOS.1.1.0
2023-11-02 11:32:02,853 [WARN] PackLoader:240 - Cannot read IP mode file for portGmbH.I-Cube-SoM-uGOAL.1.1.0
2023-11-02 11:32:02,867 [WARN] PackLoader:240 - Cannot read IP mode file for STMicroelectronics.X-CUBE-ALS.1.0.1
2023-11-02 11:32:02,882 [WARN] PackLoader:240 - Cannot read IP mode file for STMicroelectronics.FP-ATR-ASTRA1.2.0.0
2023-11-02 11:32:02,883 [INFO] ThirdParty:978 - Integrity check success = true
2023-11-02 11:32:02,884 [INFO] IntegrityCheckThread:100 - exiting critical section [integrity check]
2023-11-02 11:32:02,884 [INFO] IntegrityCheckThread:103 - End integrity checks thread
2023-11-02 11:32:03,060 [INFO] WebApp:188 - Starting web application
2023-11-02 11:32:03,060 [INFO] WebApp:520 - Web application path used C:\ST\STM32CubeIDE_1.13.2\STM32CubeIDE\plugins\com.st.stm32cube.common.mx_6.9.2.202309101412\db\plugins\mcufinder\reactClient1\index.html
2023-11-02 11:32:24,392 [ERROR] LogOutputStream:75 - [STDERR_REDIRECT] SLF4J: Failed to load class "org.slf4j.impl.StaticLoggerBinder".
2023-11-02 11:32:24,393 [ERROR] LogOutputStream:75 - [STDERR_REDIRECT] SLF4J: Defaulting to no-operation (NOP) logger implementation
2023-11-02 11:32:24,395 [ERROR] LogOutputStream:75 - [STDERR_REDIRECT] SLF4J: See http://www.slf4j.org/codes.html#StaticLoggerBinder for further details.
2023-11-02 18:46:28,589 [ERROR] LogOutputStream:75 - [STDERR_REDIRECT] 
