2023-10-26 13:32:31,742 [INFO] Activator:176 - 


2023-10-26 13:32:31,751 [INFO] Activator:177 - !SESSION log4j initialized
2023-10-26 13:32:38,742 [INFO] LogOutputStream:77 - [STDOUT_REDIRECT] 
2023-10-26 13:32:41,102 [INFO] ApplicationProperties:184 - Using Application install path: C:\ST\STM32CubeIDE_1.13.2\STM32CubeIDE\plugins\com.st.stm32cube.common.mx_6.9.2.202309101412
2023-10-26 13:32:41,128 [INFO] DbMcusXml:78 - Set database path to: C:\ST\STM32CubeIDE_1.13.2\STM32CubeIDE\plugins\com.st.stm32cube.common.mx_6.9.2.202309101412\\db\/mcu/
2023-10-26 13:32:41,129 [INFO] ApiDb:274 - Set plugin database path to: C:\ST\STM32CubeIDE_1.13.2\STM32CubeIDE\plugins\com.st.stm32cube.common.mx_6.9.2.202309101412\\db\/plugins/boardmanager/
2023-10-26 13:32:41,129 [WARN] ApiDb:259 - Overriding images path with different value:  => C:\ST\STM32CubeIDE_1.13.2\STM32CubeIDE\plugins\com.st.stm32cube.common.mx_6.9.2.202309101412\\db\/plugins/mcufinder/images/
2023-10-26 13:32:41,143 [INFO] ApiDb:250 - Set database path to: C:\Users\E-AY\.stmcufinder\plugins\mcufinder//mcu/
2023-10-26 13:32:41,145 [INFO] DbMcusAds:125 - Set database path to: C:\Users\E-AY\.stmcufinder\plugins\mcufinder//mcu/
2023-10-26 13:32:41,149 [INFO] CrossReferenceDbSqlite:203 - Set database path to: C:\Users\E-AY\.stmcufinder\plugins\mcufinder//mcu/cs/
2023-10-26 13:32:41,291 [INFO] RulesReader:64 - Compatibility file has been processed (293 Rules)
2023-10-26 13:32:41,401 [INFO] DbMcusXml:78 - Set database path to: C:\ST\STM32CubeIDE_1.13.2\STM32CubeIDE\plugins\com.st.stm32cube.common.mx_6.9.2.202309101412\\db\/mcu/
2023-10-26 13:32:41,401 [INFO] ApiDb:274 - Set plugin database path to: C:\ST\STM32CubeIDE_1.13.2\STM32CubeIDE\plugins\com.st.stm32cube.common.mx_6.9.2.202309101412\\db\/plugins/boardmanager/
2023-10-26 13:32:41,401 [INFO] ApiDb:261 - Set plugin images path to: C:\ST\STM32CubeIDE_1.13.2\STM32CubeIDE\plugins\com.st.stm32cube.common.mx_6.9.2.202309101412\\db\/plugins/mcufinder/images/
2023-10-26 13:32:41,401 [WARN] DbFile:41 - Overriding database path with different value: C:\Users\E-AY\.stmcufinder\plugins\mcufinder/ => C:\Users\E-AY\.stmcufinder\plugins\mcufinder
2023-10-26 13:32:41,402 [INFO] ApiDb:250 - Set database path to: C:\Users\E-AY\.stmcufinder\plugins\mcufinder//mcu/
2023-10-26 13:32:41,402 [WARN] DbFile:41 - Overriding database path with different value: C:\Users\E-AY\.stmcufinder\plugins\mcufinder/ => C:\Users\E-AY\.stmcufinder\plugins\mcufinder
2023-10-26 13:32:41,402 [INFO] DbMcusAds:125 - Set database path to: C:\Users\E-AY\.stmcufinder\plugins\mcufinder//mcu/
2023-10-26 13:32:41,402 [WARN] DbFile:41 - Overriding database path with different value: C:\Users\E-AY\.stmcufinder\plugins\mcufinder/ => C:\Users\E-AY\.stmcufinder\plugins\mcufinder
2023-10-26 13:32:41,402 [WARN] DbFile:41 - Overriding database path with different value: C:\Users\E-AY\.stmcufinder\plugins\mcufinder/ => C:\Users\E-AY\.stmcufinder\plugins\mcufinder
2023-10-26 13:32:41,402 [INFO] CrossReferenceDbSqlite:203 - Set database path to: C:\Users\E-AY\.stmcufinder\plugins\mcufinder//mcu/cs/
2023-10-26 13:32:41,491 [INFO] MainPanel:262 - HeapMemory: 268435456
2023-10-26 13:32:41,598 [INFO] DbMcusXml:78 - Set database path to: C:\ST\STM32CubeIDE_1.13.2\STM32CubeIDE\plugins\com.st.stm32cube.common.mx_6.9.2.202309101412\\db\/mcu/
2023-10-26 13:32:41,598 [INFO] ApiDb:274 - Set plugin database path to: C:\ST\STM32CubeIDE_1.13.2\STM32CubeIDE\plugins\com.st.stm32cube.common.mx_6.9.2.202309101412\\db\/plugins/boardmanager/
2023-10-26 13:32:41,598 [INFO] ApiDb:261 - Set plugin images path to: C:\ST\STM32CubeIDE_1.13.2\STM32CubeIDE\plugins\com.st.stm32cube.common.mx_6.9.2.202309101412\\db\/plugins/mcufinder/images/
2023-10-26 13:32:41,599 [WARN] DbFile:41 - Overriding database path with different value: C:\Users\E-AY\.stmcufinder\plugins\mcufinder/ => C:\Users\E-AY\.stmcufinder\plugins\mcufinder
2023-10-26 13:32:41,599 [INFO] ApiDb:250 - Set database path to: C:\Users\E-AY\.stmcufinder\plugins\mcufinder//mcu/
2023-10-26 13:32:41,599 [WARN] DbFile:41 - Overriding database path with different value: C:\Users\E-AY\.stmcufinder\plugins\mcufinder/ => C:\Users\E-AY\.stmcufinder\plugins\mcufinder
2023-10-26 13:32:41,599 [INFO] DbMcusAds:125 - Set database path to: C:\Users\E-AY\.stmcufinder\plugins\mcufinder//mcu/
2023-10-26 13:32:41,599 [WARN] DbFile:41 - Overriding database path with different value: C:\Users\E-AY\.stmcufinder\plugins\mcufinder/ => C:\Users\E-AY\.stmcufinder\plugins\mcufinder
2023-10-26 13:32:41,599 [WARN] DbFile:41 - Overriding database path with different value: C:\Users\E-AY\.stmcufinder\plugins\mcufinder/ => C:\Users\E-AY\.stmcufinder\plugins\mcufinder
2023-10-26 13:32:41,599 [INFO] CrossReferenceDbSqlite:203 - Set database path to: C:\Users\E-AY\.stmcufinder\plugins\mcufinder//mcu/cs/
2023-10-26 13:32:41,621 [INFO] ApplicationProperties:184 - Using Application install path: C:\ST\STM32CubeIDE_1.13.2\STM32CubeIDE\plugins\com.st.stm32cube.common.mx_6.9.2.202309101412
2023-10-26 13:32:41,623 [INFO] PluginManage:196 - Search for loadable plugins [exclusion list=, ]
2023-10-26 13:32:41,624 [INFO] PluginManage:310 - Check plugin analytics
2023-10-26 13:32:41,836 [INFO] AnalyticsPlugin:253 - Accepted Software Licenses: 
2023-10-26 13:32:41,836 [INFO] AnalyticsPlugin:255 - Accepted CMSIS Pack Licenses: 
2023-10-26 13:32:41,836 [INFO] AnalyticsPlugin:257 - Accepted Firmware Licenses: 
2023-10-26 13:32:41,839 [INFO] PluginManage:359 - Loaded plugin analytics (category:tool,tabindex:-1)
2023-10-26 13:32:41,840 [INFO] PluginManage:310 - Check plugin cadmodel
2023-10-26 13:32:41,857 [INFO] CADModel:105 - Init CAD model plugin
2023-10-26 13:32:41,858 [INFO] PluginManage:359 - Loaded plugin cadmodel (category:power,tabindex:5)
2023-10-26 13:32:41,858 [INFO] PluginManage:310 - Check plugin clock
2023-10-26 13:32:41,882 [INFO] PluginManage:359 - Loaded plugin clock (category:base,tabindex:2)
2023-10-26 13:32:41,882 [INFO] PluginManage:310 - Check plugin ddr
2023-10-26 13:32:41,886 [INFO] PluginManage:359 - Loaded plugin ddr (category:tool,tabindex:6)
2023-10-26 13:32:41,886 [INFO] PluginManage:310 - Check plugin filemanager
2023-10-26 13:32:42,060 [INFO] PluginManage:359 - Loaded plugin filemanager (category:base,tabindex:10)
2023-10-26 13:32:42,060 [INFO] PluginManage:310 - Check plugin ipmanager
2023-10-26 13:32:42,070 [INFO] PluginManage:359 - Loaded plugin ipmanager (category:base,tabindex:5)
2023-10-26 13:32:42,070 [INFO] PluginManage:310 - Check plugin lpbam
2023-10-26 13:32:42,089 [INFO] PluginManage:359 - Loaded plugin lpbam (category:base,tabindex:0)
2023-10-26 13:32:42,090 [INFO] PluginManage:310 - Check plugin memorymap
2023-10-26 13:32:42,115 [INFO] PluginManage:359 - Loaded plugin memorymap (category:base,tabindex:4)
2023-10-26 13:32:42,116 [INFO] PluginManage:310 - Check plugin pinoutandconfiguration
2023-10-26 13:32:42,134 [INFO] PluginManage:359 - Loaded plugin pinoutandconfiguration (category:base,tabindex:1)
2023-10-26 13:32:42,134 [INFO] PluginManage:310 - Check plugin pinoutconfig
2023-10-26 13:32:42,241 [WARN] SupportedApi:132 - Cannot load RTOS API schema: s4s-elt-must-match.1: The content of 'definitions' must match (annotation?, (simpleType | complexType)?, (unique | key | keyref)*)). A problem was found starting at: attribute.
2023-10-26 13:32:42,421 [INFO] PluginManage:359 - Loaded plugin pinoutconfig (category:base,tabindex:0)
2023-10-26 13:32:42,421 [INFO] PluginManage:310 - Check plugin power
2023-10-26 13:32:42,444 [INFO] PluginManage:359 - Loaded plugin power (category:power,tabindex:4)
2023-10-26 13:32:42,444 [INFO] PluginManage:310 - Check plugin projectmanager
2023-10-26 13:32:42,462 [INFO] PluginManage:359 - Loaded plugin projectmanager (category:projectmanager,tabindex:3)
2023-10-26 13:32:42,462 [INFO] PluginManage:310 - Check plugin thirdparty
2023-10-26 13:32:42,788 [INFO] PluginManage:359 - Loaded plugin thirdparty (category:base,tabindex:-1)
2023-10-26 13:32:42,788 [INFO] PluginManage:310 - Check plugin tools
2023-10-26 13:32:42,788 [WARN] IntegrityCheckThread:84 - waiting for thirdparty lock release [integrity check]
2023-10-26 13:32:42,789 [INFO] IntegrityCheckThread:86 - entering critical section [integrity check]
2023-10-26 13:32:42,789 [INFO] ThirdPartyUpdaterWithRetryManager:70 - Updater plugin not ready yet. [1/15]
2023-10-26 13:32:42,826 [INFO] PluginManage:359 - Loaded plugin tools (category:base,tabindex:7)
2023-10-26 13:32:42,826 [INFO] PluginManage:310 - Check plugin tutovideos
2023-10-26 13:32:43,026 [INFO] PluginManage:359 - Loaded plugin tutovideos (category:base,tabindex:-1)
2023-10-26 13:32:43,026 [INFO] PluginManage:310 - Check plugin updater
2023-10-26 13:32:43,038 [INFO] PluginManage:359 - Loaded plugin updater (category:base,tabindex:12)
2023-10-26 13:32:43,038 [INFO] PluginManage:310 - Check plugin userauth
2023-10-26 13:32:43,044 [INFO] UserAuth:113 - Init User Auth plugin
2023-10-26 13:32:43,044 [INFO] PluginManage:359 - Loaded plugin userauth (category:base,tabindex:14)
2023-10-26 13:32:43,045 [INFO] PluginManage:283 - PluginManage : Loaded plugins [17]
2023-10-26 13:32:43,302 [INFO] PinOutPanel:1499 - setPackage(No Configuration,No Configuration)
2023-10-26 13:32:43,441 [INFO] CADModel:165 - CPN selected for project level
2023-10-26 13:32:43,441 [INFO] CADModel:114 - Register for checkConnection events
2023-10-26 13:32:43,472 [INFO] IPUIPlugin:80 - create IPUIPlugin
2023-10-26 13:32:43,473 [INFO] PluginManager:220 - loadIPPluginJar : add adc
2023-10-26 13:32:43,526 [INFO] IPUIPlugin:80 - create IPUIPlugin
2023-10-26 13:32:43,526 [INFO] PluginManager:220 - loadIPPluginJar : add aes
2023-10-26 13:32:43,590 [INFO] IPUIPlugin:80 - create IPUIPlugin
2023-10-26 13:32:43,590 [INFO] PluginManager:220 - loadIPPluginJar : add can
2023-10-26 13:32:43,618 [INFO] IPUIPlugin:80 - create IPUIPlugin
2023-10-26 13:32:43,618 [INFO] PluginManager:220 - loadIPPluginJar : add comp
2023-10-26 13:32:43,657 [INFO] IPUIPlugin:80 - create IPUIPlugin
2023-10-26 13:32:43,658 [INFO] PluginManager:220 - loadIPPluginJar : add cryp
2023-10-26 13:32:43,692 [INFO] IPUIPlugin:80 - create IPUIPlugin
2023-10-26 13:32:43,692 [INFO] PluginManager:220 - loadIPPluginJar : add dfsdm
2023-10-26 13:32:43,709 [INFO] IPUIPlugin:80 - create IPUIPlugin
2023-10-26 13:32:43,709 [INFO] PluginManager:220 - loadIPPluginJar : add dma
2023-10-26 13:32:43,754 [INFO] IPUIPlugin:80 - create IPUIPlugin
2023-10-26 13:32:43,754 [INFO] PluginManager:220 - loadIPPluginJar : add dma3
2023-10-26 13:32:43,773 [INFO] IPUIPlugin:80 - create IPUIPlugin
2023-10-26 13:32:43,773 [INFO] PluginManager:220 - loadIPPluginJar : add fatfs
2023-10-26 13:32:43,826 [INFO] IPUIPlugin:80 - create IPUIPlugin
2023-10-26 13:32:43,826 [INFO] PluginManager:220 - loadIPPluginJar : add fmc
2023-10-26 13:32:43,845 [INFO] IPUIPlugin:80 - create IPUIPlugin
2023-10-26 13:32:43,845 [INFO] PluginManager:220 - loadIPPluginJar : add freertos
2023-10-26 13:32:43,874 [INFO] IPUIPlugin:80 - create IPUIPlugin
2023-10-26 13:32:43,875 [INFO] PluginManager:220 - loadIPPluginJar : add genericplugin
2023-10-26 13:32:44,013 [INFO] IPUIPlugin:80 - create IPUIPlugin
2023-10-26 13:32:44,013 [INFO] PluginManager:220 - loadIPPluginJar : add gfxmmu
2023-10-26 13:32:44,195 [INFO] IPUIPlugin:80 - create IPUIPlugin
2023-10-26 13:32:44,195 [INFO] PluginManager:220 - loadIPPluginJar : add gic
2023-10-26 13:32:44,214 [INFO] IPUIPlugin:80 - create IPUIPlugin
2023-10-26 13:32:44,214 [INFO] PluginManager:220 - loadIPPluginJar : add gpio
2023-10-26 13:32:44,355 [INFO] IPUIPlugin:80 - create IPUIPlugin
2023-10-26 13:32:44,355 [INFO] PluginManager:220 - loadIPPluginJar : add gtzc
2023-10-26 13:32:44,396 [INFO] IPUIPlugin:80 - create IPUIPlugin
2023-10-26 13:32:44,396 [INFO] PluginManager:220 - loadIPPluginJar : add hash
2023-10-26 13:32:44,469 [INFO] IPUIPlugin:80 - create IPUIPlugin
2023-10-26 13:32:44,469 [INFO] PluginManager:220 - loadIPPluginJar : add i2c
2023-10-26 13:32:44,527 [INFO] IPUIPlugin:80 - create IPUIPlugin
2023-10-26 13:32:44,527 [INFO] PluginManager:220 - loadIPPluginJar : add i2s
2023-10-26 13:32:44,582 [INFO] IPUIPlugin:80 - create IPUIPlugin
2023-10-26 13:32:44,582 [INFO] PluginManager:220 - loadIPPluginJar : add i3c
2023-10-26 13:32:44,746 [INFO] IPUIPlugin:80 - create IPUIPlugin
2023-10-26 13:32:44,746 [INFO] PluginManager:220 - loadIPPluginJar : add ipddr
2023-10-26 13:32:44,841 [INFO] IPUIPlugin:80 - create IPUIPlugin
2023-10-26 13:32:44,841 [INFO] PluginManager:220 - loadIPPluginJar : add linkedlist
2023-10-26 13:32:44,874 [INFO] IPUIPlugin:80 - create IPUIPlugin
2023-10-26 13:32:44,874 [INFO] PluginManager:220 - loadIPPluginJar : add lorawan
2023-10-26 13:32:44,906 [INFO] IPUIPlugin:80 - create IPUIPlugin
2023-10-26 13:32:44,907 [INFO] PluginManager:220 - loadIPPluginJar : add ltdc
2023-10-26 13:32:44,920 [INFO] IPUIPlugin:80 - create IPUIPlugin
2023-10-26 13:32:44,920 [INFO] PluginManager:220 - loadIPPluginJar : add mdma
2023-10-26 13:32:44,930 [INFO] IPUIPlugin:80 - create IPUIPlugin
2023-10-26 13:32:44,930 [INFO] PluginManager:220 - loadIPPluginJar : add nvic
2023-10-26 13:32:44,961 [INFO] IPUIPlugin:80 - create IPUIPlugin
2023-10-26 13:32:44,961 [INFO] PluginManager:220 - loadIPPluginJar : add opamp
2023-10-26 13:32:45,012 [INFO] IPUIPlugin:80 - create IPUIPlugin
2023-10-26 13:32:45,012 [INFO] PluginManager:220 - loadIPPluginJar : add openamp
2023-10-26 13:32:45,049 [INFO] IPUIPlugin:80 - create IPUIPlugin
2023-10-26 13:32:45,049 [INFO] PluginManager:220 - loadIPPluginJar : add pdm2pcm
2023-10-26 13:32:45,061 [INFO] IPUIPlugin:80 - create IPUIPlugin
2023-10-26 13:32:45,063 [INFO] PluginManager:220 - loadIPPluginJar : add plateformsettings
2023-10-26 13:32:45,083 [INFO] IPUIPlugin:80 - create IPUIPlugin
2023-10-26 13:32:45,083 [INFO] PluginManager:220 - loadIPPluginJar : add quadspi
2023-10-26 13:32:45,094 [INFO] IPUIPlugin:80 - create IPUIPlugin
2023-10-26 13:32:45,094 [INFO] PluginManager:220 - loadIPPluginJar : add resmgrutility
2023-10-26 13:32:45,138 [INFO] IPUIPlugin:80 - create IPUIPlugin
2023-10-26 13:32:45,139 [INFO] PluginManager:220 - loadIPPluginJar : add sai
2023-10-26 13:32:45,170 [INFO] IPUIPlugin:80 - create IPUIPlugin
2023-10-26 13:32:45,170 [INFO] PluginManager:220 - loadIPPluginJar : add spi
2023-10-26 13:32:45,219 [INFO] IPUIPlugin:80 - create IPUIPlugin
2023-10-26 13:32:45,219 [INFO] PluginManager:220 - loadIPPluginJar : add stm32_wpan
2023-10-26 13:32:45,238 [INFO] IPUIPlugin:80 - create IPUIPlugin
2023-10-26 13:32:45,238 [INFO] PluginManager:220 - loadIPPluginJar : add tim
2023-10-26 13:32:45,286 [INFO] IPUIPlugin:80 - create IPUIPlugin
2023-10-26 13:32:45,286 [INFO] PluginManager:220 - loadIPPluginJar : add touchsensing
2023-10-26 13:32:45,306 [INFO] IPUIPlugin:80 - create IPUIPlugin
2023-10-26 13:32:45,306 [INFO] PluginManager:220 - loadIPPluginJar : add tracer_emb
2023-10-26 13:32:45,326 [INFO] IPUIPlugin:80 - create IPUIPlugin
2023-10-26 13:32:45,327 [INFO] PluginManager:220 - loadIPPluginJar : add ts
2023-10-26 13:32:45,344 [INFO] IPUIPlugin:80 - create IPUIPlugin
2023-10-26 13:32:45,344 [INFO] PluginManager:220 - loadIPPluginJar : add tsc
2023-10-26 13:32:45,363 [INFO] IPUIPlugin:80 - create IPUIPlugin
2023-10-26 13:32:45,363 [INFO] PluginManager:220 - loadIPPluginJar : add ucpd
2023-10-26 13:32:45,402 [INFO] IPUIPlugin:80 - create IPUIPlugin
2023-10-26 13:32:45,402 [INFO] PluginManager:220 - loadIPPluginJar : add usart
2023-10-26 13:32:45,442 [INFO] IPUIPlugin:80 - create IPUIPlugin
2023-10-26 13:32:45,442 [INFO] PluginManager:220 - loadIPPluginJar : add usbx
2023-10-26 13:32:45,572 [INFO] CADModel:165 - CPN selected for project level
2023-10-26 13:32:45,572 [INFO] CADModel:114 - Register for checkConnection events
2023-10-26 13:32:45,572 [FATAL] Updater:308 - Updater called before beeing initialized
2023-10-26 13:32:45,572 [ERROR] CADModel:125 - Updater not yet initialized, retry later 
2023-10-26 13:32:45,729 [INFO] CADModel:165 - CPN selected for project level
2023-10-26 13:32:45,730 [INFO] CADModel:114 - Register for checkConnection events
2023-10-26 13:32:45,730 [FATAL] Updater:308 - Updater called before beeing initialized
2023-10-26 13:32:45,730 [ERROR] CADModel:125 - Updater not yet initialized, retry later 
2023-10-26 13:32:45,733 [FATAL] Updater:308 - Updater called before beeing initialized
2023-10-26 13:32:45,792 [INFO] ThirdPartyUpdaterWithRetryManager:70 - Updater plugin not ready yet. [2/15]
2023-10-26 13:32:45,864 [FATAL] Updater:308 - Updater called before beeing initialized
2023-10-26 13:32:45,876 [INFO] DbMcusAds:53 - JSON generation date=Tue Mar 07 11:50:55 TRT 2023 (1678179055114)
2023-10-26 13:32:45,877 [FATAL] Updater:308 - Updater called before beeing initialized
2023-10-26 13:32:45,967 [WARN] DetailPanel:346 - Failed to get advertising image, set to default
2023-10-26 13:32:46,104 [FATAL] Updater:308 - Updater called before beeing initialized
2023-10-26 13:32:46,106 [FATAL] Updater:308 - Updater called before beeing initialized
2023-10-26 13:32:46,106 [FATAL] Updater:308 - Updater called before beeing initialized
2023-10-26 13:32:46,106 [WARN] DetailPanel:346 - Failed to get advertising image, set to default
2023-10-26 13:32:46,107 [FATAL] Updater:308 - Updater called before beeing initialized
2023-10-26 13:32:46,183 [ERROR] Updater:1120 - MainUpdater not yet initialized. External WinMGr cannot be set.
2023-10-26 13:32:46,194 [INFO] Updater:1056 - Updater Version found : 6.9.2
2023-10-26 13:32:46,214 [INFO] ApplicationProperties:184 - Using Application install path: C:\ST\STM32CubeIDE_1.13.2\STM32CubeIDE\plugins\com.st.stm32cube.common.mx_6.9.2.202309101412
2023-10-26 13:32:46,420 [INFO] MainUpdater:2868 - connection check result : 10
2023-10-26 13:32:46,421 [INFO] MainUpdater:285 - Updater Check For Update Now.
2023-10-26 13:32:46,422 [INFO] MicroXplorer:498 - Change Database Version : DB.6.0.92
2023-10-26 13:32:46,441 [INFO] McuFinderGlobals:63 - Set McuFinder mode to 2 (CubeIDE integrated)
2023-10-26 13:32:46,441 [INFO] UserAuth:179 - activating auth plugin
2023-10-26 13:32:46,445 [INFO] UserAuth:393 - Internet connection configuration mode: 1
2023-10-26 13:32:46,486 [INFO] JxBrowserEngine:151 - Initiate JxBrowser Engine with user profile folder
2023-10-26 13:32:46,666 [INFO] CheckServerUpdateThread:120 - End of CheckServer Thread
2023-10-26 13:32:49,122 [WARN] PackLoader:240 - Cannot read IP mode file for STMicroelectronics.X-CUBE-SMBUS.2.1.0
2023-10-26 13:32:49,277 [WARN] PackLoader:240 - Cannot read IP mode file for STMicroelectronics.X-CUBE-AZRTOS-F7.1.1.0
2023-10-26 13:32:49,314 [WARN] PackLoader:240 - Cannot read IP mode file for STMicroelectronics.FP-SNS-MOTENV1.4.3.2
2023-10-26 13:32:49,341 [WARN] PackLoader:240 - Cannot read IP mode file for STMicroelectronics.FP-SNS-FLIGHT1.5.0.2
2023-10-26 13:32:49,370 [WARN] PackLoader:240 - Cannot read IP mode file for STMicroelectronics.X-CUBE-DISPLAY.3.0.0
2023-10-26 13:32:49,392 [INFO] WebApp:157 - Instantiating new browser for Auth
2023-10-26 13:32:49,408 [WARN] PackLoader:240 - Cannot read IP mode file for STMicroelectronics.X-CUBE-BLE1.7.0.0
2023-10-26 13:32:49,445 [WARN] PackLoader:240 - Cannot read IP mode file for emotas.I-CUBE-CANOPEN.1.3.0
2023-10-26 13:32:49,495 [INFO] LogOutputStream:77 - [STDOUT_REDIRECT] 1 : Invalid condition id : UX_CORESTACK_Condition cause : null
2023-10-26 13:32:49,497 [INFO] LogOutputStream:77 - [STDOUT_REDIRECT] 1 : Invalid condition id : UX_CORESTACK_Condition cause : null
2023-10-26 13:32:49,504 [INFO] LogOutputStream:77 - [STDOUT_REDIRECT] 1 : Invalid condition id : UX_CORESTACK_Condition cause : null
2023-10-26 13:32:49,508 [INFO] LogOutputStream:77 - [STDOUT_REDIRECT] 1 : Invalid condition id : UX_CORESTACK_Condition cause : null
2023-10-26 13:32:49,512 [INFO] LogOutputStream:77 - [STDOUT_REDIRECT] 1 : Invalid condition id : UX_CORESTACK_Condition cause : null
2023-10-26 13:32:49,521 [WARN] PackLoader:240 - Cannot read IP mode file for STMicroelectronics.X-CUBE-AZRTOS-WL.2.0.0
2023-10-26 13:32:49,559 [WARN] PackLoader:240 - Cannot read IP mode file for WES.I-CUBE-Cesium.1.3.0
2023-10-26 13:32:49,584 [WARN] PackLoader:240 - Cannot read IP mode file for STMicroelectronics.X-CUBE-BLE2.3.3.0
2023-10-26 13:32:49,618 [WARN] PackLoader:240 - Cannot read IP mode file for STMicroelectronics.X-CUBE-ALGOBUILD.1.3.0
2023-10-26 13:32:49,677 [WARN] PackLoader:240 - Cannot read IP mode file for STMicroelectronics.X-CUBE-AZRTOS-G0.1.1.0
2023-10-26 13:32:49,712 [WARN] PackLoader:240 - Cannot read IP mode file for STMicroelectronics.X-CUBE-NFC4.3.0.0
2023-10-26 13:32:49,740 [WARN] PackLoader:240 - Cannot read IP mode file for STMicroelectronics.FP-ATR-SIGFOX1.3.2.0
2023-10-26 13:32:49,833 [WARN] PackLoader:240 - Cannot read IP mode file for SEGGER.I-CUBE-embOS.1.3.1
2023-10-26 13:32:49,944 [WARN] PackLoader:240 - Cannot read IP mode file for STMicroelectronics.X-CUBE-GNSS1.6.0.0
2023-10-26 13:32:49,990 [WARN] PackLoader:240 - Cannot read IP mode file for STMicroelectronics.X-CUBE-AZRTOS-F4.1.1.0
2023-10-26 13:32:50,050 [WARN] PackLoader:240 - Cannot read IP mode file for STMicroelectronics.X-CUBE-AZRTOS-L5.2.0.0
2023-10-26 13:32:50,151 [WARN] PackLoader:240 - Cannot read IP mode file for STMicroelectronics.X-CUBE-MEMS1.9.6.0
2023-10-26 13:32:50,522 [WARN] PackLoader:240 - Cannot read IP mode file for STMicroelectronics.X-CUBE-EEPRMA1.4.2.0
2023-10-26 13:32:50,545 [WARN] PackLoader:240 - Cannot read IP mode file for ITTIA_DB.I-CUBE-ITTIADB.8.8.0
2023-10-26 13:32:50,567 [WARN] PackLoader:240 - Cannot read IP mode file for STMicroelectronics.X-CUBE-BLEMGR.2.0.0
2023-10-26 13:32:50,620 [WARN] ConditionMgr:438 - getConditionDescription Invalid condition id : UX DEVICE CLASS RTOS Condition cause : null
2023-10-26 13:32:50,620 [WARN] ConditionMgr:438 - getConditionDescription Invalid condition id : UX DEVICE CLASS RTOS Condition cause : null
2023-10-26 13:32:50,626 [WARN] PackLoader:240 - Cannot read IP mode file for STMicroelectronics.X-CUBE-AZRTOS-H7.3.1.0
2023-10-26 13:32:50,628 [WARN] ConditionMgr:1039 - genDependencies : Invalid condition id : UX DEVICE CLASS RTOS Condition cause : null
2023-10-26 13:32:50,628 [WARN] ConditionMgr:1039 - genDependencies : Invalid condition id : UX DEVICE CLASS RTOS Condition cause : null
2023-10-26 13:32:50,629 [WARN] ConditionMgr:1039 - genDependencies : Invalid condition id : UX DEVICE CLASS RTOS Condition cause : null
2023-10-26 13:32:50,630 [WARN] ConditionMgr:1039 - genDependencies : Invalid condition id : UX DEVICE CLASS RTOS Condition cause : null
2023-10-26 13:32:50,630 [WARN] ConditionMgr:1039 - genDependencies : Invalid condition id : UX DEVICE CLASS RTOS Condition cause : null
2023-10-26 13:32:50,653 [WARN] PackLoader:240 - Cannot read IP mode file for STMicroelectronics.X-CUBE-NFC7.1.0.1
2023-10-26 13:32:50,674 [WARN] PackLoader:240 - Cannot read IP mode file for STMicroelectronics.X-CUBE-EEPRMA1.4.1.0
2023-10-26 13:32:50,694 [WARN] PackLoader:240 - Cannot read IP mode file for STMicroelectronics.X-CUBE-AI.8.1.0
2023-10-26 13:32:50,745 [WARN] ConditionMgr:438 - getConditionDescription Invalid condition id : LAN8742 Phy interface Condition cause : null
2023-10-26 13:32:50,746 [WARN] PackLoader:240 - Cannot read IP mode file for STMicroelectronics.X-CUBE-AZRTOS-L4.2.0.0
2023-10-26 13:32:50,748 [WARN] ConditionMgr:1039 - genDependencies : Invalid condition id : LAN8742 Phy interface Condition cause : null
2023-10-26 13:32:50,749 [WARN] ConditionMgr:1039 - genDependencies : Invalid condition id : LAN8742 Phy interface Condition cause : null
2023-10-26 13:32:50,750 [WARN] ConditionMgr:1039 - genDependencies : Invalid condition id : LAN8742 Phy interface Condition cause : null
2023-10-26 13:32:50,769 [INFO] WebApp:753 - Register for checkConnection events
2023-10-26 13:32:50,769 [INFO] WebApp:390 - Apply proxy settings
2023-10-26 13:32:50,770 [INFO] WebApp:475 - Chromium requires no authentication
2023-10-26 13:32:50,776 [WARN] PackLoader:240 - Cannot read IP mode file for STMicroelectronics.X-CUBE-SFXS2LP1.4.0.0
2023-10-26 13:32:50,785 [INFO] WebApp:418 - Direct internet connection detected
2023-10-26 13:32:50,799 [WARN] PackLoader:240 - Cannot read IP mode file for STMicroelectronics.X-CUBE-ISPU.1.1.0
2023-10-26 13:32:50,837 [WARN] ConditionMgr:438 - getConditionDescription Invalid condition id : UX DEVICE CLASS RTOS Condition cause : null
2023-10-26 13:32:50,838 [WARN] ConditionMgr:438 - getConditionDescription Invalid condition id : UX DEVICE CLASS RTOS Condition cause : null
2023-10-26 13:32:50,842 [WARN] PackLoader:240 - Cannot read IP mode file for STMicroelectronics.X-CUBE-AZRTOS-WB.2.0.0
2023-10-26 13:32:50,843 [WARN] ConditionMgr:1039 - genDependencies : Invalid condition id : UX DEVICE CLASS RTOS Condition cause : null
2023-10-26 13:32:50,844 [WARN] ConditionMgr:1039 - genDependencies : Invalid condition id : UX DEVICE CLASS RTOS Condition cause : null
2023-10-26 13:32:50,845 [WARN] ConditionMgr:1039 - genDependencies : Invalid condition id : UX DEVICE CLASS RTOS Condition cause : null
2023-10-26 13:32:50,845 [WARN] ConditionMgr:1039 - genDependencies : Invalid condition id : UX DEVICE CLASS RTOS Condition cause : null
2023-10-26 13:32:50,845 [WARN] ConditionMgr:1039 - genDependencies : Invalid condition id : UX DEVICE CLASS RTOS Condition cause : null
2023-10-26 13:32:50,878 [WARN] PackLoader:240 - Cannot read IP mode file for STMicroelectronics.X-CUBE-SUBG2.5.0.0
2023-10-26 13:32:50,921 [WARN] PackLoader:240 - Cannot read IP mode file for STMicroelectronics.X-CUBE-TOF1.3.3.1
2023-10-26 13:32:50,979 [WARN] PackLoader:240 - Cannot read IP mode file for STMicroelectronics.X-CUBE-AZRTOS-G4.2.0.0
2023-10-26 13:32:51,012 [WARN] PackLoader:240 - Cannot read IP mode file for Infineon.AIROC-Wi-Fi-Bluetooth-STM32.1.5.1
2023-10-26 13:32:51,086 [WARN] PackLoader:240 - Cannot read IP mode file for STMicroelectronics.X-CUBE-MEMS1.10.0.0
2023-10-26 13:32:51,200 [INFO] WebApp:188 - Starting web application
2023-10-26 13:32:51,201 [INFO] WebApp:520 - Web application path used C:\ST\STM32CubeIDE_1.13.2\STM32CubeIDE\plugins\com.st.stm32cube.common.mx_6.9.2.202309101412\db\plugins\mcufinder\reactClient1\index.html
2023-10-26 13:32:51,292 [WARN] PackLoader:240 - Cannot read IP mode file for STMicroelectronics.X-CUBE-FREERTOS.1.1.0
2023-10-26 13:32:51,319 [WARN] PackLoader:240 - Cannot read IP mode file for portGmbH.I-Cube-SoM-uGOAL.1.1.0
2023-10-26 13:32:51,348 [WARN] PackLoader:240 - Cannot read IP mode file for STMicroelectronics.X-CUBE-ALS.1.0.1
2023-10-26 13:32:51,367 [WARN] PackLoader:240 - Cannot read IP mode file for STMicroelectronics.FP-ATR-ASTRA1.2.0.0
2023-10-26 13:32:51,369 [INFO] ThirdParty:978 - Integrity check success = true
2023-10-26 13:32:51,369 [INFO] IntegrityCheckThread:100 - exiting critical section [integrity check]
2023-10-26 13:32:51,369 [INFO] IntegrityCheckThread:103 - End integrity checks thread
2023-10-26 13:33:12,303 [ERROR] LogOutputStream:75 - [STDERR_REDIRECT] SLF4J: Failed to load class "org.slf4j.impl.StaticLoggerBinder".
2023-10-26 13:33:12,304 [ERROR] LogOutputStream:75 - [STDERR_REDIRECT] SLF4J: Defaulting to no-operation (NOP) logger implementation
2023-10-26 13:33:12,307 [ERROR] LogOutputStream:75 - [STDERR_REDIRECT] SLF4J: See http://www.slf4j.org/codes.html#StaticLoggerBinder for further details.
2023-10-26 15:04:45,675 [ERROR] LogOutputStream:75 - [STDERR_REDIRECT] 
2023-10-26 15:04:56,557 [INFO] Activator:176 - 


2023-10-26 15:04:56,559 [INFO] Activator:177 - !SESSION log4j initialized
2023-10-26 15:05:02,102 [INFO] LogOutputStream:77 - [STDOUT_REDIRECT] 
2023-10-26 15:05:04,014 [INFO] ApplicationProperties:184 - Using Application install path: C:\ST\STM32CubeIDE_1.13.2\STM32CubeIDE\plugins\com.st.stm32cube.common.mx_6.9.2.202309101412
2023-10-26 15:05:04,050 [INFO] DbMcusXml:78 - Set database path to: C:\ST\STM32CubeIDE_1.13.2\STM32CubeIDE\plugins\com.st.stm32cube.common.mx_6.9.2.202309101412\\db\/mcu/
2023-10-26 15:05:04,051 [INFO] ApiDb:274 - Set plugin database path to: C:\ST\STM32CubeIDE_1.13.2\STM32CubeIDE\plugins\com.st.stm32cube.common.mx_6.9.2.202309101412\\db\/plugins/boardmanager/
2023-10-26 15:05:04,052 [WARN] ApiDb:259 - Overriding images path with different value:  => C:\ST\STM32CubeIDE_1.13.2\STM32CubeIDE\plugins\com.st.stm32cube.common.mx_6.9.2.202309101412\\db\/plugins/mcufinder/images/
2023-10-26 15:05:04,071 [INFO] ApiDb:250 - Set database path to: C:\Users\E-AY\.stmcufinder\plugins\mcufinder//mcu/
2023-10-26 15:05:04,074 [INFO] DbMcusAds:125 - Set database path to: C:\Users\E-AY\.stmcufinder\plugins\mcufinder//mcu/
2023-10-26 15:05:04,079 [INFO] CrossReferenceDbSqlite:203 - Set database path to: C:\Users\E-AY\.stmcufinder\plugins\mcufinder//mcu/cs/
2023-10-26 15:05:04,303 [INFO] RulesReader:64 - Compatibility file has been processed (293 Rules)
2023-10-26 15:05:04,485 [INFO] DbMcusXml:78 - Set database path to: C:\ST\STM32CubeIDE_1.13.2\STM32CubeIDE\plugins\com.st.stm32cube.common.mx_6.9.2.202309101412\\db\/mcu/
2023-10-26 15:05:04,485 [INFO] ApiDb:274 - Set plugin database path to: C:\ST\STM32CubeIDE_1.13.2\STM32CubeIDE\plugins\com.st.stm32cube.common.mx_6.9.2.202309101412\\db\/plugins/boardmanager/
2023-10-26 15:05:04,485 [INFO] ApiDb:261 - Set plugin images path to: C:\ST\STM32CubeIDE_1.13.2\STM32CubeIDE\plugins\com.st.stm32cube.common.mx_6.9.2.202309101412\\db\/plugins/mcufinder/images/
2023-10-26 15:05:04,486 [WARN] DbFile:41 - Overriding database path with different value: C:\Users\E-AY\.stmcufinder\plugins\mcufinder/ => C:\Users\E-AY\.stmcufinder\plugins\mcufinder
2023-10-26 15:05:04,486 [INFO] ApiDb:250 - Set database path to: C:\Users\E-AY\.stmcufinder\plugins\mcufinder//mcu/
2023-10-26 15:05:04,486 [WARN] DbFile:41 - Overriding database path with different value: C:\Users\E-AY\.stmcufinder\plugins\mcufinder/ => C:\Users\E-AY\.stmcufinder\plugins\mcufinder
2023-10-26 15:05:04,487 [INFO] DbMcusAds:125 - Set database path to: C:\Users\E-AY\.stmcufinder\plugins\mcufinder//mcu/
2023-10-26 15:05:04,487 [WARN] DbFile:41 - Overriding database path with different value: C:\Users\E-AY\.stmcufinder\plugins\mcufinder/ => C:\Users\E-AY\.stmcufinder\plugins\mcufinder
2023-10-26 15:05:04,487 [WARN] DbFile:41 - Overriding database path with different value: C:\Users\E-AY\.stmcufinder\plugins\mcufinder/ => C:\Users\E-AY\.stmcufinder\plugins\mcufinder
2023-10-26 15:05:04,487 [INFO] CrossReferenceDbSqlite:203 - Set database path to: C:\Users\E-AY\.stmcufinder\plugins\mcufinder//mcu/cs/
2023-10-26 15:05:04,647 [INFO] MainPanel:262 - HeapMemory: 268435456
2023-10-26 15:05:04,802 [INFO] DbMcusXml:78 - Set database path to: C:\ST\STM32CubeIDE_1.13.2\STM32CubeIDE\plugins\com.st.stm32cube.common.mx_6.9.2.202309101412\\db\/mcu/
2023-10-26 15:05:04,803 [INFO] ApiDb:274 - Set plugin database path to: C:\ST\STM32CubeIDE_1.13.2\STM32CubeIDE\plugins\com.st.stm32cube.common.mx_6.9.2.202309101412\\db\/plugins/boardmanager/
2023-10-26 15:05:04,803 [INFO] ApiDb:261 - Set plugin images path to: C:\ST\STM32CubeIDE_1.13.2\STM32CubeIDE\plugins\com.st.stm32cube.common.mx_6.9.2.202309101412\\db\/plugins/mcufinder/images/
2023-10-26 15:05:04,804 [WARN] DbFile:41 - Overriding database path with different value: C:\Users\E-AY\.stmcufinder\plugins\mcufinder/ => C:\Users\E-AY\.stmcufinder\plugins\mcufinder
2023-10-26 15:05:04,804 [INFO] ApiDb:250 - Set database path to: C:\Users\E-AY\.stmcufinder\plugins\mcufinder//mcu/
2023-10-26 15:05:04,804 [WARN] DbFile:41 - Overriding database path with different value: C:\Users\E-AY\.stmcufinder\plugins\mcufinder/ => C:\Users\E-AY\.stmcufinder\plugins\mcufinder
2023-10-26 15:05:04,805 [INFO] DbMcusAds:125 - Set database path to: C:\Users\E-AY\.stmcufinder\plugins\mcufinder//mcu/
2023-10-26 15:05:04,805 [WARN] DbFile:41 - Overriding database path with different value: C:\Users\E-AY\.stmcufinder\plugins\mcufinder/ => C:\Users\E-AY\.stmcufinder\plugins\mcufinder
2023-10-26 15:05:04,805 [WARN] DbFile:41 - Overriding database path with different value: C:\Users\E-AY\.stmcufinder\plugins\mcufinder/ => C:\Users\E-AY\.stmcufinder\plugins\mcufinder
2023-10-26 15:05:04,805 [INFO] CrossReferenceDbSqlite:203 - Set database path to: C:\Users\E-AY\.stmcufinder\plugins\mcufinder//mcu/cs/
2023-10-26 15:05:04,829 [INFO] ApplicationProperties:184 - Using Application install path: C:\ST\STM32CubeIDE_1.13.2\STM32CubeIDE\plugins\com.st.stm32cube.common.mx_6.9.2.202309101412
2023-10-26 15:05:04,831 [INFO] PluginManage:196 - Search for loadable plugins [exclusion list=, ]
2023-10-26 15:05:04,833 [INFO] PluginManage:310 - Check plugin analytics
2023-10-26 15:05:05,101 [INFO] AnalyticsPlugin:253 - Accepted Software Licenses: 
2023-10-26 15:05:05,101 [INFO] AnalyticsPlugin:255 - Accepted CMSIS Pack Licenses: 
2023-10-26 15:05:05,102 [INFO] AnalyticsPlugin:257 - Accepted Firmware Licenses: 
2023-10-26 15:05:05,105 [INFO] PluginManage:359 - Loaded plugin analytics (category:tool,tabindex:-1)
2023-10-26 15:05:05,107 [INFO] PluginManage:310 - Check plugin cadmodel
2023-10-26 15:05:05,113 [INFO] CADModel:105 - Init CAD model plugin
2023-10-26 15:05:05,114 [INFO] PluginManage:359 - Loaded plugin cadmodel (category:power,tabindex:5)
2023-10-26 15:05:05,114 [INFO] PluginManage:310 - Check plugin clock
2023-10-26 15:05:05,124 [INFO] PluginManage:359 - Loaded plugin clock (category:base,tabindex:2)
2023-10-26 15:05:05,125 [INFO] PluginManage:310 - Check plugin ddr
2023-10-26 15:05:05,128 [INFO] PluginManage:359 - Loaded plugin ddr (category:tool,tabindex:6)
2023-10-26 15:05:05,128 [INFO] PluginManage:310 - Check plugin filemanager
2023-10-26 15:05:05,320 [INFO] PluginManage:359 - Loaded plugin filemanager (category:base,tabindex:10)
2023-10-26 15:05:05,320 [INFO] PluginManage:310 - Check plugin ipmanager
2023-10-26 15:05:05,332 [INFO] PluginManage:359 - Loaded plugin ipmanager (category:base,tabindex:5)
2023-10-26 15:05:05,333 [INFO] PluginManage:310 - Check plugin lpbam
2023-10-26 15:05:05,346 [INFO] PluginManage:359 - Loaded plugin lpbam (category:base,tabindex:0)
2023-10-26 15:05:05,346 [INFO] PluginManage:310 - Check plugin memorymap
2023-10-26 15:05:05,371 [INFO] PluginManage:359 - Loaded plugin memorymap (category:base,tabindex:4)
2023-10-26 15:05:05,371 [INFO] PluginManage:310 - Check plugin pinoutandconfiguration
2023-10-26 15:05:05,385 [INFO] PluginManage:359 - Loaded plugin pinoutandconfiguration (category:base,tabindex:1)
2023-10-26 15:05:05,386 [INFO] PluginManage:310 - Check plugin pinoutconfig
2023-10-26 15:05:05,542 [WARN] SupportedApi:132 - Cannot load RTOS API schema: s4s-elt-must-match.1: The content of 'definitions' must match (annotation?, (simpleType | complexType)?, (unique | key | keyref)*)). A problem was found starting at: attribute.
2023-10-26 15:05:05,773 [INFO] PluginManage:359 - Loaded plugin pinoutconfig (category:base,tabindex:0)
2023-10-26 15:05:05,773 [INFO] PluginManage:310 - Check plugin power
2023-10-26 15:05:05,789 [INFO] PluginManage:359 - Loaded plugin power (category:power,tabindex:4)
2023-10-26 15:05:05,789 [INFO] PluginManage:310 - Check plugin projectmanager
2023-10-26 15:05:05,812 [INFO] PluginManage:359 - Loaded plugin projectmanager (category:projectmanager,tabindex:3)
2023-10-26 15:05:05,812 [INFO] PluginManage:310 - Check plugin thirdparty
2023-10-26 15:05:05,999 [INFO] PluginManage:359 - Loaded plugin thirdparty (category:base,tabindex:-1)
2023-10-26 15:05:05,999 [WARN] IntegrityCheckThread:84 - waiting for thirdparty lock release [integrity check]
2023-10-26 15:05:05,999 [INFO] IntegrityCheckThread:86 - entering critical section [integrity check]
2023-10-26 15:05:05,999 [INFO] PluginManage:310 - Check plugin tools
2023-10-26 15:05:06,000 [INFO] ThirdPartyUpdaterWithRetryManager:70 - Updater plugin not ready yet. [1/15]
2023-10-26 15:05:06,003 [INFO] PluginManage:359 - Loaded plugin tools (category:base,tabindex:7)
2023-10-26 15:05:06,003 [INFO] PluginManage:310 - Check plugin tutovideos
2023-10-26 15:05:06,221 [INFO] PluginManage:359 - Loaded plugin tutovideos (category:base,tabindex:-1)
2023-10-26 15:05:06,222 [INFO] PluginManage:310 - Check plugin updater
2023-10-26 15:05:06,235 [INFO] PluginManage:359 - Loaded plugin updater (category:base,tabindex:12)
2023-10-26 15:05:06,235 [INFO] PluginManage:310 - Check plugin userauth
2023-10-26 15:05:06,240 [INFO] UserAuth:113 - Init User Auth plugin
2023-10-26 15:05:06,240 [INFO] PluginManage:359 - Loaded plugin userauth (category:base,tabindex:14)
2023-10-26 15:05:06,241 [INFO] PluginManage:283 - PluginManage : Loaded plugins [17]
2023-10-26 15:05:06,505 [INFO] PinOutPanel:1499 - setPackage(No Configuration,No Configuration)
2023-10-26 15:05:06,639 [INFO] CADModel:165 - CPN selected for project level
2023-10-26 15:05:06,640 [INFO] CADModel:114 - Register for checkConnection events
2023-10-26 15:05:06,658 [INFO] IPUIPlugin:80 - create IPUIPlugin
2023-10-26 15:05:06,658 [INFO] PluginManager:220 - loadIPPluginJar : add adc
2023-10-26 15:05:06,661 [INFO] IPUIPlugin:80 - create IPUIPlugin
2023-10-26 15:05:06,661 [INFO] PluginManager:220 - loadIPPluginJar : add aes
2023-10-26 15:05:06,664 [INFO] IPUIPlugin:80 - create IPUIPlugin
2023-10-26 15:05:06,664 [INFO] PluginManager:220 - loadIPPluginJar : add can
2023-10-26 15:05:06,665 [INFO] IPUIPlugin:80 - create IPUIPlugin
2023-10-26 15:05:06,666 [INFO] PluginManager:220 - loadIPPluginJar : add comp
2023-10-26 15:05:06,668 [INFO] IPUIPlugin:80 - create IPUIPlugin
2023-10-26 15:05:06,668 [INFO] PluginManager:220 - loadIPPluginJar : add cryp
2023-10-26 15:05:06,671 [INFO] IPUIPlugin:80 - create IPUIPlugin
2023-10-26 15:05:06,671 [INFO] PluginManager:220 - loadIPPluginJar : add dfsdm
2023-10-26 15:05:06,676 [INFO] IPUIPlugin:80 - create IPUIPlugin
2023-10-26 15:05:06,677 [INFO] PluginManager:220 - loadIPPluginJar : add dma
2023-10-26 15:05:06,680 [INFO] IPUIPlugin:80 - create IPUIPlugin
2023-10-26 15:05:06,680 [INFO] PluginManager:220 - loadIPPluginJar : add dma3
2023-10-26 15:05:06,682 [INFO] IPUIPlugin:80 - create IPUIPlugin
2023-10-26 15:05:06,682 [INFO] PluginManager:220 - loadIPPluginJar : add fatfs
2023-10-26 15:05:06,687 [INFO] IPUIPlugin:80 - create IPUIPlugin
2023-10-26 15:05:06,687 [INFO] PluginManager:220 - loadIPPluginJar : add fmc
2023-10-26 15:05:06,692 [INFO] IPUIPlugin:80 - create IPUIPlugin
2023-10-26 15:05:06,693 [INFO] PluginManager:220 - loadIPPluginJar : add freertos
2023-10-26 15:05:06,694 [INFO] IPUIPlugin:80 - create IPUIPlugin
2023-10-26 15:05:06,695 [INFO] PluginManager:220 - loadIPPluginJar : add genericplugin
2023-10-26 15:05:06,696 [INFO] IPUIPlugin:80 - create IPUIPlugin
2023-10-26 15:05:06,696 [INFO] PluginManager:220 - loadIPPluginJar : add gfxmmu
2023-10-26 15:05:06,701 [INFO] IPUIPlugin:80 - create IPUIPlugin
2023-10-26 15:05:06,701 [INFO] PluginManager:220 - loadIPPluginJar : add gic
2023-10-26 15:05:06,705 [INFO] IPUIPlugin:80 - create IPUIPlugin
2023-10-26 15:05:06,705 [INFO] PluginManager:220 - loadIPPluginJar : add gpio
2023-10-26 15:05:06,707 [INFO] IPUIPlugin:80 - create IPUIPlugin
2023-10-26 15:05:06,707 [INFO] PluginManager:220 - loadIPPluginJar : add gtzc
2023-10-26 15:05:06,709 [INFO] IPUIPlugin:80 - create IPUIPlugin
2023-10-26 15:05:06,709 [INFO] PluginManager:220 - loadIPPluginJar : add hash
2023-10-26 15:05:06,712 [INFO] IPUIPlugin:80 - create IPUIPlugin
2023-10-26 15:05:06,712 [INFO] PluginManager:220 - loadIPPluginJar : add i2c
2023-10-26 15:05:06,713 [INFO] IPUIPlugin:80 - create IPUIPlugin
2023-10-26 15:05:06,714 [INFO] PluginManager:220 - loadIPPluginJar : add i2s
2023-10-26 15:05:06,717 [INFO] IPUIPlugin:80 - create IPUIPlugin
2023-10-26 15:05:06,717 [INFO] PluginManager:220 - loadIPPluginJar : add i3c
2023-10-26 15:05:06,719 [INFO] IPUIPlugin:80 - create IPUIPlugin
2023-10-26 15:05:06,719 [INFO] PluginManager:220 - loadIPPluginJar : add ipddr
2023-10-26 15:05:06,725 [INFO] IPUIPlugin:80 - create IPUIPlugin
2023-10-26 15:05:06,726 [INFO] PluginManager:220 - loadIPPluginJar : add linkedlist
2023-10-26 15:05:06,728 [INFO] IPUIPlugin:80 - create IPUIPlugin
2023-10-26 15:05:06,728 [INFO] PluginManager:220 - loadIPPluginJar : add lorawan
2023-10-26 15:05:06,729 [INFO] IPUIPlugin:80 - create IPUIPlugin
2023-10-26 15:05:06,729 [INFO] PluginManager:220 - loadIPPluginJar : add ltdc
2023-10-26 15:05:06,734 [INFO] IPUIPlugin:80 - create IPUIPlugin
2023-10-26 15:05:06,734 [INFO] PluginManager:220 - loadIPPluginJar : add mdma
2023-10-26 15:05:06,737 [INFO] IPUIPlugin:80 - create IPUIPlugin
2023-10-26 15:05:06,737 [INFO] PluginManager:220 - loadIPPluginJar : add nvic
2023-10-26 15:05:06,740 [INFO] IPUIPlugin:80 - create IPUIPlugin
2023-10-26 15:05:06,740 [INFO] PluginManager:220 - loadIPPluginJar : add opamp
2023-10-26 15:05:06,742 [INFO] IPUIPlugin:80 - create IPUIPlugin
2023-10-26 15:05:06,742 [INFO] PluginManager:220 - loadIPPluginJar : add openamp
2023-10-26 15:05:06,744 [INFO] IPUIPlugin:80 - create IPUIPlugin
2023-10-26 15:05:06,745 [INFO] PluginManager:220 - loadIPPluginJar : add pdm2pcm
2023-10-26 15:05:06,750 [INFO] IPUIPlugin:80 - create IPUIPlugin
2023-10-26 15:05:06,752 [INFO] PluginManager:220 - loadIPPluginJar : add plateformsettings
2023-10-26 15:05:06,755 [INFO] IPUIPlugin:80 - create IPUIPlugin
2023-10-26 15:05:06,755 [INFO] PluginManager:220 - loadIPPluginJar : add quadspi
2023-10-26 15:05:06,758 [INFO] IPUIPlugin:80 - create IPUIPlugin
2023-10-26 15:05:06,758 [INFO] PluginManager:220 - loadIPPluginJar : add resmgrutility
2023-10-26 15:05:06,760 [INFO] IPUIPlugin:80 - create IPUIPlugin
2023-10-26 15:05:06,760 [INFO] PluginManager:220 - loadIPPluginJar : add sai
2023-10-26 15:05:06,763 [INFO] IPUIPlugin:80 - create IPUIPlugin
2023-10-26 15:05:06,763 [INFO] PluginManager:220 - loadIPPluginJar : add spi
2023-10-26 15:05:06,767 [INFO] IPUIPlugin:80 - create IPUIPlugin
2023-10-26 15:05:06,767 [INFO] PluginManager:220 - loadIPPluginJar : add stm32_wpan
2023-10-26 15:05:06,768 [INFO] IPUIPlugin:80 - create IPUIPlugin
2023-10-26 15:05:06,768 [INFO] PluginManager:220 - loadIPPluginJar : add tim
2023-10-26 15:05:06,771 [INFO] IPUIPlugin:80 - create IPUIPlugin
2023-10-26 15:05:06,771 [INFO] PluginManager:220 - loadIPPluginJar : add touchsensing
2023-10-26 15:05:06,773 [INFO] IPUIPlugin:80 - create IPUIPlugin
2023-10-26 15:05:06,773 [INFO] PluginManager:220 - loadIPPluginJar : add tracer_emb
2023-10-26 15:05:06,775 [INFO] IPUIPlugin:80 - create IPUIPlugin
2023-10-26 15:05:06,775 [INFO] PluginManager:220 - loadIPPluginJar : add ts
2023-10-26 15:05:06,777 [INFO] IPUIPlugin:80 - create IPUIPlugin
2023-10-26 15:05:06,777 [INFO] PluginManager:220 - loadIPPluginJar : add tsc
2023-10-26 15:05:06,780 [INFO] IPUIPlugin:80 - create IPUIPlugin
2023-10-26 15:05:06,780 [INFO] PluginManager:220 - loadIPPluginJar : add ucpd
2023-10-26 15:05:06,783 [INFO] IPUIPlugin:80 - create IPUIPlugin
2023-10-26 15:05:06,783 [INFO] PluginManager:220 - loadIPPluginJar : add usart
2023-10-26 15:05:06,785 [INFO] IPUIPlugin:80 - create IPUIPlugin
2023-10-26 15:05:06,785 [INFO] PluginManager:220 - loadIPPluginJar : add usbx
2023-10-26 15:05:06,908 [INFO] CADModel:165 - CPN selected for project level
2023-10-26 15:05:06,909 [INFO] CADModel:114 - Register for checkConnection events
2023-10-26 15:05:06,909 [FATAL] Updater:308 - Updater called before beeing initialized
2023-10-26 15:05:06,909 [ERROR] CADModel:125 - Updater not yet initialized, retry later 
2023-10-26 15:05:07,050 [INFO] CADModel:165 - CPN selected for project level
2023-10-26 15:05:07,050 [INFO] CADModel:114 - Register for checkConnection events
2023-10-26 15:05:07,050 [FATAL] Updater:308 - Updater called before beeing initialized
2023-10-26 15:05:07,050 [ERROR] CADModel:125 - Updater not yet initialized, retry later 
2023-10-26 15:05:07,053 [FATAL] Updater:308 - Updater called before beeing initialized
2023-10-26 15:05:07,168 [FATAL] Updater:308 - Updater called before beeing initialized
2023-10-26 15:05:07,175 [INFO] DbMcusAds:53 - JSON generation date=Tue Mar 07 11:50:55 TRT 2023 (1678179055114)
2023-10-26 15:05:07,176 [FATAL] Updater:308 - Updater called before beeing initialized
2023-10-26 15:05:07,224 [WARN] DetailPanel:346 - Failed to get advertising image, set to default
2023-10-26 15:05:07,361 [FATAL] Updater:308 - Updater called before beeing initialized
2023-10-26 15:05:07,364 [FATAL] Updater:308 - Updater called before beeing initialized
2023-10-26 15:05:07,364 [FATAL] Updater:308 - Updater called before beeing initialized
2023-10-26 15:05:07,364 [WARN] DetailPanel:346 - Failed to get advertising image, set to default
2023-10-26 15:05:07,365 [FATAL] Updater:308 - Updater called before beeing initialized
2023-10-26 15:05:07,459 [ERROR] Updater:1120 - MainUpdater not yet initialized. External WinMGr cannot be set.
2023-10-26 15:05:07,466 [INFO] Updater:1056 - Updater Version found : 6.9.2
2023-10-26 15:05:07,503 [INFO] ApplicationProperties:184 - Using Application install path: C:\ST\STM32CubeIDE_1.13.2\STM32CubeIDE\plugins\com.st.stm32cube.common.mx_6.9.2.202309101412
2023-10-26 15:05:07,700 [INFO] MainUpdater:2868 - connection check result : 10
2023-10-26 15:05:07,701 [INFO] MainUpdater:285 - Updater Check For Update Now.
2023-10-26 15:05:07,702 [INFO] MicroXplorer:498 - Change Database Version : DB.6.0.92
2023-10-26 15:05:07,711 [INFO] McuFinderGlobals:63 - Set McuFinder mode to 2 (CubeIDE integrated)
2023-10-26 15:05:07,712 [INFO] UserAuth:179 - activating auth plugin
2023-10-26 15:05:07,716 [INFO] UserAuth:393 - Internet connection configuration mode: 1
2023-10-26 15:05:07,744 [INFO] JxBrowserEngine:151 - Initiate JxBrowser Engine with user profile folder
2023-10-26 15:05:07,984 [INFO] CheckServerUpdateThread:120 - End of CheckServer Thread
2023-10-26 15:05:09,389 [WARN] PackLoader:240 - Cannot read IP mode file for STMicroelectronics.X-CUBE-SMBUS.2.1.0
2023-10-26 15:05:09,474 [WARN] PackLoader:240 - Cannot read IP mode file for STMicroelectronics.X-CUBE-AZRTOS-F7.1.1.0
2023-10-26 15:05:09,498 [WARN] PackLoader:240 - Cannot read IP mode file for STMicroelectronics.FP-SNS-MOTENV1.4.3.2
2023-10-26 15:05:09,514 [WARN] PackLoader:240 - Cannot read IP mode file for STMicroelectronics.FP-SNS-FLIGHT1.5.0.2
2023-10-26 15:05:09,538 [WARN] PackLoader:240 - Cannot read IP mode file for STMicroelectronics.X-CUBE-DISPLAY.3.0.0
2023-10-26 15:05:09,570 [WARN] PackLoader:240 - Cannot read IP mode file for STMicroelectronics.X-CUBE-BLE1.7.0.0
2023-10-26 15:05:09,584 [WARN] PackLoader:240 - Cannot read IP mode file for emotas.I-CUBE-CANOPEN.1.3.0
2023-10-26 15:05:09,617 [INFO] LogOutputStream:77 - [STDOUT_REDIRECT] 1 : Invalid condition id : UX_CORESTACK_Condition cause : null
2023-10-26 15:05:09,618 [INFO] LogOutputStream:77 - [STDOUT_REDIRECT] 1 : Invalid condition id : UX_CORESTACK_Condition cause : null
2023-10-26 15:05:09,623 [INFO] LogOutputStream:77 - [STDOUT_REDIRECT] 1 : Invalid condition id : UX_CORESTACK_Condition cause : null
2023-10-26 15:05:09,628 [INFO] LogOutputStream:77 - [STDOUT_REDIRECT] 1 : Invalid condition id : UX_CORESTACK_Condition cause : null
2023-10-26 15:05:09,632 [INFO] LogOutputStream:77 - [STDOUT_REDIRECT] 1 : Invalid condition id : UX_CORESTACK_Condition cause : null
2023-10-26 15:05:09,644 [WARN] PackLoader:240 - Cannot read IP mode file for STMicroelectronics.X-CUBE-AZRTOS-WL.2.0.0
2023-10-26 15:05:09,669 [WARN] PackLoader:240 - Cannot read IP mode file for WES.I-CUBE-Cesium.1.3.0
2023-10-26 15:05:09,680 [WARN] PackLoader:240 - Cannot read IP mode file for STMicroelectronics.X-CUBE-BLE2.3.3.0
2023-10-26 15:05:09,687 [INFO] WebApp:157 - Instantiating new browser for Auth
2023-10-26 15:05:09,694 [WARN] PackLoader:240 - Cannot read IP mode file for STMicroelectronics.X-CUBE-ALGOBUILD.1.3.0
2023-10-26 15:05:09,742 [WARN] PackLoader:240 - Cannot read IP mode file for STMicroelectronics.X-CUBE-AZRTOS-G0.1.1.0
2023-10-26 15:05:09,761 [WARN] PackLoader:240 - Cannot read IP mode file for STMicroelectronics.X-CUBE-NFC4.3.0.0
2023-10-26 15:05:09,772 [WARN] PackLoader:240 - Cannot read IP mode file for STMicroelectronics.FP-ATR-SIGFOX1.3.2.0
2023-10-26 15:05:09,879 [WARN] PackLoader:240 - Cannot read IP mode file for SEGGER.I-CUBE-embOS.1.3.1
2023-10-26 15:05:10,147 [WARN] PackLoader:240 - Cannot read IP mode file for STMicroelectronics.X-CUBE-GNSS1.6.0.0
2023-10-26 15:05:10,182 [WARN] PackLoader:240 - Cannot read IP mode file for STMicroelectronics.X-CUBE-AZRTOS-F4.1.1.0
2023-10-26 15:05:10,258 [WARN] PackLoader:240 - Cannot read IP mode file for STMicroelectronics.X-CUBE-AZRTOS-L5.2.0.0
2023-10-26 15:05:10,350 [WARN] PackLoader:240 - Cannot read IP mode file for STMicroelectronics.X-CUBE-MEMS1.9.6.0
2023-10-26 15:05:10,824 [WARN] PackLoader:240 - Cannot read IP mode file for STMicroelectronics.X-CUBE-EEPRMA1.4.2.0
2023-10-26 15:05:10,837 [WARN] PackLoader:240 - Cannot read IP mode file for ITTIA_DB.I-CUBE-ITTIADB.8.8.0
2023-10-26 15:05:10,852 [WARN] PackLoader:240 - Cannot read IP mode file for STMicroelectronics.X-CUBE-BLEMGR.2.0.0
2023-10-26 15:05:10,897 [WARN] ConditionMgr:438 - getConditionDescription Invalid condition id : UX DEVICE CLASS RTOS Condition cause : null
2023-10-26 15:05:10,898 [WARN] ConditionMgr:438 - getConditionDescription Invalid condition id : UX DEVICE CLASS RTOS Condition cause : null
2023-10-26 15:05:10,907 [WARN] PackLoader:240 - Cannot read IP mode file for STMicroelectronics.X-CUBE-AZRTOS-H7.3.1.0
2023-10-26 15:05:10,909 [WARN] ConditionMgr:1039 - genDependencies : Invalid condition id : UX DEVICE CLASS RTOS Condition cause : null
2023-10-26 15:05:10,910 [WARN] ConditionMgr:1039 - genDependencies : Invalid condition id : UX DEVICE CLASS RTOS Condition cause : null
2023-10-26 15:05:10,911 [WARN] ConditionMgr:1039 - genDependencies : Invalid condition id : UX DEVICE CLASS RTOS Condition cause : null
2023-10-26 15:05:10,912 [WARN] ConditionMgr:1039 - genDependencies : Invalid condition id : UX DEVICE CLASS RTOS Condition cause : null
2023-10-26 15:05:10,912 [WARN] ConditionMgr:1039 - genDependencies : Invalid condition id : UX DEVICE CLASS RTOS Condition cause : null
2023-10-26 15:05:10,925 [WARN] PackLoader:240 - Cannot read IP mode file for STMicroelectronics.X-CUBE-NFC7.1.0.1
2023-10-26 15:05:10,936 [WARN] PackLoader:240 - Cannot read IP mode file for STMicroelectronics.X-CUBE-EEPRMA1.4.1.0
2023-10-26 15:05:10,947 [WARN] PackLoader:240 - Cannot read IP mode file for STMicroelectronics.X-CUBE-AI.8.1.0
2023-10-26 15:05:10,984 [WARN] ConditionMgr:438 - getConditionDescription Invalid condition id : LAN8742 Phy interface Condition cause : null
2023-10-26 15:05:10,985 [WARN] PackLoader:240 - Cannot read IP mode file for STMicroelectronics.X-CUBE-AZRTOS-L4.2.0.0
2023-10-26 15:05:10,988 [WARN] ConditionMgr:1039 - genDependencies : Invalid condition id : LAN8742 Phy interface Condition cause : null
2023-10-26 15:05:10,989 [WARN] ConditionMgr:1039 - genDependencies : Invalid condition id : LAN8742 Phy interface Condition cause : null
2023-10-26 15:05:10,990 [WARN] ConditionMgr:1039 - genDependencies : Invalid condition id : LAN8742 Phy interface Condition cause : null
2023-10-26 15:05:11,008 [WARN] PackLoader:240 - Cannot read IP mode file for STMicroelectronics.X-CUBE-SFXS2LP1.4.0.0
2023-10-26 15:05:11,019 [WARN] PackLoader:240 - Cannot read IP mode file for STMicroelectronics.X-CUBE-ISPU.1.1.0
2023-10-26 15:05:11,048 [WARN] ConditionMgr:438 - getConditionDescription Invalid condition id : UX DEVICE CLASS RTOS Condition cause : null
2023-10-26 15:05:11,049 [WARN] ConditionMgr:438 - getConditionDescription Invalid condition id : UX DEVICE CLASS RTOS Condition cause : null
2023-10-26 15:05:11,054 [WARN] PackLoader:240 - Cannot read IP mode file for STMicroelectronics.X-CUBE-AZRTOS-WB.2.0.0
2023-10-26 15:05:11,056 [WARN] ConditionMgr:1039 - genDependencies : Invalid condition id : UX DEVICE CLASS RTOS Condition cause : null
2023-10-26 15:05:11,056 [WARN] ConditionMgr:1039 - genDependencies : Invalid condition id : UX DEVICE CLASS RTOS Condition cause : null
2023-10-26 15:05:11,058 [WARN] ConditionMgr:1039 - genDependencies : Invalid condition id : UX DEVICE CLASS RTOS Condition cause : null
2023-10-26 15:05:11,059 [WARN] ConditionMgr:1039 - genDependencies : Invalid condition id : UX DEVICE CLASS RTOS Condition cause : null
2023-10-26 15:05:11,059 [WARN] ConditionMgr:1039 - genDependencies : Invalid condition id : UX DEVICE CLASS RTOS Condition cause : null
2023-10-26 15:05:11,083 [WARN] PackLoader:240 - Cannot read IP mode file for STMicroelectronics.X-CUBE-SUBG2.5.0.0
2023-10-26 15:05:11,117 [WARN] PackLoader:240 - Cannot read IP mode file for STMicroelectronics.X-CUBE-TOF1.3.3.1
2023-10-26 15:05:11,176 [WARN] PackLoader:240 - Cannot read IP mode file for STMicroelectronics.X-CUBE-AZRTOS-G4.2.0.0
2023-10-26 15:05:11,208 [WARN] PackLoader:240 - Cannot read IP mode file for Infineon.AIROC-Wi-Fi-Bluetooth-STM32.1.5.1
2023-10-26 15:05:11,313 [WARN] PackLoader:240 - Cannot read IP mode file for STMicroelectronics.X-CUBE-MEMS1.10.0.0
2023-10-26 15:05:11,362 [INFO] WebApp:753 - Register for checkConnection events
2023-10-26 15:05:11,362 [INFO] WebApp:390 - Apply proxy settings
2023-10-26 15:05:11,362 [INFO] WebApp:475 - Chromium requires no authentication
2023-10-26 15:05:11,380 [INFO] WebApp:418 - Direct internet connection detected
2023-10-26 15:05:11,677 [WARN] PackLoader:240 - Cannot read IP mode file for STMicroelectronics.X-CUBE-FREERTOS.1.1.0
2023-10-26 15:05:11,688 [WARN] PackLoader:240 - Cannot read IP mode file for portGmbH.I-Cube-SoM-uGOAL.1.1.0
2023-10-26 15:05:11,697 [WARN] PackLoader:240 - Cannot read IP mode file for STMicroelectronics.X-CUBE-ALS.1.0.1
2023-10-26 15:05:11,705 [WARN] PackLoader:240 - Cannot read IP mode file for STMicroelectronics.FP-ATR-ASTRA1.2.0.0
2023-10-26 15:05:11,706 [INFO] ThirdParty:978 - Integrity check success = true
2023-10-26 15:05:11,707 [INFO] IntegrityCheckThread:100 - exiting critical section [integrity check]
2023-10-26 15:05:11,707 [INFO] IntegrityCheckThread:103 - End integrity checks thread
2023-10-26 15:05:11,947 [INFO] WebApp:188 - Starting web application
2023-10-26 15:05:11,948 [INFO] WebApp:520 - Web application path used C:\ST\STM32CubeIDE_1.13.2\STM32CubeIDE\plugins\com.st.stm32cube.common.mx_6.9.2.202309101412\db\plugins\mcufinder\reactClient1\index.html
2023-10-26 15:05:32,786 [ERROR] LogOutputStream:75 - [STDERR_REDIRECT] SLF4J: Failed to load class "org.slf4j.impl.StaticLoggerBinder".
2023-10-26 15:05:32,787 [ERROR] LogOutputStream:75 - [STDERR_REDIRECT] SLF4J: Defaulting to no-operation (NOP) logger implementation
2023-10-26 15:05:32,789 [ERROR] LogOutputStream:75 - [STDERR_REDIRECT] SLF4J: See http://www.slf4j.org/codes.html#StaticLoggerBinder for further details.
2023-10-26 16:21:40,058 [ERROR] LogOutputStream:75 - [STDERR_REDIRECT] 
2023-10-26 16:41:35,650 [INFO] Activator:176 - 


2023-10-26 16:41:35,655 [INFO] Activator:177 - !SESSION log4j initialized
2023-10-26 16:41:42,556 [INFO] LogOutputStream:77 - [STDOUT_REDIRECT] 
2023-10-26 16:41:44,714 [INFO] ApplicationProperties:184 - Using Application install path: C:\ST\STM32CubeIDE_1.13.2\STM32CubeIDE\plugins\com.st.stm32cube.common.mx_6.9.2.202309101412
2023-10-26 16:41:44,738 [INFO] DbMcusXml:78 - Set database path to: C:\ST\STM32CubeIDE_1.13.2\STM32CubeIDE\plugins\com.st.stm32cube.common.mx_6.9.2.202309101412\\db\/mcu/
2023-10-26 16:41:44,739 [INFO] ApiDb:274 - Set plugin database path to: C:\ST\STM32CubeIDE_1.13.2\STM32CubeIDE\plugins\com.st.stm32cube.common.mx_6.9.2.202309101412\\db\/plugins/boardmanager/
2023-10-26 16:41:44,739 [WARN] ApiDb:259 - Overriding images path with different value:  => C:\ST\STM32CubeIDE_1.13.2\STM32CubeIDE\plugins\com.st.stm32cube.common.mx_6.9.2.202309101412\\db\/plugins/mcufinder/images/
2023-10-26 16:41:44,752 [INFO] ApiDb:250 - Set database path to: C:\Users\E-AY\.stmcufinder\plugins\mcufinder//mcu/
2023-10-26 16:41:44,754 [INFO] DbMcusAds:125 - Set database path to: C:\Users\E-AY\.stmcufinder\plugins\mcufinder//mcu/
2023-10-26 16:41:44,756 [INFO] CrossReferenceDbSqlite:203 - Set database path to: C:\Users\E-AY\.stmcufinder\plugins\mcufinder//mcu/cs/
2023-10-26 16:41:44,904 [INFO] RulesReader:64 - Compatibility file has been processed (293 Rules)
2023-10-26 16:41:45,014 [INFO] DbMcusXml:78 - Set database path to: C:\ST\STM32CubeIDE_1.13.2\STM32CubeIDE\plugins\com.st.stm32cube.common.mx_6.9.2.202309101412\\db\/mcu/
2023-10-26 16:41:45,014 [INFO] ApiDb:274 - Set plugin database path to: C:\ST\STM32CubeIDE_1.13.2\STM32CubeIDE\plugins\com.st.stm32cube.common.mx_6.9.2.202309101412\\db\/plugins/boardmanager/
2023-10-26 16:41:45,014 [INFO] ApiDb:261 - Set plugin images path to: C:\ST\STM32CubeIDE_1.13.2\STM32CubeIDE\plugins\com.st.stm32cube.common.mx_6.9.2.202309101412\\db\/plugins/mcufinder/images/
2023-10-26 16:41:45,015 [WARN] DbFile:41 - Overriding database path with different value: C:\Users\E-AY\.stmcufinder\plugins\mcufinder/ => C:\Users\E-AY\.stmcufinder\plugins\mcufinder
2023-10-26 16:41:45,015 [INFO] ApiDb:250 - Set database path to: C:\Users\E-AY\.stmcufinder\plugins\mcufinder//mcu/
2023-10-26 16:41:45,015 [WARN] DbFile:41 - Overriding database path with different value: C:\Users\E-AY\.stmcufinder\plugins\mcufinder/ => C:\Users\E-AY\.stmcufinder\plugins\mcufinder
2023-10-26 16:41:45,015 [INFO] DbMcusAds:125 - Set database path to: C:\Users\E-AY\.stmcufinder\plugins\mcufinder//mcu/
2023-10-26 16:41:45,015 [WARN] DbFile:41 - Overriding database path with different value: C:\Users\E-AY\.stmcufinder\plugins\mcufinder/ => C:\Users\E-AY\.stmcufinder\plugins\mcufinder
2023-10-26 16:41:45,015 [WARN] DbFile:41 - Overriding database path with different value: C:\Users\E-AY\.stmcufinder\plugins\mcufinder/ => C:\Users\E-AY\.stmcufinder\plugins\mcufinder
2023-10-26 16:41:45,015 [INFO] CrossReferenceDbSqlite:203 - Set database path to: C:\Users\E-AY\.stmcufinder\plugins\mcufinder//mcu/cs/
2023-10-26 16:41:45,115 [INFO] MainPanel:262 - HeapMemory: 268435456
2023-10-26 16:41:45,219 [INFO] DbMcusXml:78 - Set database path to: C:\ST\STM32CubeIDE_1.13.2\STM32CubeIDE\plugins\com.st.stm32cube.common.mx_6.9.2.202309101412\\db\/mcu/
2023-10-26 16:41:45,219 [INFO] ApiDb:274 - Set plugin database path to: C:\ST\STM32CubeIDE_1.13.2\STM32CubeIDE\plugins\com.st.stm32cube.common.mx_6.9.2.202309101412\\db\/plugins/boardmanager/
2023-10-26 16:41:45,219 [INFO] ApiDb:261 - Set plugin images path to: C:\ST\STM32CubeIDE_1.13.2\STM32CubeIDE\plugins\com.st.stm32cube.common.mx_6.9.2.202309101412\\db\/plugins/mcufinder/images/
2023-10-26 16:41:45,220 [WARN] DbFile:41 - Overriding database path with different value: C:\Users\E-AY\.stmcufinder\plugins\mcufinder/ => C:\Users\E-AY\.stmcufinder\plugins\mcufinder
2023-10-26 16:41:45,220 [INFO] ApiDb:250 - Set database path to: C:\Users\E-AY\.stmcufinder\plugins\mcufinder//mcu/
2023-10-26 16:41:45,220 [WARN] DbFile:41 - Overriding database path with different value: C:\Users\E-AY\.stmcufinder\plugins\mcufinder/ => C:\Users\E-AY\.stmcufinder\plugins\mcufinder
2023-10-26 16:41:45,220 [INFO] DbMcusAds:125 - Set database path to: C:\Users\E-AY\.stmcufinder\plugins\mcufinder//mcu/
2023-10-26 16:41:45,220 [WARN] DbFile:41 - Overriding database path with different value: C:\Users\E-AY\.stmcufinder\plugins\mcufinder/ => C:\Users\E-AY\.stmcufinder\plugins\mcufinder
2023-10-26 16:41:45,220 [WARN] DbFile:41 - Overriding database path with different value: C:\Users\E-AY\.stmcufinder\plugins\mcufinder/ => C:\Users\E-AY\.stmcufinder\plugins\mcufinder
2023-10-26 16:41:45,220 [INFO] CrossReferenceDbSqlite:203 - Set database path to: C:\Users\E-AY\.stmcufinder\plugins\mcufinder//mcu/cs/
2023-10-26 16:41:45,243 [INFO] ApplicationProperties:184 - Using Application install path: C:\ST\STM32CubeIDE_1.13.2\STM32CubeIDE\plugins\com.st.stm32cube.common.mx_6.9.2.202309101412
2023-10-26 16:41:45,244 [INFO] PluginManage:196 - Search for loadable plugins [exclusion list=, ]
2023-10-26 16:41:45,247 [INFO] PluginManage:310 - Check plugin analytics
2023-10-26 16:41:45,519 [INFO] AnalyticsPlugin:253 - Accepted Software Licenses: 
2023-10-26 16:41:45,519 [INFO] AnalyticsPlugin:255 - Accepted CMSIS Pack Licenses: 
2023-10-26 16:41:45,519 [INFO] AnalyticsPlugin:257 - Accepted Firmware Licenses: 
2023-10-26 16:41:45,524 [INFO] PluginManage:359 - Loaded plugin analytics (category:tool,tabindex:-1)
2023-10-26 16:41:45,525 [INFO] PluginManage:310 - Check plugin cadmodel
2023-10-26 16:41:45,548 [INFO] CADModel:105 - Init CAD model plugin
2023-10-26 16:41:45,549 [INFO] PluginManage:359 - Loaded plugin cadmodel (category:power,tabindex:5)
2023-10-26 16:41:45,549 [INFO] PluginManage:310 - Check plugin clock
2023-10-26 16:41:45,578 [INFO] PluginManage:359 - Loaded plugin clock (category:base,tabindex:2)
2023-10-26 16:41:45,579 [INFO] PluginManage:310 - Check plugin ddr
2023-10-26 16:41:45,582 [INFO] PluginManage:359 - Loaded plugin ddr (category:tool,tabindex:6)
2023-10-26 16:41:45,582 [INFO] PluginManage:310 - Check plugin filemanager
2023-10-26 16:41:45,786 [INFO] PluginManage:359 - Loaded plugin filemanager (category:base,tabindex:10)
2023-10-26 16:41:45,787 [INFO] PluginManage:310 - Check plugin ipmanager
2023-10-26 16:41:45,798 [INFO] PluginManage:359 - Loaded plugin ipmanager (category:base,tabindex:5)
2023-10-26 16:41:45,798 [INFO] PluginManage:310 - Check plugin lpbam
2023-10-26 16:41:45,827 [INFO] PluginManage:359 - Loaded plugin lpbam (category:base,tabindex:0)
2023-10-26 16:41:45,827 [INFO] PluginManage:310 - Check plugin memorymap
2023-10-26 16:41:45,862 [INFO] PluginManage:359 - Loaded plugin memorymap (category:base,tabindex:4)
2023-10-26 16:41:45,862 [INFO] PluginManage:310 - Check plugin pinoutandconfiguration
2023-10-26 16:41:45,886 [INFO] PluginManage:359 - Loaded plugin pinoutandconfiguration (category:base,tabindex:1)
2023-10-26 16:41:45,886 [INFO] PluginManage:310 - Check plugin pinoutconfig
2023-10-26 16:41:46,028 [WARN] SupportedApi:132 - Cannot load RTOS API schema: s4s-elt-must-match.1: The content of 'definitions' must match (annotation?, (simpleType | complexType)?, (unique | key | keyref)*)). A problem was found starting at: attribute.
2023-10-26 16:41:46,205 [INFO] PluginManage:359 - Loaded plugin pinoutconfig (category:base,tabindex:0)
2023-10-26 16:41:46,206 [INFO] PluginManage:310 - Check plugin power
2023-10-26 16:41:46,227 [INFO] PluginManage:359 - Loaded plugin power (category:power,tabindex:4)
2023-10-26 16:41:46,227 [INFO] PluginManage:310 - Check plugin projectmanager
2023-10-26 16:41:46,246 [INFO] PluginManage:359 - Loaded plugin projectmanager (category:projectmanager,tabindex:3)
2023-10-26 16:41:46,246 [INFO] PluginManage:310 - Check plugin thirdparty
2023-10-26 16:41:46,548 [INFO] PluginManage:359 - Loaded plugin thirdparty (category:base,tabindex:-1)
2023-10-26 16:41:46,548 [WARN] IntegrityCheckThread:84 - waiting for thirdparty lock release [integrity check]
2023-10-26 16:41:46,549 [INFO] PluginManage:310 - Check plugin tools
2023-10-26 16:41:46,549 [INFO] IntegrityCheckThread:86 - entering critical section [integrity check]
2023-10-26 16:41:46,549 [INFO] ThirdPartyUpdaterWithRetryManager:70 - Updater plugin not ready yet. [1/15]
2023-10-26 16:41:46,583 [INFO] PluginManage:359 - Loaded plugin tools (category:base,tabindex:7)
2023-10-26 16:41:46,584 [INFO] PluginManage:310 - Check plugin tutovideos
2023-10-26 16:41:46,778 [INFO] PluginManage:359 - Loaded plugin tutovideos (category:base,tabindex:-1)
2023-10-26 16:41:46,778 [INFO] PluginManage:310 - Check plugin updater
2023-10-26 16:41:46,790 [INFO] PluginManage:359 - Loaded plugin updater (category:base,tabindex:12)
2023-10-26 16:41:46,791 [INFO] PluginManage:310 - Check plugin userauth
2023-10-26 16:41:46,796 [INFO] UserAuth:113 - Init User Auth plugin
2023-10-26 16:41:46,796 [INFO] PluginManage:359 - Loaded plugin userauth (category:base,tabindex:14)
2023-10-26 16:41:46,797 [INFO] PluginManage:283 - PluginManage : Loaded plugins [17]
2023-10-26 16:41:47,019 [INFO] PinOutPanel:1499 - setPackage(No Configuration,No Configuration)
2023-10-26 16:41:47,135 [INFO] CADModel:165 - CPN selected for project level
2023-10-26 16:41:47,135 [INFO] CADModel:114 - Register for checkConnection events
2023-10-26 16:41:47,162 [INFO] IPUIPlugin:80 - create IPUIPlugin
2023-10-26 16:41:47,162 [INFO] PluginManager:220 - loadIPPluginJar : add adc
2023-10-26 16:41:47,198 [INFO] IPUIPlugin:80 - create IPUIPlugin
2023-10-26 16:41:47,198 [INFO] PluginManager:220 - loadIPPluginJar : add aes
2023-10-26 16:41:47,245 [INFO] IPUIPlugin:80 - create IPUIPlugin
2023-10-26 16:41:47,245 [INFO] PluginManager:220 - loadIPPluginJar : add can
2023-10-26 16:41:47,264 [INFO] IPUIPlugin:80 - create IPUIPlugin
2023-10-26 16:41:47,264 [INFO] PluginManager:220 - loadIPPluginJar : add comp
2023-10-26 16:41:47,294 [INFO] IPUIPlugin:80 - create IPUIPlugin
2023-10-26 16:41:47,294 [INFO] PluginManager:220 - loadIPPluginJar : add cryp
2023-10-26 16:41:47,318 [INFO] IPUIPlugin:80 - create IPUIPlugin
2023-10-26 16:41:47,318 [INFO] PluginManager:220 - loadIPPluginJar : add dfsdm
2023-10-26 16:41:47,330 [INFO] IPUIPlugin:80 - create IPUIPlugin
2023-10-26 16:41:47,331 [INFO] PluginManager:220 - loadIPPluginJar : add dma
2023-10-26 16:41:47,370 [INFO] IPUIPlugin:80 - create IPUIPlugin
2023-10-26 16:41:47,370 [INFO] PluginManager:220 - loadIPPluginJar : add dma3
2023-10-26 16:41:47,389 [INFO] IPUIPlugin:80 - create IPUIPlugin
2023-10-26 16:41:47,390 [INFO] PluginManager:220 - loadIPPluginJar : add fatfs
2023-10-26 16:41:47,428 [INFO] IPUIPlugin:80 - create IPUIPlugin
2023-10-26 16:41:47,428 [INFO] PluginManager:220 - loadIPPluginJar : add fmc
2023-10-26 16:41:47,442 [INFO] IPUIPlugin:80 - create IPUIPlugin
2023-10-26 16:41:47,442 [INFO] PluginManager:220 - loadIPPluginJar : add freertos
2023-10-26 16:41:47,461 [INFO] IPUIPlugin:80 - create IPUIPlugin
2023-10-26 16:41:47,461 [INFO] PluginManager:220 - loadIPPluginJar : add genericplugin
2023-10-26 16:41:47,552 [INFO] IPUIPlugin:80 - create IPUIPlugin
2023-10-26 16:41:47,552 [INFO] PluginManager:220 - loadIPPluginJar : add gfxmmu
2023-10-26 16:41:47,663 [INFO] IPUIPlugin:80 - create IPUIPlugin
2023-10-26 16:41:47,664 [INFO] PluginManager:220 - loadIPPluginJar : add gic
2023-10-26 16:41:47,675 [INFO] IPUIPlugin:80 - create IPUIPlugin
2023-10-26 16:41:47,675 [INFO] PluginManager:220 - loadIPPluginJar : add gpio
2023-10-26 16:41:47,749 [INFO] IPUIPlugin:80 - create IPUIPlugin
2023-10-26 16:41:47,749 [INFO] PluginManager:220 - loadIPPluginJar : add gtzc
2023-10-26 16:41:47,774 [INFO] IPUIPlugin:80 - create IPUIPlugin
2023-10-26 16:41:47,775 [INFO] PluginManager:220 - loadIPPluginJar : add hash
2023-10-26 16:41:47,816 [INFO] IPUIPlugin:80 - create IPUIPlugin
2023-10-26 16:41:47,816 [INFO] PluginManager:220 - loadIPPluginJar : add i2c
2023-10-26 16:41:47,849 [INFO] IPUIPlugin:80 - create IPUIPlugin
2023-10-26 16:41:47,850 [INFO] PluginManager:220 - loadIPPluginJar : add i2s
2023-10-26 16:41:47,883 [INFO] IPUIPlugin:80 - create IPUIPlugin
2023-10-26 16:41:47,883 [INFO] PluginManager:220 - loadIPPluginJar : add i3c
2023-10-26 16:41:47,970 [INFO] IPUIPlugin:80 - create IPUIPlugin
2023-10-26 16:41:47,970 [INFO] PluginManager:220 - loadIPPluginJar : add ipddr
2023-10-26 16:41:48,045 [INFO] IPUIPlugin:80 - create IPUIPlugin
2023-10-26 16:41:48,045 [INFO] PluginManager:220 - loadIPPluginJar : add linkedlist
2023-10-26 16:41:48,071 [INFO] IPUIPlugin:80 - create IPUIPlugin
2023-10-26 16:41:48,071 [INFO] PluginManager:220 - loadIPPluginJar : add lorawan
2023-10-26 16:41:48,101 [INFO] IPUIPlugin:80 - create IPUIPlugin
2023-10-26 16:41:48,101 [INFO] PluginManager:220 - loadIPPluginJar : add ltdc
2023-10-26 16:41:48,112 [INFO] IPUIPlugin:80 - create IPUIPlugin
2023-10-26 16:41:48,112 [INFO] PluginManager:220 - loadIPPluginJar : add mdma
2023-10-26 16:41:48,122 [INFO] IPUIPlugin:80 - create IPUIPlugin
2023-10-26 16:41:48,122 [INFO] PluginManager:220 - loadIPPluginJar : add nvic
2023-10-26 16:41:48,152 [INFO] IPUIPlugin:80 - create IPUIPlugin
2023-10-26 16:41:48,152 [INFO] PluginManager:220 - loadIPPluginJar : add opamp
2023-10-26 16:41:48,202 [INFO] IPUIPlugin:80 - create IPUIPlugin
2023-10-26 16:41:48,202 [INFO] PluginManager:220 - loadIPPluginJar : add openamp
2023-10-26 16:41:48,237 [INFO] IPUIPlugin:80 - create IPUIPlugin
2023-10-26 16:41:48,237 [INFO] PluginManager:220 - loadIPPluginJar : add pdm2pcm
2023-10-26 16:41:48,249 [INFO] IPUIPlugin:80 - create IPUIPlugin
2023-10-26 16:41:48,251 [INFO] PluginManager:220 - loadIPPluginJar : add plateformsettings
2023-10-26 16:41:48,268 [INFO] IPUIPlugin:80 - create IPUIPlugin
2023-10-26 16:41:48,268 [INFO] PluginManager:220 - loadIPPluginJar : add quadspi
2023-10-26 16:41:48,278 [INFO] IPUIPlugin:80 - create IPUIPlugin
2023-10-26 16:41:48,278 [INFO] PluginManager:220 - loadIPPluginJar : add resmgrutility
2023-10-26 16:41:48,317 [INFO] IPUIPlugin:80 - create IPUIPlugin
2023-10-26 16:41:48,317 [INFO] PluginManager:220 - loadIPPluginJar : add sai
2023-10-26 16:41:48,346 [INFO] IPUIPlugin:80 - create IPUIPlugin
2023-10-26 16:41:48,346 [INFO] PluginManager:220 - loadIPPluginJar : add spi
2023-10-26 16:41:48,392 [INFO] IPUIPlugin:80 - create IPUIPlugin
2023-10-26 16:41:48,392 [INFO] PluginManager:220 - loadIPPluginJar : add stm32_wpan
2023-10-26 16:41:48,410 [INFO] IPUIPlugin:80 - create IPUIPlugin
2023-10-26 16:41:48,410 [INFO] PluginManager:220 - loadIPPluginJar : add tim
2023-10-26 16:41:48,454 [INFO] IPUIPlugin:80 - create IPUIPlugin
2023-10-26 16:41:48,454 [INFO] PluginManager:220 - loadIPPluginJar : add touchsensing
2023-10-26 16:41:48,471 [INFO] IPUIPlugin:80 - create IPUIPlugin
2023-10-26 16:41:48,471 [INFO] PluginManager:220 - loadIPPluginJar : add tracer_emb
2023-10-26 16:41:48,489 [INFO] IPUIPlugin:80 - create IPUIPlugin
2023-10-26 16:41:48,490 [INFO] PluginManager:220 - loadIPPluginJar : add ts
2023-10-26 16:41:48,507 [INFO] IPUIPlugin:80 - create IPUIPlugin
2023-10-26 16:41:48,507 [INFO] PluginManager:220 - loadIPPluginJar : add tsc
2023-10-26 16:41:48,524 [INFO] IPUIPlugin:80 - create IPUIPlugin
2023-10-26 16:41:48,524 [INFO] PluginManager:220 - loadIPPluginJar : add ucpd
2023-10-26 16:41:48,560 [INFO] IPUIPlugin:80 - create IPUIPlugin
2023-10-26 16:41:48,560 [INFO] PluginManager:220 - loadIPPluginJar : add usart
2023-10-26 16:41:48,593 [INFO] IPUIPlugin:80 - create IPUIPlugin
2023-10-26 16:41:48,593 [INFO] PluginManager:220 - loadIPPluginJar : add usbx
2023-10-26 16:41:48,712 [INFO] CADModel:165 - CPN selected for project level
2023-10-26 16:41:48,713 [INFO] CADModel:114 - Register for checkConnection events
2023-10-26 16:41:48,713 [FATAL] Updater:308 - Updater called before beeing initialized
2023-10-26 16:41:48,713 [ERROR] CADModel:125 - Updater not yet initialized, retry later 
2023-10-26 16:41:48,848 [INFO] CADModel:165 - CPN selected for project level
2023-10-26 16:41:48,848 [INFO] CADModel:114 - Register for checkConnection events
2023-10-26 16:41:48,848 [FATAL] Updater:308 - Updater called before beeing initialized
2023-10-26 16:41:48,848 [ERROR] CADModel:125 - Updater not yet initialized, retry later 
2023-10-26 16:41:48,851 [FATAL] Updater:308 - Updater called before beeing initialized
2023-10-26 16:41:48,951 [FATAL] Updater:308 - Updater called before beeing initialized
2023-10-26 16:41:48,962 [INFO] DbMcusAds:53 - JSON generation date=Tue Mar 07 11:50:55 TRT 2023 (1678179055114)
2023-10-26 16:41:48,962 [FATAL] Updater:308 - Updater called before beeing initialized
2023-10-26 16:41:49,036 [WARN] DetailPanel:346 - Failed to get advertising image, set to default
2023-10-26 16:41:49,134 [FATAL] Updater:308 - Updater called before beeing initialized
2023-10-26 16:41:49,136 [FATAL] Updater:308 - Updater called before beeing initialized
2023-10-26 16:41:49,136 [FATAL] Updater:308 - Updater called before beeing initialized
2023-10-26 16:41:49,136 [WARN] DetailPanel:346 - Failed to get advertising image, set to default
2023-10-26 16:41:49,137 [FATAL] Updater:308 - Updater called before beeing initialized
2023-10-26 16:41:49,193 [ERROR] Updater:1120 - MainUpdater not yet initialized. External WinMGr cannot be set.
2023-10-26 16:41:49,197 [INFO] Updater:1056 - Updater Version found : 6.9.2
2023-10-26 16:41:49,216 [INFO] ApplicationProperties:184 - Using Application install path: C:\ST\STM32CubeIDE_1.13.2\STM32CubeIDE\plugins\com.st.stm32cube.common.mx_6.9.2.202309101412
2023-10-26 16:41:49,367 [INFO] MainUpdater:2868 - connection check result : 10
2023-10-26 16:41:49,369 [INFO] MainUpdater:285 - Updater Check For Update Now.
2023-10-26 16:41:49,369 [INFO] MicroXplorer:498 - Change Database Version : DB.6.0.92
2023-10-26 16:41:49,379 [INFO] McuFinderGlobals:63 - Set McuFinder mode to 2 (CubeIDE integrated)
2023-10-26 16:41:49,380 [INFO] UserAuth:179 - activating auth plugin
2023-10-26 16:41:49,383 [INFO] UserAuth:393 - Internet connection configuration mode: 1
2023-10-26 16:41:49,416 [INFO] JxBrowserEngine:151 - Initiate JxBrowser Engine with user profile folder
2023-10-26 16:41:49,551 [WARN] MainUpdater:1189 - Updater busy. Cannot search thirdparties
2023-10-26 16:41:49,551 [INFO] ThirdPartyUpdaterWithRetryManager:96 - Updater plugin is busy. [1/15]
2023-10-26 16:41:49,591 [INFO] CheckServerUpdateThread:120 - End of CheckServer Thread
2023-10-26 16:41:51,326 [INFO] WebApp:157 - Instantiating new browser for Auth
2023-10-26 16:41:52,075 [INFO] WebApp:753 - Register for checkConnection events
2023-10-26 16:41:52,075 [INFO] WebApp:390 - Apply proxy settings
2023-10-26 16:41:52,075 [INFO] WebApp:475 - Chromium requires no authentication
2023-10-26 16:41:52,083 [INFO] WebApp:418 - Direct internet connection detected
2023-10-26 16:41:52,258 [INFO] WebApp:188 - Starting web application
2023-10-26 16:41:52,258 [INFO] WebApp:520 - Web application path used C:\ST\STM32CubeIDE_1.13.2\STM32CubeIDE\plugins\com.st.stm32cube.common.mx_6.9.2.202309101412\db\plugins\mcufinder\reactClient1\index.html
2023-10-26 16:41:52,843 [WARN] PackLoader:240 - Cannot read IP mode file for STMicroelectronics.X-CUBE-SMBUS.2.1.0
2023-10-26 16:41:52,920 [WARN] PackLoader:240 - Cannot read IP mode file for STMicroelectronics.X-CUBE-AZRTOS-F7.1.1.0
2023-10-26 16:41:52,949 [WARN] PackLoader:240 - Cannot read IP mode file for STMicroelectronics.FP-SNS-MOTENV1.4.3.2
2023-10-26 16:41:52,974 [WARN] PackLoader:240 - Cannot read IP mode file for STMicroelectronics.FP-SNS-FLIGHT1.5.0.2
2023-10-26 16:41:53,002 [WARN] PackLoader:240 - Cannot read IP mode file for STMicroelectronics.X-CUBE-DISPLAY.3.0.0
2023-10-26 16:41:53,032 [WARN] PackLoader:240 - Cannot read IP mode file for STMicroelectronics.X-CUBE-BLE1.7.0.0
2023-10-26 16:41:53,051 [WARN] PackLoader:240 - Cannot read IP mode file for emotas.I-CUBE-CANOPEN.1.3.0
2023-10-26 16:41:53,084 [INFO] LogOutputStream:77 - [STDOUT_REDIRECT] 1 : Invalid condition id : UX_CORESTACK_Condition cause : null
2023-10-26 16:41:53,085 [INFO] LogOutputStream:77 - [STDOUT_REDIRECT] 1 : Invalid condition id : UX_CORESTACK_Condition cause : null
2023-10-26 16:41:53,088 [INFO] LogOutputStream:77 - [STDOUT_REDIRECT] 1 : Invalid condition id : UX_CORESTACK_Condition cause : null
2023-10-26 16:41:53,091 [INFO] LogOutputStream:77 - [STDOUT_REDIRECT] 1 : Invalid condition id : UX_CORESTACK_Condition cause : null
2023-10-26 16:41:53,095 [INFO] LogOutputStream:77 - [STDOUT_REDIRECT] 1 : Invalid condition id : UX_CORESTACK_Condition cause : null
2023-10-26 16:41:53,101 [WARN] PackLoader:240 - Cannot read IP mode file for STMicroelectronics.X-CUBE-AZRTOS-WL.2.0.0
2023-10-26 16:41:53,126 [WARN] PackLoader:240 - Cannot read IP mode file for WES.I-CUBE-Cesium.1.3.0
2023-10-26 16:41:53,147 [WARN] PackLoader:240 - Cannot read IP mode file for STMicroelectronics.X-CUBE-BLE2.3.3.0
2023-10-26 16:41:53,172 [WARN] PackLoader:240 - Cannot read IP mode file for STMicroelectronics.X-CUBE-ALGOBUILD.1.3.0
2023-10-26 16:41:53,232 [WARN] PackLoader:240 - Cannot read IP mode file for STMicroelectronics.X-CUBE-AZRTOS-G0.1.1.0
2023-10-26 16:41:53,258 [WARN] PackLoader:240 - Cannot read IP mode file for STMicroelectronics.X-CUBE-NFC4.3.0.0
2023-10-26 16:41:53,268 [WARN] PackLoader:240 - Cannot read IP mode file for STMicroelectronics.FP-ATR-SIGFOX1.3.2.0
2023-10-26 16:41:53,351 [WARN] PackLoader:240 - Cannot read IP mode file for SEGGER.I-CUBE-embOS.1.3.1
2023-10-26 16:41:53,469 [WARN] PackLoader:240 - Cannot read IP mode file for STMicroelectronics.X-CUBE-GNSS1.6.0.0
2023-10-26 16:41:53,548 [WARN] PackLoader:240 - Cannot read IP mode file for STMicroelectronics.X-CUBE-AZRTOS-F4.1.1.0
2023-10-26 16:41:53,605 [WARN] PackLoader:240 - Cannot read IP mode file for STMicroelectronics.X-CUBE-AZRTOS-L5.2.0.0
2023-10-26 16:41:53,689 [WARN] PackLoader:240 - Cannot read IP mode file for STMicroelectronics.X-CUBE-MEMS1.9.6.0
2023-10-26 16:41:53,954 [WARN] PackLoader:240 - Cannot read IP mode file for STMicroelectronics.X-CUBE-EEPRMA1.4.2.0
2023-10-26 16:41:53,972 [WARN] PackLoader:240 - Cannot read IP mode file for ITTIA_DB.I-CUBE-ITTIADB.8.8.0
2023-10-26 16:41:53,993 [WARN] PackLoader:240 - Cannot read IP mode file for STMicroelectronics.X-CUBE-BLEMGR.2.0.0
2023-10-26 16:41:54,032 [WARN] ConditionMgr:438 - getConditionDescription Invalid condition id : UX DEVICE CLASS RTOS Condition cause : null
2023-10-26 16:41:54,033 [WARN] ConditionMgr:438 - getConditionDescription Invalid condition id : UX DEVICE CLASS RTOS Condition cause : null
2023-10-26 16:41:54,039 [WARN] PackLoader:240 - Cannot read IP mode file for STMicroelectronics.X-CUBE-AZRTOS-H7.3.1.0
2023-10-26 16:41:54,041 [WARN] ConditionMgr:1039 - genDependencies : Invalid condition id : UX DEVICE CLASS RTOS Condition cause : null
2023-10-26 16:41:54,041 [WARN] ConditionMgr:1039 - genDependencies : Invalid condition id : UX DEVICE CLASS RTOS Condition cause : null
2023-10-26 16:41:54,042 [WARN] ConditionMgr:1039 - genDependencies : Invalid condition id : UX DEVICE CLASS RTOS Condition cause : null
2023-10-26 16:41:54,043 [WARN] ConditionMgr:1039 - genDependencies : Invalid condition id : UX DEVICE CLASS RTOS Condition cause : null
2023-10-26 16:41:54,043 [WARN] ConditionMgr:1039 - genDependencies : Invalid condition id : UX DEVICE CLASS RTOS Condition cause : null
2023-10-26 16:41:54,061 [WARN] PackLoader:240 - Cannot read IP mode file for STMicroelectronics.X-CUBE-NFC7.1.0.1
2023-10-26 16:41:54,076 [WARN] PackLoader:240 - Cannot read IP mode file for STMicroelectronics.X-CUBE-EEPRMA1.4.1.0
2023-10-26 16:41:54,090 [WARN] PackLoader:240 - Cannot read IP mode file for STMicroelectronics.X-CUBE-AI.8.1.0
2023-10-26 16:41:54,136 [WARN] ConditionMgr:438 - getConditionDescription Invalid condition id : LAN8742 Phy interface Condition cause : null
2023-10-26 16:41:54,136 [WARN] PackLoader:240 - Cannot read IP mode file for STMicroelectronics.X-CUBE-AZRTOS-L4.2.0.0
2023-10-26 16:41:54,138 [WARN] ConditionMgr:1039 - genDependencies : Invalid condition id : LAN8742 Phy interface Condition cause : null
2023-10-26 16:41:54,138 [WARN] ConditionMgr:1039 - genDependencies : Invalid condition id : LAN8742 Phy interface Condition cause : null
2023-10-26 16:41:54,139 [WARN] ConditionMgr:1039 - genDependencies : Invalid condition id : LAN8742 Phy interface Condition cause : null
2023-10-26 16:41:54,159 [WARN] PackLoader:240 - Cannot read IP mode file for STMicroelectronics.X-CUBE-SFXS2LP1.4.0.0
2023-10-26 16:41:54,176 [WARN] PackLoader:240 - Cannot read IP mode file for STMicroelectronics.X-CUBE-ISPU.1.1.0
2023-10-26 16:41:54,213 [WARN] ConditionMgr:438 - getConditionDescription Invalid condition id : UX DEVICE CLASS RTOS Condition cause : null
2023-10-26 16:41:54,214 [WARN] ConditionMgr:438 - getConditionDescription Invalid condition id : UX DEVICE CLASS RTOS Condition cause : null
2023-10-26 16:41:54,216 [WARN] PackLoader:240 - Cannot read IP mode file for STMicroelectronics.X-CUBE-AZRTOS-WB.2.0.0
2023-10-26 16:41:54,217 [WARN] ConditionMgr:1039 - genDependencies : Invalid condition id : UX DEVICE CLASS RTOS Condition cause : null
2023-10-26 16:41:54,217 [WARN] ConditionMgr:1039 - genDependencies : Invalid condition id : UX DEVICE CLASS RTOS Condition cause : null
2023-10-26 16:41:54,218 [WARN] ConditionMgr:1039 - genDependencies : Invalid condition id : UX DEVICE CLASS RTOS Condition cause : null
2023-10-26 16:41:54,218 [WARN] ConditionMgr:1039 - genDependencies : Invalid condition id : UX DEVICE CLASS RTOS Condition cause : null
2023-10-26 16:41:54,218 [WARN] ConditionMgr:1039 - genDependencies : Invalid condition id : UX DEVICE CLASS RTOS Condition cause : null
2023-10-26 16:41:54,243 [WARN] PackLoader:240 - Cannot read IP mode file for STMicroelectronics.X-CUBE-SUBG2.5.0.0
2023-10-26 16:41:54,272 [WARN] PackLoader:240 - Cannot read IP mode file for STMicroelectronics.X-CUBE-TOF1.3.3.1
2023-10-26 16:41:54,312 [WARN] PackLoader:240 - Cannot read IP mode file for STMicroelectronics.X-CUBE-AZRTOS-G4.2.0.0
2023-10-26 16:41:54,341 [WARN] PackLoader:240 - Cannot read IP mode file for Infineon.AIROC-Wi-Fi-Bluetooth-STM32.1.5.1
2023-10-26 16:41:54,422 [WARN] PackLoader:240 - Cannot read IP mode file for STMicroelectronics.X-CUBE-MEMS1.10.0.0
2023-10-26 16:41:54,661 [WARN] PackLoader:240 - Cannot read IP mode file for STMicroelectronics.X-CUBE-FREERTOS.1.1.0
2023-10-26 16:41:54,678 [WARN] PackLoader:240 - Cannot read IP mode file for portGmbH.I-Cube-SoM-uGOAL.1.1.0
2023-10-26 16:41:54,691 [WARN] PackLoader:240 - Cannot read IP mode file for STMicroelectronics.X-CUBE-ALS.1.0.1
2023-10-26 16:41:54,704 [WARN] PackLoader:240 - Cannot read IP mode file for STMicroelectronics.FP-ATR-ASTRA1.2.0.0
2023-10-26 16:41:54,705 [INFO] ThirdParty:978 - Integrity check success = true
2023-10-26 16:41:54,705 [INFO] IntegrityCheckThread:100 - exiting critical section [integrity check]
2023-10-26 16:41:54,705 [INFO] IntegrityCheckThread:103 - End integrity checks thread
2023-10-26 16:42:13,135 [ERROR] LogOutputStream:75 - [STDERR_REDIRECT] SLF4J: Failed to load class "org.slf4j.impl.StaticLoggerBinder".
2023-10-26 16:42:13,136 [ERROR] LogOutputStream:75 - [STDERR_REDIRECT] SLF4J: Defaulting to no-operation (NOP) logger implementation
2023-10-26 16:42:13,137 [ERROR] LogOutputStream:75 - [STDERR_REDIRECT] SLF4J: See http://www.slf4j.org/codes.html#StaticLoggerBinder for further details.
2023-10-26 17:03:28,923 [INFO] McuFinderGlobals:63 - Set McuFinder mode to 2 (CubeIDE integrated)
2023-10-26 17:03:28,944 [INFO] MainUpdater:2868 - connection check result : 10
2023-10-26 17:03:29,708 [INFO] ApiDb:581 - Connected to CubeFinder SQLite database (C:\Users\E-AY\.stmcufinder\plugins\mcufinder\mcu\cube-finder-db.db)
2023-10-26 17:03:29,812 [INFO] ApiDb:668 - CubeFinder database Data Model version=2.1
2023-10-26 17:03:29,812 [INFO] ApiDb:669 - CubeFinder database Configuration version=3.0.37
2023-10-26 17:03:29,813 [INFO] ApiDb:670 - CubeFinder database generation date=2023-10-13 (1697197505)
2023-10-26 17:03:29,813 [INFO] ApiDb:671 - CubeFinder database FW Pack versions=[FP-ATR-ASTRA1_V2.0.0, FP-SNS-FLIGHT1_V5.0.1, FP-SNS-FLIGHT1_V5.0.2, FP-SNS-MOTENV1_V4.3.1, FP-SNS-MOTENV1_V4.3.2, FP-SNS-SMARTAG2_V1.2.0, I-CUBE-ITTIADB_V8.6.3-1, STM32Cube_FW_C0_V1.1.0, STM32Cube_FW_F4_V1.27.1, STM32Cube_FW_F7_V1.17.0, STM32Cube_FW_G0_V1.6.1, STM32Cube_FW_G4_V1.5.1, STM32Cube_FW_H5_V0.5.1, STM32Cube_FW_H5_V1.1.1, STM32Cube_FW_H7_V1.11.0, STM32Cube_FW_L0_V1.12.2, STM32Cube_FW_L5_V1.5.0, STM32Cube_FW_U5_V1.3.0, STM32Cube_FW_U5_V1.3.0RC4, STM32Cube_FW_WBA_V1.0.0RC1, STM32Cube_FW_WBA_V1.1.0RC1, STM32Cube_FW_WBA_V1.1.1, STM32Cube_FW_WB_V1.15.0RC1, STM32Cube_FW_WB_V1.16.0, STM32Cube_FW_WB_V1.16.0RC2, STM32Cube_FW_WB_V1.17.3, STM32Cube_FW_WL_V1.3.0, X-CUBE-ALGOBUILD_V1.3.0, X-CUBE-ALS_V1.0.1, X-CUBE-AZRTOS-F4_V1.1.0, X-CUBE-AZRTOS-F7_V1.1.0, X-CUBE-AZRTOS-G0_V1.1.0, X-CUBE-AZRTOS-G4_V2.0.0, X-CUBE-AZRTOS-H7_V3.1.0, X-CUBE-AZRTOS-L4_V1.0.0, X-CUBE-AZRTOS-L4_V2.0.0, X-CUBE-AZRTOS-L5_V1.1.0, X-CUBE-AZRTOS-WB_V2.0.0, X-CUBE-AZRTOS-WL_V2.0.0, X-CUBE-BLE1_V7.0.0, X-CUBE-BLE2_V3.3.0, X-CUBE-BLEMGR_V2.0.0, X-CUBE-EEPRMA1_V4.1.0, X-CUBE-FREERTOS_V1.1.0, X-CUBE-GNSS1_V6.0.0, X-CUBE-MEMS1_V10.0.0, X-CUBE-MEMS1_V9.1.0, X-CUBE-MEMS1_V9.4.0, X-CUBE-MEMS1_V9.6.0, X-CUBE-NFC4_V3.0.0, X-CUBE-NFC7_V1.0.1, X-CUBE-SFXS2LP1_V4.0.0, X-CUBE-SUBG2_V5.0.0, X-CUBE-TOF1_V3.3.1]
2023-10-26 17:03:29,962 [INFO] DbBoardsSqlite:226 - include board P-NUCLEO-WB55-NUCLEO as a kit item of type 'Nucleo-64'
2023-10-26 17:03:29,962 [INFO] DbBoardsSqlite:226 - include board P-NUCLEO-WB55-USBDONGLE as a kit item of type 'Nucleo USB Dongle'
2023-10-26 17:03:29,963 [INFO] DbBoardsSqlite:226 - include board STEVAL-IDP005V1 as a kit item of type 'Evaluation Board'
2023-10-26 17:03:29,964 [INFO] DbBoardsSqlite:226 - include board STEVAL-IDP005V2 as a kit item of type 'Evaluation Board'
2023-10-26 17:03:30,380 [INFO] ApiDb:240 - Found 323 in-development CPN: [B-G473E-ZEST1S, B-WB1M-WPAN1, B-WL5M-SUBG1, NUCLEO-C031C6, NUCLEO-H503RB, NUCLEO-H563ZI, NUCLEO-U545RE-Q, NUCLEO-U5A5ZJ-Q, NUCLEO-WBA52CG, STEVAL-PROTEUS1, STEVAL-SMARTAG2, STEVAL-STWINBX1, STM320518-EVAL, STM32C0116-DK, STM32C011D6Y3TR, STM32C011D6Y6TR, STM32C011F4P3, STM32C011F4P6, STM32C011F4U3, STM32C011F4U6TR, STM32C011F6P3, STM32C011F6P6, STM32C011F6U3, STM32C011F6U6TR, STM32C011J4M3, STM32C011J4M6, STM32C011J6M3, STM32C011J6M6, STM32C0316-DK, STM32C031C4T3, STM32C031C4T6, STM32C031C4U3, STM32C031C4U6, STM32C031C6T3, STM32C031C6T6, STM32C031C6U3, STM32C031C6U6, STM32C031F4P3, STM32C031F4P6, STM32C031F6P3, STM32C031F6P6, STM32C031G4U3, STM32C031G4U6, STM32C031G6U3, STM32C031G6U6, STM32C031K4T3, STM32C031K4T6, STM32C031K4U3, STM32C031K4U6, STM32C031K6T3, STM32C031K6T6, STM32C031K6U3, STM32C031K6U6, STM32G071K8TXN, STM32G071K8UXN, STM32G081GBU6N, STM32G081KBT6N, STM32G081KBUXN, STM32G0B1CCT6N, STM32G0B1KCT6, STM32G0B1NEY6TR, STM32G0B1RCT6N, STM32G0C1CCT6, STM32G0C1CCT6N, STM32G0C1CCU6N, STM32G0C1CET6N, STM32G0C1CEU6N, STM32G0C1KCT6, STM32G0C1NEY6TR, STM32G0C1RCI6N, STM32G0C1RCT6N, STM32G0C1REI6N, STM32G0C1RET6N, STM32G0C1VCI6, STM32G0C1VEI6, STM32G471CCT6, STM32G471CCU6, STM32G471CET3, STM32G471CET6, STM32G471CEU3, STM32G471CEU6, STM32G471MCT6, STM32G471MET3, STM32G471MET6, STM32G471MEY6TR, STM32G471QCT6, STM32G471QET3, STM32G471RCT6, STM32G471RET3, STM32G471RET6, STM32G471VCH6, STM32G471VCI6, STM32G471VCT6, STM32G471VEH3, STM32G471VEH6, STM32G471VEI3, STM32G471VEI6, STM32G471VET3, STM32G471VET6, STM32G474CCT6, STM32H503CBT6, STM32H503CBU6, STM32H503EBY6TR, STM32H503KBU6, STM32H503RBT6, STM32H562AGI6, STM32H562AII6, STM32H562IGK6, STM32H562IGT6, STM32H562IIK6, STM32H562IIT6, STM32H562RGT6, STM32H562RGV6, STM32H562RIT6, STM32H562RIV6, STM32H562VGT6, STM32H562VIT6, STM32H562ZGT6, STM32H562ZIT6, STM32H563AGI6, STM32H563AII3Q, STM32H563AII6, STM32H563IGK6, STM32H563IGT6, STM32H563IIK3Q, STM32H563IIK6, STM32H563IIT3Q, STM32H563IIT6, STM32H563MIY3QTR, STM32H563RGT6, STM32H563RGV6, STM32H563RIT6, STM32H563RIV6, STM32H563VGT6, STM32H563VIT3Q, STM32H563VIT6, STM32H563ZGT6, STM32H563ZIT3Q, STM32H563ZIT6, STM32H573AII3Q, STM32H573AII6, STM32H573I-DK, STM32H573IIK3Q, STM32H573IIK6, STM32H573IIT3Q, STM32H573IIT6, STM32H573MIY3QTR, STM32H573RIT6, STM32H573RIV6, STM32H573VIT3Q, STM32H573VIT6, STM32H573ZIT3Q, STM32H573ZIT6, STM32L4R5QGI6STR, STM32MP131AAE3, STM32MP131AAF3, STM32MP131AAG3, STM32MP131CAE3, STM32MP131CAF3, STM32MP131CAG3, STM32MP131DAE7, STM32MP131DAF7, STM32MP131DAG7, STM32MP131FAE7, STM32MP131FAF7, STM32MP131FAG7, STM32MP133AAE3, STM32MP133AAF3, STM32MP133AAG3, STM32MP133CAE3, STM32MP133CAF3, STM32MP133CAG3, STM32MP133DAE7, STM32MP133DAF7, STM32MP133DAG7, STM32MP133FAE7, STM32MP133FAF7, STM32MP133FAG7, STM32MP135AAE3, STM32MP135AAF3, STM32MP135AAG3, STM32MP135CAE3, STM32MP135CAF3, STM32MP135CAG3, STM32MP135DAE7, STM32MP135DAF7, STM32MP135DAG7, STM32MP135F-DK, STM32MP135FAE7, STM32MP135FAF7, STM32MP135FAF7T, STM32MP135FAF7U, STM32MP135FAG7, STM32U535CBT6, STM32U535CBT6Q, STM32U535CBU6, STM32U535CBU6Q, STM32U535CCT6, STM32U535CCT6Q, STM32U535CCU6, STM32U535CCU6Q, STM32U535CET6, STM32U535CET6Q, STM32U535CEU6, STM32U535CEU6Q, STM32U535JEY6QTR, STM32U535NCY6QTR, STM32U535NEY6QTR, STM32U535RBI6, STM32U535RBI6Q, STM32U535RBT6, STM32U535RBT6Q, STM32U535RCI6, STM32U535RCI6Q, STM32U535RCT6, STM32U535RCT6Q, STM32U535REI6, STM32U535REI6Q, STM32U535RET6, STM32U535RET6Q, STM32U535VCI6, STM32U535VCI6Q, STM32U535VCT6, STM32U535VCT6Q, STM32U535VEI6, STM32U535VEI6Q, STM32U535VET6, STM32U535VET6Q, STM32U545CET6, STM32U545CET6Q, STM32U545CEU6, STM32U545CEU6Q, STM32U545JEY6QTR, STM32U545NEY6QTR, STM32U545REI6, STM32U545REI6Q, STM32U545RET6, STM32U545RET6Q, STM32U545VEI6, STM32U545VEI6Q, STM32U545VET6, STM32U545VET6Q, STM32U595AIH6, STM32U595AIH6Q, STM32U595AJH6, STM32U595AJH6Q, STM32U595QII6, STM32U595QII6Q, STM32U595QJI6, STM32U595QJI6Q, STM32U595RIT6, STM32U595RIT6Q, STM32U595RJT6, STM32U595RJT6Q, STM32U595VIT6, STM32U595VIT6Q, STM32U595VJT6, STM32U595VJT6Q, STM32U595ZIT6, STM32U595ZIT6Q, STM32U595ZIY6QTR, STM32U595ZJT6, STM32U595ZJT6Q, STM32U595ZJY6QTR, STM32U599BJY6QTR, STM32U599NIH6Q, STM32U599NJH6Q, STM32U599VIT6Q, STM32U599VJT6, STM32U599VJT6Q, STM32U599ZIT6Q, STM32U599ZIY6QTR, STM32U599ZJT6Q, STM32U599ZJY6QTR, STM32U5A5AJH6, STM32U5A5AJH6Q, STM32U5A5QJI6, STM32U5A5QJI6Q, STM32U5A5RJT6, STM32U5A5RJT6Q, STM32U5A5VJT6, STM32U5A5VJT6Q, STM32U5A5ZJT6, STM32U5A5ZJT6Q, STM32U5A5ZJY6QTR, STM32U5A9BJY6QTR, STM32U5A9J-DK, STM32U5A9NJH6Q, STM32U5A9VJT6Q, STM32U5A9ZJT6Q, STM32U5A9ZJY6QTR, STM32U5F7VIT6, STM32U5F7VIT6Q, STM32U5F7VJT6, STM32U5F7VJT6Q, STM32U5F9BJY6QTR, STM32U5F9NJH6Q, STM32U5F9VIT6Q, STM32U5F9VJT6Q, STM32U5F9ZIJ6QTR, STM32U5F9ZIT6Q, STM32U5F9ZJJ6QTR, STM32U5F9ZJT6Q, STM32U5G7VJT6, STM32U5G7VJT6Q, STM32U5G9BJY6QTR, STM32U5G9J-DK1, STM32U5G9J-DK2, STM32U5G9NJH6Q, STM32U5G9VJT6Q, STM32U5G9ZJJ6QTR, STM32U5G9ZJT6Q, STM32WB1MMCH6, STM32WBA52CEU6, STM32WBA52CEU6T, STM32WBA52CGU6, STM32WBA52CGU6T, STM32WBA52KEU6, STM32WBA52KEU6T, STM32WBA52KGU6, STM32WBA52KGU6T, STM32WL5MOCH6, STM32WL5MOCH6TR]
2023-10-26 17:03:30,625 [INFO] BoardInfo:880 - No configuration file found for board P-NUCLEO-WB55
2023-10-26 17:03:30,625 [INFO] DbBoards:157 - Kit is not supported: P-NUCLEO-WB55
2023-10-26 17:03:30,630 [INFO] BoardInfo:880 - No configuration file found for board STEVAL-BFA001V1B
2023-10-26 17:03:30,630 [INFO] DbBoards:157 - Kit is not supported: STEVAL-BFA001V1B
2023-10-26 17:03:30,631 [INFO] BoardInfo:880 - No configuration file found for board STEVAL-BFA001V2B
2023-10-26 17:03:30,631 [INFO] DbBoards:157 - Kit is not supported: STEVAL-BFA001V2B
2023-10-26 17:03:30,753 [INFO] DbBoards:161 - Found 190 boards, 187 are supported
2023-10-26 17:03:30,758 [INFO] ApiDb:668 - CubeFinder database Data Model version=2.1
2023-10-26 17:03:30,758 [INFO] ApiDb:669 - CubeFinder database Configuration version=3.0.37
2023-10-26 17:03:30,758 [INFO] ApiDb:670 - CubeFinder database generation date=2023-10-13 (1697197505)
2023-10-26 17:03:30,758 [INFO] ApiDb:671 - CubeFinder database FW Pack versions=[FP-ATR-ASTRA1_V2.0.0, FP-SNS-FLIGHT1_V5.0.1, FP-SNS-FLIGHT1_V5.0.2, FP-SNS-MOTENV1_V4.3.1, FP-SNS-MOTENV1_V4.3.2, FP-SNS-SMARTAG2_V1.2.0, I-CUBE-ITTIADB_V8.6.3-1, STM32Cube_FW_C0_V1.1.0, STM32Cube_FW_F4_V1.27.1, STM32Cube_FW_F7_V1.17.0, STM32Cube_FW_G0_V1.6.1, STM32Cube_FW_G4_V1.5.1, STM32Cube_FW_H5_V0.5.1, STM32Cube_FW_H5_V1.1.1, STM32Cube_FW_H7_V1.11.0, STM32Cube_FW_L0_V1.12.2, STM32Cube_FW_L5_V1.5.0, STM32Cube_FW_U5_V1.3.0, STM32Cube_FW_U5_V1.3.0RC4, STM32Cube_FW_WBA_V1.0.0RC1, STM32Cube_FW_WBA_V1.1.0RC1, STM32Cube_FW_WBA_V1.1.1, STM32Cube_FW_WB_V1.15.0RC1, STM32Cube_FW_WB_V1.16.0, STM32Cube_FW_WB_V1.16.0RC2, STM32Cube_FW_WB_V1.17.3, STM32Cube_FW_WL_V1.3.0, X-CUBE-ALGOBUILD_V1.3.0, X-CUBE-ALS_V1.0.1, X-CUBE-AZRTOS-F4_V1.1.0, X-CUBE-AZRTOS-F7_V1.1.0, X-CUBE-AZRTOS-G0_V1.1.0, X-CUBE-AZRTOS-G4_V2.0.0, X-CUBE-AZRTOS-H7_V3.1.0, X-CUBE-AZRTOS-L4_V1.0.0, X-CUBE-AZRTOS-L4_V2.0.0, X-CUBE-AZRTOS-L5_V1.1.0, X-CUBE-AZRTOS-WB_V2.0.0, X-CUBE-AZRTOS-WL_V2.0.0, X-CUBE-BLE1_V7.0.0, X-CUBE-BLE2_V3.3.0, X-CUBE-BLEMGR_V2.0.0, X-CUBE-EEPRMA1_V4.1.0, X-CUBE-FREERTOS_V1.1.0, X-CUBE-GNSS1_V6.0.0, X-CUBE-MEMS1_V10.0.0, X-CUBE-MEMS1_V9.1.0, X-CUBE-MEMS1_V9.4.0, X-CUBE-MEMS1_V9.6.0, X-CUBE-NFC4_V3.0.0, X-CUBE-NFC7_V1.0.1, X-CUBE-SFXS2LP1_V4.0.0, X-CUBE-SUBG2_V5.0.0, X-CUBE-TOF1_V3.3.1]
2023-10-26 17:03:32,583 [INFO] ApiDb:240 - Found 323 in-development CPN: [B-G473E-ZEST1S, B-WB1M-WPAN1, B-WL5M-SUBG1, NUCLEO-C031C6, NUCLEO-H503RB, NUCLEO-H563ZI, NUCLEO-U545RE-Q, NUCLEO-U5A5ZJ-Q, NUCLEO-WBA52CG, STEVAL-PROTEUS1, STEVAL-SMARTAG2, STEVAL-STWINBX1, STM320518-EVAL, STM32C0116-DK, STM32C011D6Y3TR, STM32C011D6Y6TR, STM32C011F4P3, STM32C011F4P6, STM32C011F4U3, STM32C011F4U6TR, STM32C011F6P3, STM32C011F6P6, STM32C011F6U3, STM32C011F6U6TR, STM32C011J4M3, STM32C011J4M6, STM32C011J6M3, STM32C011J6M6, STM32C0316-DK, STM32C031C4T3, STM32C031C4T6, STM32C031C4U3, STM32C031C4U6, STM32C031C6T3, STM32C031C6T6, STM32C031C6U3, STM32C031C6U6, STM32C031F4P3, STM32C031F4P6, STM32C031F6P3, STM32C031F6P6, STM32C031G4U3, STM32C031G4U6, STM32C031G6U3, STM32C031G6U6, STM32C031K4T3, STM32C031K4T6, STM32C031K4U3, STM32C031K4U6, STM32C031K6T3, STM32C031K6T6, STM32C031K6U3, STM32C031K6U6, STM32G071K8TXN, STM32G071K8UXN, STM32G081GBU6N, STM32G081KBT6N, STM32G081KBUXN, STM32G0B1CCT6N, STM32G0B1KCT6, STM32G0B1NEY6TR, STM32G0B1RCT6N, STM32G0C1CCT6, STM32G0C1CCT6N, STM32G0C1CCU6N, STM32G0C1CET6N, STM32G0C1CEU6N, STM32G0C1KCT6, STM32G0C1NEY6TR, STM32G0C1RCI6N, STM32G0C1RCT6N, STM32G0C1REI6N, STM32G0C1RET6N, STM32G0C1VCI6, STM32G0C1VEI6, STM32G471CCT6, STM32G471CCU6, STM32G471CET3, STM32G471CET6, STM32G471CEU3, STM32G471CEU6, STM32G471MCT6, STM32G471MET3, STM32G471MET6, STM32G471MEY6TR, STM32G471QCT6, STM32G471QET3, STM32G471RCT6, STM32G471RET3, STM32G471RET6, STM32G471VCH6, STM32G471VCI6, STM32G471VCT6, STM32G471VEH3, STM32G471VEH6, STM32G471VEI3, STM32G471VEI6, STM32G471VET3, STM32G471VET6, STM32G474CCT6, STM32H503CBT6, STM32H503CBU6, STM32H503EBY6TR, STM32H503KBU6, STM32H503RBT6, STM32H562AGI6, STM32H562AII6, STM32H562IGK6, STM32H562IGT6, STM32H562IIK6, STM32H562IIT6, STM32H562RGT6, STM32H562RGV6, STM32H562RIT6, STM32H562RIV6, STM32H562VGT6, STM32H562VIT6, STM32H562ZGT6, STM32H562ZIT6, STM32H563AGI6, STM32H563AII3Q, STM32H563AII6, STM32H563IGK6, STM32H563IGT6, STM32H563IIK3Q, STM32H563IIK6, STM32H563IIT3Q, STM32H563IIT6, STM32H563MIY3QTR, STM32H563RGT6, STM32H563RGV6, STM32H563RIT6, STM32H563RIV6, STM32H563VGT6, STM32H563VIT3Q, STM32H563VIT6, STM32H563ZGT6, STM32H563ZIT3Q, STM32H563ZIT6, STM32H573AII3Q, STM32H573AII6, STM32H573I-DK, STM32H573IIK3Q, STM32H573IIK6, STM32H573IIT3Q, STM32H573IIT6, STM32H573MIY3QTR, STM32H573RIT6, STM32H573RIV6, STM32H573VIT3Q, STM32H573VIT6, STM32H573ZIT3Q, STM32H573ZIT6, STM32L4R5QGI6STR, STM32MP131AAE3, STM32MP131AAF3, STM32MP131AAG3, STM32MP131CAE3, STM32MP131CAF3, STM32MP131CAG3, STM32MP131DAE7, STM32MP131DAF7, STM32MP131DAG7, STM32MP131FAE7, STM32MP131FAF7, STM32MP131FAG7, STM32MP133AAE3, STM32MP133AAF3, STM32MP133AAG3, STM32MP133CAE3, STM32MP133CAF3, STM32MP133CAG3, STM32MP133DAE7, STM32MP133DAF7, STM32MP133DAG7, STM32MP133FAE7, STM32MP133FAF7, STM32MP133FAG7, STM32MP135AAE3, STM32MP135AAF3, STM32MP135AAG3, STM32MP135CAE3, STM32MP135CAF3, STM32MP135CAG3, STM32MP135DAE7, STM32MP135DAF7, STM32MP135DAG7, STM32MP135F-DK, STM32MP135FAE7, STM32MP135FAF7, STM32MP135FAF7T, STM32MP135FAF7U, STM32MP135FAG7, STM32U535CBT6, STM32U535CBT6Q, STM32U535CBU6, STM32U535CBU6Q, STM32U535CCT6, STM32U535CCT6Q, STM32U535CCU6, STM32U535CCU6Q, STM32U535CET6, STM32U535CET6Q, STM32U535CEU6, STM32U535CEU6Q, STM32U535JEY6QTR, STM32U535NCY6QTR, STM32U535NEY6QTR, STM32U535RBI6, STM32U535RBI6Q, STM32U535RBT6, STM32U535RBT6Q, STM32U535RCI6, STM32U535RCI6Q, STM32U535RCT6, STM32U535RCT6Q, STM32U535REI6, STM32U535REI6Q, STM32U535RET6, STM32U535RET6Q, STM32U535VCI6, STM32U535VCI6Q, STM32U535VCT6, STM32U535VCT6Q, STM32U535VEI6, STM32U535VEI6Q, STM32U535VET6, STM32U535VET6Q, STM32U545CET6, STM32U545CET6Q, STM32U545CEU6, STM32U545CEU6Q, STM32U545JEY6QTR, STM32U545NEY6QTR, STM32U545REI6, STM32U545REI6Q, STM32U545RET6, STM32U545RET6Q, STM32U545VEI6, STM32U545VEI6Q, STM32U545VET6, STM32U545VET6Q, STM32U595AIH6, STM32U595AIH6Q, STM32U595AJH6, STM32U595AJH6Q, STM32U595QII6, STM32U595QII6Q, STM32U595QJI6, STM32U595QJI6Q, STM32U595RIT6, STM32U595RIT6Q, STM32U595RJT6, STM32U595RJT6Q, STM32U595VIT6, STM32U595VIT6Q, STM32U595VJT6, STM32U595VJT6Q, STM32U595ZIT6, STM32U595ZIT6Q, STM32U595ZIY6QTR, STM32U595ZJT6, STM32U595ZJT6Q, STM32U595ZJY6QTR, STM32U599BJY6QTR, STM32U599NIH6Q, STM32U599NJH6Q, STM32U599VIT6Q, STM32U599VJT6, STM32U599VJT6Q, STM32U599ZIT6Q, STM32U599ZIY6QTR, STM32U599ZJT6Q, STM32U599ZJY6QTR, STM32U5A5AJH6, STM32U5A5AJH6Q, STM32U5A5QJI6, STM32U5A5QJI6Q, STM32U5A5RJT6, STM32U5A5RJT6Q, STM32U5A5VJT6, STM32U5A5VJT6Q, STM32U5A5ZJT6, STM32U5A5ZJT6Q, STM32U5A5ZJY6QTR, STM32U5A9BJY6QTR, STM32U5A9J-DK, STM32U5A9NJH6Q, STM32U5A9VJT6Q, STM32U5A9ZJT6Q, STM32U5A9ZJY6QTR, STM32U5F7VIT6, STM32U5F7VIT6Q, STM32U5F7VJT6, STM32U5F7VJT6Q, STM32U5F9BJY6QTR, STM32U5F9NJH6Q, STM32U5F9VIT6Q, STM32U5F9VJT6Q, STM32U5F9ZIJ6QTR, STM32U5F9ZIT6Q, STM32U5F9ZJJ6QTR, STM32U5F9ZJT6Q, STM32U5G7VJT6, STM32U5G7VJT6Q, STM32U5G9BJY6QTR, STM32U5G9J-DK1, STM32U5G9J-DK2, STM32U5G9NJH6Q, STM32U5G9VJT6Q, STM32U5G9ZJJ6QTR, STM32U5G9ZJT6Q, STM32WB1MMCH6, STM32WBA52CEU6, STM32WBA52CEU6T, STM32WBA52CGU6, STM32WBA52CGU6T, STM32WBA52KEU6, STM32WBA52KEU6T, STM32WBA52KGU6, STM32WBA52KGU6T, STM32WL5MOCH6, STM32WL5MOCH6TR]
2023-10-26 17:03:32,586 [INFO] DbMcus:217 - Found 3848 MCUs, 3848 are supported
2023-10-26 17:03:32,586 [INFO] ApiDb:423 - Load user favorites file C:\Users\E-AY/.stm32cubeide/favorites.mcus.txt: 0 item(s)
2023-10-26 17:03:32,586 [INFO] ApiDb:427 - User favorites MCUs=[]
2023-10-26 17:03:32,586 [INFO] DbMcus:223 - Set 0 / 0 favorites MCUs
2023-10-26 17:03:32,884 [INFO] ApiDb:423 - Load user favorites file C:\Users\E-AY/.stm32cubeide/favorites.boards.txt: 1 item(s)
2023-10-26 17:03:32,885 [INFO] ApiDb:427 - User favorites Boards=[STM32F407G-DISC1]
2023-10-26 17:03:32,885 [INFO] DbBoards:190 - Set 1 / 1 favorites Boards
2023-10-26 17:03:32,885 [INFO] McuFinderGlobals:76 - Set McuFinderConnectedMode to true
2023-10-26 17:03:32,893 [INFO] MultiScanPanel:200 - Auto-refresh data requested => check proxy status ongoing
2023-10-26 17:03:32,897 [INFO] FinderPluginLoader:95 - Searching for filters in installed packs
2023-10-26 17:03:34,812 [INFO] LoadUrlFilesThread:185 - End of LoadServerUrlFiles without Thread
2023-10-26 17:03:34,829 [INFO] DetailPanel:341 - Set advertising image to C:/Users/E-AY/STM32Cube/Repository/\en.prom-stm32h5-mcu-finder.jpg
2023-10-26 17:03:39,739 [INFO] McuFinderGlobals:76 - Set McuFinderConnectedMode to true
2023-10-26 17:03:40,236 [INFO] ApiDb:448 - Save user favorites file C:\Users\E-AY/.stm32cubeide/favorites.mcus.txt: 0 item(s)
2023-10-26 17:03:40,236 [INFO] ApiDb:452 - User favorites MCUs=[]
2023-10-26 19:22:53,384 [ERROR] LogOutputStream:75 - [STDERR_REDIRECT] 
