2023-10-30 13:48:05,415 [INFO] Activator:176 - 


2023-10-30 13:48:05,427 [INFO] Activator:177 - !SESSION log4j initialized
2023-10-30 13:48:09,849 [INFO] LogOutputStream:77 - [STDOUT_REDIRECT] 
2023-10-30 13:48:15,688 [INFO] ApplicationProperties:184 - Using Application install path: C:\ST\STM32CubeIDE_1.13.2\STM32CubeIDE\plugins\com.st.stm32cube.common.mx_6.9.2.202309101412
2023-10-30 13:48:15,714 [INFO] DbMcusXml:78 - Set database path to: C:\ST\STM32CubeIDE_1.13.2\STM32CubeIDE\plugins\com.st.stm32cube.common.mx_6.9.2.202309101412\\db\/mcu/
2023-10-30 13:48:15,714 [INFO] ApiDb:274 - Set plugin database path to: C:\ST\STM32CubeIDE_1.13.2\STM32CubeIDE\plugins\com.st.stm32cube.common.mx_6.9.2.202309101412\\db\/plugins/boardmanager/
2023-10-30 13:48:15,715 [WARN] ApiDb:259 - Overriding images path with different value:  => C:\ST\STM32CubeIDE_1.13.2\STM32CubeIDE\plugins\com.st.stm32cube.common.mx_6.9.2.202309101412\\db\/plugins/mcufinder/images/
2023-10-30 13:48:15,731 [INFO] ApiDb:250 - Set database path to: C:\Users\E-AY\.stmcufinder\plugins\mcufinder//mcu/
2023-10-30 13:48:15,732 [INFO] DbMcusAds:125 - Set database path to: C:\Users\E-AY\.stmcufinder\plugins\mcufinder//mcu/
2023-10-30 13:48:15,735 [INFO] CrossReferenceDbSqlite:203 - Set database path to: C:\Users\E-AY\.stmcufinder\plugins\mcufinder//mcu/cs/
2023-10-30 13:48:15,920 [INFO] RulesReader:64 - Compatibility file has been processed (293 Rules)
2023-10-30 13:48:16,057 [INFO] DbMcusXml:78 - Set database path to: C:\ST\STM32CubeIDE_1.13.2\STM32CubeIDE\plugins\com.st.stm32cube.common.mx_6.9.2.202309101412\\db\/mcu/
2023-10-30 13:48:16,057 [INFO] ApiDb:274 - Set plugin database path to: C:\ST\STM32CubeIDE_1.13.2\STM32CubeIDE\plugins\com.st.stm32cube.common.mx_6.9.2.202309101412\\db\/plugins/boardmanager/
2023-10-30 13:48:16,057 [INFO] ApiDb:261 - Set plugin images path to: C:\ST\STM32CubeIDE_1.13.2\STM32CubeIDE\plugins\com.st.stm32cube.common.mx_6.9.2.202309101412\\db\/plugins/mcufinder/images/
2023-10-30 13:48:16,057 [WARN] DbFile:41 - Overriding database path with different value: C:\Users\E-AY\.stmcufinder\plugins\mcufinder/ => C:\Users\E-AY\.stmcufinder\plugins\mcufinder
2023-10-30 13:48:16,057 [INFO] ApiDb:250 - Set database path to: C:\Users\E-AY\.stmcufinder\plugins\mcufinder//mcu/
2023-10-30 13:48:16,057 [WARN] DbFile:41 - Overriding database path with different value: C:\Users\E-AY\.stmcufinder\plugins\mcufinder/ => C:\Users\E-AY\.stmcufinder\plugins\mcufinder
2023-10-30 13:48:16,057 [INFO] DbMcusAds:125 - Set database path to: C:\Users\E-AY\.stmcufinder\plugins\mcufinder//mcu/
2023-10-30 13:48:16,059 [WARN] DbFile:41 - Overriding database path with different value: C:\Users\E-AY\.stmcufinder\plugins\mcufinder/ => C:\Users\E-AY\.stmcufinder\plugins\mcufinder
2023-10-30 13:48:16,059 [WARN] DbFile:41 - Overriding database path with different value: C:\Users\E-AY\.stmcufinder\plugins\mcufinder/ => C:\Users\E-AY\.stmcufinder\plugins\mcufinder
2023-10-30 13:48:16,059 [INFO] CrossReferenceDbSqlite:203 - Set database path to: C:\Users\E-AY\.stmcufinder\plugins\mcufinder//mcu/cs/
2023-10-30 13:48:16,196 [INFO] MainPanel:262 - HeapMemory: 268435456
2023-10-30 13:48:16,325 [INFO] DbMcusXml:78 - Set database path to: C:\ST\STM32CubeIDE_1.13.2\STM32CubeIDE\plugins\com.st.stm32cube.common.mx_6.9.2.202309101412\\db\/mcu/
2023-10-30 13:48:16,325 [INFO] ApiDb:274 - Set plugin database path to: C:\ST\STM32CubeIDE_1.13.2\STM32CubeIDE\plugins\com.st.stm32cube.common.mx_6.9.2.202309101412\\db\/plugins/boardmanager/
2023-10-30 13:48:16,325 [INFO] ApiDb:261 - Set plugin images path to: C:\ST\STM32CubeIDE_1.13.2\STM32CubeIDE\plugins\com.st.stm32cube.common.mx_6.9.2.202309101412\\db\/plugins/mcufinder/images/
2023-10-30 13:48:16,326 [WARN] DbFile:41 - Overriding database path with different value: C:\Users\E-AY\.stmcufinder\plugins\mcufinder/ => C:\Users\E-AY\.stmcufinder\plugins\mcufinder
2023-10-30 13:48:16,326 [INFO] ApiDb:250 - Set database path to: C:\Users\E-AY\.stmcufinder\plugins\mcufinder//mcu/
2023-10-30 13:48:16,326 [WARN] DbFile:41 - Overriding database path with different value: C:\Users\E-AY\.stmcufinder\plugins\mcufinder/ => C:\Users\E-AY\.stmcufinder\plugins\mcufinder
2023-10-30 13:48:16,327 [INFO] DbMcusAds:125 - Set database path to: C:\Users\E-AY\.stmcufinder\plugins\mcufinder//mcu/
2023-10-30 13:48:16,327 [WARN] DbFile:41 - Overriding database path with different value: C:\Users\E-AY\.stmcufinder\plugins\mcufinder/ => C:\Users\E-AY\.stmcufinder\plugins\mcufinder
2023-10-30 13:48:16,327 [WARN] DbFile:41 - Overriding database path with different value: C:\Users\E-AY\.stmcufinder\plugins\mcufinder/ => C:\Users\E-AY\.stmcufinder\plugins\mcufinder
2023-10-30 13:48:16,327 [INFO] CrossReferenceDbSqlite:203 - Set database path to: C:\Users\E-AY\.stmcufinder\plugins\mcufinder//mcu/cs/
2023-10-30 13:48:16,358 [INFO] ApplicationProperties:184 - Using Application install path: C:\ST\STM32CubeIDE_1.13.2\STM32CubeIDE\plugins\com.st.stm32cube.common.mx_6.9.2.202309101412
2023-10-30 13:48:16,360 [INFO] PluginManage:196 - Search for loadable plugins [exclusion list=, ]
2023-10-30 13:48:16,362 [INFO] PluginManage:310 - Check plugin analytics
2023-10-30 13:48:16,735 [INFO] AnalyticsPlugin:253 - Accepted Software Licenses: 
2023-10-30 13:48:16,736 [INFO] AnalyticsPlugin:255 - Accepted CMSIS Pack Licenses: 
2023-10-30 13:48:16,736 [INFO] AnalyticsPlugin:257 - Accepted Firmware Licenses: 
2023-10-30 13:48:16,739 [INFO] PluginManage:359 - Loaded plugin analytics (category:tool,tabindex:-1)
2023-10-30 13:48:16,739 [INFO] PluginManage:310 - Check plugin cadmodel
2023-10-30 13:48:16,756 [INFO] CADModel:105 - Init CAD model plugin
2023-10-30 13:48:16,757 [INFO] PluginManage:359 - Loaded plugin cadmodel (category:power,tabindex:5)
2023-10-30 13:48:16,757 [INFO] PluginManage:310 - Check plugin clock
2023-10-30 13:48:16,780 [INFO] PluginManage:359 - Loaded plugin clock (category:base,tabindex:2)
2023-10-30 13:48:16,780 [INFO] PluginManage:310 - Check plugin ddr
2023-10-30 13:48:16,783 [INFO] PluginManage:359 - Loaded plugin ddr (category:tool,tabindex:6)
2023-10-30 13:48:16,783 [INFO] PluginManage:310 - Check plugin filemanager
2023-10-30 13:48:16,962 [INFO] PluginManage:359 - Loaded plugin filemanager (category:base,tabindex:10)
2023-10-30 13:48:16,962 [INFO] PluginManage:310 - Check plugin ipmanager
2023-10-30 13:48:16,973 [INFO] PluginManage:359 - Loaded plugin ipmanager (category:base,tabindex:5)
2023-10-30 13:48:16,974 [INFO] PluginManage:310 - Check plugin lpbam
2023-10-30 13:48:16,993 [INFO] PluginManage:359 - Loaded plugin lpbam (category:base,tabindex:0)
2023-10-30 13:48:16,994 [INFO] PluginManage:310 - Check plugin memorymap
2023-10-30 13:48:17,031 [INFO] PluginManage:359 - Loaded plugin memorymap (category:base,tabindex:4)
2023-10-30 13:48:17,031 [INFO] PluginManage:310 - Check plugin pinoutandconfiguration
2023-10-30 13:48:17,057 [INFO] PluginManage:359 - Loaded plugin pinoutandconfiguration (category:base,tabindex:1)
2023-10-30 13:48:17,057 [INFO] PluginManage:310 - Check plugin pinoutconfig
2023-10-30 13:48:17,194 [WARN] SupportedApi:132 - Cannot load RTOS API schema: s4s-elt-must-match.1: The content of 'definitions' must match (annotation?, (simpleType | complexType)?, (unique | key | keyref)*)). A problem was found starting at: attribute.
2023-10-30 13:48:17,386 [INFO] PluginManage:359 - Loaded plugin pinoutconfig (category:base,tabindex:0)
2023-10-30 13:48:17,386 [INFO] PluginManage:310 - Check plugin power
2023-10-30 13:48:17,414 [INFO] PluginManage:359 - Loaded plugin power (category:power,tabindex:4)
2023-10-30 13:48:17,414 [INFO] PluginManage:310 - Check plugin projectmanager
2023-10-30 13:48:17,436 [INFO] PluginManage:359 - Loaded plugin projectmanager (category:projectmanager,tabindex:3)
2023-10-30 13:48:17,436 [INFO] PluginManage:310 - Check plugin thirdparty
2023-10-30 13:48:17,791 [INFO] PluginManage:359 - Loaded plugin thirdparty (category:base,tabindex:-1)
2023-10-30 13:48:17,792 [INFO] PluginManage:310 - Check plugin tools
2023-10-30 13:48:17,791 [WARN] IntegrityCheckThread:84 - waiting for thirdparty lock release [integrity check]
2023-10-30 13:48:17,792 [INFO] IntegrityCheckThread:86 - entering critical section [integrity check]
2023-10-30 13:48:17,793 [INFO] ThirdPartyUpdaterWithRetryManager:70 - Updater plugin not ready yet. [1/15]
2023-10-30 13:48:17,833 [INFO] PluginManage:359 - Loaded plugin tools (category:base,tabindex:7)
2023-10-30 13:48:17,834 [INFO] PluginManage:310 - Check plugin tutovideos
2023-10-30 13:48:18,119 [INFO] PluginManage:359 - Loaded plugin tutovideos (category:base,tabindex:-1)
2023-10-30 13:48:18,120 [INFO] PluginManage:310 - Check plugin updater
2023-10-30 13:48:18,135 [INFO] PluginManage:359 - Loaded plugin updater (category:base,tabindex:12)
2023-10-30 13:48:18,135 [INFO] PluginManage:310 - Check plugin userauth
2023-10-30 13:48:18,141 [INFO] UserAuth:113 - Init User Auth plugin
2023-10-30 13:48:18,141 [INFO] PluginManage:359 - Loaded plugin userauth (category:base,tabindex:14)
2023-10-30 13:48:18,142 [INFO] PluginManage:283 - PluginManage : Loaded plugins [17]
2023-10-30 13:48:18,472 [INFO] PinOutPanel:1499 - setPackage(No Configuration,No Configuration)
2023-10-30 13:48:18,639 [INFO] CADModel:165 - CPN selected for project level
2023-10-30 13:48:18,639 [INFO] CADModel:114 - Register for checkConnection events
2023-10-30 13:48:18,674 [INFO] IPUIPlugin:80 - create IPUIPlugin
2023-10-30 13:48:18,674 [INFO] PluginManager:220 - loadIPPluginJar : add adc
2023-10-30 13:48:18,726 [INFO] IPUIPlugin:80 - create IPUIPlugin
2023-10-30 13:48:18,726 [INFO] PluginManager:220 - loadIPPluginJar : add aes
2023-10-30 13:48:18,786 [INFO] IPUIPlugin:80 - create IPUIPlugin
2023-10-30 13:48:18,786 [INFO] PluginManager:220 - loadIPPluginJar : add can
2023-10-30 13:48:18,817 [INFO] IPUIPlugin:80 - create IPUIPlugin
2023-10-30 13:48:18,817 [INFO] PluginManager:220 - loadIPPluginJar : add comp
2023-10-30 13:48:18,860 [INFO] IPUIPlugin:80 - create IPUIPlugin
2023-10-30 13:48:18,860 [INFO] PluginManager:220 - loadIPPluginJar : add cryp
2023-10-30 13:48:18,906 [INFO] IPUIPlugin:80 - create IPUIPlugin
2023-10-30 13:48:18,906 [INFO] PluginManager:220 - loadIPPluginJar : add dfsdm
2023-10-30 13:48:18,923 [INFO] IPUIPlugin:80 - create IPUIPlugin
2023-10-30 13:48:18,924 [INFO] PluginManager:220 - loadIPPluginJar : add dma
2023-10-30 13:48:18,977 [INFO] IPUIPlugin:80 - create IPUIPlugin
2023-10-30 13:48:18,977 [INFO] PluginManager:220 - loadIPPluginJar : add dma3
2023-10-30 13:48:19,002 [INFO] IPUIPlugin:80 - create IPUIPlugin
2023-10-30 13:48:19,002 [INFO] PluginManager:220 - loadIPPluginJar : add fatfs
2023-10-30 13:48:19,062 [INFO] IPUIPlugin:80 - create IPUIPlugin
2023-10-30 13:48:19,063 [INFO] PluginManager:220 - loadIPPluginJar : add fmc
2023-10-30 13:48:19,083 [INFO] IPUIPlugin:80 - create IPUIPlugin
2023-10-30 13:48:19,083 [INFO] PluginManager:220 - loadIPPluginJar : add freertos
2023-10-30 13:48:19,107 [INFO] IPUIPlugin:80 - create IPUIPlugin
2023-10-30 13:48:19,107 [INFO] PluginManager:220 - loadIPPluginJar : add genericplugin
2023-10-30 13:48:19,222 [INFO] IPUIPlugin:80 - create IPUIPlugin
2023-10-30 13:48:19,222 [INFO] PluginManager:220 - loadIPPluginJar : add gfxmmu
2023-10-30 13:48:19,379 [INFO] IPUIPlugin:80 - create IPUIPlugin
2023-10-30 13:48:19,379 [INFO] PluginManager:220 - loadIPPluginJar : add gic
2023-10-30 13:48:19,394 [INFO] IPUIPlugin:80 - create IPUIPlugin
2023-10-30 13:48:19,395 [INFO] PluginManager:220 - loadIPPluginJar : add gpio
2023-10-30 13:48:19,507 [INFO] IPUIPlugin:80 - create IPUIPlugin
2023-10-30 13:48:19,507 [INFO] PluginManager:220 - loadIPPluginJar : add gtzc
2023-10-30 13:48:19,545 [INFO] IPUIPlugin:80 - create IPUIPlugin
2023-10-30 13:48:19,545 [INFO] PluginManager:220 - loadIPPluginJar : add hash
2023-10-30 13:48:19,614 [INFO] IPUIPlugin:80 - create IPUIPlugin
2023-10-30 13:48:19,615 [INFO] PluginManager:220 - loadIPPluginJar : add i2c
2023-10-30 13:48:19,660 [INFO] IPUIPlugin:80 - create IPUIPlugin
2023-10-30 13:48:19,661 [INFO] PluginManager:220 - loadIPPluginJar : add i2s
2023-10-30 13:48:19,709 [INFO] IPUIPlugin:80 - create IPUIPlugin
2023-10-30 13:48:19,709 [INFO] PluginManager:220 - loadIPPluginJar : add i3c
2023-10-30 13:48:19,836 [INFO] IPUIPlugin:80 - create IPUIPlugin
2023-10-30 13:48:19,837 [INFO] PluginManager:220 - loadIPPluginJar : add ipddr
2023-10-30 13:48:19,942 [INFO] IPUIPlugin:80 - create IPUIPlugin
2023-10-30 13:48:19,943 [INFO] PluginManager:220 - loadIPPluginJar : add linkedlist
2023-10-30 13:48:19,982 [INFO] IPUIPlugin:80 - create IPUIPlugin
2023-10-30 13:48:19,982 [INFO] PluginManager:220 - loadIPPluginJar : add lorawan
2023-10-30 13:48:20,024 [INFO] IPUIPlugin:80 - create IPUIPlugin
2023-10-30 13:48:20,024 [INFO] PluginManager:220 - loadIPPluginJar : add ltdc
2023-10-30 13:48:20,041 [INFO] IPUIPlugin:80 - create IPUIPlugin
2023-10-30 13:48:20,041 [INFO] PluginManager:220 - loadIPPluginJar : add mdma
2023-10-30 13:48:20,057 [INFO] IPUIPlugin:80 - create IPUIPlugin
2023-10-30 13:48:20,057 [INFO] PluginManager:220 - loadIPPluginJar : add nvic
2023-10-30 13:48:20,098 [INFO] IPUIPlugin:80 - create IPUIPlugin
2023-10-30 13:48:20,099 [INFO] PluginManager:220 - loadIPPluginJar : add opamp
2023-10-30 13:48:20,166 [INFO] IPUIPlugin:80 - create IPUIPlugin
2023-10-30 13:48:20,167 [INFO] PluginManager:220 - loadIPPluginJar : add openamp
2023-10-30 13:48:20,215 [INFO] IPUIPlugin:80 - create IPUIPlugin
2023-10-30 13:48:20,215 [INFO] PluginManager:220 - loadIPPluginJar : add pdm2pcm
2023-10-30 13:48:20,232 [INFO] IPUIPlugin:80 - create IPUIPlugin
2023-10-30 13:48:20,235 [INFO] PluginManager:220 - loadIPPluginJar : add plateformsettings
2023-10-30 13:48:20,259 [INFO] IPUIPlugin:80 - create IPUIPlugin
2023-10-30 13:48:20,259 [INFO] PluginManager:220 - loadIPPluginJar : add quadspi
2023-10-30 13:48:20,274 [INFO] IPUIPlugin:80 - create IPUIPlugin
2023-10-30 13:48:20,274 [INFO] PluginManager:220 - loadIPPluginJar : add resmgrutility
2023-10-30 13:48:20,330 [INFO] IPUIPlugin:80 - create IPUIPlugin
2023-10-30 13:48:20,330 [INFO] PluginManager:220 - loadIPPluginJar : add sai
2023-10-30 13:48:20,372 [INFO] IPUIPlugin:80 - create IPUIPlugin
2023-10-30 13:48:20,372 [INFO] PluginManager:220 - loadIPPluginJar : add spi
2023-10-30 13:48:20,441 [INFO] IPUIPlugin:80 - create IPUIPlugin
2023-10-30 13:48:20,441 [INFO] PluginManager:220 - loadIPPluginJar : add stm32_wpan
2023-10-30 13:48:20,467 [INFO] IPUIPlugin:80 - create IPUIPlugin
2023-10-30 13:48:20,468 [INFO] PluginManager:220 - loadIPPluginJar : add tim
2023-10-30 13:48:20,533 [INFO] IPUIPlugin:80 - create IPUIPlugin
2023-10-30 13:48:20,533 [INFO] PluginManager:220 - loadIPPluginJar : add touchsensing
2023-10-30 13:48:20,558 [INFO] IPUIPlugin:80 - create IPUIPlugin
2023-10-30 13:48:20,559 [INFO] PluginManager:220 - loadIPPluginJar : add tracer_emb
2023-10-30 13:48:20,585 [INFO] IPUIPlugin:80 - create IPUIPlugin
2023-10-30 13:48:20,585 [INFO] PluginManager:220 - loadIPPluginJar : add ts
2023-10-30 13:48:20,609 [INFO] IPUIPlugin:80 - create IPUIPlugin
2023-10-30 13:48:20,610 [INFO] PluginManager:220 - loadIPPluginJar : add tsc
2023-10-30 13:48:20,635 [INFO] IPUIPlugin:80 - create IPUIPlugin
2023-10-30 13:48:20,635 [INFO] PluginManager:220 - loadIPPluginJar : add ucpd
2023-10-30 13:48:20,685 [INFO] IPUIPlugin:80 - create IPUIPlugin
2023-10-30 13:48:20,685 [INFO] PluginManager:220 - loadIPPluginJar : add usart
2023-10-30 13:48:20,736 [INFO] IPUIPlugin:80 - create IPUIPlugin
2023-10-30 13:48:20,736 [INFO] PluginManager:220 - loadIPPluginJar : add usbx
2023-10-30 13:48:20,805 [INFO] ThirdPartyUpdaterWithRetryManager:70 - Updater plugin not ready yet. [2/15]
2023-10-30 13:48:20,884 [INFO] CADModel:165 - CPN selected for project level
2023-10-30 13:48:20,884 [INFO] CADModel:114 - Register for checkConnection events
2023-10-30 13:48:20,885 [FATAL] Updater:308 - Updater called before beeing initialized
2023-10-30 13:48:20,885 [ERROR] CADModel:125 - Updater not yet initialized, retry later 
2023-10-30 13:48:21,077 [INFO] CADModel:165 - CPN selected for project level
2023-10-30 13:48:21,077 [INFO] CADModel:114 - Register for checkConnection events
2023-10-30 13:48:21,077 [FATAL] Updater:308 - Updater called before beeing initialized
2023-10-30 13:48:21,077 [ERROR] CADModel:125 - Updater not yet initialized, retry later 
2023-10-30 13:48:21,082 [FATAL] Updater:308 - Updater called before beeing initialized
2023-10-30 13:48:21,213 [FATAL] Updater:308 - Updater called before beeing initialized
2023-10-30 13:48:21,226 [INFO] DbMcusAds:53 - JSON generation date=Tue Mar 07 11:50:55 TRT 2023 (1678179055114)
2023-10-30 13:48:21,226 [FATAL] Updater:308 - Updater called before beeing initialized
2023-10-30 13:48:21,337 [WARN] DetailPanel:346 - Failed to get advertising image, set to default
2023-10-30 13:48:21,472 [FATAL] Updater:308 - Updater called before beeing initialized
2023-10-30 13:48:21,474 [FATAL] Updater:308 - Updater called before beeing initialized
2023-10-30 13:48:21,474 [FATAL] Updater:308 - Updater called before beeing initialized
2023-10-30 13:48:21,474 [WARN] DetailPanel:346 - Failed to get advertising image, set to default
2023-10-30 13:48:21,475 [FATAL] Updater:308 - Updater called before beeing initialized
2023-10-30 13:48:21,558 [ERROR] Updater:1120 - MainUpdater not yet initialized. External WinMGr cannot be set.
2023-10-30 13:48:21,570 [INFO] Updater:1056 - Updater Version found : 6.9.2
2023-10-30 13:48:21,590 [INFO] ApplicationProperties:184 - Using Application install path: C:\ST\STM32CubeIDE_1.13.2\STM32CubeIDE\plugins\com.st.stm32cube.common.mx_6.9.2.202309101412
2023-10-30 13:48:21,739 [INFO] MainUpdater:2868 - connection check result : 10
2023-10-30 13:48:21,740 [INFO] MainUpdater:3562 - Updater definition file requires update
2023-10-30 13:48:21,741 [INFO] MainUpdater:285 - Updater Check For Update Now.
2023-10-30 13:48:21,742 [INFO] MicroXplorer:498 - Change Database Version : DB.6.0.92
2023-10-30 13:48:21,763 [INFO] McuFinderGlobals:63 - Set McuFinder mode to 2 (CubeIDE integrated)
2023-10-30 13:48:21,763 [INFO] UserAuth:179 - activating auth plugin
2023-10-30 13:48:21,766 [INFO] UserAuth:393 - Internet connection configuration mode: 1
2023-10-30 13:48:21,774 [INFO] ServerAccessManage:473 - Download File updaters.zip
2023-10-30 13:48:21,813 [INFO] JxBrowserEngine:151 - Initiate JxBrowser Engine with user profile folder
2023-10-30 13:48:22,074 [INFO] FileExtend:240 - Unzip File : updaters.zip
2023-10-30 13:48:22,075 [INFO] FileExtend:255 - Standard Zip Deflate
2023-10-30 13:48:22,743 [INFO] ServerAccessManage:473 - Download File PacksControlFlags.xml
2023-10-30 13:48:22,919 [INFO] ServerAccessManage:473 - Download File cubemx.pidx
2023-10-30 13:48:23,197 [INFO] LoadServerUpdatesThread:373 - End of LoadServerUpdate Thread
2023-10-30 13:48:23,517 [INFO] CheckServerUpdateThread:120 - End of CheckServer Thread
2023-10-30 13:48:24,044 [WARN] PackLoader:240 - Cannot read IP mode file for STMicroelectronics.X-CUBE-SMBUS.2.1.0
2023-10-30 13:48:24,117 [WARN] PackLoader:240 - Cannot read IP mode file for STMicroelectronics.X-CUBE-AZRTOS-F7.1.1.0
2023-10-30 13:48:24,153 [WARN] PackLoader:240 - Cannot read IP mode file for STMicroelectronics.FP-SNS-MOTENV1.4.3.2
2023-10-30 13:48:24,175 [WARN] PackLoader:240 - Cannot read IP mode file for STMicroelectronics.FP-SNS-FLIGHT1.5.0.2
2023-10-30 13:48:24,204 [WARN] PackLoader:240 - Cannot read IP mode file for STMicroelectronics.X-CUBE-DISPLAY.3.0.0
2023-10-30 13:48:24,236 [WARN] PackLoader:240 - Cannot read IP mode file for STMicroelectronics.X-CUBE-BLE1.7.0.0
2023-10-30 13:48:24,254 [WARN] PackLoader:240 - Cannot read IP mode file for emotas.I-CUBE-CANOPEN.1.3.0
2023-10-30 13:48:24,282 [INFO] LogOutputStream:77 - [STDOUT_REDIRECT] 1 : Invalid condition id : UX_CORESTACK_Condition cause : null
2023-10-30 13:48:24,283 [INFO] LogOutputStream:77 - [STDOUT_REDIRECT] 1 : Invalid condition id : UX_CORESTACK_Condition cause : null
2023-10-30 13:48:24,287 [INFO] LogOutputStream:77 - [STDOUT_REDIRECT] 1 : Invalid condition id : UX_CORESTACK_Condition cause : null
2023-10-30 13:48:24,289 [INFO] LogOutputStream:77 - [STDOUT_REDIRECT] 1 : Invalid condition id : UX_CORESTACK_Condition cause : null
2023-10-30 13:48:24,294 [INFO] LogOutputStream:77 - [STDOUT_REDIRECT] 1 : Invalid condition id : UX_CORESTACK_Condition cause : null
2023-10-30 13:48:24,301 [WARN] PackLoader:240 - Cannot read IP mode file for STMicroelectronics.X-CUBE-AZRTOS-WL.2.0.0
2023-10-30 13:48:24,327 [WARN] PackLoader:240 - Cannot read IP mode file for WES.I-CUBE-Cesium.1.3.0
2023-10-30 13:48:24,346 [WARN] PackLoader:240 - Cannot read IP mode file for STMicroelectronics.X-CUBE-BLE2.3.3.0
2023-10-30 13:48:24,365 [WARN] PackLoader:240 - Cannot read IP mode file for STMicroelectronics.X-CUBE-ALGOBUILD.1.3.0
2023-10-30 13:48:24,409 [WARN] PackLoader:240 - Cannot read IP mode file for STMicroelectronics.X-CUBE-AZRTOS-G0.1.1.0
2023-10-30 13:48:24,437 [WARN] PackLoader:240 - Cannot read IP mode file for STMicroelectronics.X-CUBE-NFC4.3.0.0
2023-10-30 13:48:24,453 [WARN] PackLoader:240 - Cannot read IP mode file for STMicroelectronics.FP-ATR-SIGFOX1.3.2.0
2023-10-30 13:48:24,519 [WARN] PackLoader:240 - Cannot read IP mode file for SEGGER.I-CUBE-embOS.1.3.1
2023-10-30 13:48:24,644 [WARN] PackLoader:240 - Cannot read IP mode file for STMicroelectronics.X-CUBE-GNSS1.6.0.0
2023-10-30 13:48:24,709 [WARN] PackLoader:240 - Cannot read IP mode file for STMicroelectronics.X-CUBE-AZRTOS-F4.1.1.0
2023-10-30 13:48:24,779 [WARN] PackLoader:240 - Cannot read IP mode file for STMicroelectronics.X-CUBE-AZRTOS-L5.2.0.0
2023-10-30 13:48:24,899 [WARN] PackLoader:240 - Cannot read IP mode file for STMicroelectronics.X-CUBE-MEMS1.9.6.0
2023-10-30 13:48:25,200 [WARN] PackLoader:240 - Cannot read IP mode file for STMicroelectronics.X-CUBE-EEPRMA1.4.2.0
2023-10-30 13:48:25,221 [WARN] PackLoader:240 - Cannot read IP mode file for ITTIA_DB.I-CUBE-ITTIADB.8.8.0
2023-10-30 13:48:25,247 [WARN] PackLoader:240 - Cannot read IP mode file for STMicroelectronics.X-CUBE-BLEMGR.2.0.0
2023-10-30 13:48:25,293 [WARN] ConditionMgr:438 - getConditionDescription Invalid condition id : UX DEVICE CLASS RTOS Condition cause : null
2023-10-30 13:48:25,293 [WARN] ConditionMgr:438 - getConditionDescription Invalid condition id : UX DEVICE CLASS RTOS Condition cause : null
2023-10-30 13:48:25,299 [WARN] PackLoader:240 - Cannot read IP mode file for STMicroelectronics.X-CUBE-AZRTOS-H7.3.1.0
2023-10-30 13:48:25,300 [WARN] ConditionMgr:1039 - genDependencies : Invalid condition id : UX DEVICE CLASS RTOS Condition cause : null
2023-10-30 13:48:25,300 [WARN] ConditionMgr:1039 - genDependencies : Invalid condition id : UX DEVICE CLASS RTOS Condition cause : null
2023-10-30 13:48:25,301 [WARN] ConditionMgr:1039 - genDependencies : Invalid condition id : UX DEVICE CLASS RTOS Condition cause : null
2023-10-30 13:48:25,302 [WARN] ConditionMgr:1039 - genDependencies : Invalid condition id : UX DEVICE CLASS RTOS Condition cause : null
2023-10-30 13:48:25,302 [WARN] ConditionMgr:1039 - genDependencies : Invalid condition id : UX DEVICE CLASS RTOS Condition cause : null
2023-10-30 13:48:25,319 [WARN] PackLoader:240 - Cannot read IP mode file for STMicroelectronics.X-CUBE-NFC7.1.0.1
2023-10-30 13:48:25,340 [WARN] PackLoader:240 - Cannot read IP mode file for STMicroelectronics.X-CUBE-EEPRMA1.4.1.0
2023-10-30 13:48:25,409 [WARN] PackLoader:240 - Cannot read IP mode file for STMicroelectronics.X-CUBE-AI.8.1.0
2023-10-30 13:48:25,456 [WARN] ConditionMgr:438 - getConditionDescription Invalid condition id : LAN8742 Phy interface Condition cause : null
2023-10-30 13:48:25,457 [WARN] PackLoader:240 - Cannot read IP mode file for STMicroelectronics.X-CUBE-AZRTOS-L4.2.0.0
2023-10-30 13:48:25,459 [WARN] ConditionMgr:1039 - genDependencies : Invalid condition id : LAN8742 Phy interface Condition cause : null
2023-10-30 13:48:25,459 [WARN] ConditionMgr:1039 - genDependencies : Invalid condition id : LAN8742 Phy interface Condition cause : null
2023-10-30 13:48:25,460 [WARN] ConditionMgr:1039 - genDependencies : Invalid condition id : LAN8742 Phy interface Condition cause : null
2023-10-30 13:48:25,485 [WARN] PackLoader:240 - Cannot read IP mode file for STMicroelectronics.X-CUBE-SFXS2LP1.4.0.0
2023-10-30 13:48:25,511 [WARN] PackLoader:240 - Cannot read IP mode file for STMicroelectronics.X-CUBE-ISPU.1.1.0
2023-10-30 13:48:25,663 [WARN] ConditionMgr:438 - getConditionDescription Invalid condition id : UX DEVICE CLASS RTOS Condition cause : null
2023-10-30 13:48:25,663 [WARN] ConditionMgr:438 - getConditionDescription Invalid condition id : UX DEVICE CLASS RTOS Condition cause : null
2023-10-30 13:48:25,666 [WARN] PackLoader:240 - Cannot read IP mode file for STMicroelectronics.X-CUBE-AZRTOS-WB.2.0.0
2023-10-30 13:48:25,667 [WARN] ConditionMgr:1039 - genDependencies : Invalid condition id : UX DEVICE CLASS RTOS Condition cause : null
2023-10-30 13:48:25,667 [WARN] ConditionMgr:1039 - genDependencies : Invalid condition id : UX DEVICE CLASS RTOS Condition cause : null
2023-10-30 13:48:25,667 [WARN] ConditionMgr:1039 - genDependencies : Invalid condition id : UX DEVICE CLASS RTOS Condition cause : null
2023-10-30 13:48:25,667 [WARN] ConditionMgr:1039 - genDependencies : Invalid condition id : UX DEVICE CLASS RTOS Condition cause : null
2023-10-30 13:48:25,667 [WARN] ConditionMgr:1039 - genDependencies : Invalid condition id : UX DEVICE CLASS RTOS Condition cause : null
2023-10-30 13:48:25,694 [WARN] PackLoader:240 - Cannot read IP mode file for STMicroelectronics.X-CUBE-SUBG2.5.0.0
2023-10-30 13:48:25,734 [WARN] PackLoader:240 - Cannot read IP mode file for STMicroelectronics.X-CUBE-TOF1.3.3.1
2023-10-30 13:48:25,799 [WARN] PackLoader:240 - Cannot read IP mode file for STMicroelectronics.X-CUBE-AZRTOS-G4.2.0.0
2023-10-30 13:48:25,841 [WARN] PackLoader:240 - Cannot read IP mode file for Infineon.AIROC-Wi-Fi-Bluetooth-STM32.1.5.1
2023-10-30 13:48:25,935 [WARN] PackLoader:240 - Cannot read IP mode file for STMicroelectronics.X-CUBE-MEMS1.10.0.0
2023-10-30 13:48:26,149 [WARN] PackLoader:240 - Cannot read IP mode file for STMicroelectronics.X-CUBE-FREERTOS.1.1.0
2023-10-30 13:48:26,176 [WARN] PackLoader:240 - Cannot read IP mode file for portGmbH.I-Cube-SoM-uGOAL.1.1.0
2023-10-30 13:48:26,224 [WARN] PackLoader:240 - Cannot read IP mode file for STMicroelectronics.X-CUBE-ALS.1.0.1
2023-10-30 13:48:26,246 [WARN] PackLoader:240 - Cannot read IP mode file for STMicroelectronics.FP-ATR-ASTRA1.2.0.0
2023-10-30 13:48:26,248 [INFO] ThirdParty:978 - Integrity check success = true
2023-10-30 13:48:26,248 [INFO] IntegrityCheckThread:100 - exiting critical section [integrity check]
2023-10-30 13:48:26,248 [INFO] IntegrityCheckThread:103 - End integrity checks thread
2023-10-30 13:48:26,606 [INFO] WebApp:157 - Instantiating new browser for Auth
2023-10-30 13:48:27,495 [INFO] WebApp:753 - Register for checkConnection events
2023-10-30 13:48:27,496 [INFO] WebApp:390 - Apply proxy settings
2023-10-30 13:48:27,496 [INFO] WebApp:475 - Chromium requires no authentication
2023-10-30 13:48:27,511 [INFO] WebApp:418 - Direct internet connection detected
2023-10-30 13:48:27,747 [INFO] WebApp:188 - Starting web application
2023-10-30 13:48:27,747 [INFO] WebApp:520 - Web application path used C:\ST\STM32CubeIDE_1.13.2\STM32CubeIDE\plugins\com.st.stm32cube.common.mx_6.9.2.202309101412\db\plugins\mcufinder\reactClient1\index.html
2023-10-30 13:48:48,931 [ERROR] LogOutputStream:75 - [STDERR_REDIRECT] SLF4J: Failed to load class "org.slf4j.impl.StaticLoggerBinder".
2023-10-30 13:48:48,932 [ERROR] LogOutputStream:75 - [STDERR_REDIRECT] SLF4J: Defaulting to no-operation (NOP) logger implementation
2023-10-30 13:48:48,934 [ERROR] LogOutputStream:75 - [STDERR_REDIRECT] SLF4J: See http://www.slf4j.org/codes.html#StaticLoggerBinder for further details.
2023-10-30 19:01:02,714 [ERROR] LogOutputStream:75 - [STDERR_REDIRECT] 
