2024-01-03 16:59:18,762 [INFO] Activator:176 - 


2024-01-03 16:59:18,774 [INFO] Activator:177 - !SESSION log4j initialized
2024-01-03 16:59:26,999 [INFO] LogOutputStream:77 - [STDOUT_REDIRECT] 
2024-01-03 16:59:32,694 [INFO] ApplicationProperties:184 - Using Application install path: C:\ST\STM32CubeIDE_1.13.2\STM32CubeIDE\plugins\com.st.stm32cube.common.mx_6.9.2.202309101412
2024-01-03 16:59:32,741 [INFO] DbMcusXml:78 - Set database path to: C:\ST\STM32CubeIDE_1.13.2\STM32CubeIDE\plugins\com.st.stm32cube.common.mx_6.9.2.202309101412\\db\/mcu/
2024-01-03 16:59:32,741 [INFO] ApiDb:274 - Set plugin database path to: C:\ST\STM32CubeIDE_1.13.2\STM32CubeIDE\plugins\com.st.stm32cube.common.mx_6.9.2.202309101412\\db\/plugins/boardmanager/
2024-01-03 16:59:32,741 [WARN] ApiDb:259 - Overriding images path with different value:  => C:\ST\STM32CubeIDE_1.13.2\STM32CubeIDE\plugins\com.st.stm32cube.common.mx_6.9.2.202309101412\\db\/plugins/mcufinder/images/
2024-01-03 16:59:32,779 [INFO] ApiDb:250 - Set database path to: C:\Users\E-AY\.stmcufinder\plugins\mcufinder//mcu/
2024-01-03 16:59:32,779 [INFO] DbMcusAds:125 - Set database path to: C:\Users\E-AY\.stmcufinder\plugins\mcufinder//mcu/
2024-01-03 16:59:32,779 [INFO] CrossReferenceDbSqlite:203 - Set database path to: C:\Users\E-AY\.stmcufinder\plugins\mcufinder//mcu/cs/
2024-01-03 16:59:33,119 [INFO] RulesReader:64 - Compatibility file has been processed (293 Rules)
2024-01-03 16:59:33,384 [INFO] DbMcusXml:78 - Set database path to: C:\ST\STM32CubeIDE_1.13.2\STM32CubeIDE\plugins\com.st.stm32cube.common.mx_6.9.2.202309101412\\db\/mcu/
2024-01-03 16:59:33,384 [INFO] ApiDb:274 - Set plugin database path to: C:\ST\STM32CubeIDE_1.13.2\STM32CubeIDE\plugins\com.st.stm32cube.common.mx_6.9.2.202309101412\\db\/plugins/boardmanager/
2024-01-03 16:59:33,385 [INFO] ApiDb:261 - Set plugin images path to: C:\ST\STM32CubeIDE_1.13.2\STM32CubeIDE\plugins\com.st.stm32cube.common.mx_6.9.2.202309101412\\db\/plugins/mcufinder/images/
2024-01-03 16:59:33,385 [WARN] DbFile:41 - Overriding database path with different value: C:\Users\E-AY\.stmcufinder\plugins\mcufinder/ => C:\Users\E-AY\.stmcufinder\plugins\mcufinder
2024-01-03 16:59:33,386 [INFO] ApiDb:250 - Set database path to: C:\Users\E-AY\.stmcufinder\plugins\mcufinder//mcu/
2024-01-03 16:59:33,387 [WARN] DbFile:41 - Overriding database path with different value: C:\Users\E-AY\.stmcufinder\plugins\mcufinder/ => C:\Users\E-AY\.stmcufinder\plugins\mcufinder
2024-01-03 16:59:33,387 [INFO] DbMcusAds:125 - Set database path to: C:\Users\E-AY\.stmcufinder\plugins\mcufinder//mcu/
2024-01-03 16:59:33,387 [WARN] DbFile:41 - Overriding database path with different value: C:\Users\E-AY\.stmcufinder\plugins\mcufinder/ => C:\Users\E-AY\.stmcufinder\plugins\mcufinder
2024-01-03 16:59:33,388 [WARN] DbFile:41 - Overriding database path with different value: C:\Users\E-AY\.stmcufinder\plugins\mcufinder/ => C:\Users\E-AY\.stmcufinder\plugins\mcufinder
2024-01-03 16:59:33,388 [INFO] CrossReferenceDbSqlite:203 - Set database path to: C:\Users\E-AY\.stmcufinder\plugins\mcufinder//mcu/cs/
2024-01-03 16:59:33,542 [INFO] MainPanel:262 - HeapMemory: 268435456
2024-01-03 16:59:33,746 [INFO] DbMcusXml:78 - Set database path to: C:\ST\STM32CubeIDE_1.13.2\STM32CubeIDE\plugins\com.st.stm32cube.common.mx_6.9.2.202309101412\\db\/mcu/
2024-01-03 16:59:33,746 [INFO] ApiDb:274 - Set plugin database path to: C:\ST\STM32CubeIDE_1.13.2\STM32CubeIDE\plugins\com.st.stm32cube.common.mx_6.9.2.202309101412\\db\/plugins/boardmanager/
2024-01-03 16:59:33,746 [INFO] ApiDb:261 - Set plugin images path to: C:\ST\STM32CubeIDE_1.13.2\STM32CubeIDE\plugins\com.st.stm32cube.common.mx_6.9.2.202309101412\\db\/plugins/mcufinder/images/
2024-01-03 16:59:33,746 [WARN] DbFile:41 - Overriding database path with different value: C:\Users\E-AY\.stmcufinder\plugins\mcufinder/ => C:\Users\E-AY\.stmcufinder\plugins\mcufinder
2024-01-03 16:59:33,762 [INFO] ApiDb:250 - Set database path to: C:\Users\E-AY\.stmcufinder\plugins\mcufinder//mcu/
2024-01-03 16:59:33,762 [WARN] DbFile:41 - Overriding database path with different value: C:\Users\E-AY\.stmcufinder\plugins\mcufinder/ => C:\Users\E-AY\.stmcufinder\plugins\mcufinder
2024-01-03 16:59:33,762 [INFO] DbMcusAds:125 - Set database path to: C:\Users\E-AY\.stmcufinder\plugins\mcufinder//mcu/
2024-01-03 16:59:33,762 [WARN] DbFile:41 - Overriding database path with different value: C:\Users\E-AY\.stmcufinder\plugins\mcufinder/ => C:\Users\E-AY\.stmcufinder\plugins\mcufinder
2024-01-03 16:59:33,762 [WARN] DbFile:41 - Overriding database path with different value: C:\Users\E-AY\.stmcufinder\plugins\mcufinder/ => C:\Users\E-AY\.stmcufinder\plugins\mcufinder
2024-01-03 16:59:33,762 [INFO] CrossReferenceDbSqlite:203 - Set database path to: C:\Users\E-AY\.stmcufinder\plugins\mcufinder//mcu/cs/
2024-01-03 16:59:33,793 [INFO] ApplicationProperties:184 - Using Application install path: C:\ST\STM32CubeIDE_1.13.2\STM32CubeIDE\plugins\com.st.stm32cube.common.mx_6.9.2.202309101412
2024-01-03 16:59:33,809 [INFO] PluginManage:196 - Search for loadable plugins [exclusion list=, ]
2024-01-03 16:59:33,809 [INFO] PluginManage:310 - Check plugin analytics
2024-01-03 16:59:34,232 [INFO] AnalyticsPlugin:253 - Accepted Software Licenses: 
2024-01-03 16:59:34,232 [INFO] AnalyticsPlugin:255 - Accepted CMSIS Pack Licenses: 
2024-01-03 16:59:34,232 [INFO] AnalyticsPlugin:257 - Accepted Firmware Licenses: 
2024-01-03 16:59:34,248 [INFO] PluginManage:359 - Loaded plugin analytics (category:tool,tabindex:-1)
2024-01-03 16:59:34,248 [INFO] PluginManage:310 - Check plugin cadmodel
2024-01-03 16:59:34,281 [INFO] CADModel:105 - Init CAD model plugin
2024-01-03 16:59:34,281 [INFO] PluginManage:359 - Loaded plugin cadmodel (category:power,tabindex:5)
2024-01-03 16:59:34,281 [INFO] PluginManage:310 - Check plugin clock
2024-01-03 16:59:34,311 [INFO] PluginManage:359 - Loaded plugin clock (category:base,tabindex:2)
2024-01-03 16:59:34,326 [INFO] PluginManage:310 - Check plugin ddr
2024-01-03 16:59:34,326 [INFO] PluginManage:359 - Loaded plugin ddr (category:tool,tabindex:6)
2024-01-03 16:59:34,326 [INFO] PluginManage:310 - Check plugin filemanager
2024-01-03 16:59:34,624 [INFO] PluginManage:359 - Loaded plugin filemanager (category:base,tabindex:10)
2024-01-03 16:59:34,624 [INFO] PluginManage:310 - Check plugin ipmanager
2024-01-03 16:59:34,639 [INFO] PluginManage:359 - Loaded plugin ipmanager (category:base,tabindex:5)
2024-01-03 16:59:34,639 [INFO] PluginManage:310 - Check plugin lpbam
2024-01-03 16:59:34,682 [INFO] PluginManage:359 - Loaded plugin lpbam (category:base,tabindex:0)
2024-01-03 16:59:34,682 [INFO] PluginManage:310 - Check plugin memorymap
2024-01-03 16:59:34,733 [INFO] PluginManage:359 - Loaded plugin memorymap (category:base,tabindex:4)
2024-01-03 16:59:34,733 [INFO] PluginManage:310 - Check plugin pinoutandconfiguration
2024-01-03 16:59:34,765 [INFO] PluginManage:359 - Loaded plugin pinoutandconfiguration (category:base,tabindex:1)
2024-01-03 16:59:34,765 [INFO] PluginManage:310 - Check plugin pinoutconfig
2024-01-03 16:59:35,015 [WARN] SupportedApi:132 - Cannot load RTOS API schema: s4s-elt-must-match.1: The content of 'definitions' must match (annotation?, (simpleType | complexType)?, (unique | key | keyref)*)). A problem was found starting at: attribute.
2024-01-03 16:59:35,282 [INFO] PluginManage:359 - Loaded plugin pinoutconfig (category:base,tabindex:0)
2024-01-03 16:59:35,282 [INFO] PluginManage:310 - Check plugin power
2024-01-03 16:59:35,320 [INFO] PluginManage:359 - Loaded plugin power (category:power,tabindex:4)
2024-01-03 16:59:35,320 [INFO] PluginManage:310 - Check plugin projectmanager
2024-01-03 16:59:35,351 [INFO] PluginManage:359 - Loaded plugin projectmanager (category:projectmanager,tabindex:3)
2024-01-03 16:59:35,351 [INFO] PluginManage:310 - Check plugin thirdparty
2024-01-03 16:59:36,006 [INFO] PluginManage:359 - Loaded plugin thirdparty (category:base,tabindex:-1)
2024-01-03 16:59:36,007 [INFO] PluginManage:310 - Check plugin tools
2024-01-03 16:59:36,007 [WARN] IntegrityCheckThread:84 - waiting for thirdparty lock release [integrity check]
2024-01-03 16:59:36,008 [INFO] IntegrityCheckThread:86 - entering critical section [integrity check]
2024-01-03 16:59:36,009 [INFO] ThirdPartyUpdaterWithRetryManager:70 - Updater plugin not ready yet. [1/15]
2024-01-03 16:59:36,100 [INFO] PluginManage:359 - Loaded plugin tools (category:base,tabindex:7)
2024-01-03 16:59:36,101 [INFO] PluginManage:310 - Check plugin tutovideos
2024-01-03 16:59:36,545 [INFO] PluginManage:359 - Loaded plugin tutovideos (category:base,tabindex:-1)
2024-01-03 16:59:36,545 [INFO] PluginManage:310 - Check plugin updater
2024-01-03 16:59:36,561 [INFO] PluginManage:359 - Loaded plugin updater (category:base,tabindex:12)
2024-01-03 16:59:36,561 [INFO] PluginManage:310 - Check plugin userauth
2024-01-03 16:59:36,577 [INFO] UserAuth:113 - Init User Auth plugin
2024-01-03 16:59:36,577 [INFO] PluginManage:359 - Loaded plugin userauth (category:base,tabindex:14)
2024-01-03 16:59:36,577 [INFO] PluginManage:283 - PluginManage : Loaded plugins [17]
2024-01-03 16:59:37,006 [INFO] PinOutPanel:1499 - setPackage(No Configuration,No Configuration)
2024-01-03 16:59:37,243 [INFO] CADModel:165 - CPN selected for project level
2024-01-03 16:59:37,243 [INFO] CADModel:114 - Register for checkConnection events
2024-01-03 16:59:37,290 [INFO] IPUIPlugin:80 - create IPUIPlugin
2024-01-03 16:59:37,290 [INFO] PluginManager:220 - loadIPPluginJar : add adc
2024-01-03 16:59:37,353 [INFO] IPUIPlugin:80 - create IPUIPlugin
2024-01-03 16:59:37,353 [INFO] PluginManager:220 - loadIPPluginJar : add aes
2024-01-03 16:59:37,463 [INFO] IPUIPlugin:80 - create IPUIPlugin
2024-01-03 16:59:37,463 [INFO] PluginManager:220 - loadIPPluginJar : add can
2024-01-03 16:59:37,494 [INFO] IPUIPlugin:80 - create IPUIPlugin
2024-01-03 16:59:37,494 [INFO] PluginManager:220 - loadIPPluginJar : add comp
2024-01-03 16:59:37,557 [INFO] IPUIPlugin:80 - create IPUIPlugin
2024-01-03 16:59:37,557 [INFO] PluginManager:220 - loadIPPluginJar : add cryp
2024-01-03 16:59:37,620 [INFO] IPUIPlugin:80 - create IPUIPlugin
2024-01-03 16:59:37,620 [INFO] PluginManager:220 - loadIPPluginJar : add dfsdm
2024-01-03 16:59:37,652 [INFO] IPUIPlugin:80 - create IPUIPlugin
2024-01-03 16:59:37,652 [INFO] PluginManager:220 - loadIPPluginJar : add dma
2024-01-03 16:59:37,712 [INFO] IPUIPlugin:80 - create IPUIPlugin
2024-01-03 16:59:37,712 [INFO] PluginManager:220 - loadIPPluginJar : add dma3
2024-01-03 16:59:37,743 [INFO] IPUIPlugin:80 - create IPUIPlugin
2024-01-03 16:59:37,743 [INFO] PluginManager:220 - loadIPPluginJar : add fatfs
2024-01-03 16:59:37,837 [INFO] IPUIPlugin:80 - create IPUIPlugin
2024-01-03 16:59:37,837 [INFO] PluginManager:220 - loadIPPluginJar : add fmc
2024-01-03 16:59:37,869 [INFO] IPUIPlugin:80 - create IPUIPlugin
2024-01-03 16:59:37,869 [INFO] PluginManager:220 - loadIPPluginJar : add freertos
2024-01-03 16:59:37,900 [INFO] IPUIPlugin:80 - create IPUIPlugin
2024-01-03 16:59:37,900 [INFO] PluginManager:220 - loadIPPluginJar : add genericplugin
2024-01-03 16:59:38,088 [INFO] IPUIPlugin:80 - create IPUIPlugin
2024-01-03 16:59:38,088 [INFO] PluginManager:220 - loadIPPluginJar : add gfxmmu
2024-01-03 16:59:38,293 [INFO] IPUIPlugin:80 - create IPUIPlugin
2024-01-03 16:59:38,293 [INFO] PluginManager:220 - loadIPPluginJar : add gic
2024-01-03 16:59:38,309 [INFO] IPUIPlugin:80 - create IPUIPlugin
2024-01-03 16:59:38,309 [INFO] PluginManager:220 - loadIPPluginJar : add gpio
2024-01-03 16:59:38,388 [INFO] IPUIPlugin:80 - create IPUIPlugin
2024-01-03 16:59:38,388 [INFO] PluginManager:220 - loadIPPluginJar : add gtzc
2024-01-03 16:59:38,419 [INFO] IPUIPlugin:80 - create IPUIPlugin
2024-01-03 16:59:38,419 [INFO] PluginManager:220 - loadIPPluginJar : add hash
2024-01-03 16:59:38,466 [INFO] IPUIPlugin:80 - create IPUIPlugin
2024-01-03 16:59:38,466 [INFO] PluginManager:220 - loadIPPluginJar : add i2c
2024-01-03 16:59:38,498 [INFO] IPUIPlugin:80 - create IPUIPlugin
2024-01-03 16:59:38,498 [INFO] PluginManager:220 - loadIPPluginJar : add i2s
2024-01-03 16:59:38,544 [INFO] IPUIPlugin:80 - create IPUIPlugin
2024-01-03 16:59:38,544 [INFO] PluginManager:220 - loadIPPluginJar : add i3c
2024-01-03 16:59:38,639 [INFO] IPUIPlugin:80 - create IPUIPlugin
2024-01-03 16:59:38,639 [INFO] PluginManager:220 - loadIPPluginJar : add ipddr
2024-01-03 16:59:38,718 [INFO] IPUIPlugin:80 - create IPUIPlugin
2024-01-03 16:59:38,718 [INFO] PluginManager:220 - loadIPPluginJar : add linkedlist
2024-01-03 16:59:38,755 [INFO] IPUIPlugin:80 - create IPUIPlugin
2024-01-03 16:59:38,755 [INFO] PluginManager:220 - loadIPPluginJar : add lorawan
2024-01-03 16:59:38,778 [INFO] IPUIPlugin:80 - create IPUIPlugin
2024-01-03 16:59:38,778 [INFO] PluginManager:220 - loadIPPluginJar : add ltdc
2024-01-03 16:59:38,794 [INFO] IPUIPlugin:80 - create IPUIPlugin
2024-01-03 16:59:38,794 [INFO] PluginManager:220 - loadIPPluginJar : add mdma
2024-01-03 16:59:38,794 [INFO] IPUIPlugin:80 - create IPUIPlugin
2024-01-03 16:59:38,794 [INFO] PluginManager:220 - loadIPPluginJar : add nvic
2024-01-03 16:59:38,826 [INFO] IPUIPlugin:80 - create IPUIPlugin
2024-01-03 16:59:38,826 [INFO] PluginManager:220 - loadIPPluginJar : add opamp
2024-01-03 16:59:38,873 [INFO] IPUIPlugin:80 - create IPUIPlugin
2024-01-03 16:59:38,873 [INFO] PluginManager:220 - loadIPPluginJar : add openamp
2024-01-03 16:59:38,904 [INFO] IPUIPlugin:80 - create IPUIPlugin
2024-01-03 16:59:38,904 [INFO] PluginManager:220 - loadIPPluginJar : add pdm2pcm
2024-01-03 16:59:38,920 [INFO] IPUIPlugin:80 - create IPUIPlugin
2024-01-03 16:59:38,920 [INFO] PluginManager:220 - loadIPPluginJar : add plateformsettings
2024-01-03 16:59:38,951 [INFO] IPUIPlugin:80 - create IPUIPlugin
2024-01-03 16:59:38,951 [INFO] PluginManager:220 - loadIPPluginJar : add quadspi
2024-01-03 16:59:38,951 [INFO] IPUIPlugin:80 - create IPUIPlugin
2024-01-03 16:59:38,951 [INFO] PluginManager:220 - loadIPPluginJar : add resmgrutility
2024-01-03 16:59:38,998 [INFO] IPUIPlugin:80 - create IPUIPlugin
2024-01-03 16:59:38,998 [INFO] PluginManager:220 - loadIPPluginJar : add sai
2024-01-03 16:59:39,014 [INFO] ThirdPartyUpdaterWithRetryManager:70 - Updater plugin not ready yet. [2/15]
2024-01-03 16:59:39,030 [INFO] IPUIPlugin:80 - create IPUIPlugin
2024-01-03 16:59:39,030 [INFO] PluginManager:220 - loadIPPluginJar : add spi
2024-01-03 16:59:39,077 [INFO] IPUIPlugin:80 - create IPUIPlugin
2024-01-03 16:59:39,077 [INFO] PluginManager:220 - loadIPPluginJar : add stm32_wpan
2024-01-03 16:59:39,093 [INFO] IPUIPlugin:80 - create IPUIPlugin
2024-01-03 16:59:39,093 [INFO] PluginManager:220 - loadIPPluginJar : add tim
2024-01-03 16:59:39,140 [INFO] IPUIPlugin:80 - create IPUIPlugin
2024-01-03 16:59:39,140 [INFO] PluginManager:220 - loadIPPluginJar : add touchsensing
2024-01-03 16:59:39,155 [INFO] IPUIPlugin:80 - create IPUIPlugin
2024-01-03 16:59:39,155 [INFO] PluginManager:220 - loadIPPluginJar : add tracer_emb
2024-01-03 16:59:39,171 [INFO] IPUIPlugin:80 - create IPUIPlugin
2024-01-03 16:59:39,171 [INFO] PluginManager:220 - loadIPPluginJar : add ts
2024-01-03 16:59:39,187 [INFO] IPUIPlugin:80 - create IPUIPlugin
2024-01-03 16:59:39,187 [INFO] PluginManager:220 - loadIPPluginJar : add tsc
2024-01-03 16:59:39,218 [INFO] IPUIPlugin:80 - create IPUIPlugin
2024-01-03 16:59:39,218 [INFO] PluginManager:220 - loadIPPluginJar : add ucpd
2024-01-03 16:59:39,250 [INFO] IPUIPlugin:80 - create IPUIPlugin
2024-01-03 16:59:39,250 [INFO] PluginManager:220 - loadIPPluginJar : add usart
2024-01-03 16:59:39,295 [INFO] IPUIPlugin:80 - create IPUIPlugin
2024-01-03 16:59:39,295 [INFO] PluginManager:220 - loadIPPluginJar : add usbx
2024-01-03 16:59:39,422 [INFO] CADModel:165 - CPN selected for project level
2024-01-03 16:59:39,422 [INFO] CADModel:114 - Register for checkConnection events
2024-01-03 16:59:39,422 [FATAL] Updater:308 - Updater called before beeing initialized
2024-01-03 16:59:39,422 [ERROR] CADModel:125 - Updater not yet initialized, retry later 
2024-01-03 16:59:39,547 [INFO] CADModel:165 - CPN selected for project level
2024-01-03 16:59:39,547 [INFO] CADModel:114 - Register for checkConnection events
2024-01-03 16:59:39,547 [FATAL] Updater:308 - Updater called before beeing initialized
2024-01-03 16:59:39,547 [ERROR] CADModel:125 - Updater not yet initialized, retry later 
2024-01-03 16:59:39,563 [FATAL] Updater:308 - Updater called before beeing initialized
2024-01-03 16:59:39,688 [FATAL] Updater:308 - Updater called before beeing initialized
2024-01-03 16:59:39,688 [INFO] DbMcusAds:53 - JSON generation date=Wed Nov 29 13:52:38 TRT 2023 (1701255158764)
2024-01-03 16:59:39,688 [FATAL] Updater:308 - Updater called before beeing initialized
2024-01-03 16:59:39,787 [WARN] DetailPanel:346 - Failed to get advertising image, set to default
2024-01-03 16:59:39,876 [FATAL] Updater:308 - Updater called before beeing initialized
2024-01-03 16:59:39,887 [FATAL] Updater:308 - Updater called before beeing initialized
2024-01-03 16:59:39,887 [FATAL] Updater:308 - Updater called before beeing initialized
2024-01-03 16:59:39,887 [WARN] DetailPanel:346 - Failed to get advertising image, set to default
2024-01-03 16:59:39,887 [FATAL] Updater:308 - Updater called before beeing initialized
2024-01-03 16:59:39,939 [ERROR] Updater:1120 - MainUpdater not yet initialized. External WinMGr cannot be set.
2024-01-03 16:59:39,954 [INFO] Updater:1056 - Updater Version found : 6.9.2
2024-01-03 16:59:39,970 [INFO] ApplicationProperties:184 - Using Application install path: C:\ST\STM32CubeIDE_1.13.2\STM32CubeIDE\plugins\com.st.stm32cube.common.mx_6.9.2.202309101412
2024-01-03 16:59:40,142 [INFO] MainUpdater:2868 - connection check result : 10
2024-01-03 16:59:40,142 [INFO] MainUpdater:3562 - Updater definition file requires update
2024-01-03 16:59:40,142 [INFO] MainUpdater:285 - Updater Check For Update Now.
2024-01-03 16:59:40,142 [INFO] MicroXplorer:498 - Change Database Version : DB.6.0.92
2024-01-03 16:59:40,174 [INFO] McuFinderGlobals:63 - Set McuFinder mode to 2 (CubeIDE integrated)
2024-01-03 16:59:40,174 [INFO] UserAuth:179 - activating auth plugin
2024-01-03 16:59:40,174 [INFO] UserAuth:393 - Internet connection configuration mode: 1
2024-01-03 16:59:40,190 [INFO] ServerAccessManage:473 - Download File updaters.zip
2024-01-03 16:59:40,205 [INFO] JxBrowserEngine:151 - Initiate JxBrowser Engine with user profile folder
2024-01-03 16:59:40,324 [INFO] FileExtend:240 - Unzip File : updaters.zip
2024-01-03 16:59:40,324 [INFO] FileExtend:255 - Standard Zip Deflate
2024-01-03 16:59:40,974 [INFO] ServerAccessManage:473 - Download File PacksControlFlags.xml
2024-01-03 16:59:41,150 [INFO] ServerAccessManage:473 - Download File cubemx.pidx
2024-01-03 16:59:41,975 [INFO] ServerAccessManage:473 - Download File STMicroelectronics.FP-SNS-MOTENVWB1.pdsc
2024-01-03 16:59:42,022 [WARN] MainUpdater:1189 - Updater busy. Cannot search thirdparties
2024-01-03 16:59:42,022 [INFO] ThirdPartyUpdaterWithRetryManager:96 - Updater plugin is busy. [1/15]
2024-01-03 16:59:42,731 [INFO] ServerAccessManage:473 - Download File STMicroelectronics.X-CUBE-ISPU.pdsc
2024-01-03 16:59:43,447 [INFO] ServerAccessManage:473 - Download File STMicroelectronics.X-CUBE-TOUCHGFX.pdsc
2024-01-03 16:59:44,605 [INFO] ServerAccessManage:473 - Download File STMicroelectronics.X-CUBE-AZRTOS-H7.pdsc
2024-01-03 16:59:44,769 [INFO] WebApp:157 - Instantiating new browser for Auth
2024-01-03 16:59:45,034 [WARN] MainUpdater:1189 - Updater busy. Cannot search thirdparties
2024-01-03 16:59:45,034 [INFO] ThirdPartyUpdaterWithRetryManager:96 - Updater plugin is busy. [2/15]
2024-01-03 16:59:45,698 [INFO] WebApp:753 - Register for checkConnection events
2024-01-03 16:59:45,698 [INFO] WebApp:390 - Apply proxy settings
2024-01-03 16:59:45,698 [INFO] WebApp:475 - Chromium requires no authentication
2024-01-03 16:59:45,709 [INFO] WebApp:418 - Direct internet connection detected
2024-01-03 16:59:46,003 [INFO] WebApp:188 - Starting web application
2024-01-03 16:59:46,003 [INFO] WebApp:520 - Web application path used C:\ST\STM32CubeIDE_1.13.2\STM32CubeIDE\plugins\com.st.stm32cube.common.mx_6.9.2.202309101412\db\plugins\mcufinder\reactClient1\index.html
2024-01-03 16:59:46,303 [ERROR] ServerAccessManage:1096 - Problem, Http access forbiden
2024-01-03 16:59:46,304 [ERROR] ServerAccessManage:651 - Problem, Http access forbiden : RoweBots.I-CUBE-UNISONRTOS.pdsc.
2024-01-03 16:59:46,644 [WARN] PackLoader:240 - Cannot read IP mode file for STMicroelectronics.FP-SNS-MOTENVWB1.1.3.1
2024-01-03 16:59:46,678 [WARN] PackLoader:240 - Cannot read IP mode file for STMicroelectronics.X-CUBE-ISPU.2.0.0
2024-01-03 16:59:46,678 [WARN] PackLoader:240 - Cannot read IP mode file for STMicroelectronics.X-CUBE-TOUCHGFX.4.23.0
2024-01-03 16:59:46,760 [WARN] PackLoader:240 - Cannot read IP mode file for STMicroelectronics.X-CUBE-AZRTOS-H7.3.2.0
2024-01-03 16:59:46,791 [INFO] PopulateThirdPartyThread:66 - Ending populate Thread
2024-01-03 16:59:46,795 [INFO] ThirdParty:1030 - CMSIS Pack Vendor :STMicroelectronics FP-SNS-MOTENVWB1 1.3.1
2024-01-03 16:59:46,795 [INFO] ThirdParty:1030 - CMSIS Pack Vendor :STMicroelectronics X-CUBE-TOUCHGFX 4.23.0
2024-01-03 16:59:46,795 [INFO] ThirdParty:1030 - CMSIS Pack Vendor :STMicroelectronics X-CUBE-AZRTOS-H7 3.2.0
2024-01-03 16:59:46,795 [INFO] ThirdParty:1030 - CMSIS Pack Vendor :STMicroelectronics X-CUBE-ISPU 2.0.0
2024-01-03 16:59:46,795 [INFO] LoadServerUpdatesThread:373 - End of LoadServerUpdate Thread
2024-01-03 16:59:46,854 [INFO] CheckServerUpdateThread:120 - End of CheckServer Thread
2024-01-03 16:59:48,232 [WARN] PackLoader:240 - Cannot read IP mode file for STMicroelectronics.X-CUBE-SMBUS.2.1.0
2024-01-03 16:59:48,249 [WARN] PackLoader:240 - Cannot read IP mode file for STMicroelectronics.X-CUBE-TOUCHGFX.4.23.0
2024-01-03 16:59:48,298 [WARN] PackLoader:240 - Cannot read IP mode file for STMicroelectronics.X-CUBE-AZRTOS-F7.1.1.0
2024-01-03 16:59:48,327 [WARN] PackLoader:240 - Cannot read IP mode file for STMicroelectronics.FP-SNS-MOTENV1.4.3.2
2024-01-03 16:59:48,343 [WARN] PackLoader:240 - Cannot read IP mode file for STMicroelectronics.FP-SNS-FLIGHT1.5.0.2
2024-01-03 16:59:48,374 [WARN] PackLoader:240 - Cannot read IP mode file for STMicroelectronics.X-CUBE-DISPLAY.3.0.0
2024-01-03 16:59:48,406 [WARN] PackLoader:240 - Cannot read IP mode file for STMicroelectronics.X-CUBE-BLE1.7.0.0
2024-01-03 16:59:48,421 [WARN] PackLoader:240 - Cannot read IP mode file for emotas.I-CUBE-CANOPEN.1.3.0
2024-01-03 16:59:48,452 [WARN] PackLoader:240 - Cannot read IP mode file for STMicroelectronics.X-CUBE-TOUCHGFX.4.22.1
2024-01-03 16:59:48,468 [INFO] LogOutputStream:77 - [STDOUT_REDIRECT] 1 : Invalid condition id : UX_CORESTACK_Condition cause : null
2024-01-03 16:59:48,484 [INFO] LogOutputStream:77 - [STDOUT_REDIRECT] 1 : Invalid condition id : UX_CORESTACK_Condition cause : null
2024-01-03 16:59:48,484 [INFO] LogOutputStream:77 - [STDOUT_REDIRECT] 1 : Invalid condition id : UX_CORESTACK_Condition cause : null
2024-01-03 16:59:48,484 [INFO] LogOutputStream:77 - [STDOUT_REDIRECT] 1 : Invalid condition id : UX_CORESTACK_Condition cause : null
2024-01-03 16:59:48,484 [INFO] LogOutputStream:77 - [STDOUT_REDIRECT] 1 : Invalid condition id : UX_CORESTACK_Condition cause : null
2024-01-03 16:59:48,500 [WARN] PackLoader:240 - Cannot read IP mode file for STMicroelectronics.X-CUBE-AZRTOS-WL.2.0.0
2024-01-03 16:59:48,531 [WARN] PackLoader:240 - Cannot read IP mode file for WES.I-CUBE-Cesium.1.3.0
2024-01-03 16:59:48,547 [WARN] PackLoader:240 - Cannot read IP mode file for STMicroelectronics.X-CUBE-BLE2.3.3.0
2024-01-03 16:59:48,578 [WARN] PackLoader:240 - Cannot read IP mode file for STMicroelectronics.X-CUBE-ALGOBUILD.1.3.0
2024-01-03 16:59:48,625 [WARN] PackLoader:240 - Cannot read IP mode file for STMicroelectronics.X-CUBE-AZRTOS-G0.1.1.0
2024-01-03 16:59:48,641 [WARN] PackLoader:240 - Cannot read IP mode file for STMicroelectronics.X-CUBE-NFC4.3.0.0
2024-01-03 16:59:48,672 [WARN] PackLoader:240 - Cannot read IP mode file for STMicroelectronics.X-CUBE-BLEMGR.3.0.0
2024-01-03 16:59:48,688 [WARN] PackLoader:240 - Cannot read IP mode file for STMicroelectronics.FP-ATR-SIGFOX1.3.2.0
2024-01-03 16:59:48,750 [WARN] PackLoader:240 - Cannot read IP mode file for SEGGER.I-CUBE-embOS.1.3.1
2024-01-03 16:59:48,876 [WARN] PackLoader:240 - Cannot read IP mode file for STMicroelectronics.X-CUBE-GNSS1.6.0.0
2024-01-03 16:59:48,923 [WARN] PackLoader:240 - Cannot read IP mode file for STMicroelectronics.X-CUBE-AZRTOS-F4.1.1.0
2024-01-03 16:59:48,970 [WARN] PackLoader:240 - Cannot read IP mode file for STMicroelectronics.X-CUBE-AZRTOS-L5.2.0.0
2024-01-03 16:59:49,044 [WARN] PackLoader:240 - Cannot read IP mode file for STMicroelectronics.X-CUBE-MEMS1.9.6.0
2024-01-03 16:59:49,303 [WARN] PackLoader:240 - Cannot read IP mode file for STMicroelectronics.X-CUBE-EEPRMA1.4.2.0
2024-01-03 16:59:49,336 [WARN] PackLoader:240 - Cannot read IP mode file for ITTIA_DB.I-CUBE-ITTIADB.8.8.0
2024-01-03 16:59:49,359 [WARN] PackLoader:240 - Cannot read IP mode file for STMicroelectronics.X-CUBE-BLEMGR.2.0.0
2024-01-03 16:59:49,415 [WARN] ConditionMgr:438 - getConditionDescription Invalid condition id : UX DEVICE CLASS RTOS Condition cause : null
2024-01-03 16:59:49,415 [WARN] ConditionMgr:438 - getConditionDescription Invalid condition id : UX DEVICE CLASS RTOS Condition cause : null
2024-01-03 16:59:49,415 [WARN] PackLoader:240 - Cannot read IP mode file for STMicroelectronics.X-CUBE-AZRTOS-H7.3.1.0
2024-01-03 16:59:49,427 [WARN] ConditionMgr:1039 - genDependencies : Invalid condition id : UX DEVICE CLASS RTOS Condition cause : null
2024-01-03 16:59:49,428 [WARN] ConditionMgr:1039 - genDependencies : Invalid condition id : UX DEVICE CLASS RTOS Condition cause : null
2024-01-03 16:59:49,430 [WARN] ConditionMgr:1039 - genDependencies : Invalid condition id : UX DEVICE CLASS RTOS Condition cause : null
2024-01-03 16:59:49,432 [WARN] ConditionMgr:1039 - genDependencies : Invalid condition id : UX DEVICE CLASS RTOS Condition cause : null
2024-01-03 16:59:49,432 [WARN] ConditionMgr:1039 - genDependencies : Invalid condition id : UX DEVICE CLASS RTOS Condition cause : null
2024-01-03 16:59:49,449 [WARN] PackLoader:240 - Cannot read IP mode file for STMicroelectronics.X-CUBE-NFC7.1.0.1
2024-01-03 16:59:49,485 [WARN] PackLoader:240 - Cannot read IP mode file for STMicroelectronics.X-CUBE-EEPRMA1.4.1.0
2024-01-03 16:59:49,504 [WARN] PackLoader:240 - Cannot read IP mode file for STMicroelectronics.X-CUBE-AI.8.1.0
2024-01-03 16:59:49,573 [WARN] ConditionMgr:438 - getConditionDescription Invalid condition id : LAN8742 Phy interface Condition cause : null
2024-01-03 16:59:49,573 [WARN] PackLoader:240 - Cannot read IP mode file for STMicroelectronics.X-CUBE-AZRTOS-L4.2.0.0
2024-01-03 16:59:49,576 [WARN] ConditionMgr:1039 - genDependencies : Invalid condition id : LAN8742 Phy interface Condition cause : null
2024-01-03 16:59:49,576 [WARN] ConditionMgr:1039 - genDependencies : Invalid condition id : LAN8742 Phy interface Condition cause : null
2024-01-03 16:59:49,577 [WARN] ConditionMgr:1039 - genDependencies : Invalid condition id : LAN8742 Phy interface Condition cause : null
2024-01-03 16:59:49,599 [WARN] PackLoader:240 - Cannot read IP mode file for STMicroelectronics.X-CUBE-SFXS2LP1.4.0.0
2024-01-03 16:59:49,622 [WARN] PackLoader:240 - Cannot read IP mode file for STMicroelectronics.X-CUBE-ISPU.1.1.0
2024-01-03 16:59:49,644 [WARN] ConditionMgr:438 - getConditionDescription Invalid condition id : UX DEVICE CLASS RTOS Condition cause : null
2024-01-03 16:59:49,644 [WARN] ConditionMgr:438 - getConditionDescription Invalid condition id : UX DEVICE CLASS RTOS Condition cause : null
2024-01-03 16:59:49,644 [WARN] PackLoader:240 - Cannot read IP mode file for STMicroelectronics.X-CUBE-AZRTOS-WB.2.0.0
2024-01-03 16:59:49,644 [WARN] ConditionMgr:1039 - genDependencies : Invalid condition id : UX DEVICE CLASS RTOS Condition cause : null
2024-01-03 16:59:49,644 [WARN] ConditionMgr:1039 - genDependencies : Invalid condition id : UX DEVICE CLASS RTOS Condition cause : null
2024-01-03 16:59:49,644 [WARN] ConditionMgr:1039 - genDependencies : Invalid condition id : UX DEVICE CLASS RTOS Condition cause : null
2024-01-03 16:59:49,659 [WARN] ConditionMgr:1039 - genDependencies : Invalid condition id : UX DEVICE CLASS RTOS Condition cause : null
2024-01-03 16:59:49,660 [WARN] ConditionMgr:1039 - genDependencies : Invalid condition id : UX DEVICE CLASS RTOS Condition cause : null
2024-01-03 16:59:49,684 [WARN] PackLoader:240 - Cannot read IP mode file for STMicroelectronics.X-CUBE-SUBG2.5.0.0
2024-01-03 16:59:49,717 [WARN] PackLoader:240 - Cannot read IP mode file for STMicroelectronics.X-CUBE-TOF1.3.3.1
2024-01-03 16:59:49,759 [WARN] PackLoader:240 - Cannot read IP mode file for STMicroelectronics.X-CUBE-AZRTOS-G4.2.0.0
2024-01-03 16:59:49,792 [WARN] PackLoader:240 - Cannot read IP mode file for Infineon.AIROC-Wi-Fi-Bluetooth-STM32.1.5.1
2024-01-03 16:59:49,800 [WARN] PackLoader:240 - Cannot read IP mode file for STMicroelectronics.FP-SNS-MOTENVWB1.1.3.0
2024-01-03 16:59:49,800 [WARN] PackLoader:240 - Cannot read IP mode file for STMicroelectronics.FP-SNS-MOTENVWB1.1.3.1
2024-01-03 16:59:49,808 [WARN] PackLoader:240 - Cannot read IP mode file for STMicroelectronics.X-CUBE-ISPU.2.0.0
2024-01-03 16:59:49,877 [WARN] PackLoader:240 - Cannot read IP mode file for STMicroelectronics.X-CUBE-MEMS1.10.0.0
2024-01-03 16:59:50,053 [WARN] PackLoader:240 - Cannot read IP mode file for STMicroelectronics.X-CUBE-FREERTOS.1.1.0
2024-01-03 16:59:50,072 [WARN] PackLoader:240 - Cannot read IP mode file for portGmbH.I-Cube-SoM-uGOAL.1.1.0
2024-01-03 16:59:50,089 [WARN] PackLoader:240 - Cannot read IP mode file for STMicroelectronics.X-CUBE-ALS.1.0.1
2024-01-03 16:59:50,094 [WARN] PackLoader:240 - Cannot read IP mode file for STMicroelectronics.FP-ATR-ASTRA1.2.0.0
2024-01-03 16:59:50,120 [WARN] PackLoader:240 - Cannot read IP mode file for STMicroelectronics.X-CUBE-TOF1.3.4.0
2024-01-03 16:59:50,160 [WARN] PackLoader:240 - Cannot read IP mode file for STMicroelectronics.X-CUBE-AZRTOS-H7.3.2.0
2024-01-03 16:59:50,164 [INFO] ThirdParty:978 - Integrity check success = true
2024-01-03 16:59:50,164 [INFO] IntegrityCheckThread:100 - exiting critical section [integrity check]
2024-01-03 16:59:50,164 [INFO] IntegrityCheckThread:103 - End integrity checks thread
2024-01-03 17:00:07,044 [ERROR] LogOutputStream:75 - [STDERR_REDIRECT] SLF4J: Failed to load class "org.slf4j.impl.StaticLoggerBinder".
2024-01-03 17:00:07,044 [ERROR] LogOutputStream:75 - [STDERR_REDIRECT] SLF4J: Defaulting to no-operation (NOP) logger implementation
2024-01-03 17:00:07,044 [ERROR] LogOutputStream:75 - [STDERR_REDIRECT] SLF4J: See http://www.slf4j.org/codes.html#StaticLoggerBinder for further details.
2024-01-03 17:21:39,605 [INFO] Activator:176 - 


2024-01-03 17:21:39,610 [INFO] Activator:177 - !SESSION log4j initialized
2024-01-03 17:21:48,497 [INFO] LogOutputStream:77 - [STDOUT_REDIRECT] 
2024-01-03 17:21:50,967 [INFO] ApplicationProperties:184 - Using Application install path: C:\ST\STM32CubeIDE_1.13.2\STM32CubeIDE\plugins\com.st.stm32cube.common.mx_6.9.2.202309101412
2024-01-03 17:21:51,004 [INFO] DbMcusXml:78 - Set database path to: C:\ST\STM32CubeIDE_1.13.2\STM32CubeIDE\plugins\com.st.stm32cube.common.mx_6.9.2.202309101412\\db\/mcu/
2024-01-03 17:21:51,004 [INFO] ApiDb:274 - Set plugin database path to: C:\ST\STM32CubeIDE_1.13.2\STM32CubeIDE\plugins\com.st.stm32cube.common.mx_6.9.2.202309101412\\db\/plugins/boardmanager/
2024-01-03 17:21:51,005 [WARN] ApiDb:259 - Overriding images path with different value:  => C:\ST\STM32CubeIDE_1.13.2\STM32CubeIDE\plugins\com.st.stm32cube.common.mx_6.9.2.202309101412\\db\/plugins/mcufinder/images/
2024-01-03 17:21:51,018 [INFO] ApiDb:250 - Set database path to: C:\Users\E-AY\.stmcufinder\plugins\mcufinder//mcu/
2024-01-03 17:21:51,020 [INFO] DbMcusAds:125 - Set database path to: C:\Users\E-AY\.stmcufinder\plugins\mcufinder//mcu/
2024-01-03 17:21:51,024 [INFO] CrossReferenceDbSqlite:203 - Set database path to: C:\Users\E-AY\.stmcufinder\plugins\mcufinder//mcu/cs/
2024-01-03 17:21:51,176 [INFO] RulesReader:64 - Compatibility file has been processed (293 Rules)
2024-01-03 17:21:51,289 [INFO] DbMcusXml:78 - Set database path to: C:\ST\STM32CubeIDE_1.13.2\STM32CubeIDE\plugins\com.st.stm32cube.common.mx_6.9.2.202309101412\\db\/mcu/
2024-01-03 17:21:51,290 [INFO] ApiDb:274 - Set plugin database path to: C:\ST\STM32CubeIDE_1.13.2\STM32CubeIDE\plugins\com.st.stm32cube.common.mx_6.9.2.202309101412\\db\/plugins/boardmanager/
2024-01-03 17:21:51,290 [INFO] ApiDb:261 - Set plugin images path to: C:\ST\STM32CubeIDE_1.13.2\STM32CubeIDE\plugins\com.st.stm32cube.common.mx_6.9.2.202309101412\\db\/plugins/mcufinder/images/
2024-01-03 17:21:51,290 [WARN] DbFile:41 - Overriding database path with different value: C:\Users\E-AY\.stmcufinder\plugins\mcufinder/ => C:\Users\E-AY\.stmcufinder\plugins\mcufinder
2024-01-03 17:21:51,290 [INFO] ApiDb:250 - Set database path to: C:\Users\E-AY\.stmcufinder\plugins\mcufinder//mcu/
2024-01-03 17:21:51,290 [WARN] DbFile:41 - Overriding database path with different value: C:\Users\E-AY\.stmcufinder\plugins\mcufinder/ => C:\Users\E-AY\.stmcufinder\plugins\mcufinder
2024-01-03 17:21:51,290 [INFO] DbMcusAds:125 - Set database path to: C:\Users\E-AY\.stmcufinder\plugins\mcufinder//mcu/
2024-01-03 17:21:51,291 [WARN] DbFile:41 - Overriding database path with different value: C:\Users\E-AY\.stmcufinder\plugins\mcufinder/ => C:\Users\E-AY\.stmcufinder\plugins\mcufinder
2024-01-03 17:21:51,291 [WARN] DbFile:41 - Overriding database path with different value: C:\Users\E-AY\.stmcufinder\plugins\mcufinder/ => C:\Users\E-AY\.stmcufinder\plugins\mcufinder
2024-01-03 17:21:51,291 [INFO] CrossReferenceDbSqlite:203 - Set database path to: C:\Users\E-AY\.stmcufinder\plugins\mcufinder//mcu/cs/
2024-01-03 17:21:51,384 [INFO] MainPanel:262 - HeapMemory: 268435456
2024-01-03 17:21:51,489 [INFO] DbMcusXml:78 - Set database path to: C:\ST\STM32CubeIDE_1.13.2\STM32CubeIDE\plugins\com.st.stm32cube.common.mx_6.9.2.202309101412\\db\/mcu/
2024-01-03 17:21:51,489 [INFO] ApiDb:274 - Set plugin database path to: C:\ST\STM32CubeIDE_1.13.2\STM32CubeIDE\plugins\com.st.stm32cube.common.mx_6.9.2.202309101412\\db\/plugins/boardmanager/
2024-01-03 17:21:51,489 [INFO] ApiDb:261 - Set plugin images path to: C:\ST\STM32CubeIDE_1.13.2\STM32CubeIDE\plugins\com.st.stm32cube.common.mx_6.9.2.202309101412\\db\/plugins/mcufinder/images/
2024-01-03 17:21:51,490 [WARN] DbFile:41 - Overriding database path with different value: C:\Users\E-AY\.stmcufinder\plugins\mcufinder/ => C:\Users\E-AY\.stmcufinder\plugins\mcufinder
2024-01-03 17:21:51,490 [INFO] ApiDb:250 - Set database path to: C:\Users\E-AY\.stmcufinder\plugins\mcufinder//mcu/
2024-01-03 17:21:51,490 [WARN] DbFile:41 - Overriding database path with different value: C:\Users\E-AY\.stmcufinder\plugins\mcufinder/ => C:\Users\E-AY\.stmcufinder\plugins\mcufinder
2024-01-03 17:21:51,490 [INFO] DbMcusAds:125 - Set database path to: C:\Users\E-AY\.stmcufinder\plugins\mcufinder//mcu/
2024-01-03 17:21:51,490 [WARN] DbFile:41 - Overriding database path with different value: C:\Users\E-AY\.stmcufinder\plugins\mcufinder/ => C:\Users\E-AY\.stmcufinder\plugins\mcufinder
2024-01-03 17:21:51,491 [WARN] DbFile:41 - Overriding database path with different value: C:\Users\E-AY\.stmcufinder\plugins\mcufinder/ => C:\Users\E-AY\.stmcufinder\plugins\mcufinder
2024-01-03 17:21:51,491 [INFO] CrossReferenceDbSqlite:203 - Set database path to: C:\Users\E-AY\.stmcufinder\plugins\mcufinder//mcu/cs/
2024-01-03 17:21:51,513 [INFO] ApplicationProperties:184 - Using Application install path: C:\ST\STM32CubeIDE_1.13.2\STM32CubeIDE\plugins\com.st.stm32cube.common.mx_6.9.2.202309101412
2024-01-03 17:21:51,515 [INFO] PluginManage:196 - Search for loadable plugins [exclusion list=, ]
2024-01-03 17:21:51,517 [INFO] PluginManage:310 - Check plugin analytics
2024-01-03 17:21:51,740 [INFO] AnalyticsPlugin:253 - Accepted Software Licenses: 
2024-01-03 17:21:51,741 [INFO] AnalyticsPlugin:255 - Accepted CMSIS Pack Licenses: 
2024-01-03 17:21:51,741 [INFO] AnalyticsPlugin:257 - Accepted Firmware Licenses: 
2024-01-03 17:21:51,745 [INFO] PluginManage:359 - Loaded plugin analytics (category:tool,tabindex:-1)
2024-01-03 17:21:51,747 [INFO] PluginManage:310 - Check plugin cadmodel
2024-01-03 17:21:51,752 [INFO] CADModel:105 - Init CAD model plugin
2024-01-03 17:21:51,752 [INFO] PluginManage:359 - Loaded plugin cadmodel (category:power,tabindex:5)
2024-01-03 17:21:51,752 [INFO] PluginManage:310 - Check plugin clock
2024-01-03 17:21:51,765 [INFO] PluginManage:359 - Loaded plugin clock (category:base,tabindex:2)
2024-01-03 17:21:51,765 [INFO] PluginManage:310 - Check plugin ddr
2024-01-03 17:21:51,767 [INFO] PluginManage:359 - Loaded plugin ddr (category:tool,tabindex:6)
2024-01-03 17:21:51,769 [INFO] PluginManage:310 - Check plugin filemanager
2024-01-03 17:21:51,947 [INFO] PluginManage:359 - Loaded plugin filemanager (category:base,tabindex:10)
2024-01-03 17:21:51,947 [INFO] PluginManage:310 - Check plugin ipmanager
2024-01-03 17:21:51,957 [INFO] PluginManage:359 - Loaded plugin ipmanager (category:base,tabindex:5)
2024-01-03 17:21:51,957 [INFO] PluginManage:310 - Check plugin lpbam
2024-01-03 17:21:51,967 [INFO] PluginManage:359 - Loaded plugin lpbam (category:base,tabindex:0)
2024-01-03 17:21:51,967 [INFO] PluginManage:310 - Check plugin memorymap
2024-01-03 17:21:51,991 [INFO] PluginManage:359 - Loaded plugin memorymap (category:base,tabindex:4)
2024-01-03 17:21:51,991 [INFO] PluginManage:310 - Check plugin pinoutandconfiguration
2024-01-03 17:21:52,005 [INFO] PluginManage:359 - Loaded plugin pinoutandconfiguration (category:base,tabindex:1)
2024-01-03 17:21:52,005 [INFO] PluginManage:310 - Check plugin pinoutconfig
2024-01-03 17:21:52,121 [WARN] SupportedApi:132 - Cannot load RTOS API schema: s4s-elt-must-match.1: The content of 'definitions' must match (annotation?, (simpleType | complexType)?, (unique | key | keyref)*)). A problem was found starting at: attribute.
2024-01-03 17:21:52,319 [INFO] PluginManage:359 - Loaded plugin pinoutconfig (category:base,tabindex:0)
2024-01-03 17:21:52,319 [INFO] PluginManage:310 - Check plugin power
2024-01-03 17:21:52,334 [INFO] PluginManage:359 - Loaded plugin power (category:power,tabindex:4)
2024-01-03 17:21:52,334 [INFO] PluginManage:310 - Check plugin projectmanager
2024-01-03 17:21:52,355 [INFO] PluginManage:359 - Loaded plugin projectmanager (category:projectmanager,tabindex:3)
2024-01-03 17:21:52,357 [INFO] PluginManage:310 - Check plugin thirdparty
2024-01-03 17:21:52,517 [WARN] IntegrityCheckThread:84 - waiting for thirdparty lock release [integrity check]
2024-01-03 17:21:52,518 [INFO] IntegrityCheckThread:86 - entering critical section [integrity check]
2024-01-03 17:21:52,519 [INFO] PluginManage:359 - Loaded plugin thirdparty (category:base,tabindex:-1)
2024-01-03 17:21:52,519 [INFO] PluginManage:310 - Check plugin tools
2024-01-03 17:21:52,519 [INFO] ThirdPartyUpdaterWithRetryManager:70 - Updater plugin not ready yet. [1/15]
2024-01-03 17:21:52,523 [INFO] PluginManage:359 - Loaded plugin tools (category:base,tabindex:7)
2024-01-03 17:21:52,523 [INFO] PluginManage:310 - Check plugin tutovideos
2024-01-03 17:21:52,717 [INFO] PluginManage:359 - Loaded plugin tutovideos (category:base,tabindex:-1)
2024-01-03 17:21:52,718 [INFO] PluginManage:310 - Check plugin updater
2024-01-03 17:21:52,728 [INFO] PluginManage:359 - Loaded plugin updater (category:base,tabindex:12)
2024-01-03 17:21:52,729 [INFO] PluginManage:310 - Check plugin userauth
2024-01-03 17:21:52,734 [INFO] UserAuth:113 - Init User Auth plugin
2024-01-03 17:21:52,734 [INFO] PluginManage:359 - Loaded plugin userauth (category:base,tabindex:14)
2024-01-03 17:21:52,734 [INFO] PluginManage:283 - PluginManage : Loaded plugins [17]
2024-01-03 17:21:52,956 [INFO] PinOutPanel:1499 - setPackage(No Configuration,No Configuration)
2024-01-03 17:21:53,077 [INFO] CADModel:165 - CPN selected for project level
2024-01-03 17:21:53,077 [INFO] CADModel:114 - Register for checkConnection events
2024-01-03 17:21:53,095 [INFO] IPUIPlugin:80 - create IPUIPlugin
2024-01-03 17:21:53,096 [INFO] PluginManager:220 - loadIPPluginJar : add adc
2024-01-03 17:21:53,099 [INFO] IPUIPlugin:80 - create IPUIPlugin
2024-01-03 17:21:53,099 [INFO] PluginManager:220 - loadIPPluginJar : add aes
2024-01-03 17:21:53,101 [INFO] IPUIPlugin:80 - create IPUIPlugin
2024-01-03 17:21:53,101 [INFO] PluginManager:220 - loadIPPluginJar : add can
2024-01-03 17:21:53,103 [INFO] IPUIPlugin:80 - create IPUIPlugin
2024-01-03 17:21:53,103 [INFO] PluginManager:220 - loadIPPluginJar : add comp
2024-01-03 17:21:53,106 [INFO] IPUIPlugin:80 - create IPUIPlugin
2024-01-03 17:21:53,106 [INFO] PluginManager:220 - loadIPPluginJar : add cryp
2024-01-03 17:21:53,109 [INFO] IPUIPlugin:80 - create IPUIPlugin
2024-01-03 17:21:53,109 [INFO] PluginManager:220 - loadIPPluginJar : add dfsdm
2024-01-03 17:21:53,114 [INFO] IPUIPlugin:80 - create IPUIPlugin
2024-01-03 17:21:53,115 [INFO] PluginManager:220 - loadIPPluginJar : add dma
2024-01-03 17:21:53,117 [INFO] IPUIPlugin:80 - create IPUIPlugin
2024-01-03 17:21:53,118 [INFO] PluginManager:220 - loadIPPluginJar : add dma3
2024-01-03 17:21:53,119 [INFO] IPUIPlugin:80 - create IPUIPlugin
2024-01-03 17:21:53,119 [INFO] PluginManager:220 - loadIPPluginJar : add fatfs
2024-01-03 17:21:53,124 [INFO] IPUIPlugin:80 - create IPUIPlugin
2024-01-03 17:21:53,124 [INFO] PluginManager:220 - loadIPPluginJar : add fmc
2024-01-03 17:21:53,132 [INFO] IPUIPlugin:80 - create IPUIPlugin
2024-01-03 17:21:53,132 [INFO] PluginManager:220 - loadIPPluginJar : add freertos
2024-01-03 17:21:53,133 [INFO] IPUIPlugin:80 - create IPUIPlugin
2024-01-03 17:21:53,133 [INFO] PluginManager:220 - loadIPPluginJar : add genericplugin
2024-01-03 17:21:53,135 [INFO] IPUIPlugin:80 - create IPUIPlugin
2024-01-03 17:21:53,135 [INFO] PluginManager:220 - loadIPPluginJar : add gfxmmu
2024-01-03 17:21:53,141 [INFO] IPUIPlugin:80 - create IPUIPlugin
2024-01-03 17:21:53,141 [INFO] PluginManager:220 - loadIPPluginJar : add gic
2024-01-03 17:21:53,145 [INFO] IPUIPlugin:80 - create IPUIPlugin
2024-01-03 17:21:53,145 [INFO] PluginManager:220 - loadIPPluginJar : add gpio
2024-01-03 17:21:53,147 [INFO] IPUIPlugin:80 - create IPUIPlugin
2024-01-03 17:21:53,147 [INFO] PluginManager:220 - loadIPPluginJar : add gtzc
2024-01-03 17:21:53,150 [INFO] IPUIPlugin:80 - create IPUIPlugin
2024-01-03 17:21:53,150 [INFO] PluginManager:220 - loadIPPluginJar : add hash
2024-01-03 17:21:53,153 [INFO] IPUIPlugin:80 - create IPUIPlugin
2024-01-03 17:21:53,153 [INFO] PluginManager:220 - loadIPPluginJar : add i2c
2024-01-03 17:21:53,155 [INFO] IPUIPlugin:80 - create IPUIPlugin
2024-01-03 17:21:53,155 [INFO] PluginManager:220 - loadIPPluginJar : add i2s
2024-01-03 17:21:53,158 [INFO] IPUIPlugin:80 - create IPUIPlugin
2024-01-03 17:21:53,158 [INFO] PluginManager:220 - loadIPPluginJar : add i3c
2024-01-03 17:21:53,162 [INFO] IPUIPlugin:80 - create IPUIPlugin
2024-01-03 17:21:53,162 [INFO] PluginManager:220 - loadIPPluginJar : add ipddr
2024-01-03 17:21:53,170 [INFO] IPUIPlugin:80 - create IPUIPlugin
2024-01-03 17:21:53,170 [INFO] PluginManager:220 - loadIPPluginJar : add linkedlist
2024-01-03 17:21:53,173 [INFO] IPUIPlugin:80 - create IPUIPlugin
2024-01-03 17:21:53,173 [INFO] PluginManager:220 - loadIPPluginJar : add lorawan
2024-01-03 17:21:53,175 [INFO] IPUIPlugin:80 - create IPUIPlugin
2024-01-03 17:21:53,175 [INFO] PluginManager:220 - loadIPPluginJar : add ltdc
2024-01-03 17:21:53,181 [INFO] IPUIPlugin:80 - create IPUIPlugin
2024-01-03 17:21:53,181 [INFO] PluginManager:220 - loadIPPluginJar : add mdma
2024-01-03 17:21:53,185 [INFO] IPUIPlugin:80 - create IPUIPlugin
2024-01-03 17:21:53,185 [INFO] PluginManager:220 - loadIPPluginJar : add nvic
2024-01-03 17:21:53,189 [INFO] IPUIPlugin:80 - create IPUIPlugin
2024-01-03 17:21:53,189 [INFO] PluginManager:220 - loadIPPluginJar : add opamp
2024-01-03 17:21:53,193 [INFO] IPUIPlugin:80 - create IPUIPlugin
2024-01-03 17:21:53,193 [INFO] PluginManager:220 - loadIPPluginJar : add openamp
2024-01-03 17:21:53,196 [INFO] IPUIPlugin:80 - create IPUIPlugin
2024-01-03 17:21:53,196 [INFO] PluginManager:220 - loadIPPluginJar : add pdm2pcm
2024-01-03 17:21:53,203 [INFO] IPUIPlugin:80 - create IPUIPlugin
2024-01-03 17:21:53,205 [INFO] PluginManager:220 - loadIPPluginJar : add plateformsettings
2024-01-03 17:21:53,208 [INFO] IPUIPlugin:80 - create IPUIPlugin
2024-01-03 17:21:53,208 [INFO] PluginManager:220 - loadIPPluginJar : add quadspi
2024-01-03 17:21:53,212 [INFO] IPUIPlugin:80 - create IPUIPlugin
2024-01-03 17:21:53,212 [INFO] PluginManager:220 - loadIPPluginJar : add resmgrutility
2024-01-03 17:21:53,215 [INFO] IPUIPlugin:80 - create IPUIPlugin
2024-01-03 17:21:53,215 [INFO] PluginManager:220 - loadIPPluginJar : add sai
2024-01-03 17:21:53,218 [INFO] IPUIPlugin:80 - create IPUIPlugin
2024-01-03 17:21:53,219 [INFO] PluginManager:220 - loadIPPluginJar : add spi
2024-01-03 17:21:53,224 [INFO] IPUIPlugin:80 - create IPUIPlugin
2024-01-03 17:21:53,224 [INFO] PluginManager:220 - loadIPPluginJar : add stm32_wpan
2024-01-03 17:21:53,226 [INFO] IPUIPlugin:80 - create IPUIPlugin
2024-01-03 17:21:53,226 [INFO] PluginManager:220 - loadIPPluginJar : add tim
2024-01-03 17:21:53,229 [INFO] IPUIPlugin:80 - create IPUIPlugin
2024-01-03 17:21:53,229 [INFO] PluginManager:220 - loadIPPluginJar : add touchsensing
2024-01-03 17:21:53,231 [INFO] IPUIPlugin:80 - create IPUIPlugin
2024-01-03 17:21:53,231 [INFO] PluginManager:220 - loadIPPluginJar : add tracer_emb
2024-01-03 17:21:53,233 [INFO] IPUIPlugin:80 - create IPUIPlugin
2024-01-03 17:21:53,233 [INFO] PluginManager:220 - loadIPPluginJar : add ts
2024-01-03 17:21:53,234 [INFO] IPUIPlugin:80 - create IPUIPlugin
2024-01-03 17:21:53,234 [INFO] PluginManager:220 - loadIPPluginJar : add tsc
2024-01-03 17:21:53,237 [INFO] IPUIPlugin:80 - create IPUIPlugin
2024-01-03 17:21:53,237 [INFO] PluginManager:220 - loadIPPluginJar : add ucpd
2024-01-03 17:21:53,240 [INFO] IPUIPlugin:80 - create IPUIPlugin
2024-01-03 17:21:53,240 [INFO] PluginManager:220 - loadIPPluginJar : add usart
2024-01-03 17:21:53,243 [INFO] IPUIPlugin:80 - create IPUIPlugin
2024-01-03 17:21:53,243 [INFO] PluginManager:220 - loadIPPluginJar : add usbx
2024-01-03 17:21:53,375 [INFO] CADModel:165 - CPN selected for project level
2024-01-03 17:21:53,375 [INFO] CADModel:114 - Register for checkConnection events
2024-01-03 17:21:53,375 [FATAL] Updater:308 - Updater called before beeing initialized
2024-01-03 17:21:53,375 [ERROR] CADModel:125 - Updater not yet initialized, retry later 
2024-01-03 17:21:53,532 [INFO] CADModel:165 - CPN selected for project level
2024-01-03 17:21:53,532 [INFO] CADModel:114 - Register for checkConnection events
2024-01-03 17:21:53,532 [FATAL] Updater:308 - Updater called before beeing initialized
2024-01-03 17:21:53,532 [ERROR] CADModel:125 - Updater not yet initialized, retry later 
2024-01-03 17:21:53,535 [FATAL] Updater:308 - Updater called before beeing initialized
2024-01-03 17:21:53,685 [FATAL] Updater:308 - Updater called before beeing initialized
2024-01-03 17:21:53,699 [INFO] DbMcusAds:53 - JSON generation date=Wed Nov 29 13:52:38 TRT 2023 (1701255158764)
2024-01-03 17:21:53,699 [FATAL] Updater:308 - Updater called before beeing initialized
2024-01-03 17:21:53,755 [WARN] DetailPanel:346 - Failed to get advertising image, set to default
2024-01-03 17:21:53,886 [FATAL] Updater:308 - Updater called before beeing initialized
2024-01-03 17:21:53,889 [FATAL] Updater:308 - Updater called before beeing initialized
2024-01-03 17:21:53,889 [FATAL] Updater:308 - Updater called before beeing initialized
2024-01-03 17:21:53,889 [WARN] DetailPanel:346 - Failed to get advertising image, set to default
2024-01-03 17:21:53,890 [FATAL] Updater:308 - Updater called before beeing initialized
2024-01-03 17:21:53,958 [ERROR] Updater:1120 - MainUpdater not yet initialized. External WinMGr cannot be set.
2024-01-03 17:21:53,961 [INFO] Updater:1056 - Updater Version found : 6.9.2
2024-01-03 17:21:53,985 [INFO] ApplicationProperties:184 - Using Application install path: C:\ST\STM32CubeIDE_1.13.2\STM32CubeIDE\plugins\com.st.stm32cube.common.mx_6.9.2.202309101412
2024-01-03 17:21:54,176 [INFO] MainUpdater:2868 - connection check result : 10
2024-01-03 17:21:54,177 [INFO] MainUpdater:285 - Updater Check For Update Now.
2024-01-03 17:21:54,178 [INFO] MicroXplorer:498 - Change Database Version : DB.6.0.92
2024-01-03 17:21:54,188 [INFO] McuFinderGlobals:63 - Set McuFinder mode to 2 (CubeIDE integrated)
2024-01-03 17:21:54,188 [INFO] UserAuth:179 - activating auth plugin
2024-01-03 17:21:54,192 [INFO] UserAuth:393 - Internet connection configuration mode: 1
2024-01-03 17:21:54,219 [INFO] JxBrowserEngine:151 - Initiate JxBrowser Engine with user profile folder
2024-01-03 17:21:54,436 [INFO] CheckServerUpdateThread:120 - End of CheckServer Thread
2024-01-03 17:21:55,305 [INFO] WebApp:157 - Instantiating new browser for Auth
2024-01-03 17:21:55,827 [WARN] PackLoader:240 - Cannot read IP mode file for STMicroelectronics.X-CUBE-SMBUS.2.1.0
2024-01-03 17:21:55,843 [WARN] PackLoader:240 - Cannot read IP mode file for STMicroelectronics.X-CUBE-TOUCHGFX.4.23.0
2024-01-03 17:21:55,915 [WARN] PackLoader:240 - Cannot read IP mode file for STMicroelectronics.X-CUBE-AZRTOS-F7.1.1.0
2024-01-03 17:21:55,950 [WARN] PackLoader:240 - Cannot read IP mode file for STMicroelectronics.FP-SNS-MOTENV1.4.3.2
2024-01-03 17:21:55,970 [WARN] PackLoader:240 - Cannot read IP mode file for STMicroelectronics.FP-SNS-FLIGHT1.5.0.2
2024-01-03 17:21:55,993 [WARN] PackLoader:240 - Cannot read IP mode file for STMicroelectronics.X-CUBE-DISPLAY.3.0.0
2024-01-03 17:21:56,024 [WARN] PackLoader:240 - Cannot read IP mode file for STMicroelectronics.X-CUBE-BLE1.7.0.0
2024-01-03 17:21:56,041 [WARN] PackLoader:240 - Cannot read IP mode file for emotas.I-CUBE-CANOPEN.1.3.0
2024-01-03 17:21:56,051 [WARN] PackLoader:240 - Cannot read IP mode file for STMicroelectronics.X-CUBE-TOUCHGFX.4.22.1
2024-01-03 17:21:56,104 [INFO] LogOutputStream:77 - [STDOUT_REDIRECT] 1 : Invalid condition id : UX_CORESTACK_Condition cause : null
2024-01-03 17:21:56,105 [INFO] LogOutputStream:77 - [STDOUT_REDIRECT] 1 : Invalid condition id : UX_CORESTACK_Condition cause : null
2024-01-03 17:21:56,112 [INFO] LogOutputStream:77 - [STDOUT_REDIRECT] 1 : Invalid condition id : UX_CORESTACK_Condition cause : null
2024-01-03 17:21:56,117 [INFO] LogOutputStream:77 - [STDOUT_REDIRECT] 1 : Invalid condition id : UX_CORESTACK_Condition cause : null
2024-01-03 17:21:56,122 [INFO] LogOutputStream:77 - [STDOUT_REDIRECT] 1 : Invalid condition id : UX_CORESTACK_Condition cause : null
2024-01-03 17:21:56,134 [WARN] PackLoader:240 - Cannot read IP mode file for STMicroelectronics.X-CUBE-AZRTOS-WL.2.0.0
2024-01-03 17:21:56,160 [WARN] PackLoader:240 - Cannot read IP mode file for WES.I-CUBE-Cesium.1.3.0
2024-01-03 17:21:56,174 [WARN] PackLoader:240 - Cannot read IP mode file for STMicroelectronics.X-CUBE-BLE2.3.3.0
2024-01-03 17:21:56,191 [WARN] PackLoader:240 - Cannot read IP mode file for STMicroelectronics.X-CUBE-ALGOBUILD.1.3.0
2024-01-03 17:21:56,225 [WARN] PackLoader:240 - Cannot read IP mode file for STMicroelectronics.X-CUBE-AZRTOS-G0.1.1.0
2024-01-03 17:21:56,241 [WARN] PackLoader:240 - Cannot read IP mode file for STMicroelectronics.X-CUBE-NFC4.3.0.0
2024-01-03 17:21:56,260 [WARN] PackLoader:240 - Cannot read IP mode file for STMicroelectronics.X-CUBE-BLEMGR.3.0.0
2024-01-03 17:21:56,271 [WARN] PackLoader:240 - Cannot read IP mode file for STMicroelectronics.FP-ATR-SIGFOX1.3.2.0
2024-01-03 17:21:56,343 [WARN] PackLoader:240 - Cannot read IP mode file for SEGGER.I-CUBE-embOS.1.3.1
2024-01-03 17:21:56,451 [WARN] PackLoader:240 - Cannot read IP mode file for STMicroelectronics.X-CUBE-GNSS1.6.0.0
2024-01-03 17:21:56,504 [WARN] PackLoader:240 - Cannot read IP mode file for STMicroelectronics.X-CUBE-AZRTOS-F4.1.1.0
2024-01-03 17:21:56,597 [WARN] PackLoader:240 - Cannot read IP mode file for STMicroelectronics.X-CUBE-AZRTOS-L5.2.0.0
2024-01-03 17:21:56,633 [INFO] WebApp:753 - Register for checkConnection events
2024-01-03 17:21:56,633 [INFO] WebApp:390 - Apply proxy settings
2024-01-03 17:21:56,633 [INFO] WebApp:475 - Chromium requires no authentication
2024-01-03 17:21:56,683 [INFO] WebApp:418 - Direct internet connection detected
2024-01-03 17:21:56,726 [WARN] PackLoader:240 - Cannot read IP mode file for STMicroelectronics.X-CUBE-MEMS1.9.6.0
2024-01-03 17:21:57,099 [WARN] PackLoader:240 - Cannot read IP mode file for STMicroelectronics.X-CUBE-EEPRMA1.4.2.0
2024-01-03 17:21:57,109 [WARN] PackLoader:240 - Cannot read IP mode file for ITTIA_DB.I-CUBE-ITTIADB.8.8.0
2024-01-03 17:21:57,123 [WARN] PackLoader:240 - Cannot read IP mode file for STMicroelectronics.X-CUBE-BLEMGR.2.0.0
2024-01-03 17:21:57,154 [WARN] ConditionMgr:438 - getConditionDescription Invalid condition id : UX DEVICE CLASS RTOS Condition cause : null
2024-01-03 17:21:57,155 [WARN] ConditionMgr:438 - getConditionDescription Invalid condition id : UX DEVICE CLASS RTOS Condition cause : null
2024-01-03 17:21:57,160 [WARN] PackLoader:240 - Cannot read IP mode file for STMicroelectronics.X-CUBE-AZRTOS-H7.3.1.0
2024-01-03 17:21:57,162 [WARN] ConditionMgr:1039 - genDependencies : Invalid condition id : UX DEVICE CLASS RTOS Condition cause : null
2024-01-03 17:21:57,162 [WARN] ConditionMgr:1039 - genDependencies : Invalid condition id : UX DEVICE CLASS RTOS Condition cause : null
2024-01-03 17:21:57,164 [WARN] ConditionMgr:1039 - genDependencies : Invalid condition id : UX DEVICE CLASS RTOS Condition cause : null
2024-01-03 17:21:57,164 [WARN] ConditionMgr:1039 - genDependencies : Invalid condition id : UX DEVICE CLASS RTOS Condition cause : null
2024-01-03 17:21:57,164 [WARN] ConditionMgr:1039 - genDependencies : Invalid condition id : UX DEVICE CLASS RTOS Condition cause : null
2024-01-03 17:21:57,174 [WARN] PackLoader:240 - Cannot read IP mode file for STMicroelectronics.X-CUBE-NFC7.1.0.1
2024-01-03 17:21:57,183 [WARN] PackLoader:240 - Cannot read IP mode file for STMicroelectronics.X-CUBE-EEPRMA1.4.1.0
2024-01-03 17:21:57,191 [INFO] WebApp:188 - Starting web application
2024-01-03 17:21:57,192 [WARN] PackLoader:240 - Cannot read IP mode file for STMicroelectronics.X-CUBE-AI.8.1.0
2024-01-03 17:21:57,192 [INFO] WebApp:520 - Web application path used C:\ST\STM32CubeIDE_1.13.2\STM32CubeIDE\plugins\com.st.stm32cube.common.mx_6.9.2.202309101412\db\plugins\mcufinder\reactClient1\index.html
2024-01-03 17:21:57,227 [WARN] ConditionMgr:438 - getConditionDescription Invalid condition id : LAN8742 Phy interface Condition cause : null
2024-01-03 17:21:57,228 [WARN] PackLoader:240 - Cannot read IP mode file for STMicroelectronics.X-CUBE-AZRTOS-L4.2.0.0
2024-01-03 17:21:57,230 [WARN] ConditionMgr:1039 - genDependencies : Invalid condition id : LAN8742 Phy interface Condition cause : null
2024-01-03 17:21:57,230 [WARN] ConditionMgr:1039 - genDependencies : Invalid condition id : LAN8742 Phy interface Condition cause : null
2024-01-03 17:21:57,231 [WARN] ConditionMgr:1039 - genDependencies : Invalid condition id : LAN8742 Phy interface Condition cause : null
2024-01-03 17:21:57,244 [WARN] PackLoader:240 - Cannot read IP mode file for STMicroelectronics.X-CUBE-SFXS2LP1.4.0.0
2024-01-03 17:21:57,255 [WARN] PackLoader:240 - Cannot read IP mode file for STMicroelectronics.X-CUBE-ISPU.1.1.0
2024-01-03 17:21:57,279 [WARN] ConditionMgr:438 - getConditionDescription Invalid condition id : UX DEVICE CLASS RTOS Condition cause : null
2024-01-03 17:21:57,280 [WARN] ConditionMgr:438 - getConditionDescription Invalid condition id : UX DEVICE CLASS RTOS Condition cause : null
2024-01-03 17:21:57,284 [WARN] PackLoader:240 - Cannot read IP mode file for STMicroelectronics.X-CUBE-AZRTOS-WB.2.0.0
2024-01-03 17:21:57,285 [WARN] ConditionMgr:1039 - genDependencies : Invalid condition id : UX DEVICE CLASS RTOS Condition cause : null
2024-01-03 17:21:57,286 [WARN] ConditionMgr:1039 - genDependencies : Invalid condition id : UX DEVICE CLASS RTOS Condition cause : null
2024-01-03 17:21:57,286 [WARN] ConditionMgr:1039 - genDependencies : Invalid condition id : UX DEVICE CLASS RTOS Condition cause : null
2024-01-03 17:21:57,287 [WARN] ConditionMgr:1039 - genDependencies : Invalid condition id : UX DEVICE CLASS RTOS Condition cause : null
2024-01-03 17:21:57,289 [WARN] ConditionMgr:1039 - genDependencies : Invalid condition id : UX DEVICE CLASS RTOS Condition cause : null
2024-01-03 17:21:57,309 [WARN] PackLoader:240 - Cannot read IP mode file for STMicroelectronics.X-CUBE-SUBG2.5.0.0
2024-01-03 17:21:57,337 [WARN] PackLoader:240 - Cannot read IP mode file for STMicroelectronics.X-CUBE-TOF1.3.3.1
2024-01-03 17:21:57,374 [WARN] PackLoader:240 - Cannot read IP mode file for STMicroelectronics.X-CUBE-AZRTOS-G4.2.0.0
2024-01-03 17:21:57,417 [WARN] PackLoader:240 - Cannot read IP mode file for Infineon.AIROC-Wi-Fi-Bluetooth-STM32.1.5.1
2024-01-03 17:21:57,449 [WARN] PackLoader:240 - Cannot read IP mode file for STMicroelectronics.FP-SNS-MOTENVWB1.1.3.0
2024-01-03 17:21:57,462 [WARN] PackLoader:240 - Cannot read IP mode file for STMicroelectronics.FP-SNS-MOTENVWB1.1.3.1
2024-01-03 17:21:57,473 [WARN] PackLoader:240 - Cannot read IP mode file for STMicroelectronics.X-CUBE-ISPU.2.0.0
2024-01-03 17:21:57,590 [WARN] PackLoader:240 - Cannot read IP mode file for STMicroelectronics.X-CUBE-MEMS1.10.0.0
2024-01-03 17:21:57,818 [WARN] PackLoader:240 - Cannot read IP mode file for STMicroelectronics.X-CUBE-FREERTOS.1.1.0
2024-01-03 17:21:57,827 [WARN] PackLoader:240 - Cannot read IP mode file for portGmbH.I-Cube-SoM-uGOAL.1.1.0
2024-01-03 17:21:57,834 [WARN] PackLoader:240 - Cannot read IP mode file for STMicroelectronics.X-CUBE-ALS.1.0.1
2024-01-03 17:21:57,842 [WARN] PackLoader:240 - Cannot read IP mode file for STMicroelectronics.FP-ATR-ASTRA1.2.0.0
2024-01-03 17:21:57,857 [WARN] PackLoader:240 - Cannot read IP mode file for STMicroelectronics.X-CUBE-TOF1.3.4.0
2024-01-03 17:21:57,900 [WARN] PackLoader:240 - Cannot read IP mode file for STMicroelectronics.X-CUBE-AZRTOS-H7.3.2.0
2024-01-03 17:21:57,911 [INFO] ThirdParty:978 - Integrity check success = true
2024-01-03 17:21:57,912 [INFO] IntegrityCheckThread:100 - exiting critical section [integrity check]
2024-01-03 17:21:57,912 [INFO] IntegrityCheckThread:103 - End integrity checks thread
2024-01-03 17:22:18,320 [ERROR] LogOutputStream:75 - [STDERR_REDIRECT] SLF4J: Failed to load class "org.slf4j.impl.StaticLoggerBinder".
2024-01-03 17:22:18,321 [ERROR] LogOutputStream:75 - [STDERR_REDIRECT] SLF4J: Defaulting to no-operation (NOP) logger implementation
2024-01-03 17:22:18,324 [ERROR] LogOutputStream:75 - [STDERR_REDIRECT] SLF4J: See http://www.slf4j.org/codes.html#StaticLoggerBinder for further details.
2024-01-03 17:29:02,290 [INFO] McuFinderGlobals:63 - Set McuFinder mode to 2 (CubeIDE integrated)
2024-01-03 17:29:02,312 [INFO] MainUpdater:2868 - connection check result : 10
2024-01-03 17:29:02,332 [INFO] McuFinderGlobals:76 - Set McuFinderConnectedMode to true
2024-01-03 17:29:02,569 [INFO] ServerAccessManage:473 - Download File mcusAds.json._tmp_
2024-01-03 17:29:02,682 [INFO] LoadUrlFilesThread:156 - End of LoadUrlFiles Thread
2024-01-03 17:29:03,114 [INFO] ServerAccessManage:473 - Download File cube-finder-db.zip
2024-01-03 17:29:14,869 [INFO] FileExtend:240 - Unzip File : cube-finder-db.zip
2024-01-03 17:29:14,869 [INFO] FileExtend:255 - Standard Zip Deflate
2024-01-03 17:29:15,914 [INFO] LoadUrlFilesThread:156 - End of LoadUrlFiles Thread
2024-01-03 17:29:16,655 [INFO] ServerAccessManage:473 - Download File crdb.zip
2024-01-03 17:29:17,068 [INFO] FileExtend:240 - Unzip File : crdb.zip
2024-01-03 17:29:17,069 [INFO] FileExtend:255 - Standard Zip Deflate
2024-01-03 17:29:17,195 [INFO] LoadUrlFilesThread:156 - End of LoadUrlFiles Thread
2024-01-03 17:29:17,537 [INFO] ServerAccessManage:473 - Download File tutoVideoDB.zip
2024-01-03 17:29:17,579 [INFO] FileExtend:240 - Unzip File : tutoVideoDB.zip
2024-01-03 17:29:17,579 [INFO] FileExtend:255 - Standard Zip Deflate
2024-01-03 17:29:17,693 [INFO] LoadUrlFilesThread:156 - End of LoadUrlFiles Thread
2024-01-03 17:29:17,695 [WARN] DbFile:41 - Overriding database path with different value: C:\Users\E-AY\.stmcufinder\plugins\mcufinder/ => C:\Users\E-AY\.stmcufinder\plugins\mcufinder
2024-01-03 17:29:17,930 [INFO] ServerAccessManage:473 - Download File api_config.json
2024-01-03 17:29:18,037 [INFO] LoadUrlFilesThread:156 - End of LoadUrlFiles Thread
2024-01-03 17:29:18,037 [INFO] DbMcusAds:53 - JSON generation date=Wed Nov 29 13:52:27 TRT 2023 (1701255147349)
2024-01-03 17:29:18,056 [INFO] LoadUrlFilesThread:185 - End of LoadServerUrlFiles without Thread
2024-01-03 17:29:18,056 [INFO] TargetSelectorAdapter:259 - Refresh data is successful
2024-01-03 17:29:18,204 [INFO] ApiDb:581 - Connected to CubeFinder SQLite database (C:\Users\E-AY\.stmcufinder\plugins\mcufinder\mcu\cube-finder-db.db)
2024-01-03 17:29:18,271 [INFO] ApiDb:668 - CubeFinder database Data Model version=2.1
2024-01-03 17:29:18,272 [INFO] ApiDb:669 - CubeFinder database Configuration version=3.0.39
2024-01-03 17:29:18,272 [INFO] ApiDb:670 - CubeFinder database generation date=2023-12-08 (1702028721)
2024-01-03 17:29:18,272 [INFO] ApiDb:671 - CubeFinder database FW Pack versions=[FP-ATR-ASTRA1_V2.0.0, FP-SNS-FLIGHT1_V5.0.1, FP-SNS-FLIGHT1_V5.0.2, FP-SNS-MOTENV1_V4.3.1, FP-SNS-MOTENV1_V4.3.2, FP-SNS-MOTENVWB1_V1.3.1, FP-SNS-SMARTAG2_V1.2.0, STM32Cube_FW_C0_V1.1.0, STM32Cube_FW_F4_V1.28.0, STM32Cube_FW_F7_V1.17.0, STM32Cube_FW_G0_V1.6.1, STM32Cube_FW_G4_V1.5.1, STM32Cube_FW_H5_V0.5.1, STM32Cube_FW_H5_V1.1.1, STM32Cube_FW_H5_V1.2.0RC2, STM32Cube_FW_H7_V1.11.0, STM32Cube_FW_L0_V1.12.2, STM32Cube_FW_L5_V1.5.0, STM32Cube_FW_U5_V1.3.0RC4, STM32Cube_FW_U5_V1.4.0, STM32Cube_FW_WBA_V1.0.0RC1, STM32Cube_FW_WBA_V1.1.0RC1, STM32Cube_FW_WBA_V1.2.0, STM32Cube_FW_WBA_V1.2.0RC2, STM32Cube_FW_WB_V1.15.0RC1, STM32Cube_FW_WB_V1.16.0, STM32Cube_FW_WB_V1.16.0RC2, STM32Cube_FW_WB_V1.18.0, STM32Cube_FW_WL_V1.3.0, X-CUBE-ALGOBUILD_V1.3.0, X-CUBE-ALS_V1.0.1, X-CUBE-AZRTOS-F4_V1.1.0, X-CUBE-AZRTOS-F7_V1.1.0, X-CUBE-AZRTOS-G0_V1.1.0, X-CUBE-AZRTOS-G4_V2.0.0, X-CUBE-AZRTOS-H7_V3.1.0, X-CUBE-AZRTOS-L4_V1.0.0, X-CUBE-AZRTOS-L4_V2.0.0, X-CUBE-AZRTOS-L5_V1.1.0, X-CUBE-AZRTOS-WB_V2.0.0, X-CUBE-AZRTOS-WL_V2.0.0, X-CUBE-BLE1_V7.0.0, X-CUBE-BLE2_V3.3.0, X-CUBE-BLEMGR_V3.0.0, X-CUBE-EEPRMA1_V4.1.0, X-CUBE-EEPRMA1_V4.2.0, X-CUBE-FREERTOS_V1.1.0, X-CUBE-GNSS1_V6.0.0, X-CUBE-MEMS1_V10.0.0, X-CUBE-MEMS1_V9.1.0, X-CUBE-MEMS1_V9.4.0, X-CUBE-MEMS1_V9.6.0, X-CUBE-NFC4_V3.0.0, X-CUBE-NFC7_V1.0.1, X-CUBE-SFXS2LP1_V4.0.0, X-CUBE-SUBG2_V5.0.0, X-CUBE-TOF1_V3.4.0]
2024-01-03 17:29:20,258 [INFO] ApiDb:240 - Found 323 in-development CPN: [B-G473E-ZEST1S, B-WB1M-WPAN1, B-WL5M-SUBG1, NUCLEO-C031C6, NUCLEO-H503RB, NUCLEO-H563ZI, NUCLEO-U545RE-Q, NUCLEO-U5A5ZJ-Q, NUCLEO-WBA52CG, STEVAL-PROTEUS1, STEVAL-SMARTAG2, STEVAL-STWINBX1, STM320518-EVAL, STM32C0116-DK, STM32C011D6Y3TR, STM32C011D6Y6TR, STM32C011F4P3, STM32C011F4P6, STM32C011F4U3, STM32C011F4U6TR, STM32C011F6P3, STM32C011F6P6, STM32C011F6U3, STM32C011F6U6TR, STM32C011J4M3, STM32C011J4M6, STM32C011J6M3, STM32C011J6M6, STM32C0316-DK, STM32C031C4T3, STM32C031C4T6, STM32C031C4U3, STM32C031C4U6, STM32C031C6T3, STM32C031C6T6, STM32C031C6U3, STM32C031C6U6, STM32C031F4P3, STM32C031F4P6, STM32C031F6P3, STM32C031F6P6, STM32C031G4U3, STM32C031G4U6, STM32C031G6U3, STM32C031G6U6, STM32C031K4T3, STM32C031K4T6, STM32C031K4U3, STM32C031K4U6, STM32C031K6T3, STM32C031K6T6, STM32C031K6U3, STM32C031K6U6, STM32G071K8TXN, STM32G071K8UXN, STM32G081GBU6N, STM32G081KBT6N, STM32G081KBUXN, STM32G0B1CCT6N, STM32G0B1KCT6, STM32G0B1NEY6TR, STM32G0B1RCT6N, STM32G0C1CCT6, STM32G0C1CCT6N, STM32G0C1CCU6N, STM32G0C1CET6N, STM32G0C1CEU6N, STM32G0C1KCT6, STM32G0C1NEY6TR, STM32G0C1RCI6N, STM32G0C1RCT6N, STM32G0C1REI6N, STM32G0C1RET6N, STM32G0C1VCI6, STM32G0C1VEI6, STM32G471CCT6, STM32G471CCU6, STM32G471CET3, STM32G471CET6, STM32G471CEU3, STM32G471CEU6, STM32G471MCT6, STM32G471MET3, STM32G471MET6, STM32G471MEY6TR, STM32G471QCT6, STM32G471QET3, STM32G471RCT6, STM32G471RET3, STM32G471RET6, STM32G471VCH6, STM32G471VCI6, STM32G471VCT6, STM32G471VEH3, STM32G471VEH6, STM32G471VEI3, STM32G471VEI6, STM32G471VET3, STM32G471VET6, STM32G474CCT6, STM32H503CBT6, STM32H503CBU6, STM32H503EBY6TR, STM32H503KBU6, STM32H503RBT6, STM32H562AGI6, STM32H562AII6, STM32H562IGK6, STM32H562IGT6, STM32H562IIK6, STM32H562IIT6, STM32H562RGT6, STM32H562RGV6, STM32H562RIT6, STM32H562RIV6, STM32H562VGT6, STM32H562VIT6, STM32H562ZGT6, STM32H562ZIT6, STM32H563AGI6, STM32H563AII3Q, STM32H563AII6, STM32H563IGK6, STM32H563IGT6, STM32H563IIK3Q, STM32H563IIK6, STM32H563IIT3Q, STM32H563IIT6, STM32H563MIY3QTR, STM32H563RGT6, STM32H563RGV6, STM32H563RIT6, STM32H563RIV6, STM32H563VGT6, STM32H563VIT3Q, STM32H563VIT6, STM32H563ZGT6, STM32H563ZIT3Q, STM32H563ZIT6, STM32H573AII3Q, STM32H573AII6, STM32H573I-DK, STM32H573IIK3Q, STM32H573IIK6, STM32H573IIT3Q, STM32H573IIT6, STM32H573MIY3QTR, STM32H573RIT6, STM32H573RIV6, STM32H573VIT3Q, STM32H573VIT6, STM32H573ZIT3Q, STM32H573ZIT6, STM32L4R5QGI6STR, STM32MP131AAE3, STM32MP131AAF3, STM32MP131AAG3, STM32MP131CAE3, STM32MP131CAF3, STM32MP131CAG3, STM32MP131DAE7, STM32MP131DAF7, STM32MP131DAG7, STM32MP131FAE7, STM32MP131FAF7, STM32MP131FAG7, STM32MP133AAE3, STM32MP133AAF3, STM32MP133AAG3, STM32MP133CAE3, STM32MP133CAF3, STM32MP133CAG3, STM32MP133DAE7, STM32MP133DAF7, STM32MP133DAG7, STM32MP133FAE7, STM32MP133FAF7, STM32MP133FAG7, STM32MP135AAE3, STM32MP135AAF3, STM32MP135AAG3, STM32MP135CAE3, STM32MP135CAF3, STM32MP135CAG3, STM32MP135DAE7, STM32MP135DAF7, STM32MP135DAG7, STM32MP135F-DK, STM32MP135FAE7, STM32MP135FAF7, STM32MP135FAF7T, STM32MP135FAF7U, STM32MP135FAG7, STM32U535CBT6, STM32U535CBT6Q, STM32U535CBU6, STM32U535CBU6Q, STM32U535CCT6, STM32U535CCT6Q, STM32U535CCU6, STM32U535CCU6Q, STM32U535CET6, STM32U535CET6Q, STM32U535CEU6, STM32U535CEU6Q, STM32U535JEY6QTR, STM32U535NCY6QTR, STM32U535NEY6QTR, STM32U535RBI6, STM32U535RBI6Q, STM32U535RBT6, STM32U535RBT6Q, STM32U535RCI6, STM32U535RCI6Q, STM32U535RCT6, STM32U535RCT6Q, STM32U535REI6, STM32U535REI6Q, STM32U535RET6, STM32U535RET6Q, STM32U535VCI6, STM32U535VCI6Q, STM32U535VCT6, STM32U535VCT6Q, STM32U535VEI6, STM32U535VEI6Q, STM32U535VET6, STM32U535VET6Q, STM32U545CET6, STM32U545CET6Q, STM32U545CEU6, STM32U545CEU6Q, STM32U545JEY6QTR, STM32U545NEY6QTR, STM32U545REI6, STM32U545REI6Q, STM32U545RET6, STM32U545RET6Q, STM32U545VEI6, STM32U545VEI6Q, STM32U545VET6, STM32U545VET6Q, STM32U595AIH6, STM32U595AIH6Q, STM32U595AJH6, STM32U595AJH6Q, STM32U595QII6, STM32U595QII6Q, STM32U595QJI6, STM32U595QJI6Q, STM32U595RIT6, STM32U595RIT6Q, STM32U595RJT6, STM32U595RJT6Q, STM32U595VIT6, STM32U595VIT6Q, STM32U595VJT6, STM32U595VJT6Q, STM32U595ZIT6, STM32U595ZIT6Q, STM32U595ZIY6QTR, STM32U595ZJT6, STM32U595ZJT6Q, STM32U595ZJY6QTR, STM32U599BJY6QTR, STM32U599NIH6Q, STM32U599NJH6Q, STM32U599VIT6Q, STM32U599VJT6, STM32U599VJT6Q, STM32U599ZIT6Q, STM32U599ZIY6QTR, STM32U599ZJT6Q, STM32U599ZJY6QTR, STM32U5A5AJH6, STM32U5A5AJH6Q, STM32U5A5QJI6, STM32U5A5QJI6Q, STM32U5A5RJT6, STM32U5A5RJT6Q, STM32U5A5VJT6, STM32U5A5VJT6Q, STM32U5A5ZJT6, STM32U5A5ZJT6Q, STM32U5A5ZJY6QTR, STM32U5A9BJY6QTR, STM32U5A9J-DK, STM32U5A9NJH6Q, STM32U5A9VJT6Q, STM32U5A9ZJT6Q, STM32U5A9ZJY6QTR, STM32U5F7VIT6, STM32U5F7VIT6Q, STM32U5F7VJT6, STM32U5F7VJT6Q, STM32U5F9BJY6QTR, STM32U5F9NJH6Q, STM32U5F9VIT6Q, STM32U5F9VJT6Q, STM32U5F9ZIJ6QTR, STM32U5F9ZIT6Q, STM32U5F9ZJJ6QTR, STM32U5F9ZJT6Q, STM32U5G7VJT6, STM32U5G7VJT6Q, STM32U5G9BJY6QTR, STM32U5G9J-DK1, STM32U5G9J-DK2, STM32U5G9NJH6Q, STM32U5G9VJT6Q, STM32U5G9ZJJ6QTR, STM32U5G9ZJT6Q, STM32WB1MMCH6, STM32WBA52CEU6, STM32WBA52CEU6T, STM32WBA52CGU6, STM32WBA52CGU6T, STM32WBA52KEU6, STM32WBA52KEU6T, STM32WBA52KGU6, STM32WBA52KGU6T, STM32WL5MOCH6, STM32WL5MOCH6TR]
2024-01-03 17:29:20,261 [INFO] DbMcus:217 - Found 3882 MCUs, 3882 are supported
2024-01-03 17:29:20,262 [INFO] ApiDb:423 - Load user favorites file C:\Users\E-AY/.stm32cubeide/favorites.mcus.txt: 0 item(s)
2024-01-03 17:29:20,262 [INFO] ApiDb:427 - User favorites MCUs=[]
2024-01-03 17:29:20,262 [INFO] DbMcus:223 - Set 0 / 0 favorites MCUs
2024-01-03 17:29:20,609 [INFO] ApiDb:668 - CubeFinder database Data Model version=2.1
2024-01-03 17:29:20,609 [INFO] ApiDb:669 - CubeFinder database Configuration version=3.0.39
2024-01-03 17:29:20,609 [INFO] ApiDb:670 - CubeFinder database generation date=2023-12-08 (1702028721)
2024-01-03 17:29:20,609 [INFO] ApiDb:671 - CubeFinder database FW Pack versions=[FP-ATR-ASTRA1_V2.0.0, FP-SNS-FLIGHT1_V5.0.1, FP-SNS-FLIGHT1_V5.0.2, FP-SNS-MOTENV1_V4.3.1, FP-SNS-MOTENV1_V4.3.2, FP-SNS-MOTENVWB1_V1.3.1, FP-SNS-SMARTAG2_V1.2.0, STM32Cube_FW_C0_V1.1.0, STM32Cube_FW_F4_V1.28.0, STM32Cube_FW_F7_V1.17.0, STM32Cube_FW_G0_V1.6.1, STM32Cube_FW_G4_V1.5.1, STM32Cube_FW_H5_V0.5.1, STM32Cube_FW_H5_V1.1.1, STM32Cube_FW_H5_V1.2.0RC2, STM32Cube_FW_H7_V1.11.0, STM32Cube_FW_L0_V1.12.2, STM32Cube_FW_L5_V1.5.0, STM32Cube_FW_U5_V1.3.0RC4, STM32Cube_FW_U5_V1.4.0, STM32Cube_FW_WBA_V1.0.0RC1, STM32Cube_FW_WBA_V1.1.0RC1, STM32Cube_FW_WBA_V1.2.0, STM32Cube_FW_WBA_V1.2.0RC2, STM32Cube_FW_WB_V1.15.0RC1, STM32Cube_FW_WB_V1.16.0, STM32Cube_FW_WB_V1.16.0RC2, STM32Cube_FW_WB_V1.18.0, STM32Cube_FW_WL_V1.3.0, X-CUBE-ALGOBUILD_V1.3.0, X-CUBE-ALS_V1.0.1, X-CUBE-AZRTOS-F4_V1.1.0, X-CUBE-AZRTOS-F7_V1.1.0, X-CUBE-AZRTOS-G0_V1.1.0, X-CUBE-AZRTOS-G4_V2.0.0, X-CUBE-AZRTOS-H7_V3.1.0, X-CUBE-AZRTOS-L4_V1.0.0, X-CUBE-AZRTOS-L4_V2.0.0, X-CUBE-AZRTOS-L5_V1.1.0, X-CUBE-AZRTOS-WB_V2.0.0, X-CUBE-AZRTOS-WL_V2.0.0, X-CUBE-BLE1_V7.0.0, X-CUBE-BLE2_V3.3.0, X-CUBE-BLEMGR_V3.0.0, X-CUBE-EEPRMA1_V4.1.0, X-CUBE-EEPRMA1_V4.2.0, X-CUBE-FREERTOS_V1.1.0, X-CUBE-GNSS1_V6.0.0, X-CUBE-MEMS1_V10.0.0, X-CUBE-MEMS1_V9.1.0, X-CUBE-MEMS1_V9.4.0, X-CUBE-MEMS1_V9.6.0, X-CUBE-NFC4_V3.0.0, X-CUBE-NFC7_V1.0.1, X-CUBE-SFXS2LP1_V4.0.0, X-CUBE-SUBG2_V5.0.0, X-CUBE-TOF1_V3.4.0]
2024-01-03 17:29:20,667 [INFO] DbBoardsSqlite:226 - include board P-NUCLEO-WB55-NUCLEO as a kit item of type 'Nucleo-64'
2024-01-03 17:29:20,667 [INFO] DbBoardsSqlite:226 - include board P-NUCLEO-WB55-USBDONGLE as a kit item of type 'Nucleo USB Dongle'
2024-01-03 17:29:20,667 [INFO] DbBoardsSqlite:226 - include board STEVAL-IDP005V1 as a kit item of type 'Evaluation Board'
2024-01-03 17:29:20,667 [INFO] DbBoardsSqlite:226 - include board STEVAL-IDP005V2 as a kit item of type 'Evaluation Board'
2024-01-03 17:29:20,720 [INFO] ApiDb:240 - Found 323 in-development CPN: [B-G473E-ZEST1S, B-WB1M-WPAN1, B-WL5M-SUBG1, NUCLEO-C031C6, NUCLEO-H503RB, NUCLEO-H563ZI, NUCLEO-U545RE-Q, NUCLEO-U5A5ZJ-Q, NUCLEO-WBA52CG, STEVAL-PROTEUS1, STEVAL-SMARTAG2, STEVAL-STWINBX1, STM320518-EVAL, STM32C0116-DK, STM32C011D6Y3TR, STM32C011D6Y6TR, STM32C011F4P3, STM32C011F4P6, STM32C011F4U3, STM32C011F4U6TR, STM32C011F6P3, STM32C011F6P6, STM32C011F6U3, STM32C011F6U6TR, STM32C011J4M3, STM32C011J4M6, STM32C011J6M3, STM32C011J6M6, STM32C0316-DK, STM32C031C4T3, STM32C031C4T6, STM32C031C4U3, STM32C031C4U6, STM32C031C6T3, STM32C031C6T6, STM32C031C6U3, STM32C031C6U6, STM32C031F4P3, STM32C031F4P6, STM32C031F6P3, STM32C031F6P6, STM32C031G4U3, STM32C031G4U6, STM32C031G6U3, STM32C031G6U6, STM32C031K4T3, STM32C031K4T6, STM32C031K4U3, STM32C031K4U6, STM32C031K6T3, STM32C031K6T6, STM32C031K6U3, STM32C031K6U6, STM32G071K8TXN, STM32G071K8UXN, STM32G081GBU6N, STM32G081KBT6N, STM32G081KBUXN, STM32G0B1CCT6N, STM32G0B1KCT6, STM32G0B1NEY6TR, STM32G0B1RCT6N, STM32G0C1CCT6, STM32G0C1CCT6N, STM32G0C1CCU6N, STM32G0C1CET6N, STM32G0C1CEU6N, STM32G0C1KCT6, STM32G0C1NEY6TR, STM32G0C1RCI6N, STM32G0C1RCT6N, STM32G0C1REI6N, STM32G0C1RET6N, STM32G0C1VCI6, STM32G0C1VEI6, STM32G471CCT6, STM32G471CCU6, STM32G471CET3, STM32G471CET6, STM32G471CEU3, STM32G471CEU6, STM32G471MCT6, STM32G471MET3, STM32G471MET6, STM32G471MEY6TR, STM32G471QCT6, STM32G471QET3, STM32G471RCT6, STM32G471RET3, STM32G471RET6, STM32G471VCH6, STM32G471VCI6, STM32G471VCT6, STM32G471VEH3, STM32G471VEH6, STM32G471VEI3, STM32G471VEI6, STM32G471VET3, STM32G471VET6, STM32G474CCT6, STM32H503CBT6, STM32H503CBU6, STM32H503EBY6TR, STM32H503KBU6, STM32H503RBT6, STM32H562AGI6, STM32H562AII6, STM32H562IGK6, STM32H562IGT6, STM32H562IIK6, STM32H562IIT6, STM32H562RGT6, STM32H562RGV6, STM32H562RIT6, STM32H562RIV6, STM32H562VGT6, STM32H562VIT6, STM32H562ZGT6, STM32H562ZIT6, STM32H563AGI6, STM32H563AII3Q, STM32H563AII6, STM32H563IGK6, STM32H563IGT6, STM32H563IIK3Q, STM32H563IIK6, STM32H563IIT3Q, STM32H563IIT6, STM32H563MIY3QTR, STM32H563RGT6, STM32H563RGV6, STM32H563RIT6, STM32H563RIV6, STM32H563VGT6, STM32H563VIT3Q, STM32H563VIT6, STM32H563ZGT6, STM32H563ZIT3Q, STM32H563ZIT6, STM32H573AII3Q, STM32H573AII6, STM32H573I-DK, STM32H573IIK3Q, STM32H573IIK6, STM32H573IIT3Q, STM32H573IIT6, STM32H573MIY3QTR, STM32H573RIT6, STM32H573RIV6, STM32H573VIT3Q, STM32H573VIT6, STM32H573ZIT3Q, STM32H573ZIT6, STM32L4R5QGI6STR, STM32MP131AAE3, STM32MP131AAF3, STM32MP131AAG3, STM32MP131CAE3, STM32MP131CAF3, STM32MP131CAG3, STM32MP131DAE7, STM32MP131DAF7, STM32MP131DAG7, STM32MP131FAE7, STM32MP131FAF7, STM32MP131FAG7, STM32MP133AAE3, STM32MP133AAF3, STM32MP133AAG3, STM32MP133CAE3, STM32MP133CAF3, STM32MP133CAG3, STM32MP133DAE7, STM32MP133DAF7, STM32MP133DAG7, STM32MP133FAE7, STM32MP133FAF7, STM32MP133FAG7, STM32MP135AAE3, STM32MP135AAF3, STM32MP135AAG3, STM32MP135CAE3, STM32MP135CAF3, STM32MP135CAG3, STM32MP135DAE7, STM32MP135DAF7, STM32MP135DAG7, STM32MP135F-DK, STM32MP135FAE7, STM32MP135FAF7, STM32MP135FAF7T, STM32MP135FAF7U, STM32MP135FAG7, STM32U535CBT6, STM32U535CBT6Q, STM32U535CBU6, STM32U535CBU6Q, STM32U535CCT6, STM32U535CCT6Q, STM32U535CCU6, STM32U535CCU6Q, STM32U535CET6, STM32U535CET6Q, STM32U535CEU6, STM32U535CEU6Q, STM32U535JEY6QTR, STM32U535NCY6QTR, STM32U535NEY6QTR, STM32U535RBI6, STM32U535RBI6Q, STM32U535RBT6, STM32U535RBT6Q, STM32U535RCI6, STM32U535RCI6Q, STM32U535RCT6, STM32U535RCT6Q, STM32U535REI6, STM32U535REI6Q, STM32U535RET6, STM32U535RET6Q, STM32U535VCI6, STM32U535VCI6Q, STM32U535VCT6, STM32U535VCT6Q, STM32U535VEI6, STM32U535VEI6Q, STM32U535VET6, STM32U535VET6Q, STM32U545CET6, STM32U545CET6Q, STM32U545CEU6, STM32U545CEU6Q, STM32U545JEY6QTR, STM32U545NEY6QTR, STM32U545REI6, STM32U545REI6Q, STM32U545RET6, STM32U545RET6Q, STM32U545VEI6, STM32U545VEI6Q, STM32U545VET6, STM32U545VET6Q, STM32U595AIH6, STM32U595AIH6Q, STM32U595AJH6, STM32U595AJH6Q, STM32U595QII6, STM32U595QII6Q, STM32U595QJI6, STM32U595QJI6Q, STM32U595RIT6, STM32U595RIT6Q, STM32U595RJT6, STM32U595RJT6Q, STM32U595VIT6, STM32U595VIT6Q, STM32U595VJT6, STM32U595VJT6Q, STM32U595ZIT6, STM32U595ZIT6Q, STM32U595ZIY6QTR, STM32U595ZJT6, STM32U595ZJT6Q, STM32U595ZJY6QTR, STM32U599BJY6QTR, STM32U599NIH6Q, STM32U599NJH6Q, STM32U599VIT6Q, STM32U599VJT6, STM32U599VJT6Q, STM32U599ZIT6Q, STM32U599ZIY6QTR, STM32U599ZJT6Q, STM32U599ZJY6QTR, STM32U5A5AJH6, STM32U5A5AJH6Q, STM32U5A5QJI6, STM32U5A5QJI6Q, STM32U5A5RJT6, STM32U5A5RJT6Q, STM32U5A5VJT6, STM32U5A5VJT6Q, STM32U5A5ZJT6, STM32U5A5ZJT6Q, STM32U5A5ZJY6QTR, STM32U5A9BJY6QTR, STM32U5A9J-DK, STM32U5A9NJH6Q, STM32U5A9VJT6Q, STM32U5A9ZJT6Q, STM32U5A9ZJY6QTR, STM32U5F7VIT6, STM32U5F7VIT6Q, STM32U5F7VJT6, STM32U5F7VJT6Q, STM32U5F9BJY6QTR, STM32U5F9NJH6Q, STM32U5F9VIT6Q, STM32U5F9VJT6Q, STM32U5F9ZIJ6QTR, STM32U5F9ZIT6Q, STM32U5F9ZJJ6QTR, STM32U5F9ZJT6Q, STM32U5G7VJT6, STM32U5G7VJT6Q, STM32U5G9BJY6QTR, STM32U5G9J-DK1, STM32U5G9J-DK2, STM32U5G9NJH6Q, STM32U5G9VJT6Q, STM32U5G9ZJJ6QTR, STM32U5G9ZJT6Q, STM32WB1MMCH6, STM32WBA52CEU6, STM32WBA52CEU6T, STM32WBA52CGU6, STM32WBA52CGU6T, STM32WBA52KEU6, STM32WBA52KEU6T, STM32WBA52KGU6, STM32WBA52KGU6T, STM32WL5MOCH6, STM32WL5MOCH6TR]
2024-01-03 17:29:20,853 [INFO] BoardInfo:880 - No configuration file found for board P-NUCLEO-WB55
2024-01-03 17:29:20,853 [INFO] DbBoards:157 - Kit is not supported: P-NUCLEO-WB55
2024-01-03 17:29:20,858 [INFO] BoardInfo:880 - No configuration file found for board STEVAL-BFA001V1B
2024-01-03 17:29:20,858 [INFO] DbBoards:157 - Kit is not supported: STEVAL-BFA001V1B
2024-01-03 17:29:20,860 [INFO] BoardInfo:880 - No configuration file found for board STEVAL-BFA001V2B
2024-01-03 17:29:20,860 [INFO] DbBoards:157 - Kit is not supported: STEVAL-BFA001V2B
2024-01-03 17:29:20,864 [INFO] BoardInfo:880 - No configuration file found for board STEVAL-MKBOXPRO
2024-01-03 17:29:20,864 [INFO] DbBoards:157 - Board is not supported: STEVAL-MKBOXPRO
2024-01-03 17:29:21,031 [INFO] DbBoards:161 - Found 191 boards, 187 are supported
2024-01-03 17:29:21,036 [INFO] ApiDb:423 - Load user favorites file C:\Users\E-AY/.stm32cubeide/favorites.boards.txt: 0 item(s)
2024-01-03 17:29:21,036 [INFO] ApiDb:427 - User favorites Boards=[]
2024-01-03 17:29:21,037 [INFO] DbBoards:190 - Set 0 / 0 favorites Boards
2024-01-03 17:29:21,040 [INFO] ApiDb:668 - CubeFinder database Data Model version=2.1
2024-01-03 17:29:21,040 [INFO] ApiDb:669 - CubeFinder database Configuration version=3.0.39
2024-01-03 17:29:21,040 [INFO] ApiDb:670 - CubeFinder database generation date=2023-12-08 (1702028721)
2024-01-03 17:29:21,041 [INFO] ApiDb:671 - CubeFinder database FW Pack versions=[FP-ATR-ASTRA1_V2.0.0, FP-SNS-FLIGHT1_V5.0.1, FP-SNS-FLIGHT1_V5.0.2, FP-SNS-MOTENV1_V4.3.1, FP-SNS-MOTENV1_V4.3.2, FP-SNS-MOTENVWB1_V1.3.1, FP-SNS-SMARTAG2_V1.2.0, STM32Cube_FW_C0_V1.1.0, STM32Cube_FW_F4_V1.28.0, STM32Cube_FW_F7_V1.17.0, STM32Cube_FW_G0_V1.6.1, STM32Cube_FW_G4_V1.5.1, STM32Cube_FW_H5_V0.5.1, STM32Cube_FW_H5_V1.1.1, STM32Cube_FW_H5_V1.2.0RC2, STM32Cube_FW_H7_V1.11.0, STM32Cube_FW_L0_V1.12.2, STM32Cube_FW_L5_V1.5.0, STM32Cube_FW_U5_V1.3.0RC4, STM32Cube_FW_U5_V1.4.0, STM32Cube_FW_WBA_V1.0.0RC1, STM32Cube_FW_WBA_V1.1.0RC1, STM32Cube_FW_WBA_V1.2.0, STM32Cube_FW_WBA_V1.2.0RC2, STM32Cube_FW_WB_V1.15.0RC1, STM32Cube_FW_WB_V1.16.0, STM32Cube_FW_WB_V1.16.0RC2, STM32Cube_FW_WB_V1.18.0, STM32Cube_FW_WL_V1.3.0, X-CUBE-ALGOBUILD_V1.3.0, X-CUBE-ALS_V1.0.1, X-CUBE-AZRTOS-F4_V1.1.0, X-CUBE-AZRTOS-F7_V1.1.0, X-CUBE-AZRTOS-G0_V1.1.0, X-CUBE-AZRTOS-G4_V2.0.0, X-CUBE-AZRTOS-H7_V3.1.0, X-CUBE-AZRTOS-L4_V1.0.0, X-CUBE-AZRTOS-L4_V2.0.0, X-CUBE-AZRTOS-L5_V1.1.0, X-CUBE-AZRTOS-WB_V2.0.0, X-CUBE-AZRTOS-WL_V2.0.0, X-CUBE-BLE1_V7.0.0, X-CUBE-BLE2_V3.3.0, X-CUBE-BLEMGR_V3.0.0, X-CUBE-EEPRMA1_V4.1.0, X-CUBE-EEPRMA1_V4.2.0, X-CUBE-FREERTOS_V1.1.0, X-CUBE-GNSS1_V6.0.0, X-CUBE-MEMS1_V10.0.0, X-CUBE-MEMS1_V9.1.0, X-CUBE-MEMS1_V9.4.0, X-CUBE-MEMS1_V9.6.0, X-CUBE-NFC4_V3.0.0, X-CUBE-NFC7_V1.0.1, X-CUBE-SFXS2LP1_V4.0.0, X-CUBE-SUBG2_V5.0.0, X-CUBE-TOF1_V3.4.0]
2024-01-03 17:29:21,841 [ERROR] DbExamplesSqlite:437 - Missing JSON key: board_cpn
2024-01-03 17:29:21,841 [ERROR] DbExamplesSqlite:437 - Missing JSON key: board_cpn
2024-01-03 17:29:21,842 [ERROR] DbExamplesSqlite:437 - Missing JSON key: board_cpn
2024-01-03 17:29:21,842 [ERROR] DbExamplesSqlite:437 - Missing JSON key: board_cpn
2024-01-03 17:29:21,888 [INFO] DbExamplesSqlite:395 - Ignored 55 examples not supported by CubeIDE
2024-01-03 17:29:21,888 [INFO] DbExamplesSqlite:396 - Found 7560 examples active
2024-01-03 17:29:21,889 [INFO] DbExamplesSqlite:397 - Found 844 examples obsolete
2024-01-03 17:29:21,889 [INFO] DbExamplesSqlite:398 - Found 0 examples under development
2024-01-03 17:29:21,889 [INFO] DbExamplesSqlite:399 - Found 8 examples not building
2024-01-03 17:29:21,891 [INFO] DbExamples:125 - Found 7513 examples
2024-01-03 17:29:21,953 [ERROR] DbExamples:208 - Found 247 examples with invalid data (board or MCU)
2024-01-03 17:29:21,953 [INFO] DbExamples:222 - Found 93 boards with related examples
2024-01-03 17:29:21,954 [INFO] DbExamples:235 - Found 79 MCUs with related examples
2024-01-03 17:29:21,976 [INFO] ApiDb:423 - Load user favorites file C:\Users\E-AY/.stm32cubeide/favorites.examples.txt: 0 item(s)
2024-01-03 17:29:21,976 [INFO] ApiDb:427 - User favorites Examples=[]
2024-01-03 17:29:21,976 [INFO] DbExamples:250 - Set 0 / 0 favorites Examples
2024-01-03 17:29:22,373 [INFO] McuFinderGlobals:76 - Set McuFinderConnectedMode to true
2024-01-03 17:29:22,381 [INFO] MultiScanPanel:200 - Auto-refresh data requested => check proxy status ongoing
2024-01-03 17:29:22,385 [INFO] FinderPluginLoader:95 - Searching for filters in installed packs
2024-01-03 17:29:24,188 [INFO] LoadUrlFilesThread:185 - End of LoadServerUrlFiles without Thread
2024-01-03 17:29:24,222 [INFO] DetailPanel:341 - Set advertising image to C:/Users/E-AY/STM32Cube/Repository/\en.prom-stm32wl3-mcu-finder.jpg
2024-01-03 17:44:06,791 [INFO] McuFinderGlobals:76 - Set McuFinderConnectedMode to true
2024-01-03 17:44:07,216 [INFO] ApiDb:448 - Save user favorites file C:\Users\E-AY/.stm32cubeide/favorites.mcus.txt: 0 item(s)
2024-01-03 17:44:07,216 [INFO] ApiDb:452 - User favorites MCUs=[]
2024-01-03 17:44:11,311 [ERROR] LogOutputStream:75 - [STDERR_REDIRECT] 
