2023-11-01 10:20:03,600 [INFO] Activator:176 - 


2023-11-01 10:20:03,608 [INFO] Activator:177 - !SESSION log4j initialized
2023-11-01 10:20:09,947 [INFO] LogOutputStream:77 - [STDOUT_REDIRECT] 
2023-11-01 10:20:15,938 [INFO] ApplicationProperties:184 - Using Application install path: C:\ST\STM32CubeIDE_1.13.2\STM32CubeIDE\plugins\com.st.stm32cube.common.mx_6.9.2.202309101412
2023-11-01 10:20:15,963 [INFO] DbMcusXml:78 - Set database path to: C:\ST\STM32CubeIDE_1.13.2\STM32CubeIDE\plugins\com.st.stm32cube.common.mx_6.9.2.202309101412\\db\/mcu/
2023-11-01 10:20:15,964 [INFO] ApiDb:274 - Set plugin database path to: C:\ST\STM32CubeIDE_1.13.2\STM32CubeIDE\plugins\com.st.stm32cube.common.mx_6.9.2.202309101412\\db\/plugins/boardmanager/
2023-11-01 10:20:15,964 [WARN] ApiDb:259 - Overriding images path with different value:  => C:\ST\STM32CubeIDE_1.13.2\STM32CubeIDE\plugins\com.st.stm32cube.common.mx_6.9.2.202309101412\\db\/plugins/mcufinder/images/
2023-11-01 10:20:15,981 [INFO] ApiDb:250 - Set database path to: C:\Users\E-AY\.stmcufinder\plugins\mcufinder//mcu/
2023-11-01 10:20:15,982 [INFO] DbMcusAds:125 - Set database path to: C:\Users\E-AY\.stmcufinder\plugins\mcufinder//mcu/
2023-11-01 10:20:15,985 [INFO] CrossReferenceDbSqlite:203 - Set database path to: C:\Users\E-AY\.stmcufinder\plugins\mcufinder//mcu/cs/
2023-11-01 10:20:16,171 [INFO] RulesReader:64 - Compatibility file has been processed (293 Rules)
2023-11-01 10:20:16,289 [INFO] DbMcusXml:78 - Set database path to: C:\ST\STM32CubeIDE_1.13.2\STM32CubeIDE\plugins\com.st.stm32cube.common.mx_6.9.2.202309101412\\db\/mcu/
2023-11-01 10:20:16,289 [INFO] ApiDb:274 - Set plugin database path to: C:\ST\STM32CubeIDE_1.13.2\STM32CubeIDE\plugins\com.st.stm32cube.common.mx_6.9.2.202309101412\\db\/plugins/boardmanager/
2023-11-01 10:20:16,289 [INFO] ApiDb:261 - Set plugin images path to: C:\ST\STM32CubeIDE_1.13.2\STM32CubeIDE\plugins\com.st.stm32cube.common.mx_6.9.2.202309101412\\db\/plugins/mcufinder/images/
2023-11-01 10:20:16,289 [WARN] DbFile:41 - Overriding database path with different value: C:\Users\E-AY\.stmcufinder\plugins\mcufinder/ => C:\Users\E-AY\.stmcufinder\plugins\mcufinder
2023-11-01 10:20:16,289 [INFO] ApiDb:250 - Set database path to: C:\Users\E-AY\.stmcufinder\plugins\mcufinder//mcu/
2023-11-01 10:20:16,290 [WARN] DbFile:41 - Overriding database path with different value: C:\Users\E-AY\.stmcufinder\plugins\mcufinder/ => C:\Users\E-AY\.stmcufinder\plugins\mcufinder
2023-11-01 10:20:16,290 [INFO] DbMcusAds:125 - Set database path to: C:\Users\E-AY\.stmcufinder\plugins\mcufinder//mcu/
2023-11-01 10:20:16,290 [WARN] DbFile:41 - Overriding database path with different value: C:\Users\E-AY\.stmcufinder\plugins\mcufinder/ => C:\Users\E-AY\.stmcufinder\plugins\mcufinder
2023-11-01 10:20:16,290 [WARN] DbFile:41 - Overriding database path with different value: C:\Users\E-AY\.stmcufinder\plugins\mcufinder/ => C:\Users\E-AY\.stmcufinder\plugins\mcufinder
2023-11-01 10:20:16,290 [INFO] CrossReferenceDbSqlite:203 - Set database path to: C:\Users\E-AY\.stmcufinder\plugins\mcufinder//mcu/cs/
2023-11-01 10:20:16,394 [INFO] MainPanel:262 - HeapMemory: 268435456
2023-11-01 10:20:16,536 [INFO] DbMcusXml:78 - Set database path to: C:\ST\STM32CubeIDE_1.13.2\STM32CubeIDE\plugins\com.st.stm32cube.common.mx_6.9.2.202309101412\\db\/mcu/
2023-11-01 10:20:16,537 [INFO] ApiDb:274 - Set plugin database path to: C:\ST\STM32CubeIDE_1.13.2\STM32CubeIDE\plugins\com.st.stm32cube.common.mx_6.9.2.202309101412\\db\/plugins/boardmanager/
2023-11-01 10:20:16,537 [INFO] ApiDb:261 - Set plugin images path to: C:\ST\STM32CubeIDE_1.13.2\STM32CubeIDE\plugins\com.st.stm32cube.common.mx_6.9.2.202309101412\\db\/plugins/mcufinder/images/
2023-11-01 10:20:16,537 [WARN] DbFile:41 - Overriding database path with different value: C:\Users\E-AY\.stmcufinder\plugins\mcufinder/ => C:\Users\E-AY\.stmcufinder\plugins\mcufinder
2023-11-01 10:20:16,538 [INFO] ApiDb:250 - Set database path to: C:\Users\E-AY\.stmcufinder\plugins\mcufinder//mcu/
2023-11-01 10:20:16,538 [WARN] DbFile:41 - Overriding database path with different value: C:\Users\E-AY\.stmcufinder\plugins\mcufinder/ => C:\Users\E-AY\.stmcufinder\plugins\mcufinder
2023-11-01 10:20:16,538 [INFO] DbMcusAds:125 - Set database path to: C:\Users\E-AY\.stmcufinder\plugins\mcufinder//mcu/
2023-11-01 10:20:16,538 [WARN] DbFile:41 - Overriding database path with different value: C:\Users\E-AY\.stmcufinder\plugins\mcufinder/ => C:\Users\E-AY\.stmcufinder\plugins\mcufinder
2023-11-01 10:20:16,538 [WARN] DbFile:41 - Overriding database path with different value: C:\Users\E-AY\.stmcufinder\plugins\mcufinder/ => C:\Users\E-AY\.stmcufinder\plugins\mcufinder
2023-11-01 10:20:16,538 [INFO] CrossReferenceDbSqlite:203 - Set database path to: C:\Users\E-AY\.stmcufinder\plugins\mcufinder//mcu/cs/
2023-11-01 10:20:16,563 [INFO] ApplicationProperties:184 - Using Application install path: C:\ST\STM32CubeIDE_1.13.2\STM32CubeIDE\plugins\com.st.stm32cube.common.mx_6.9.2.202309101412
2023-11-01 10:20:16,566 [INFO] PluginManage:196 - Search for loadable plugins [exclusion list=, ]
2023-11-01 10:20:16,568 [INFO] PluginManage:310 - Check plugin analytics
2023-11-01 10:20:16,843 [INFO] AnalyticsPlugin:253 - Accepted Software Licenses: 
2023-11-01 10:20:16,843 [INFO] AnalyticsPlugin:255 - Accepted CMSIS Pack Licenses: 
2023-11-01 10:20:16,844 [INFO] AnalyticsPlugin:257 - Accepted Firmware Licenses: 
2023-11-01 10:20:16,847 [INFO] PluginManage:359 - Loaded plugin analytics (category:tool,tabindex:-1)
2023-11-01 10:20:16,847 [INFO] PluginManage:310 - Check plugin cadmodel
2023-11-01 10:20:16,865 [INFO] CADModel:105 - Init CAD model plugin
2023-11-01 10:20:16,865 [INFO] PluginManage:359 - Loaded plugin cadmodel (category:power,tabindex:5)
2023-11-01 10:20:16,865 [INFO] PluginManage:310 - Check plugin clock
2023-11-01 10:20:16,900 [INFO] PluginManage:359 - Loaded plugin clock (category:base,tabindex:2)
2023-11-01 10:20:16,900 [INFO] PluginManage:310 - Check plugin ddr
2023-11-01 10:20:16,904 [INFO] PluginManage:359 - Loaded plugin ddr (category:tool,tabindex:6)
2023-11-01 10:20:16,905 [INFO] PluginManage:310 - Check plugin filemanager
2023-11-01 10:20:17,101 [INFO] PluginManage:359 - Loaded plugin filemanager (category:base,tabindex:10)
2023-11-01 10:20:17,101 [INFO] PluginManage:310 - Check plugin ipmanager
2023-11-01 10:20:17,112 [INFO] PluginManage:359 - Loaded plugin ipmanager (category:base,tabindex:5)
2023-11-01 10:20:17,112 [INFO] PluginManage:310 - Check plugin lpbam
2023-11-01 10:20:17,140 [INFO] PluginManage:359 - Loaded plugin lpbam (category:base,tabindex:0)
2023-11-01 10:20:17,141 [INFO] PluginManage:310 - Check plugin memorymap
2023-11-01 10:20:17,175 [INFO] PluginManage:359 - Loaded plugin memorymap (category:base,tabindex:4)
2023-11-01 10:20:17,176 [INFO] PluginManage:310 - Check plugin pinoutandconfiguration
2023-11-01 10:20:17,200 [INFO] PluginManage:359 - Loaded plugin pinoutandconfiguration (category:base,tabindex:1)
2023-11-01 10:20:17,200 [INFO] PluginManage:310 - Check plugin pinoutconfig
2023-11-01 10:20:17,338 [WARN] SupportedApi:132 - Cannot load RTOS API schema: s4s-elt-must-match.1: The content of 'definitions' must match (annotation?, (simpleType | complexType)?, (unique | key | keyref)*)). A problem was found starting at: attribute.
2023-11-01 10:20:17,604 [INFO] PluginManage:359 - Loaded plugin pinoutconfig (category:base,tabindex:0)
2023-11-01 10:20:17,604 [INFO] PluginManage:310 - Check plugin power
2023-11-01 10:20:17,647 [INFO] PluginManage:359 - Loaded plugin power (category:power,tabindex:4)
2023-11-01 10:20:17,647 [INFO] PluginManage:310 - Check plugin projectmanager
2023-11-01 10:20:17,683 [INFO] PluginManage:359 - Loaded plugin projectmanager (category:projectmanager,tabindex:3)
2023-11-01 10:20:17,683 [INFO] PluginManage:310 - Check plugin thirdparty
2023-11-01 10:20:18,099 [INFO] PluginManage:359 - Loaded plugin thirdparty (category:base,tabindex:-1)
2023-11-01 10:20:18,099 [WARN] IntegrityCheckThread:84 - waiting for thirdparty lock release [integrity check]
2023-11-01 10:20:18,099 [INFO] PluginManage:310 - Check plugin tools
2023-11-01 10:20:18,100 [INFO] IntegrityCheckThread:86 - entering critical section [integrity check]
2023-11-01 10:20:18,100 [INFO] ThirdPartyUpdaterWithRetryManager:70 - Updater plugin not ready yet. [1/15]
2023-11-01 10:20:18,142 [INFO] PluginManage:359 - Loaded plugin tools (category:base,tabindex:7)
2023-11-01 10:20:18,142 [INFO] PluginManage:310 - Check plugin tutovideos
2023-11-01 10:20:18,412 [INFO] PluginManage:359 - Loaded plugin tutovideos (category:base,tabindex:-1)
2023-11-01 10:20:18,412 [INFO] PluginManage:310 - Check plugin updater
2023-11-01 10:20:18,426 [INFO] PluginManage:359 - Loaded plugin updater (category:base,tabindex:12)
2023-11-01 10:20:18,427 [INFO] PluginManage:310 - Check plugin userauth
2023-11-01 10:20:18,433 [INFO] UserAuth:113 - Init User Auth plugin
2023-11-01 10:20:18,433 [INFO] PluginManage:359 - Loaded plugin userauth (category:base,tabindex:14)
2023-11-01 10:20:18,434 [INFO] PluginManage:283 - PluginManage : Loaded plugins [17]
2023-11-01 10:20:18,724 [INFO] PinOutPanel:1499 - setPackage(No Configuration,No Configuration)
2023-11-01 10:20:18,867 [INFO] CADModel:165 - CPN selected for project level
2023-11-01 10:20:18,867 [INFO] CADModel:114 - Register for checkConnection events
2023-11-01 10:20:18,899 [INFO] IPUIPlugin:80 - create IPUIPlugin
2023-11-01 10:20:18,899 [INFO] PluginManager:220 - loadIPPluginJar : add adc
2023-11-01 10:20:18,943 [INFO] IPUIPlugin:80 - create IPUIPlugin
2023-11-01 10:20:18,944 [INFO] PluginManager:220 - loadIPPluginJar : add aes
2023-11-01 10:20:18,994 [INFO] IPUIPlugin:80 - create IPUIPlugin
2023-11-01 10:20:18,995 [INFO] PluginManager:220 - loadIPPluginJar : add can
2023-11-01 10:20:19,022 [INFO] IPUIPlugin:80 - create IPUIPlugin
2023-11-01 10:20:19,022 [INFO] PluginManager:220 - loadIPPluginJar : add comp
2023-11-01 10:20:19,061 [INFO] IPUIPlugin:80 - create IPUIPlugin
2023-11-01 10:20:19,061 [INFO] PluginManager:220 - loadIPPluginJar : add cryp
2023-11-01 10:20:19,104 [INFO] IPUIPlugin:80 - create IPUIPlugin
2023-11-01 10:20:19,104 [INFO] PluginManager:220 - loadIPPluginJar : add dfsdm
2023-11-01 10:20:19,122 [INFO] IPUIPlugin:80 - create IPUIPlugin
2023-11-01 10:20:19,122 [INFO] PluginManager:220 - loadIPPluginJar : add dma
2023-11-01 10:20:19,176 [INFO] IPUIPlugin:80 - create IPUIPlugin
2023-11-01 10:20:19,176 [INFO] PluginManager:220 - loadIPPluginJar : add dma3
2023-11-01 10:20:19,199 [INFO] IPUIPlugin:80 - create IPUIPlugin
2023-11-01 10:20:19,200 [INFO] PluginManager:220 - loadIPPluginJar : add fatfs
2023-11-01 10:20:19,258 [INFO] IPUIPlugin:80 - create IPUIPlugin
2023-11-01 10:20:19,258 [INFO] PluginManager:220 - loadIPPluginJar : add fmc
2023-11-01 10:20:19,276 [INFO] IPUIPlugin:80 - create IPUIPlugin
2023-11-01 10:20:19,276 [INFO] PluginManager:220 - loadIPPluginJar : add freertos
2023-11-01 10:20:19,302 [INFO] IPUIPlugin:80 - create IPUIPlugin
2023-11-01 10:20:19,302 [INFO] PluginManager:220 - loadIPPluginJar : add genericplugin
2023-11-01 10:20:19,425 [INFO] IPUIPlugin:80 - create IPUIPlugin
2023-11-01 10:20:19,425 [INFO] PluginManager:220 - loadIPPluginJar : add gfxmmu
2023-11-01 10:20:19,594 [INFO] IPUIPlugin:80 - create IPUIPlugin
2023-11-01 10:20:19,595 [INFO] PluginManager:220 - loadIPPluginJar : add gic
2023-11-01 10:20:19,614 [INFO] IPUIPlugin:80 - create IPUIPlugin
2023-11-01 10:20:19,614 [INFO] PluginManager:220 - loadIPPluginJar : add gpio
2023-11-01 10:20:19,738 [INFO] IPUIPlugin:80 - create IPUIPlugin
2023-11-01 10:20:19,738 [INFO] PluginManager:220 - loadIPPluginJar : add gtzc
2023-11-01 10:20:19,784 [INFO] IPUIPlugin:80 - create IPUIPlugin
2023-11-01 10:20:19,784 [INFO] PluginManager:220 - loadIPPluginJar : add hash
2023-11-01 10:20:19,859 [INFO] IPUIPlugin:80 - create IPUIPlugin
2023-11-01 10:20:19,859 [INFO] PluginManager:220 - loadIPPluginJar : add i2c
2023-11-01 10:20:19,911 [INFO] IPUIPlugin:80 - create IPUIPlugin
2023-11-01 10:20:19,912 [INFO] PluginManager:220 - loadIPPluginJar : add i2s
2023-11-01 10:20:19,962 [INFO] IPUIPlugin:80 - create IPUIPlugin
2023-11-01 10:20:19,962 [INFO] PluginManager:220 - loadIPPluginJar : add i3c
2023-11-01 10:20:20,098 [INFO] IPUIPlugin:80 - create IPUIPlugin
2023-11-01 10:20:20,098 [INFO] PluginManager:220 - loadIPPluginJar : add ipddr
2023-11-01 10:20:20,211 [INFO] IPUIPlugin:80 - create IPUIPlugin
2023-11-01 10:20:20,211 [INFO] PluginManager:220 - loadIPPluginJar : add linkedlist
2023-11-01 10:20:20,253 [INFO] IPUIPlugin:80 - create IPUIPlugin
2023-11-01 10:20:20,253 [INFO] PluginManager:220 - loadIPPluginJar : add lorawan
2023-11-01 10:20:20,296 [INFO] IPUIPlugin:80 - create IPUIPlugin
2023-11-01 10:20:20,297 [INFO] PluginManager:220 - loadIPPluginJar : add ltdc
2023-11-01 10:20:20,314 [INFO] IPUIPlugin:80 - create IPUIPlugin
2023-11-01 10:20:20,314 [INFO] PluginManager:220 - loadIPPluginJar : add mdma
2023-11-01 10:20:20,328 [INFO] IPUIPlugin:80 - create IPUIPlugin
2023-11-01 10:20:20,329 [INFO] PluginManager:220 - loadIPPluginJar : add nvic
2023-11-01 10:20:20,372 [INFO] IPUIPlugin:80 - create IPUIPlugin
2023-11-01 10:20:20,372 [INFO] PluginManager:220 - loadIPPluginJar : add opamp
2023-11-01 10:20:20,441 [INFO] IPUIPlugin:80 - create IPUIPlugin
2023-11-01 10:20:20,442 [INFO] PluginManager:220 - loadIPPluginJar : add openamp
2023-11-01 10:20:20,492 [INFO] IPUIPlugin:80 - create IPUIPlugin
2023-11-01 10:20:20,493 [INFO] PluginManager:220 - loadIPPluginJar : add pdm2pcm
2023-11-01 10:20:20,512 [INFO] IPUIPlugin:80 - create IPUIPlugin
2023-11-01 10:20:20,515 [INFO] PluginManager:220 - loadIPPluginJar : add plateformsettings
2023-11-01 10:20:20,541 [INFO] IPUIPlugin:80 - create IPUIPlugin
2023-11-01 10:20:20,542 [INFO] PluginManager:220 - loadIPPluginJar : add quadspi
2023-11-01 10:20:20,557 [INFO] IPUIPlugin:80 - create IPUIPlugin
2023-11-01 10:20:20,557 [INFO] PluginManager:220 - loadIPPluginJar : add resmgrutility
2023-11-01 10:20:20,615 [INFO] IPUIPlugin:80 - create IPUIPlugin
2023-11-01 10:20:20,615 [INFO] PluginManager:220 - loadIPPluginJar : add sai
2023-11-01 10:20:20,659 [INFO] IPUIPlugin:80 - create IPUIPlugin
2023-11-01 10:20:20,660 [INFO] PluginManager:220 - loadIPPluginJar : add spi
2023-11-01 10:20:20,729 [INFO] IPUIPlugin:80 - create IPUIPlugin
2023-11-01 10:20:20,729 [INFO] PluginManager:220 - loadIPPluginJar : add stm32_wpan
2023-11-01 10:20:20,756 [INFO] IPUIPlugin:80 - create IPUIPlugin
2023-11-01 10:20:20,756 [INFO] PluginManager:220 - loadIPPluginJar : add tim
2023-11-01 10:20:20,821 [INFO] IPUIPlugin:80 - create IPUIPlugin
2023-11-01 10:20:20,821 [INFO] PluginManager:220 - loadIPPluginJar : add touchsensing
2023-11-01 10:20:20,856 [INFO] IPUIPlugin:80 - create IPUIPlugin
2023-11-01 10:20:20,856 [INFO] PluginManager:220 - loadIPPluginJar : add tracer_emb
2023-11-01 10:20:20,887 [INFO] IPUIPlugin:80 - create IPUIPlugin
2023-11-01 10:20:20,887 [INFO] PluginManager:220 - loadIPPluginJar : add ts
2023-11-01 10:20:20,913 [INFO] IPUIPlugin:80 - create IPUIPlugin
2023-11-01 10:20:20,914 [INFO] PluginManager:220 - loadIPPluginJar : add tsc
2023-11-01 10:20:20,940 [INFO] IPUIPlugin:80 - create IPUIPlugin
2023-11-01 10:20:20,940 [INFO] PluginManager:220 - loadIPPluginJar : add ucpd
2023-11-01 10:20:20,995 [INFO] IPUIPlugin:80 - create IPUIPlugin
2023-11-01 10:20:20,995 [INFO] PluginManager:220 - loadIPPluginJar : add usart
2023-11-01 10:20:21,049 [INFO] IPUIPlugin:80 - create IPUIPlugin
2023-11-01 10:20:21,049 [INFO] PluginManager:220 - loadIPPluginJar : add usbx
2023-11-01 10:20:21,101 [INFO] ThirdPartyUpdaterWithRetryManager:70 - Updater plugin not ready yet. [2/15]
2023-11-01 10:20:21,197 [INFO] CADModel:165 - CPN selected for project level
2023-11-01 10:20:21,197 [INFO] CADModel:114 - Register for checkConnection events
2023-11-01 10:20:21,197 [FATAL] Updater:308 - Updater called before beeing initialized
2023-11-01 10:20:21,197 [ERROR] CADModel:125 - Updater not yet initialized, retry later 
2023-11-01 10:20:21,415 [INFO] CADModel:165 - CPN selected for project level
2023-11-01 10:20:21,415 [INFO] CADModel:114 - Register for checkConnection events
2023-11-01 10:20:21,415 [FATAL] Updater:308 - Updater called before beeing initialized
2023-11-01 10:20:21,415 [ERROR] CADModel:125 - Updater not yet initialized, retry later 
2023-11-01 10:20:21,420 [FATAL] Updater:308 - Updater called before beeing initialized
2023-11-01 10:20:21,553 [FATAL] Updater:308 - Updater called before beeing initialized
2023-11-01 10:20:21,568 [INFO] DbMcusAds:53 - JSON generation date=Tue Mar 07 11:50:55 TRT 2023 (1678179055114)
2023-11-01 10:20:21,569 [FATAL] Updater:308 - Updater called before beeing initialized
2023-11-01 10:20:21,667 [WARN] DetailPanel:346 - Failed to get advertising image, set to default
2023-11-01 10:20:21,809 [FATAL] Updater:308 - Updater called before beeing initialized
2023-11-01 10:20:21,812 [FATAL] Updater:308 - Updater called before beeing initialized
2023-11-01 10:20:21,812 [FATAL] Updater:308 - Updater called before beeing initialized
2023-11-01 10:20:21,812 [WARN] DetailPanel:346 - Failed to get advertising image, set to default
2023-11-01 10:20:21,813 [FATAL] Updater:308 - Updater called before beeing initialized
2023-11-01 10:20:21,892 [ERROR] Updater:1120 - MainUpdater not yet initialized. External WinMGr cannot be set.
2023-11-01 10:20:21,903 [INFO] Updater:1056 - Updater Version found : 6.9.2
2023-11-01 10:20:21,925 [INFO] ApplicationProperties:184 - Using Application install path: C:\ST\STM32CubeIDE_1.13.2\STM32CubeIDE\plugins\com.st.stm32cube.common.mx_6.9.2.202309101412
2023-11-01 10:20:22,104 [INFO] MainUpdater:2868 - connection check result : 10
2023-11-01 10:20:22,105 [INFO] MainUpdater:285 - Updater Check For Update Now.
2023-11-01 10:20:22,105 [INFO] MicroXplorer:498 - Change Database Version : DB.6.0.92
2023-11-01 10:20:22,127 [INFO] McuFinderGlobals:63 - Set McuFinder mode to 2 (CubeIDE integrated)
2023-11-01 10:20:22,127 [INFO] UserAuth:179 - activating auth plugin
2023-11-01 10:20:22,131 [INFO] UserAuth:393 - Internet connection configuration mode: 1
2023-11-01 10:20:22,168 [INFO] JxBrowserEngine:151 - Initiate JxBrowser Engine with user profile folder
2023-11-01 10:20:22,328 [INFO] CheckServerUpdateThread:120 - End of CheckServer Thread
2023-11-01 10:20:24,346 [WARN] PackLoader:240 - Cannot read IP mode file for STMicroelectronics.X-CUBE-SMBUS.2.1.0
2023-11-01 10:20:24,414 [WARN] PackLoader:240 - Cannot read IP mode file for STMicroelectronics.X-CUBE-AZRTOS-F7.1.1.0
2023-11-01 10:20:24,453 [WARN] PackLoader:240 - Cannot read IP mode file for STMicroelectronics.FP-SNS-MOTENV1.4.3.2
2023-11-01 10:20:24,479 [WARN] PackLoader:240 - Cannot read IP mode file for STMicroelectronics.FP-SNS-FLIGHT1.5.0.2
2023-11-01 10:20:24,509 [WARN] PackLoader:240 - Cannot read IP mode file for STMicroelectronics.X-CUBE-DISPLAY.3.0.0
2023-11-01 10:20:24,625 [WARN] PackLoader:240 - Cannot read IP mode file for STMicroelectronics.X-CUBE-BLE1.7.0.0
2023-11-01 10:20:24,658 [WARN] PackLoader:240 - Cannot read IP mode file for emotas.I-CUBE-CANOPEN.1.3.0
2023-11-01 10:20:24,685 [INFO] LogOutputStream:77 - [STDOUT_REDIRECT] 1 : Invalid condition id : UX_CORESTACK_Condition cause : null
2023-11-01 10:20:24,686 [INFO] LogOutputStream:77 - [STDOUT_REDIRECT] 1 : Invalid condition id : UX_CORESTACK_Condition cause : null
2023-11-01 10:20:24,689 [INFO] LogOutputStream:77 - [STDOUT_REDIRECT] 1 : Invalid condition id : UX_CORESTACK_Condition cause : null
2023-11-01 10:20:24,692 [INFO] LogOutputStream:77 - [STDOUT_REDIRECT] 1 : Invalid condition id : UX_CORESTACK_Condition cause : null
2023-11-01 10:20:24,694 [INFO] LogOutputStream:77 - [STDOUT_REDIRECT] 1 : Invalid condition id : UX_CORESTACK_Condition cause : null
2023-11-01 10:20:24,699 [WARN] PackLoader:240 - Cannot read IP mode file for STMicroelectronics.X-CUBE-AZRTOS-WL.2.0.0
2023-11-01 10:20:24,722 [WARN] PackLoader:240 - Cannot read IP mode file for WES.I-CUBE-Cesium.1.3.0
2023-11-01 10:20:24,744 [WARN] PackLoader:240 - Cannot read IP mode file for STMicroelectronics.X-CUBE-BLE2.3.3.0
2023-11-01 10:20:24,762 [WARN] PackLoader:240 - Cannot read IP mode file for STMicroelectronics.X-CUBE-ALGOBUILD.1.3.0
2023-11-01 10:20:24,806 [WARN] PackLoader:240 - Cannot read IP mode file for STMicroelectronics.X-CUBE-AZRTOS-G0.1.1.0
2023-11-01 10:20:24,835 [WARN] PackLoader:240 - Cannot read IP mode file for STMicroelectronics.X-CUBE-NFC4.3.0.0
2023-11-01 10:20:24,859 [WARN] PackLoader:240 - Cannot read IP mode file for STMicroelectronics.FP-ATR-SIGFOX1.3.2.0
2023-11-01 10:20:24,940 [WARN] PackLoader:240 - Cannot read IP mode file for SEGGER.I-CUBE-embOS.1.3.1
2023-11-01 10:20:25,036 [WARN] PackLoader:240 - Cannot read IP mode file for STMicroelectronics.X-CUBE-GNSS1.6.0.0
2023-11-01 10:20:25,117 [WARN] PackLoader:240 - Cannot read IP mode file for STMicroelectronics.X-CUBE-AZRTOS-F4.1.1.0
2023-11-01 10:20:25,196 [WARN] PackLoader:240 - Cannot read IP mode file for STMicroelectronics.X-CUBE-AZRTOS-L5.2.0.0
2023-11-01 10:20:25,390 [WARN] PackLoader:240 - Cannot read IP mode file for STMicroelectronics.X-CUBE-MEMS1.9.6.0
2023-11-01 10:20:25,456 [INFO] WebApp:157 - Instantiating new browser for Auth
2023-11-01 10:20:25,831 [WARN] PackLoader:240 - Cannot read IP mode file for STMicroelectronics.X-CUBE-EEPRMA1.4.2.0
2023-11-01 10:20:25,860 [WARN] PackLoader:240 - Cannot read IP mode file for ITTIA_DB.I-CUBE-ITTIADB.8.8.0
2023-11-01 10:20:25,901 [WARN] PackLoader:240 - Cannot read IP mode file for STMicroelectronics.X-CUBE-BLEMGR.2.0.0
2023-11-01 10:20:25,956 [WARN] ConditionMgr:438 - getConditionDescription Invalid condition id : UX DEVICE CLASS RTOS Condition cause : null
2023-11-01 10:20:25,956 [WARN] ConditionMgr:438 - getConditionDescription Invalid condition id : UX DEVICE CLASS RTOS Condition cause : null
2023-11-01 10:20:25,962 [WARN] PackLoader:240 - Cannot read IP mode file for STMicroelectronics.X-CUBE-AZRTOS-H7.3.1.0
2023-11-01 10:20:25,964 [WARN] ConditionMgr:1039 - genDependencies : Invalid condition id : UX DEVICE CLASS RTOS Condition cause : null
2023-11-01 10:20:25,964 [WARN] ConditionMgr:1039 - genDependencies : Invalid condition id : UX DEVICE CLASS RTOS Condition cause : null
2023-11-01 10:20:25,965 [WARN] ConditionMgr:1039 - genDependencies : Invalid condition id : UX DEVICE CLASS RTOS Condition cause : null
2023-11-01 10:20:25,966 [WARN] ConditionMgr:1039 - genDependencies : Invalid condition id : UX DEVICE CLASS RTOS Condition cause : null
2023-11-01 10:20:25,966 [WARN] ConditionMgr:1039 - genDependencies : Invalid condition id : UX DEVICE CLASS RTOS Condition cause : null
2023-11-01 10:20:26,000 [WARN] PackLoader:240 - Cannot read IP mode file for STMicroelectronics.X-CUBE-NFC7.1.0.1
2023-11-01 10:20:26,022 [WARN] PackLoader:240 - Cannot read IP mode file for STMicroelectronics.X-CUBE-EEPRMA1.4.1.0
2023-11-01 10:20:26,041 [WARN] PackLoader:240 - Cannot read IP mode file for STMicroelectronics.X-CUBE-AI.8.1.0
2023-11-01 10:20:26,103 [WARN] ConditionMgr:438 - getConditionDescription Invalid condition id : LAN8742 Phy interface Condition cause : null
2023-11-01 10:20:26,104 [WARN] PackLoader:240 - Cannot read IP mode file for STMicroelectronics.X-CUBE-AZRTOS-L4.2.0.0
2023-11-01 10:20:26,106 [WARN] ConditionMgr:1039 - genDependencies : Invalid condition id : LAN8742 Phy interface Condition cause : null
2023-11-01 10:20:26,107 [WARN] ConditionMgr:1039 - genDependencies : Invalid condition id : LAN8742 Phy interface Condition cause : null
2023-11-01 10:20:26,107 [WARN] ConditionMgr:1039 - genDependencies : Invalid condition id : LAN8742 Phy interface Condition cause : null
2023-11-01 10:20:26,134 [WARN] PackLoader:240 - Cannot read IP mode file for STMicroelectronics.X-CUBE-SFXS2LP1.4.0.0
2023-11-01 10:20:26,158 [WARN] PackLoader:240 - Cannot read IP mode file for STMicroelectronics.X-CUBE-ISPU.1.1.0
2023-11-01 10:20:26,193 [WARN] ConditionMgr:438 - getConditionDescription Invalid condition id : UX DEVICE CLASS RTOS Condition cause : null
2023-11-01 10:20:26,193 [WARN] ConditionMgr:438 - getConditionDescription Invalid condition id : UX DEVICE CLASS RTOS Condition cause : null
2023-11-01 10:20:26,195 [WARN] PackLoader:240 - Cannot read IP mode file for STMicroelectronics.X-CUBE-AZRTOS-WB.2.0.0
2023-11-01 10:20:26,196 [WARN] ConditionMgr:1039 - genDependencies : Invalid condition id : UX DEVICE CLASS RTOS Condition cause : null
2023-11-01 10:20:26,196 [WARN] ConditionMgr:1039 - genDependencies : Invalid condition id : UX DEVICE CLASS RTOS Condition cause : null
2023-11-01 10:20:26,197 [WARN] ConditionMgr:1039 - genDependencies : Invalid condition id : UX DEVICE CLASS RTOS Condition cause : null
2023-11-01 10:20:26,197 [WARN] ConditionMgr:1039 - genDependencies : Invalid condition id : UX DEVICE CLASS RTOS Condition cause : null
2023-11-01 10:20:26,197 [WARN] ConditionMgr:1039 - genDependencies : Invalid condition id : UX DEVICE CLASS RTOS Condition cause : null
2023-11-01 10:20:26,225 [WARN] PackLoader:240 - Cannot read IP mode file for STMicroelectronics.X-CUBE-SUBG2.5.0.0
2023-11-01 10:20:26,258 [WARN] PackLoader:240 - Cannot read IP mode file for STMicroelectronics.X-CUBE-TOF1.3.3.1
2023-11-01 10:20:26,308 [WARN] PackLoader:240 - Cannot read IP mode file for STMicroelectronics.X-CUBE-AZRTOS-G4.2.0.0
2023-11-01 10:20:26,355 [WARN] PackLoader:240 - Cannot read IP mode file for Infineon.AIROC-Wi-Fi-Bluetooth-STM32.1.5.1
2023-11-01 10:20:26,471 [WARN] PackLoader:240 - Cannot read IP mode file for STMicroelectronics.X-CUBE-MEMS1.10.0.0
2023-11-01 10:20:26,662 [WARN] PackLoader:240 - Cannot read IP mode file for STMicroelectronics.X-CUBE-FREERTOS.1.1.0
2023-11-01 10:20:26,682 [WARN] PackLoader:240 - Cannot read IP mode file for portGmbH.I-Cube-SoM-uGOAL.1.1.0
2023-11-01 10:20:26,700 [WARN] PackLoader:240 - Cannot read IP mode file for STMicroelectronics.X-CUBE-ALS.1.0.1
2023-11-01 10:20:26,720 [WARN] PackLoader:240 - Cannot read IP mode file for STMicroelectronics.FP-ATR-ASTRA1.2.0.0
2023-11-01 10:20:26,721 [INFO] ThirdParty:978 - Integrity check success = true
2023-11-01 10:20:26,721 [INFO] IntegrityCheckThread:100 - exiting critical section [integrity check]
2023-11-01 10:20:26,721 [INFO] IntegrityCheckThread:103 - End integrity checks thread
2023-11-01 10:20:26,757 [INFO] WebApp:753 - Register for checkConnection events
2023-11-01 10:20:26,757 [INFO] WebApp:390 - Apply proxy settings
2023-11-01 10:20:26,757 [INFO] WebApp:475 - Chromium requires no authentication
2023-11-01 10:20:26,770 [INFO] WebApp:418 - Direct internet connection detected
2023-11-01 10:20:27,115 [INFO] WebApp:188 - Starting web application
2023-11-01 10:20:27,115 [INFO] WebApp:520 - Web application path used C:\ST\STM32CubeIDE_1.13.2\STM32CubeIDE\plugins\com.st.stm32cube.common.mx_6.9.2.202309101412\db\plugins\mcufinder\reactClient1\index.html
2023-11-01 10:20:48,282 [ERROR] LogOutputStream:75 - [STDERR_REDIRECT] SLF4J: Failed to load class "org.slf4j.impl.StaticLoggerBinder".
2023-11-01 10:20:48,283 [ERROR] LogOutputStream:75 - [STDERR_REDIRECT] SLF4J: Defaulting to no-operation (NOP) logger implementation
2023-11-01 10:20:48,286 [ERROR] LogOutputStream:75 - [STDERR_REDIRECT] SLF4J: See http://www.slf4j.org/codes.html#StaticLoggerBinder for further details.
2023-11-01 16:51:58,109 [INFO] Activator:176 - 


2023-11-01 16:51:58,114 [INFO] Activator:177 - !SESSION log4j initialized
2023-11-01 16:52:03,835 [INFO] LogOutputStream:77 - [STDOUT_REDIRECT] 
2023-11-01 16:52:09,376 [INFO] ApplicationProperties:184 - Using Application install path: C:\ST\STM32CubeIDE_1.13.2\STM32CubeIDE\plugins\com.st.stm32cube.common.mx_6.9.2.202309101412
2023-11-01 16:52:09,402 [INFO] DbMcusXml:78 - Set database path to: C:\ST\STM32CubeIDE_1.13.2\STM32CubeIDE\plugins\com.st.stm32cube.common.mx_6.9.2.202309101412\\db\/mcu/
2023-11-01 16:52:09,402 [INFO] ApiDb:274 - Set plugin database path to: C:\ST\STM32CubeIDE_1.13.2\STM32CubeIDE\plugins\com.st.stm32cube.common.mx_6.9.2.202309101412\\db\/plugins/boardmanager/
2023-11-01 16:52:09,403 [WARN] ApiDb:259 - Overriding images path with different value:  => C:\ST\STM32CubeIDE_1.13.2\STM32CubeIDE\plugins\com.st.stm32cube.common.mx_6.9.2.202309101412\\db\/plugins/mcufinder/images/
2023-11-01 16:52:09,419 [INFO] ApiDb:250 - Set database path to: C:\Users\E-AY\.stmcufinder\plugins\mcufinder//mcu/
2023-11-01 16:52:09,421 [INFO] DbMcusAds:125 - Set database path to: C:\Users\E-AY\.stmcufinder\plugins\mcufinder//mcu/
2023-11-01 16:52:09,425 [INFO] CrossReferenceDbSqlite:203 - Set database path to: C:\Users\E-AY\.stmcufinder\plugins\mcufinder//mcu/cs/
2023-11-01 16:52:09,594 [INFO] RulesReader:64 - Compatibility file has been processed (293 Rules)
2023-11-01 16:52:09,716 [INFO] DbMcusXml:78 - Set database path to: C:\ST\STM32CubeIDE_1.13.2\STM32CubeIDE\plugins\com.st.stm32cube.common.mx_6.9.2.202309101412\\db\/mcu/
2023-11-01 16:52:09,716 [INFO] ApiDb:274 - Set plugin database path to: C:\ST\STM32CubeIDE_1.13.2\STM32CubeIDE\plugins\com.st.stm32cube.common.mx_6.9.2.202309101412\\db\/plugins/boardmanager/
2023-11-01 16:52:09,716 [INFO] ApiDb:261 - Set plugin images path to: C:\ST\STM32CubeIDE_1.13.2\STM32CubeIDE\plugins\com.st.stm32cube.common.mx_6.9.2.202309101412\\db\/plugins/mcufinder/images/
2023-11-01 16:52:09,716 [WARN] DbFile:41 - Overriding database path with different value: C:\Users\E-AY\.stmcufinder\plugins\mcufinder/ => C:\Users\E-AY\.stmcufinder\plugins\mcufinder
2023-11-01 16:52:09,716 [INFO] ApiDb:250 - Set database path to: C:\Users\E-AY\.stmcufinder\plugins\mcufinder//mcu/
2023-11-01 16:52:09,717 [WARN] DbFile:41 - Overriding database path with different value: C:\Users\E-AY\.stmcufinder\plugins\mcufinder/ => C:\Users\E-AY\.stmcufinder\plugins\mcufinder
2023-11-01 16:52:09,717 [INFO] DbMcusAds:125 - Set database path to: C:\Users\E-AY\.stmcufinder\plugins\mcufinder//mcu/
2023-11-01 16:52:09,717 [WARN] DbFile:41 - Overriding database path with different value: C:\Users\E-AY\.stmcufinder\plugins\mcufinder/ => C:\Users\E-AY\.stmcufinder\plugins\mcufinder
2023-11-01 16:52:09,717 [WARN] DbFile:41 - Overriding database path with different value: C:\Users\E-AY\.stmcufinder\plugins\mcufinder/ => C:\Users\E-AY\.stmcufinder\plugins\mcufinder
2023-11-01 16:52:09,717 [INFO] CrossReferenceDbSqlite:203 - Set database path to: C:\Users\E-AY\.stmcufinder\plugins\mcufinder//mcu/cs/
2023-11-01 16:52:09,822 [INFO] MainPanel:262 - HeapMemory: 268435456
2023-11-01 16:52:09,948 [INFO] DbMcusXml:78 - Set database path to: C:\ST\STM32CubeIDE_1.13.2\STM32CubeIDE\plugins\com.st.stm32cube.common.mx_6.9.2.202309101412\\db\/mcu/
2023-11-01 16:52:09,948 [INFO] ApiDb:274 - Set plugin database path to: C:\ST\STM32CubeIDE_1.13.2\STM32CubeIDE\plugins\com.st.stm32cube.common.mx_6.9.2.202309101412\\db\/plugins/boardmanager/
2023-11-01 16:52:09,948 [INFO] ApiDb:261 - Set plugin images path to: C:\ST\STM32CubeIDE_1.13.2\STM32CubeIDE\plugins\com.st.stm32cube.common.mx_6.9.2.202309101412\\db\/plugins/mcufinder/images/
2023-11-01 16:52:09,949 [WARN] DbFile:41 - Overriding database path with different value: C:\Users\E-AY\.stmcufinder\plugins\mcufinder/ => C:\Users\E-AY\.stmcufinder\plugins\mcufinder
2023-11-01 16:52:09,949 [INFO] ApiDb:250 - Set database path to: C:\Users\E-AY\.stmcufinder\plugins\mcufinder//mcu/
2023-11-01 16:52:09,949 [WARN] DbFile:41 - Overriding database path with different value: C:\Users\E-AY\.stmcufinder\plugins\mcufinder/ => C:\Users\E-AY\.stmcufinder\plugins\mcufinder
2023-11-01 16:52:09,949 [INFO] DbMcusAds:125 - Set database path to: C:\Users\E-AY\.stmcufinder\plugins\mcufinder//mcu/
2023-11-01 16:52:09,949 [WARN] DbFile:41 - Overriding database path with different value: C:\Users\E-AY\.stmcufinder\plugins\mcufinder/ => C:\Users\E-AY\.stmcufinder\plugins\mcufinder
2023-11-01 16:52:09,949 [WARN] DbFile:41 - Overriding database path with different value: C:\Users\E-AY\.stmcufinder\plugins\mcufinder/ => C:\Users\E-AY\.stmcufinder\plugins\mcufinder
2023-11-01 16:52:09,950 [INFO] CrossReferenceDbSqlite:203 - Set database path to: C:\Users\E-AY\.stmcufinder\plugins\mcufinder//mcu/cs/
2023-11-01 16:52:09,976 [INFO] ApplicationProperties:184 - Using Application install path: C:\ST\STM32CubeIDE_1.13.2\STM32CubeIDE\plugins\com.st.stm32cube.common.mx_6.9.2.202309101412
2023-11-01 16:52:09,978 [INFO] PluginManage:196 - Search for loadable plugins [exclusion list=, ]
2023-11-01 16:52:09,980 [INFO] PluginManage:310 - Check plugin analytics
2023-11-01 16:52:10,239 [INFO] AnalyticsPlugin:253 - Accepted Software Licenses: 
2023-11-01 16:52:10,240 [INFO] AnalyticsPlugin:255 - Accepted CMSIS Pack Licenses: 
2023-11-01 16:52:10,241 [INFO] AnalyticsPlugin:257 - Accepted Firmware Licenses: 
2023-11-01 16:52:10,244 [INFO] PluginManage:359 - Loaded plugin analytics (category:tool,tabindex:-1)
2023-11-01 16:52:10,245 [INFO] PluginManage:310 - Check plugin cadmodel
2023-11-01 16:52:10,263 [INFO] CADModel:105 - Init CAD model plugin
2023-11-01 16:52:10,263 [INFO] PluginManage:359 - Loaded plugin cadmodel (category:power,tabindex:5)
2023-11-01 16:52:10,263 [INFO] PluginManage:310 - Check plugin clock
2023-11-01 16:52:10,296 [INFO] PluginManage:359 - Loaded plugin clock (category:base,tabindex:2)
2023-11-01 16:52:10,296 [INFO] PluginManage:310 - Check plugin ddr
2023-11-01 16:52:10,300 [INFO] PluginManage:359 - Loaded plugin ddr (category:tool,tabindex:6)
2023-11-01 16:52:10,300 [INFO] PluginManage:310 - Check plugin filemanager
2023-11-01 16:52:10,477 [INFO] PluginManage:359 - Loaded plugin filemanager (category:base,tabindex:10)
2023-11-01 16:52:10,477 [INFO] PluginManage:310 - Check plugin ipmanager
2023-11-01 16:52:10,490 [INFO] PluginManage:359 - Loaded plugin ipmanager (category:base,tabindex:5)
2023-11-01 16:52:10,490 [INFO] PluginManage:310 - Check plugin lpbam
2023-11-01 16:52:10,514 [INFO] PluginManage:359 - Loaded plugin lpbam (category:base,tabindex:0)
2023-11-01 16:52:10,514 [INFO] PluginManage:310 - Check plugin memorymap
2023-11-01 16:52:10,545 [INFO] PluginManage:359 - Loaded plugin memorymap (category:base,tabindex:4)
2023-11-01 16:52:10,545 [INFO] PluginManage:310 - Check plugin pinoutandconfiguration
2023-11-01 16:52:10,568 [INFO] PluginManage:359 - Loaded plugin pinoutandconfiguration (category:base,tabindex:1)
2023-11-01 16:52:10,568 [INFO] PluginManage:310 - Check plugin pinoutconfig
2023-11-01 16:52:10,705 [WARN] SupportedApi:132 - Cannot load RTOS API schema: s4s-elt-must-match.1: The content of 'definitions' must match (annotation?, (simpleType | complexType)?, (unique | key | keyref)*)). A problem was found starting at: attribute.
2023-11-01 16:52:10,914 [INFO] PluginManage:359 - Loaded plugin pinoutconfig (category:base,tabindex:0)
2023-11-01 16:52:10,914 [INFO] PluginManage:310 - Check plugin power
2023-11-01 16:52:10,941 [INFO] PluginManage:359 - Loaded plugin power (category:power,tabindex:4)
2023-11-01 16:52:10,941 [INFO] PluginManage:310 - Check plugin projectmanager
2023-11-01 16:52:10,961 [INFO] PluginManage:359 - Loaded plugin projectmanager (category:projectmanager,tabindex:3)
2023-11-01 16:52:10,962 [INFO] PluginManage:310 - Check plugin thirdparty
2023-11-01 16:52:11,278 [WARN] IntegrityCheckThread:84 - waiting for thirdparty lock release [integrity check]
2023-11-01 16:52:11,278 [INFO] PluginManage:359 - Loaded plugin thirdparty (category:base,tabindex:-1)
2023-11-01 16:52:11,278 [INFO] IntegrityCheckThread:86 - entering critical section [integrity check]
2023-11-01 16:52:11,278 [INFO] PluginManage:310 - Check plugin tools
2023-11-01 16:52:11,279 [INFO] ThirdPartyUpdaterWithRetryManager:70 - Updater plugin not ready yet. [1/15]
2023-11-01 16:52:11,320 [INFO] PluginManage:359 - Loaded plugin tools (category:base,tabindex:7)
2023-11-01 16:52:11,320 [INFO] PluginManage:310 - Check plugin tutovideos
2023-11-01 16:52:11,561 [INFO] PluginManage:359 - Loaded plugin tutovideos (category:base,tabindex:-1)
2023-11-01 16:52:11,562 [INFO] PluginManage:310 - Check plugin updater
2023-11-01 16:52:11,575 [INFO] PluginManage:359 - Loaded plugin updater (category:base,tabindex:12)
2023-11-01 16:52:11,575 [INFO] PluginManage:310 - Check plugin userauth
2023-11-01 16:52:11,582 [INFO] UserAuth:113 - Init User Auth plugin
2023-11-01 16:52:11,582 [INFO] PluginManage:359 - Loaded plugin userauth (category:base,tabindex:14)
2023-11-01 16:52:11,582 [INFO] PluginManage:283 - PluginManage : Loaded plugins [17]
2023-11-01 16:52:11,864 [INFO] PinOutPanel:1499 - setPackage(No Configuration,No Configuration)
2023-11-01 16:52:12,000 [INFO] CADModel:165 - CPN selected for project level
2023-11-01 16:52:12,001 [INFO] CADModel:114 - Register for checkConnection events
2023-11-01 16:52:12,033 [INFO] IPUIPlugin:80 - create IPUIPlugin
2023-11-01 16:52:12,033 [INFO] PluginManager:220 - loadIPPluginJar : add adc
2023-11-01 16:52:12,076 [INFO] IPUIPlugin:80 - create IPUIPlugin
2023-11-01 16:52:12,076 [INFO] PluginManager:220 - loadIPPluginJar : add aes
2023-11-01 16:52:12,125 [INFO] IPUIPlugin:80 - create IPUIPlugin
2023-11-01 16:52:12,125 [INFO] PluginManager:220 - loadIPPluginJar : add can
2023-11-01 16:52:12,128 [INFO] IPUIPlugin:80 - create IPUIPlugin
2023-11-01 16:52:12,128 [INFO] PluginManager:220 - loadIPPluginJar : add comp
2023-11-01 16:52:12,167 [INFO] IPUIPlugin:80 - create IPUIPlugin
2023-11-01 16:52:12,167 [INFO] PluginManager:220 - loadIPPluginJar : add cryp
2023-11-01 16:52:12,201 [INFO] IPUIPlugin:80 - create IPUIPlugin
2023-11-01 16:52:12,202 [INFO] PluginManager:220 - loadIPPluginJar : add dfsdm
2023-11-01 16:52:12,219 [INFO] IPUIPlugin:80 - create IPUIPlugin
2023-11-01 16:52:12,219 [INFO] PluginManager:220 - loadIPPluginJar : add dma
2023-11-01 16:52:12,268 [INFO] IPUIPlugin:80 - create IPUIPlugin
2023-11-01 16:52:12,269 [INFO] PluginManager:220 - loadIPPluginJar : add dma3
2023-11-01 16:52:12,293 [INFO] IPUIPlugin:80 - create IPUIPlugin
2023-11-01 16:52:12,293 [INFO] PluginManager:220 - loadIPPluginJar : add fatfs
2023-11-01 16:52:12,353 [INFO] IPUIPlugin:80 - create IPUIPlugin
2023-11-01 16:52:12,353 [INFO] PluginManager:220 - loadIPPluginJar : add fmc
2023-11-01 16:52:12,371 [INFO] IPUIPlugin:80 - create IPUIPlugin
2023-11-01 16:52:12,371 [INFO] PluginManager:220 - loadIPPluginJar : add freertos
2023-11-01 16:52:12,397 [INFO] IPUIPlugin:80 - create IPUIPlugin
2023-11-01 16:52:12,397 [INFO] PluginManager:220 - loadIPPluginJar : add genericplugin
2023-11-01 16:52:12,512 [INFO] IPUIPlugin:80 - create IPUIPlugin
2023-11-01 16:52:12,512 [INFO] PluginManager:220 - loadIPPluginJar : add gfxmmu
2023-11-01 16:52:12,676 [INFO] IPUIPlugin:80 - create IPUIPlugin
2023-11-01 16:52:12,676 [INFO] PluginManager:220 - loadIPPluginJar : add gic
2023-11-01 16:52:12,691 [INFO] IPUIPlugin:80 - create IPUIPlugin
2023-11-01 16:52:12,691 [INFO] PluginManager:220 - loadIPPluginJar : add gpio
2023-11-01 16:52:12,799 [INFO] IPUIPlugin:80 - create IPUIPlugin
2023-11-01 16:52:12,800 [INFO] PluginManager:220 - loadIPPluginJar : add gtzc
2023-11-01 16:52:12,837 [INFO] IPUIPlugin:80 - create IPUIPlugin
2023-11-01 16:52:12,837 [INFO] PluginManager:220 - loadIPPluginJar : add hash
2023-11-01 16:52:12,897 [INFO] IPUIPlugin:80 - create IPUIPlugin
2023-11-01 16:52:12,898 [INFO] PluginManager:220 - loadIPPluginJar : add i2c
2023-11-01 16:52:12,943 [INFO] IPUIPlugin:80 - create IPUIPlugin
2023-11-01 16:52:12,943 [INFO] PluginManager:220 - loadIPPluginJar : add i2s
2023-11-01 16:52:12,991 [INFO] IPUIPlugin:80 - create IPUIPlugin
2023-11-01 16:52:12,991 [INFO] PluginManager:220 - loadIPPluginJar : add i3c
2023-11-01 16:52:13,120 [INFO] IPUIPlugin:80 - create IPUIPlugin
2023-11-01 16:52:13,121 [INFO] PluginManager:220 - loadIPPluginJar : add ipddr
2023-11-01 16:52:13,228 [INFO] IPUIPlugin:80 - create IPUIPlugin
2023-11-01 16:52:13,228 [INFO] PluginManager:220 - loadIPPluginJar : add linkedlist
2023-11-01 16:52:13,270 [INFO] IPUIPlugin:80 - create IPUIPlugin
2023-11-01 16:52:13,270 [INFO] PluginManager:220 - loadIPPluginJar : add lorawan
2023-11-01 16:52:13,311 [INFO] IPUIPlugin:80 - create IPUIPlugin
2023-11-01 16:52:13,311 [INFO] PluginManager:220 - loadIPPluginJar : add ltdc
2023-11-01 16:52:13,329 [INFO] IPUIPlugin:80 - create IPUIPlugin
2023-11-01 16:52:13,329 [INFO] PluginManager:220 - loadIPPluginJar : add mdma
2023-11-01 16:52:13,342 [INFO] IPUIPlugin:80 - create IPUIPlugin
2023-11-01 16:52:13,343 [INFO] PluginManager:220 - loadIPPluginJar : add nvic
2023-11-01 16:52:13,384 [INFO] IPUIPlugin:80 - create IPUIPlugin
2023-11-01 16:52:13,384 [INFO] PluginManager:220 - loadIPPluginJar : add opamp
2023-11-01 16:52:13,453 [INFO] IPUIPlugin:80 - create IPUIPlugin
2023-11-01 16:52:13,453 [INFO] PluginManager:220 - loadIPPluginJar : add openamp
2023-11-01 16:52:13,503 [INFO] IPUIPlugin:80 - create IPUIPlugin
2023-11-01 16:52:13,503 [INFO] PluginManager:220 - loadIPPluginJar : add pdm2pcm
2023-11-01 16:52:13,521 [INFO] IPUIPlugin:80 - create IPUIPlugin
2023-11-01 16:52:13,524 [INFO] PluginManager:220 - loadIPPluginJar : add plateformsettings
2023-11-01 16:52:13,549 [INFO] IPUIPlugin:80 - create IPUIPlugin
2023-11-01 16:52:13,549 [INFO] PluginManager:220 - loadIPPluginJar : add quadspi
2023-11-01 16:52:13,565 [INFO] IPUIPlugin:80 - create IPUIPlugin
2023-11-01 16:52:13,565 [INFO] PluginManager:220 - loadIPPluginJar : add resmgrutility
2023-11-01 16:52:13,622 [INFO] IPUIPlugin:80 - create IPUIPlugin
2023-11-01 16:52:13,622 [INFO] PluginManager:220 - loadIPPluginJar : add sai
2023-11-01 16:52:13,665 [INFO] IPUIPlugin:80 - create IPUIPlugin
2023-11-01 16:52:13,665 [INFO] PluginManager:220 - loadIPPluginJar : add spi
2023-11-01 16:52:13,734 [INFO] IPUIPlugin:80 - create IPUIPlugin
2023-11-01 16:52:13,734 [INFO] PluginManager:220 - loadIPPluginJar : add stm32_wpan
2023-11-01 16:52:13,760 [INFO] IPUIPlugin:80 - create IPUIPlugin
2023-11-01 16:52:13,761 [INFO] PluginManager:220 - loadIPPluginJar : add tim
2023-11-01 16:52:13,826 [INFO] IPUIPlugin:80 - create IPUIPlugin
2023-11-01 16:52:13,826 [INFO] PluginManager:220 - loadIPPluginJar : add touchsensing
2023-11-01 16:52:13,852 [INFO] IPUIPlugin:80 - create IPUIPlugin
2023-11-01 16:52:13,852 [INFO] PluginManager:220 - loadIPPluginJar : add tracer_emb
2023-11-01 16:52:13,879 [INFO] IPUIPlugin:80 - create IPUIPlugin
2023-11-01 16:52:13,879 [INFO] PluginManager:220 - loadIPPluginJar : add ts
2023-11-01 16:52:13,903 [INFO] IPUIPlugin:80 - create IPUIPlugin
2023-11-01 16:52:13,903 [INFO] PluginManager:220 - loadIPPluginJar : add tsc
2023-11-01 16:52:13,907 [INFO] IPUIPlugin:80 - create IPUIPlugin
2023-11-01 16:52:13,907 [INFO] PluginManager:220 - loadIPPluginJar : add ucpd
2023-11-01 16:52:13,958 [INFO] IPUIPlugin:80 - create IPUIPlugin
2023-11-01 16:52:13,958 [INFO] PluginManager:220 - loadIPPluginJar : add usart
2023-11-01 16:52:14,010 [INFO] IPUIPlugin:80 - create IPUIPlugin
2023-11-01 16:52:14,010 [INFO] PluginManager:220 - loadIPPluginJar : add usbx
2023-11-01 16:52:14,154 [INFO] CADModel:165 - CPN selected for project level
2023-11-01 16:52:14,154 [INFO] CADModel:114 - Register for checkConnection events
2023-11-01 16:52:14,154 [FATAL] Updater:308 - Updater called before beeing initialized
2023-11-01 16:52:14,154 [ERROR] CADModel:125 - Updater not yet initialized, retry later 
2023-11-01 16:52:14,280 [INFO] ThirdPartyUpdaterWithRetryManager:70 - Updater plugin not ready yet. [2/15]
2023-11-01 16:52:14,352 [INFO] CADModel:165 - CPN selected for project level
2023-11-01 16:52:14,352 [INFO] CADModel:114 - Register for checkConnection events
2023-11-01 16:52:14,352 [FATAL] Updater:308 - Updater called before beeing initialized
2023-11-01 16:52:14,352 [ERROR] CADModel:125 - Updater not yet initialized, retry later 
2023-11-01 16:52:14,356 [FATAL] Updater:308 - Updater called before beeing initialized
2023-11-01 16:52:14,527 [FATAL] Updater:308 - Updater called before beeing initialized
2023-11-01 16:52:14,543 [INFO] DbMcusAds:53 - JSON generation date=Tue Mar 07 11:50:55 TRT 2023 (1678179055114)
2023-11-01 16:52:14,543 [FATAL] Updater:308 - Updater called before beeing initialized
2023-11-01 16:52:14,648 [WARN] DetailPanel:346 - Failed to get advertising image, set to default
2023-11-01 16:52:14,794 [FATAL] Updater:308 - Updater called before beeing initialized
2023-11-01 16:52:14,796 [FATAL] Updater:308 - Updater called before beeing initialized
2023-11-01 16:52:14,797 [FATAL] Updater:308 - Updater called before beeing initialized
2023-11-01 16:52:14,797 [WARN] DetailPanel:346 - Failed to get advertising image, set to default
2023-11-01 16:52:14,798 [FATAL] Updater:308 - Updater called before beeing initialized
2023-11-01 16:52:14,867 [ERROR] Updater:1120 - MainUpdater not yet initialized. External WinMGr cannot be set.
2023-11-01 16:52:14,881 [INFO] Updater:1056 - Updater Version found : 6.9.2
2023-11-01 16:52:14,907 [INFO] ApplicationProperties:184 - Using Application install path: C:\ST\STM32CubeIDE_1.13.2\STM32CubeIDE\plugins\com.st.stm32cube.common.mx_6.9.2.202309101412
2023-11-01 16:52:15,080 [INFO] MainUpdater:2868 - connection check result : 10
2023-11-01 16:52:15,082 [INFO] MainUpdater:285 - Updater Check For Update Now.
2023-11-01 16:52:15,082 [INFO] MicroXplorer:498 - Change Database Version : DB.6.0.92
2023-11-01 16:52:15,112 [INFO] McuFinderGlobals:63 - Set McuFinder mode to 2 (CubeIDE integrated)
2023-11-01 16:52:15,112 [INFO] UserAuth:179 - activating auth plugin
2023-11-01 16:52:15,115 [INFO] UserAuth:393 - Internet connection configuration mode: 1
2023-11-01 16:52:15,155 [INFO] JxBrowserEngine:151 - Initiate JxBrowser Engine with user profile folder
2023-11-01 16:52:15,317 [INFO] CheckServerUpdateThread:120 - End of CheckServer Thread
2023-11-01 16:52:17,715 [WARN] PackLoader:240 - Cannot read IP mode file for STMicroelectronics.X-CUBE-SMBUS.2.1.0
2023-11-01 16:52:17,807 [WARN] PackLoader:240 - Cannot read IP mode file for STMicroelectronics.X-CUBE-AZRTOS-F7.1.1.0
2023-11-01 16:52:17,872 [WARN] PackLoader:240 - Cannot read IP mode file for STMicroelectronics.FP-SNS-MOTENV1.4.3.2
2023-11-01 16:52:17,901 [WARN] PackLoader:240 - Cannot read IP mode file for STMicroelectronics.FP-SNS-FLIGHT1.5.0.2
2023-11-01 16:52:17,945 [WARN] PackLoader:240 - Cannot read IP mode file for STMicroelectronics.X-CUBE-DISPLAY.3.0.0
2023-11-01 16:52:18,024 [WARN] PackLoader:240 - Cannot read IP mode file for STMicroelectronics.X-CUBE-BLE1.7.0.0
2023-11-01 16:52:18,055 [WARN] PackLoader:240 - Cannot read IP mode file for emotas.I-CUBE-CANOPEN.1.3.0
2023-11-01 16:52:18,119 [INFO] LogOutputStream:77 - [STDOUT_REDIRECT] 1 : Invalid condition id : UX_CORESTACK_Condition cause : null
2023-11-01 16:52:18,121 [INFO] LogOutputStream:77 - [STDOUT_REDIRECT] 1 : Invalid condition id : UX_CORESTACK_Condition cause : null
2023-11-01 16:52:18,125 [INFO] LogOutputStream:77 - [STDOUT_REDIRECT] 1 : Invalid condition id : UX_CORESTACK_Condition cause : null
2023-11-01 16:52:18,129 [INFO] LogOutputStream:77 - [STDOUT_REDIRECT] 1 : Invalid condition id : UX_CORESTACK_Condition cause : null
2023-11-01 16:52:18,132 [INFO] LogOutputStream:77 - [STDOUT_REDIRECT] 1 : Invalid condition id : UX_CORESTACK_Condition cause : null
2023-11-01 16:52:18,141 [WARN] PackLoader:240 - Cannot read IP mode file for STMicroelectronics.X-CUBE-AZRTOS-WL.2.0.0
2023-11-01 16:52:18,185 [INFO] WebApp:157 - Instantiating new browser for Auth
2023-11-01 16:52:18,224 [WARN] PackLoader:240 - Cannot read IP mode file for WES.I-CUBE-Cesium.1.3.0
2023-11-01 16:52:18,253 [WARN] PackLoader:240 - Cannot read IP mode file for STMicroelectronics.X-CUBE-BLE2.3.3.0
2023-11-01 16:52:18,303 [WARN] PackLoader:240 - Cannot read IP mode file for STMicroelectronics.X-CUBE-ALGOBUILD.1.3.0
2023-11-01 16:52:18,365 [WARN] PackLoader:240 - Cannot read IP mode file for STMicroelectronics.X-CUBE-AZRTOS-G0.1.1.0
2023-11-01 16:52:18,405 [WARN] PackLoader:240 - Cannot read IP mode file for STMicroelectronics.X-CUBE-NFC4.3.0.0
2023-11-01 16:52:18,431 [WARN] PackLoader:240 - Cannot read IP mode file for STMicroelectronics.FP-ATR-SIGFOX1.3.2.0
2023-11-01 16:52:18,515 [WARN] PackLoader:240 - Cannot read IP mode file for SEGGER.I-CUBE-embOS.1.3.1
2023-11-01 16:52:18,621 [WARN] PackLoader:240 - Cannot read IP mode file for STMicroelectronics.X-CUBE-GNSS1.6.0.0
2023-11-01 16:52:18,662 [WARN] PackLoader:240 - Cannot read IP mode file for STMicroelectronics.X-CUBE-AZRTOS-F4.1.1.0
2023-11-01 16:52:18,715 [WARN] PackLoader:240 - Cannot read IP mode file for STMicroelectronics.X-CUBE-AZRTOS-L5.2.0.0
2023-11-01 16:52:18,804 [WARN] PackLoader:240 - Cannot read IP mode file for STMicroelectronics.X-CUBE-MEMS1.9.6.0
2023-11-01 16:52:19,140 [WARN] PackLoader:240 - Cannot read IP mode file for STMicroelectronics.X-CUBE-EEPRMA1.4.2.0
2023-11-01 16:52:19,160 [WARN] PackLoader:240 - Cannot read IP mode file for ITTIA_DB.I-CUBE-ITTIADB.8.8.0
2023-11-01 16:52:19,182 [WARN] PackLoader:240 - Cannot read IP mode file for STMicroelectronics.X-CUBE-BLEMGR.2.0.0
2023-11-01 16:52:19,223 [WARN] ConditionMgr:438 - getConditionDescription Invalid condition id : UX DEVICE CLASS RTOS Condition cause : null
2023-11-01 16:52:19,223 [WARN] ConditionMgr:438 - getConditionDescription Invalid condition id : UX DEVICE CLASS RTOS Condition cause : null
2023-11-01 16:52:19,228 [WARN] PackLoader:240 - Cannot read IP mode file for STMicroelectronics.X-CUBE-AZRTOS-H7.3.1.0
2023-11-01 16:52:19,230 [WARN] ConditionMgr:1039 - genDependencies : Invalid condition id : UX DEVICE CLASS RTOS Condition cause : null
2023-11-01 16:52:19,230 [WARN] ConditionMgr:1039 - genDependencies : Invalid condition id : UX DEVICE CLASS RTOS Condition cause : null
2023-11-01 16:52:19,231 [WARN] ConditionMgr:1039 - genDependencies : Invalid condition id : UX DEVICE CLASS RTOS Condition cause : null
2023-11-01 16:52:19,232 [WARN] ConditionMgr:1039 - genDependencies : Invalid condition id : UX DEVICE CLASS RTOS Condition cause : null
2023-11-01 16:52:19,232 [WARN] ConditionMgr:1039 - genDependencies : Invalid condition id : UX DEVICE CLASS RTOS Condition cause : null
2023-11-01 16:52:19,254 [WARN] PackLoader:240 - Cannot read IP mode file for STMicroelectronics.X-CUBE-NFC7.1.0.1
2023-11-01 16:52:19,277 [WARN] PackLoader:240 - Cannot read IP mode file for STMicroelectronics.X-CUBE-EEPRMA1.4.1.0
2023-11-01 16:52:19,298 [WARN] PackLoader:240 - Cannot read IP mode file for STMicroelectronics.X-CUBE-AI.8.1.0
2023-11-01 16:52:19,346 [WARN] ConditionMgr:438 - getConditionDescription Invalid condition id : LAN8742 Phy interface Condition cause : null
2023-11-01 16:52:19,347 [WARN] PackLoader:240 - Cannot read IP mode file for STMicroelectronics.X-CUBE-AZRTOS-L4.2.0.0
2023-11-01 16:52:19,350 [WARN] ConditionMgr:1039 - genDependencies : Invalid condition id : LAN8742 Phy interface Condition cause : null
2023-11-01 16:52:19,351 [WARN] ConditionMgr:1039 - genDependencies : Invalid condition id : LAN8742 Phy interface Condition cause : null
2023-11-01 16:52:19,351 [WARN] ConditionMgr:1039 - genDependencies : Invalid condition id : LAN8742 Phy interface Condition cause : null
2023-11-01 16:52:19,353 [INFO] WebApp:753 - Register for checkConnection events
2023-11-01 16:52:19,353 [INFO] WebApp:390 - Apply proxy settings
2023-11-01 16:52:19,354 [INFO] WebApp:475 - Chromium requires no authentication
2023-11-01 16:52:19,370 [INFO] WebApp:418 - Direct internet connection detected
2023-11-01 16:52:19,374 [WARN] PackLoader:240 - Cannot read IP mode file for STMicroelectronics.X-CUBE-SFXS2LP1.4.0.0
2023-11-01 16:52:19,400 [WARN] PackLoader:240 - Cannot read IP mode file for STMicroelectronics.X-CUBE-ISPU.1.1.0
2023-11-01 16:52:19,435 [WARN] ConditionMgr:438 - getConditionDescription Invalid condition id : UX DEVICE CLASS RTOS Condition cause : null
2023-11-01 16:52:19,436 [WARN] ConditionMgr:438 - getConditionDescription Invalid condition id : UX DEVICE CLASS RTOS Condition cause : null
2023-11-01 16:52:19,441 [WARN] PackLoader:240 - Cannot read IP mode file for STMicroelectronics.X-CUBE-AZRTOS-WB.2.0.0
2023-11-01 16:52:19,442 [WARN] ConditionMgr:1039 - genDependencies : Invalid condition id : UX DEVICE CLASS RTOS Condition cause : null
2023-11-01 16:52:19,443 [WARN] ConditionMgr:1039 - genDependencies : Invalid condition id : UX DEVICE CLASS RTOS Condition cause : null
2023-11-01 16:52:19,443 [WARN] ConditionMgr:1039 - genDependencies : Invalid condition id : UX DEVICE CLASS RTOS Condition cause : null
2023-11-01 16:52:19,444 [WARN] ConditionMgr:1039 - genDependencies : Invalid condition id : UX DEVICE CLASS RTOS Condition cause : null
2023-11-01 16:52:19,444 [WARN] ConditionMgr:1039 - genDependencies : Invalid condition id : UX DEVICE CLASS RTOS Condition cause : null
2023-11-01 16:52:19,477 [WARN] PackLoader:240 - Cannot read IP mode file for STMicroelectronics.X-CUBE-SUBG2.5.0.0
2023-11-01 16:52:19,510 [WARN] PackLoader:240 - Cannot read IP mode file for STMicroelectronics.X-CUBE-TOF1.3.3.1
2023-11-01 16:52:19,564 [WARN] PackLoader:240 - Cannot read IP mode file for STMicroelectronics.X-CUBE-AZRTOS-G4.2.0.0
2023-11-01 16:52:19,602 [WARN] PackLoader:240 - Cannot read IP mode file for Infineon.AIROC-Wi-Fi-Bluetooth-STM32.1.5.1
2023-11-01 16:52:19,683 [WARN] PackLoader:240 - Cannot read IP mode file for STMicroelectronics.X-CUBE-MEMS1.10.0.0
2023-11-01 16:52:19,790 [INFO] WebApp:188 - Starting web application
2023-11-01 16:52:19,791 [INFO] WebApp:520 - Web application path used C:\ST\STM32CubeIDE_1.13.2\STM32CubeIDE\plugins\com.st.stm32cube.common.mx_6.9.2.202309101412\db\plugins\mcufinder\reactClient1\index.html
2023-11-01 16:52:19,864 [WARN] PackLoader:240 - Cannot read IP mode file for STMicroelectronics.X-CUBE-FREERTOS.1.1.0
2023-11-01 16:52:19,885 [WARN] PackLoader:240 - Cannot read IP mode file for portGmbH.I-Cube-SoM-uGOAL.1.1.0
2023-11-01 16:52:19,901 [WARN] PackLoader:240 - Cannot read IP mode file for STMicroelectronics.X-CUBE-ALS.1.0.1
2023-11-01 16:52:19,909 [WARN] PackLoader:240 - Cannot read IP mode file for STMicroelectronics.FP-ATR-ASTRA1.2.0.0
2023-11-01 16:52:19,910 [INFO] ThirdParty:978 - Integrity check success = true
2023-11-01 16:52:19,910 [INFO] IntegrityCheckThread:100 - exiting critical section [integrity check]
2023-11-01 16:52:19,910 [INFO] IntegrityCheckThread:103 - End integrity checks thread
2023-11-01 16:52:41,040 [ERROR] LogOutputStream:75 - [STDERR_REDIRECT] SLF4J: Failed to load class "org.slf4j.impl.StaticLoggerBinder".
2023-11-01 16:52:41,040 [ERROR] LogOutputStream:75 - [STDERR_REDIRECT] SLF4J: Defaulting to no-operation (NOP) logger implementation
2023-11-01 16:52:41,043 [ERROR] LogOutputStream:75 - [STDERR_REDIRECT] SLF4J: See http://www.slf4j.org/codes.html#StaticLoggerBinder for further details.
2023-11-01 20:33:02,419 [ERROR] LogOutputStream:75 - [STDERR_REDIRECT] 
