2023-11-05 16:01:47,632 [INFO] Activator:176 - 


2023-11-05 16:01:47,644 [INFO] Activator:177 - !SESSION log4j initialized
2023-11-05 16:01:55,054 [INFO] LogOutputStream:77 - [STDOUT_REDIRECT] 
2023-11-05 16:02:02,471 [INFO] ApplicationProperties:184 - Using Application install path: C:\ST\STM32CubeIDE_1.13.2\STM32CubeIDE\plugins\com.st.stm32cube.common.mx_6.9.2.202309101412
2023-11-05 16:02:02,497 [INFO] DbMcusXml:78 - Set database path to: C:\ST\STM32CubeIDE_1.13.2\STM32CubeIDE\plugins\com.st.stm32cube.common.mx_6.9.2.202309101412\\db\/mcu/
2023-11-05 16:02:02,498 [INFO] ApiDb:274 - Set plugin database path to: C:\ST\STM32CubeIDE_1.13.2\STM32CubeIDE\plugins\com.st.stm32cube.common.mx_6.9.2.202309101412\\db\/plugins/boardmanager/
2023-11-05 16:02:02,498 [WARN] ApiDb:259 - Overriding images path with different value:  => C:\ST\STM32CubeIDE_1.13.2\STM32CubeIDE\plugins\com.st.stm32cube.common.mx_6.9.2.202309101412\\db\/plugins/mcufinder/images/
2023-11-05 16:02:02,515 [INFO] ApiDb:250 - Set database path to: C:\Users\E-AY\.stmcufinder\plugins\mcufinder//mcu/
2023-11-05 16:02:02,516 [INFO] DbMcusAds:125 - Set database path to: C:\Users\E-AY\.stmcufinder\plugins\mcufinder//mcu/
2023-11-05 16:02:02,519 [INFO] CrossReferenceDbSqlite:203 - Set database path to: C:\Users\E-AY\.stmcufinder\plugins\mcufinder//mcu/cs/
2023-11-05 16:02:02,697 [INFO] RulesReader:64 - Compatibility file has been processed (293 Rules)
2023-11-05 16:02:02,820 [INFO] DbMcusXml:78 - Set database path to: C:\ST\STM32CubeIDE_1.13.2\STM32CubeIDE\plugins\com.st.stm32cube.common.mx_6.9.2.202309101412\\db\/mcu/
2023-11-05 16:02:02,820 [INFO] ApiDb:274 - Set plugin database path to: C:\ST\STM32CubeIDE_1.13.2\STM32CubeIDE\plugins\com.st.stm32cube.common.mx_6.9.2.202309101412\\db\/plugins/boardmanager/
2023-11-05 16:02:02,821 [INFO] ApiDb:261 - Set plugin images path to: C:\ST\STM32CubeIDE_1.13.2\STM32CubeIDE\plugins\com.st.stm32cube.common.mx_6.9.2.202309101412\\db\/plugins/mcufinder/images/
2023-11-05 16:02:02,821 [WARN] DbFile:41 - Overriding database path with different value: C:\Users\E-AY\.stmcufinder\plugins\mcufinder/ => C:\Users\E-AY\.stmcufinder\plugins\mcufinder
2023-11-05 16:02:02,821 [INFO] ApiDb:250 - Set database path to: C:\Users\E-AY\.stmcufinder\plugins\mcufinder//mcu/
2023-11-05 16:02:02,821 [WARN] DbFile:41 - Overriding database path with different value: C:\Users\E-AY\.stmcufinder\plugins\mcufinder/ => C:\Users\E-AY\.stmcufinder\plugins\mcufinder
2023-11-05 16:02:02,821 [INFO] DbMcusAds:125 - Set database path to: C:\Users\E-AY\.stmcufinder\plugins\mcufinder//mcu/
2023-11-05 16:02:02,821 [WARN] DbFile:41 - Overriding database path with different value: C:\Users\E-AY\.stmcufinder\plugins\mcufinder/ => C:\Users\E-AY\.stmcufinder\plugins\mcufinder
2023-11-05 16:02:02,822 [WARN] DbFile:41 - Overriding database path with different value: C:\Users\E-AY\.stmcufinder\plugins\mcufinder/ => C:\Users\E-AY\.stmcufinder\plugins\mcufinder
2023-11-05 16:02:02,822 [INFO] CrossReferenceDbSqlite:203 - Set database path to: C:\Users\E-AY\.stmcufinder\plugins\mcufinder//mcu/cs/
2023-11-05 16:02:02,939 [INFO] MainPanel:262 - HeapMemory: 268435456
2023-11-05 16:02:03,082 [INFO] DbMcusXml:78 - Set database path to: C:\ST\STM32CubeIDE_1.13.2\STM32CubeIDE\plugins\com.st.stm32cube.common.mx_6.9.2.202309101412\\db\/mcu/
2023-11-05 16:02:03,083 [INFO] ApiDb:274 - Set plugin database path to: C:\ST\STM32CubeIDE_1.13.2\STM32CubeIDE\plugins\com.st.stm32cube.common.mx_6.9.2.202309101412\\db\/plugins/boardmanager/
2023-11-05 16:02:03,083 [INFO] ApiDb:261 - Set plugin images path to: C:\ST\STM32CubeIDE_1.13.2\STM32CubeIDE\plugins\com.st.stm32cube.common.mx_6.9.2.202309101412\\db\/plugins/mcufinder/images/
2023-11-05 16:02:03,084 [WARN] DbFile:41 - Overriding database path with different value: C:\Users\E-AY\.stmcufinder\plugins\mcufinder/ => C:\Users\E-AY\.stmcufinder\plugins\mcufinder
2023-11-05 16:02:03,084 [INFO] ApiDb:250 - Set database path to: C:\Users\E-AY\.stmcufinder\plugins\mcufinder//mcu/
2023-11-05 16:02:03,084 [WARN] DbFile:41 - Overriding database path with different value: C:\Users\E-AY\.stmcufinder\plugins\mcufinder/ => C:\Users\E-AY\.stmcufinder\plugins\mcufinder
2023-11-05 16:02:03,085 [INFO] DbMcusAds:125 - Set database path to: C:\Users\E-AY\.stmcufinder\plugins\mcufinder//mcu/
2023-11-05 16:02:03,085 [WARN] DbFile:41 - Overriding database path with different value: C:\Users\E-AY\.stmcufinder\plugins\mcufinder/ => C:\Users\E-AY\.stmcufinder\plugins\mcufinder
2023-11-05 16:02:03,085 [WARN] DbFile:41 - Overriding database path with different value: C:\Users\E-AY\.stmcufinder\plugins\mcufinder/ => C:\Users\E-AY\.stmcufinder\plugins\mcufinder
2023-11-05 16:02:03,085 [INFO] CrossReferenceDbSqlite:203 - Set database path to: C:\Users\E-AY\.stmcufinder\plugins\mcufinder//mcu/cs/
2023-11-05 16:02:03,119 [INFO] ApplicationProperties:184 - Using Application install path: C:\ST\STM32CubeIDE_1.13.2\STM32CubeIDE\plugins\com.st.stm32cube.common.mx_6.9.2.202309101412
2023-11-05 16:02:03,121 [INFO] PluginManage:196 - Search for loadable plugins [exclusion list=, ]
2023-11-05 16:02:03,124 [INFO] PluginManage:310 - Check plugin analytics
2023-11-05 16:02:03,430 [INFO] AnalyticsPlugin:253 - Accepted Software Licenses: 
2023-11-05 16:02:03,430 [INFO] AnalyticsPlugin:255 - Accepted CMSIS Pack Licenses: 
2023-11-05 16:02:03,431 [INFO] AnalyticsPlugin:257 - Accepted Firmware Licenses: 
2023-11-05 16:02:03,434 [INFO] PluginManage:359 - Loaded plugin analytics (category:tool,tabindex:-1)
2023-11-05 16:02:03,435 [INFO] PluginManage:310 - Check plugin cadmodel
2023-11-05 16:02:03,462 [INFO] CADModel:105 - Init CAD model plugin
2023-11-05 16:02:03,462 [INFO] PluginManage:359 - Loaded plugin cadmodel (category:power,tabindex:5)
2023-11-05 16:02:03,463 [INFO] PluginManage:310 - Check plugin clock
2023-11-05 16:02:03,492 [INFO] PluginManage:359 - Loaded plugin clock (category:base,tabindex:2)
2023-11-05 16:02:03,492 [INFO] PluginManage:310 - Check plugin ddr
2023-11-05 16:02:03,496 [INFO] PluginManage:359 - Loaded plugin ddr (category:tool,tabindex:6)
2023-11-05 16:02:03,496 [INFO] PluginManage:310 - Check plugin filemanager
2023-11-05 16:02:03,712 [INFO] PluginManage:359 - Loaded plugin filemanager (category:base,tabindex:10)
2023-11-05 16:02:03,712 [INFO] PluginManage:310 - Check plugin ipmanager
2023-11-05 16:02:03,722 [INFO] PluginManage:359 - Loaded plugin ipmanager (category:base,tabindex:5)
2023-11-05 16:02:03,722 [INFO] PluginManage:310 - Check plugin lpbam
2023-11-05 16:02:03,745 [INFO] PluginManage:359 - Loaded plugin lpbam (category:base,tabindex:0)
2023-11-05 16:02:03,746 [INFO] PluginManage:310 - Check plugin memorymap
2023-11-05 16:02:03,777 [INFO] PluginManage:359 - Loaded plugin memorymap (category:base,tabindex:4)
2023-11-05 16:02:03,777 [INFO] PluginManage:310 - Check plugin pinoutandconfiguration
2023-11-05 16:02:03,799 [INFO] PluginManage:359 - Loaded plugin pinoutandconfiguration (category:base,tabindex:1)
2023-11-05 16:02:03,800 [INFO] PluginManage:310 - Check plugin pinoutconfig
2023-11-05 16:02:03,952 [WARN] SupportedApi:132 - Cannot load RTOS API schema: s4s-elt-must-match.1: The content of 'definitions' must match (annotation?, (simpleType | complexType)?, (unique | key | keyref)*)). A problem was found starting at: attribute.
2023-11-05 16:02:04,179 [INFO] PluginManage:359 - Loaded plugin pinoutconfig (category:base,tabindex:0)
2023-11-05 16:02:04,180 [INFO] PluginManage:310 - Check plugin power
2023-11-05 16:02:04,205 [INFO] PluginManage:359 - Loaded plugin power (category:power,tabindex:4)
2023-11-05 16:02:04,205 [INFO] PluginManage:310 - Check plugin projectmanager
2023-11-05 16:02:04,227 [INFO] PluginManage:359 - Loaded plugin projectmanager (category:projectmanager,tabindex:3)
2023-11-05 16:02:04,227 [INFO] PluginManage:310 - Check plugin thirdparty
2023-11-05 16:02:04,586 [INFO] PluginManage:359 - Loaded plugin thirdparty (category:base,tabindex:-1)
2023-11-05 16:02:04,586 [INFO] PluginManage:310 - Check plugin tools
2023-11-05 16:02:04,586 [WARN] IntegrityCheckThread:84 - waiting for thirdparty lock release [integrity check]
2023-11-05 16:02:04,588 [INFO] IntegrityCheckThread:86 - entering critical section [integrity check]
2023-11-05 16:02:04,588 [INFO] ThirdPartyUpdaterWithRetryManager:70 - Updater plugin not ready yet. [1/15]
2023-11-05 16:02:04,629 [INFO] PluginManage:359 - Loaded plugin tools (category:base,tabindex:7)
2023-11-05 16:02:04,630 [INFO] PluginManage:310 - Check plugin tutovideos
2023-11-05 16:02:04,917 [INFO] PluginManage:359 - Loaded plugin tutovideos (category:base,tabindex:-1)
2023-11-05 16:02:04,917 [INFO] PluginManage:310 - Check plugin updater
2023-11-05 16:02:04,937 [INFO] PluginManage:359 - Loaded plugin updater (category:base,tabindex:12)
2023-11-05 16:02:04,937 [INFO] PluginManage:310 - Check plugin userauth
2023-11-05 16:02:04,945 [INFO] UserAuth:113 - Init User Auth plugin
2023-11-05 16:02:04,945 [INFO] PluginManage:359 - Loaded plugin userauth (category:base,tabindex:14)
2023-11-05 16:02:04,945 [INFO] PluginManage:283 - PluginManage : Loaded plugins [17]
2023-11-05 16:02:05,254 [INFO] PinOutPanel:1499 - setPackage(No Configuration,No Configuration)
2023-11-05 16:02:05,406 [INFO] CADModel:165 - CPN selected for project level
2023-11-05 16:02:05,406 [INFO] CADModel:114 - Register for checkConnection events
2023-11-05 16:02:05,440 [INFO] IPUIPlugin:80 - create IPUIPlugin
2023-11-05 16:02:05,441 [INFO] PluginManager:220 - loadIPPluginJar : add adc
2023-11-05 16:02:05,487 [INFO] IPUIPlugin:80 - create IPUIPlugin
2023-11-05 16:02:05,488 [INFO] PluginManager:220 - loadIPPluginJar : add aes
2023-11-05 16:02:05,542 [INFO] IPUIPlugin:80 - create IPUIPlugin
2023-11-05 16:02:05,542 [INFO] PluginManager:220 - loadIPPluginJar : add can
2023-11-05 16:02:05,569 [INFO] IPUIPlugin:80 - create IPUIPlugin
2023-11-05 16:02:05,569 [INFO] PluginManager:220 - loadIPPluginJar : add comp
2023-11-05 16:02:05,610 [INFO] IPUIPlugin:80 - create IPUIPlugin
2023-11-05 16:02:05,610 [INFO] PluginManager:220 - loadIPPluginJar : add cryp
2023-11-05 16:02:05,646 [INFO] IPUIPlugin:80 - create IPUIPlugin
2023-11-05 16:02:05,646 [INFO] PluginManager:220 - loadIPPluginJar : add dfsdm
2023-11-05 16:02:05,663 [INFO] IPUIPlugin:80 - create IPUIPlugin
2023-11-05 16:02:05,664 [INFO] PluginManager:220 - loadIPPluginJar : add dma
2023-11-05 16:02:05,716 [INFO] IPUIPlugin:80 - create IPUIPlugin
2023-11-05 16:02:05,717 [INFO] PluginManager:220 - loadIPPluginJar : add dma3
2023-11-05 16:02:05,742 [INFO] IPUIPlugin:80 - create IPUIPlugin
2023-11-05 16:02:05,742 [INFO] PluginManager:220 - loadIPPluginJar : add fatfs
2023-11-05 16:02:05,802 [INFO] IPUIPlugin:80 - create IPUIPlugin
2023-11-05 16:02:05,802 [INFO] PluginManager:220 - loadIPPluginJar : add fmc
2023-11-05 16:02:05,820 [INFO] IPUIPlugin:80 - create IPUIPlugin
2023-11-05 16:02:05,820 [INFO] PluginManager:220 - loadIPPluginJar : add freertos
2023-11-05 16:02:05,843 [INFO] IPUIPlugin:80 - create IPUIPlugin
2023-11-05 16:02:05,844 [INFO] PluginManager:220 - loadIPPluginJar : add genericplugin
2023-11-05 16:02:05,961 [INFO] IPUIPlugin:80 - create IPUIPlugin
2023-11-05 16:02:05,961 [INFO] PluginManager:220 - loadIPPluginJar : add gfxmmu
2023-11-05 16:02:06,136 [INFO] IPUIPlugin:80 - create IPUIPlugin
2023-11-05 16:02:06,136 [INFO] PluginManager:220 - loadIPPluginJar : add gic
2023-11-05 16:02:06,152 [INFO] IPUIPlugin:80 - create IPUIPlugin
2023-11-05 16:02:06,152 [INFO] PluginManager:220 - loadIPPluginJar : add gpio
2023-11-05 16:02:06,283 [INFO] IPUIPlugin:80 - create IPUIPlugin
2023-11-05 16:02:06,283 [INFO] PluginManager:220 - loadIPPluginJar : add gtzc
2023-11-05 16:02:06,330 [INFO] IPUIPlugin:80 - create IPUIPlugin
2023-11-05 16:02:06,330 [INFO] PluginManager:220 - loadIPPluginJar : add hash
2023-11-05 16:02:06,396 [INFO] IPUIPlugin:80 - create IPUIPlugin
2023-11-05 16:02:06,396 [INFO] PluginManager:220 - loadIPPluginJar : add i2c
2023-11-05 16:02:06,446 [INFO] IPUIPlugin:80 - create IPUIPlugin
2023-11-05 16:02:06,446 [INFO] PluginManager:220 - loadIPPluginJar : add i2s
2023-11-05 16:02:06,498 [INFO] IPUIPlugin:80 - create IPUIPlugin
2023-11-05 16:02:06,498 [INFO] PluginManager:220 - loadIPPluginJar : add i3c
2023-11-05 16:02:06,653 [INFO] IPUIPlugin:80 - create IPUIPlugin
2023-11-05 16:02:06,653 [INFO] PluginManager:220 - loadIPPluginJar : add ipddr
2023-11-05 16:02:06,769 [INFO] IPUIPlugin:80 - create IPUIPlugin
2023-11-05 16:02:06,769 [INFO] PluginManager:220 - loadIPPluginJar : add linkedlist
2023-11-05 16:02:06,815 [INFO] IPUIPlugin:80 - create IPUIPlugin
2023-11-05 16:02:06,815 [INFO] PluginManager:220 - loadIPPluginJar : add lorawan
2023-11-05 16:02:06,871 [INFO] IPUIPlugin:80 - create IPUIPlugin
2023-11-05 16:02:06,871 [INFO] PluginManager:220 - loadIPPluginJar : add ltdc
2023-11-05 16:02:06,890 [INFO] IPUIPlugin:80 - create IPUIPlugin
2023-11-05 16:02:06,891 [INFO] PluginManager:220 - loadIPPluginJar : add mdma
2023-11-05 16:02:06,905 [INFO] IPUIPlugin:80 - create IPUIPlugin
2023-11-05 16:02:06,905 [INFO] PluginManager:220 - loadIPPluginJar : add nvic
2023-11-05 16:02:06,952 [INFO] IPUIPlugin:80 - create IPUIPlugin
2023-11-05 16:02:06,952 [INFO] PluginManager:220 - loadIPPluginJar : add opamp
2023-11-05 16:02:07,032 [INFO] IPUIPlugin:80 - create IPUIPlugin
2023-11-05 16:02:07,032 [INFO] PluginManager:220 - loadIPPluginJar : add openamp
2023-11-05 16:02:07,094 [INFO] IPUIPlugin:80 - create IPUIPlugin
2023-11-05 16:02:07,094 [INFO] PluginManager:220 - loadIPPluginJar : add pdm2pcm
2023-11-05 16:02:07,120 [INFO] IPUIPlugin:80 - create IPUIPlugin
2023-11-05 16:02:07,124 [INFO] PluginManager:220 - loadIPPluginJar : add plateformsettings
2023-11-05 16:02:07,152 [INFO] IPUIPlugin:80 - create IPUIPlugin
2023-11-05 16:02:07,152 [INFO] PluginManager:220 - loadIPPluginJar : add quadspi
2023-11-05 16:02:07,166 [INFO] IPUIPlugin:80 - create IPUIPlugin
2023-11-05 16:02:07,166 [INFO] PluginManager:220 - loadIPPluginJar : add resmgrutility
2023-11-05 16:02:07,231 [INFO] IPUIPlugin:80 - create IPUIPlugin
2023-11-05 16:02:07,231 [INFO] PluginManager:220 - loadIPPluginJar : add sai
2023-11-05 16:02:07,280 [INFO] IPUIPlugin:80 - create IPUIPlugin
2023-11-05 16:02:07,280 [INFO] PluginManager:220 - loadIPPluginJar : add spi
2023-11-05 16:02:07,359 [INFO] IPUIPlugin:80 - create IPUIPlugin
2023-11-05 16:02:07,359 [INFO] PluginManager:220 - loadIPPluginJar : add stm32_wpan
2023-11-05 16:02:07,392 [INFO] IPUIPlugin:80 - create IPUIPlugin
2023-11-05 16:02:07,392 [INFO] PluginManager:220 - loadIPPluginJar : add tim
2023-11-05 16:02:07,469 [INFO] IPUIPlugin:80 - create IPUIPlugin
2023-11-05 16:02:07,470 [INFO] PluginManager:220 - loadIPPluginJar : add touchsensing
2023-11-05 16:02:07,498 [INFO] IPUIPlugin:80 - create IPUIPlugin
2023-11-05 16:02:07,499 [INFO] PluginManager:220 - loadIPPluginJar : add tracer_emb
2023-11-05 16:02:07,530 [INFO] IPUIPlugin:80 - create IPUIPlugin
2023-11-05 16:02:07,530 [INFO] PluginManager:220 - loadIPPluginJar : add ts
2023-11-05 16:02:07,556 [INFO] IPUIPlugin:80 - create IPUIPlugin
2023-11-05 16:02:07,557 [INFO] PluginManager:220 - loadIPPluginJar : add tsc
2023-11-05 16:02:07,585 [INFO] IPUIPlugin:80 - create IPUIPlugin
2023-11-05 16:02:07,585 [INFO] PluginManager:220 - loadIPPluginJar : add ucpd
2023-11-05 16:02:07,600 [INFO] ThirdPartyUpdaterWithRetryManager:70 - Updater plugin not ready yet. [2/15]
2023-11-05 16:02:07,653 [INFO] IPUIPlugin:80 - create IPUIPlugin
2023-11-05 16:02:07,653 [INFO] PluginManager:220 - loadIPPluginJar : add usart
2023-11-05 16:02:07,710 [INFO] IPUIPlugin:80 - create IPUIPlugin
2023-11-05 16:02:07,710 [INFO] PluginManager:220 - loadIPPluginJar : add usbx
2023-11-05 16:02:07,868 [INFO] CADModel:165 - CPN selected for project level
2023-11-05 16:02:07,868 [INFO] CADModel:114 - Register for checkConnection events
2023-11-05 16:02:07,868 [FATAL] Updater:308 - Updater called before beeing initialized
2023-11-05 16:02:07,868 [ERROR] CADModel:125 - Updater not yet initialized, retry later 
2023-11-05 16:02:08,094 [INFO] CADModel:165 - CPN selected for project level
2023-11-05 16:02:08,095 [INFO] CADModel:114 - Register for checkConnection events
2023-11-05 16:02:08,095 [FATAL] Updater:308 - Updater called before beeing initialized
2023-11-05 16:02:08,095 [ERROR] CADModel:125 - Updater not yet initialized, retry later 
2023-11-05 16:02:08,099 [FATAL] Updater:308 - Updater called before beeing initialized
2023-11-05 16:02:08,285 [FATAL] Updater:308 - Updater called before beeing initialized
2023-11-05 16:02:08,302 [INFO] DbMcusAds:53 - JSON generation date=Tue Mar 07 11:50:55 TRT 2023 (1678179055335)
2023-11-05 16:02:08,302 [FATAL] Updater:308 - Updater called before beeing initialized
2023-11-05 16:02:08,441 [WARN] DetailPanel:346 - Failed to get advertising image, set to default
2023-11-05 16:02:08,616 [FATAL] Updater:308 - Updater called before beeing initialized
2023-11-05 16:02:08,620 [FATAL] Updater:308 - Updater called before beeing initialized
2023-11-05 16:02:08,620 [FATAL] Updater:308 - Updater called before beeing initialized
2023-11-05 16:02:08,620 [WARN] DetailPanel:346 - Failed to get advertising image, set to default
2023-11-05 16:02:08,621 [FATAL] Updater:308 - Updater called before beeing initialized
2023-11-05 16:02:08,742 [ERROR] Updater:1120 - MainUpdater not yet initialized. External WinMGr cannot be set.
2023-11-05 16:02:08,754 [INFO] Updater:1056 - Updater Version found : 6.9.2
2023-11-05 16:02:08,780 [INFO] ApplicationProperties:184 - Using Application install path: C:\ST\STM32CubeIDE_1.13.2\STM32CubeIDE\plugins\com.st.stm32cube.common.mx_6.9.2.202309101412
2023-11-05 16:02:09,025 [INFO] MainUpdater:2868 - connection check result : 10
2023-11-05 16:02:09,026 [INFO] MainUpdater:3562 - Updater definition file requires update
2023-11-05 16:02:09,029 [INFO] MainUpdater:285 - Updater Check For Update Now.
2023-11-05 16:02:09,029 [INFO] MicroXplorer:498 - Change Database Version : DB.6.0.92
2023-11-05 16:02:09,048 [INFO] McuFinderGlobals:63 - Set McuFinder mode to 2 (CubeIDE integrated)
2023-11-05 16:02:09,049 [INFO] UserAuth:179 - activating auth plugin
2023-11-05 16:02:09,051 [INFO] UserAuth:393 - Internet connection configuration mode: 1
2023-11-05 16:02:09,070 [INFO] ServerAccessManage:473 - Download File updaters.zip
2023-11-05 16:02:09,090 [INFO] JxBrowserEngine:151 - Initiate JxBrowser Engine with user profile folder
2023-11-05 16:02:09,223 [INFO] FileExtend:240 - Unzip File : updaters.zip
2023-11-05 16:02:09,224 [INFO] FileExtend:255 - Standard Zip Deflate
2023-11-05 16:02:10,054 [INFO] ServerAccessManage:473 - Download File PacksControlFlags.xml
2023-11-05 16:02:10,299 [INFO] ServerAccessManage:473 - Download File cubemx.pidx
2023-11-05 16:02:10,623 [WARN] MainUpdater:1189 - Updater busy. Cannot search thirdparties
2023-11-05 16:02:10,624 [INFO] ThirdPartyUpdaterWithRetryManager:96 - Updater plugin is busy. [1/15]
2023-11-05 16:02:11,486 [INFO] ServerAccessManage:473 - Download File STMicroelectronics.X-CUBE-BLEMGR.pdsc
2023-11-05 16:02:13,634 [WARN] MainUpdater:1189 - Updater busy. Cannot search thirdparties
2023-11-05 16:02:13,634 [INFO] ThirdPartyUpdaterWithRetryManager:96 - Updater plugin is busy. [2/15]
2023-11-05 16:02:14,070 [ERROR] ServerAccessManage:1096 - Problem, Http access forbiden
2023-11-05 16:02:14,071 [ERROR] ServerAccessManage:651 - Problem, Http access forbiden : RoweBots.I-CUBE-UNISONRTOS.pdsc.
2023-11-05 16:02:14,930 [WARN] PackLoader:240 - Cannot read IP mode file for STMicroelectronics.X-CUBE-BLEMGR.3.0.0
2023-11-05 16:02:14,948 [INFO] PopulateThirdPartyThread:66 - Ending populate Thread
2023-11-05 16:02:14,951 [INFO] ThirdParty:1030 - CMSIS Pack Vendor :STMicroelectronics X-CUBE-BLEMGR 3.0.0
2023-11-05 16:02:14,952 [INFO] LoadServerUpdatesThread:373 - End of LoadServerUpdate Thread
2023-11-05 16:02:14,974 [INFO] WebApp:157 - Instantiating new browser for Auth
2023-11-05 16:02:15,171 [INFO] CheckServerUpdateThread:120 - End of CheckServer Thread
2023-11-05 16:02:16,084 [INFO] WebApp:753 - Register for checkConnection events
2023-11-05 16:02:16,084 [INFO] WebApp:390 - Apply proxy settings
2023-11-05 16:02:16,084 [INFO] WebApp:475 - Chromium requires no authentication
2023-11-05 16:02:16,096 [INFO] WebApp:418 - Direct internet connection detected
2023-11-05 16:02:16,349 [INFO] WebApp:188 - Starting web application
2023-11-05 16:02:16,349 [INFO] WebApp:520 - Web application path used C:\ST\STM32CubeIDE_1.13.2\STM32CubeIDE\plugins\com.st.stm32cube.common.mx_6.9.2.202309101412\db\plugins\mcufinder\reactClient1\index.html
2023-11-05 16:02:17,094 [WARN] PackLoader:240 - Cannot read IP mode file for STMicroelectronics.X-CUBE-SMBUS.2.1.0
2023-11-05 16:02:17,188 [WARN] PackLoader:240 - Cannot read IP mode file for STMicroelectronics.X-CUBE-AZRTOS-F7.1.1.0
2023-11-05 16:02:17,229 [WARN] PackLoader:240 - Cannot read IP mode file for STMicroelectronics.FP-SNS-MOTENV1.4.3.2
2023-11-05 16:02:17,250 [WARN] PackLoader:240 - Cannot read IP mode file for STMicroelectronics.FP-SNS-FLIGHT1.5.0.2
2023-11-05 16:02:17,282 [WARN] PackLoader:240 - Cannot read IP mode file for STMicroelectronics.X-CUBE-DISPLAY.3.0.0
2023-11-05 16:02:17,326 [WARN] PackLoader:240 - Cannot read IP mode file for STMicroelectronics.X-CUBE-BLE1.7.0.0
2023-11-05 16:02:17,352 [WARN] PackLoader:240 - Cannot read IP mode file for emotas.I-CUBE-CANOPEN.1.3.0
2023-11-05 16:02:17,385 [INFO] LogOutputStream:77 - [STDOUT_REDIRECT] 1 : Invalid condition id : UX_CORESTACK_Condition cause : null
2023-11-05 16:02:17,386 [INFO] LogOutputStream:77 - [STDOUT_REDIRECT] 1 : Invalid condition id : UX_CORESTACK_Condition cause : null
2023-11-05 16:02:17,390 [INFO] LogOutputStream:77 - [STDOUT_REDIRECT] 1 : Invalid condition id : UX_CORESTACK_Condition cause : null
2023-11-05 16:02:17,394 [INFO] LogOutputStream:77 - [STDOUT_REDIRECT] 1 : Invalid condition id : UX_CORESTACK_Condition cause : null
2023-11-05 16:02:17,396 [INFO] LogOutputStream:77 - [STDOUT_REDIRECT] 1 : Invalid condition id : UX_CORESTACK_Condition cause : null
2023-11-05 16:02:17,405 [WARN] PackLoader:240 - Cannot read IP mode file for STMicroelectronics.X-CUBE-AZRTOS-WL.2.0.0
2023-11-05 16:02:17,435 [WARN] PackLoader:240 - Cannot read IP mode file for WES.I-CUBE-Cesium.1.3.0
2023-11-05 16:02:17,460 [WARN] PackLoader:240 - Cannot read IP mode file for STMicroelectronics.X-CUBE-BLE2.3.3.0
2023-11-05 16:02:17,482 [WARN] PackLoader:240 - Cannot read IP mode file for STMicroelectronics.X-CUBE-ALGOBUILD.1.3.0
2023-11-05 16:02:17,537 [WARN] PackLoader:240 - Cannot read IP mode file for STMicroelectronics.X-CUBE-AZRTOS-G0.1.1.0
2023-11-05 16:02:17,566 [WARN] PackLoader:240 - Cannot read IP mode file for STMicroelectronics.X-CUBE-NFC4.3.0.0
2023-11-05 16:02:17,579 [WARN] PackLoader:240 - Cannot read IP mode file for STMicroelectronics.X-CUBE-BLEMGR.3.0.0
2023-11-05 16:02:17,593 [WARN] PackLoader:240 - Cannot read IP mode file for STMicroelectronics.FP-ATR-SIGFOX1.3.2.0
2023-11-05 16:02:17,651 [WARN] PackLoader:240 - Cannot read IP mode file for SEGGER.I-CUBE-embOS.1.3.1
2023-11-05 16:02:17,754 [WARN] PackLoader:240 - Cannot read IP mode file for STMicroelectronics.X-CUBE-GNSS1.6.0.0
2023-11-05 16:02:17,804 [WARN] PackLoader:240 - Cannot read IP mode file for STMicroelectronics.X-CUBE-AZRTOS-F4.1.1.0
2023-11-05 16:02:17,850 [WARN] PackLoader:240 - Cannot read IP mode file for STMicroelectronics.X-CUBE-AZRTOS-L5.2.0.0
2023-11-05 16:02:17,935 [WARN] PackLoader:240 - Cannot read IP mode file for STMicroelectronics.X-CUBE-MEMS1.9.6.0
2023-11-05 16:02:18,259 [WARN] PackLoader:240 - Cannot read IP mode file for STMicroelectronics.X-CUBE-EEPRMA1.4.2.0
2023-11-05 16:02:18,279 [WARN] PackLoader:240 - Cannot read IP mode file for ITTIA_DB.I-CUBE-ITTIADB.8.8.0
2023-11-05 16:02:18,298 [WARN] PackLoader:240 - Cannot read IP mode file for STMicroelectronics.X-CUBE-BLEMGR.2.0.0
2023-11-05 16:02:18,345 [WARN] ConditionMgr:438 - getConditionDescription Invalid condition id : UX DEVICE CLASS RTOS Condition cause : null
2023-11-05 16:02:18,346 [WARN] ConditionMgr:438 - getConditionDescription Invalid condition id : UX DEVICE CLASS RTOS Condition cause : null
2023-11-05 16:02:18,350 [WARN] PackLoader:240 - Cannot read IP mode file for STMicroelectronics.X-CUBE-AZRTOS-H7.3.1.0
2023-11-05 16:02:18,351 [WARN] ConditionMgr:1039 - genDependencies : Invalid condition id : UX DEVICE CLASS RTOS Condition cause : null
2023-11-05 16:02:18,351 [WARN] ConditionMgr:1039 - genDependencies : Invalid condition id : UX DEVICE CLASS RTOS Condition cause : null
2023-11-05 16:02:18,352 [WARN] ConditionMgr:1039 - genDependencies : Invalid condition id : UX DEVICE CLASS RTOS Condition cause : null
2023-11-05 16:02:18,352 [WARN] ConditionMgr:1039 - genDependencies : Invalid condition id : UX DEVICE CLASS RTOS Condition cause : null
2023-11-05 16:02:18,352 [WARN] ConditionMgr:1039 - genDependencies : Invalid condition id : UX DEVICE CLASS RTOS Condition cause : null
2023-11-05 16:02:18,372 [WARN] PackLoader:240 - Cannot read IP mode file for STMicroelectronics.X-CUBE-NFC7.1.0.1
2023-11-05 16:02:18,389 [WARN] PackLoader:240 - Cannot read IP mode file for STMicroelectronics.X-CUBE-EEPRMA1.4.1.0
2023-11-05 16:02:18,409 [WARN] PackLoader:240 - Cannot read IP mode file for STMicroelectronics.X-CUBE-AI.8.1.0
2023-11-05 16:02:18,461 [WARN] ConditionMgr:438 - getConditionDescription Invalid condition id : LAN8742 Phy interface Condition cause : null
2023-11-05 16:02:18,463 [WARN] PackLoader:240 - Cannot read IP mode file for STMicroelectronics.X-CUBE-AZRTOS-L4.2.0.0
2023-11-05 16:02:18,465 [WARN] ConditionMgr:1039 - genDependencies : Invalid condition id : LAN8742 Phy interface Condition cause : null
2023-11-05 16:02:18,466 [WARN] ConditionMgr:1039 - genDependencies : Invalid condition id : LAN8742 Phy interface Condition cause : null
2023-11-05 16:02:18,468 [WARN] ConditionMgr:1039 - genDependencies : Invalid condition id : LAN8742 Phy interface Condition cause : null
2023-11-05 16:02:18,496 [WARN] PackLoader:240 - Cannot read IP mode file for STMicroelectronics.X-CUBE-SFXS2LP1.4.0.0
2023-11-05 16:02:18,516 [WARN] PackLoader:240 - Cannot read IP mode file for STMicroelectronics.X-CUBE-ISPU.1.1.0
2023-11-05 16:02:18,555 [WARN] ConditionMgr:438 - getConditionDescription Invalid condition id : UX DEVICE CLASS RTOS Condition cause : null
2023-11-05 16:02:18,556 [WARN] ConditionMgr:438 - getConditionDescription Invalid condition id : UX DEVICE CLASS RTOS Condition cause : null
2023-11-05 16:02:18,560 [WARN] PackLoader:240 - Cannot read IP mode file for STMicroelectronics.X-CUBE-AZRTOS-WB.2.0.0
2023-11-05 16:02:18,561 [WARN] ConditionMgr:1039 - genDependencies : Invalid condition id : UX DEVICE CLASS RTOS Condition cause : null
2023-11-05 16:02:18,561 [WARN] ConditionMgr:1039 - genDependencies : Invalid condition id : UX DEVICE CLASS RTOS Condition cause : null
2023-11-05 16:02:18,562 [WARN] ConditionMgr:1039 - genDependencies : Invalid condition id : UX DEVICE CLASS RTOS Condition cause : null
2023-11-05 16:02:18,563 [WARN] ConditionMgr:1039 - genDependencies : Invalid condition id : UX DEVICE CLASS RTOS Condition cause : null
2023-11-05 16:02:18,563 [WARN] ConditionMgr:1039 - genDependencies : Invalid condition id : UX DEVICE CLASS RTOS Condition cause : null
2023-11-05 16:02:18,598 [WARN] PackLoader:240 - Cannot read IP mode file for STMicroelectronics.X-CUBE-SUBG2.5.0.0
2023-11-05 16:02:18,639 [WARN] PackLoader:240 - Cannot read IP mode file for STMicroelectronics.X-CUBE-TOF1.3.3.1
2023-11-05 16:02:18,699 [WARN] PackLoader:240 - Cannot read IP mode file for STMicroelectronics.X-CUBE-AZRTOS-G4.2.0.0
2023-11-05 16:02:18,733 [WARN] PackLoader:240 - Cannot read IP mode file for Infineon.AIROC-Wi-Fi-Bluetooth-STM32.1.5.1
2023-11-05 16:02:18,807 [WARN] PackLoader:240 - Cannot read IP mode file for STMicroelectronics.X-CUBE-MEMS1.10.0.0
2023-11-05 16:02:19,101 [WARN] PackLoader:240 - Cannot read IP mode file for STMicroelectronics.X-CUBE-FREERTOS.1.1.0
2023-11-05 16:02:19,133 [WARN] PackLoader:240 - Cannot read IP mode file for portGmbH.I-Cube-SoM-uGOAL.1.1.0
2023-11-05 16:02:19,155 [WARN] PackLoader:240 - Cannot read IP mode file for STMicroelectronics.X-CUBE-ALS.1.0.1
2023-11-05 16:02:19,164 [WARN] PackLoader:240 - Cannot read IP mode file for STMicroelectronics.FP-ATR-ASTRA1.2.0.0
2023-11-05 16:02:19,166 [INFO] ThirdParty:978 - Integrity check success = true
2023-11-05 16:02:19,166 [INFO] IntegrityCheckThread:100 - exiting critical section [integrity check]
2023-11-05 16:02:19,166 [INFO] IntegrityCheckThread:103 - End integrity checks thread
2023-11-05 16:02:37,769 [ERROR] LogOutputStream:75 - [STDERR_REDIRECT] SLF4J: Failed to load class "org.slf4j.impl.StaticLoggerBinder".
2023-11-05 16:02:37,771 [ERROR] LogOutputStream:75 - [STDERR_REDIRECT] SLF4J: Defaulting to no-operation (NOP) logger implementation
2023-11-05 16:02:37,772 [ERROR] LogOutputStream:75 - [STDERR_REDIRECT] SLF4J: See http://www.slf4j.org/codes.html#StaticLoggerBinder for further details.
