2023-10-25 11:02:02,344 [INFO] Activator:176 - 


2023-10-25 11:02:02,358 [INFO] Activator:177 - !SESSION log4j initialized
2023-10-25 11:02:11,112 [INFO] LogOutputStream:77 - [STDOUT_REDIRECT] 
2023-10-25 11:02:14,002 [INFO] ApplicationProperties:184 - Using Application install path: C:\ST\STM32CubeIDE_1.13.2\STM32CubeIDE\plugins\com.st.stm32cube.common.mx_6.9.2.202309101412
2023-10-25 11:02:14,028 [INFO] DbMcusXml:78 - Set database path to: C:\ST\STM32CubeIDE_1.13.2\STM32CubeIDE\plugins\com.st.stm32cube.common.mx_6.9.2.202309101412\\db\/mcu/
2023-10-25 11:02:14,029 [INFO] ApiDb:274 - Set plugin database path to: C:\ST\STM32CubeIDE_1.13.2\STM32CubeIDE\plugins\com.st.stm32cube.common.mx_6.9.2.202309101412\\db\/plugins/boardmanager/
2023-10-25 11:02:14,030 [WARN] ApiDb:259 - Overriding images path with different value:  => C:\ST\STM32CubeIDE_1.13.2\STM32CubeIDE\plugins\com.st.stm32cube.common.mx_6.9.2.202309101412\\db\/plugins/mcufinder/images/
2023-10-25 11:02:14,046 [INFO] ApiDb:250 - Set database path to: C:\Users\E-AY\.stmcufinder\plugins\mcufinder//mcu/
2023-10-25 11:02:14,048 [INFO] DbMcusAds:125 - Set database path to: C:\Users\E-AY\.stmcufinder\plugins\mcufinder//mcu/
2023-10-25 11:02:14,051 [INFO] CrossReferenceDbSqlite:203 - Set database path to: C:\Users\E-AY\.stmcufinder\plugins\mcufinder//mcu/cs/
2023-10-25 11:02:14,221 [INFO] RulesReader:64 - Compatibility file has been processed (293 Rules)
2023-10-25 11:02:14,341 [INFO] DbMcusXml:78 - Set database path to: C:\ST\STM32CubeIDE_1.13.2\STM32CubeIDE\plugins\com.st.stm32cube.common.mx_6.9.2.202309101412\\db\/mcu/
2023-10-25 11:02:14,341 [INFO] ApiDb:274 - Set plugin database path to: C:\ST\STM32CubeIDE_1.13.2\STM32CubeIDE\plugins\com.st.stm32cube.common.mx_6.9.2.202309101412\\db\/plugins/boardmanager/
2023-10-25 11:02:14,341 [INFO] ApiDb:261 - Set plugin images path to: C:\ST\STM32CubeIDE_1.13.2\STM32CubeIDE\plugins\com.st.stm32cube.common.mx_6.9.2.202309101412\\db\/plugins/mcufinder/images/
2023-10-25 11:02:14,342 [WARN] DbFile:41 - Overriding database path with different value: C:\Users\E-AY\.stmcufinder\plugins\mcufinder/ => C:\Users\E-AY\.stmcufinder\plugins\mcufinder
2023-10-25 11:02:14,342 [INFO] ApiDb:250 - Set database path to: C:\Users\E-AY\.stmcufinder\plugins\mcufinder//mcu/
2023-10-25 11:02:14,342 [WARN] DbFile:41 - Overriding database path with different value: C:\Users\E-AY\.stmcufinder\plugins\mcufinder/ => C:\Users\E-AY\.stmcufinder\plugins\mcufinder
2023-10-25 11:02:14,342 [INFO] DbMcusAds:125 - Set database path to: C:\Users\E-AY\.stmcufinder\plugins\mcufinder//mcu/
2023-10-25 11:02:14,342 [WARN] DbFile:41 - Overriding database path with different value: C:\Users\E-AY\.stmcufinder\plugins\mcufinder/ => C:\Users\E-AY\.stmcufinder\plugins\mcufinder
2023-10-25 11:02:14,342 [WARN] DbFile:41 - Overriding database path with different value: C:\Users\E-AY\.stmcufinder\plugins\mcufinder/ => C:\Users\E-AY\.stmcufinder\plugins\mcufinder
2023-10-25 11:02:14,343 [INFO] CrossReferenceDbSqlite:203 - Set database path to: C:\Users\E-AY\.stmcufinder\plugins\mcufinder//mcu/cs/
2023-10-25 11:02:14,454 [INFO] MainPanel:262 - HeapMemory: 268435456
2023-10-25 11:02:14,614 [INFO] DbMcusXml:78 - Set database path to: C:\ST\STM32CubeIDE_1.13.2\STM32CubeIDE\plugins\com.st.stm32cube.common.mx_6.9.2.202309101412\\db\/mcu/
2023-10-25 11:02:14,615 [INFO] ApiDb:274 - Set plugin database path to: C:\ST\STM32CubeIDE_1.13.2\STM32CubeIDE\plugins\com.st.stm32cube.common.mx_6.9.2.202309101412\\db\/plugins/boardmanager/
2023-10-25 11:02:14,615 [INFO] ApiDb:261 - Set plugin images path to: C:\ST\STM32CubeIDE_1.13.2\STM32CubeIDE\plugins\com.st.stm32cube.common.mx_6.9.2.202309101412\\db\/plugins/mcufinder/images/
2023-10-25 11:02:14,616 [WARN] DbFile:41 - Overriding database path with different value: C:\Users\E-AY\.stmcufinder\plugins\mcufinder/ => C:\Users\E-AY\.stmcufinder\plugins\mcufinder
2023-10-25 11:02:14,616 [INFO] ApiDb:250 - Set database path to: C:\Users\E-AY\.stmcufinder\plugins\mcufinder//mcu/
2023-10-25 11:02:14,616 [WARN] DbFile:41 - Overriding database path with different value: C:\Users\E-AY\.stmcufinder\plugins\mcufinder/ => C:\Users\E-AY\.stmcufinder\plugins\mcufinder
2023-10-25 11:02:14,616 [INFO] DbMcusAds:125 - Set database path to: C:\Users\E-AY\.stmcufinder\plugins\mcufinder//mcu/
2023-10-25 11:02:14,617 [WARN] DbFile:41 - Overriding database path with different value: C:\Users\E-AY\.stmcufinder\plugins\mcufinder/ => C:\Users\E-AY\.stmcufinder\plugins\mcufinder
2023-10-25 11:02:14,617 [WARN] DbFile:41 - Overriding database path with different value: C:\Users\E-AY\.stmcufinder\plugins\mcufinder/ => C:\Users\E-AY\.stmcufinder\plugins\mcufinder
2023-10-25 11:02:14,617 [INFO] CrossReferenceDbSqlite:203 - Set database path to: C:\Users\E-AY\.stmcufinder\plugins\mcufinder//mcu/cs/
2023-10-25 11:02:14,656 [INFO] ApplicationProperties:184 - Using Application install path: C:\ST\STM32CubeIDE_1.13.2\STM32CubeIDE\plugins\com.st.stm32cube.common.mx_6.9.2.202309101412
2023-10-25 11:02:14,659 [INFO] PluginManage:196 - Search for loadable plugins [exclusion list=, ]
2023-10-25 11:02:14,661 [INFO] PluginManage:310 - Check plugin analytics
2023-10-25 11:02:14,970 [INFO] AnalyticsPlugin:253 - Accepted Software Licenses: 
2023-10-25 11:02:14,971 [INFO] AnalyticsPlugin:255 - Accepted CMSIS Pack Licenses: 
2023-10-25 11:02:14,971 [INFO] AnalyticsPlugin:257 - Accepted Firmware Licenses: 
2023-10-25 11:02:14,974 [INFO] PluginManage:359 - Loaded plugin analytics (category:tool,tabindex:-1)
2023-10-25 11:02:14,974 [INFO] PluginManage:310 - Check plugin cadmodel
2023-10-25 11:02:14,994 [INFO] CADModel:105 - Init CAD model plugin
2023-10-25 11:02:14,994 [INFO] PluginManage:359 - Loaded plugin cadmodel (category:power,tabindex:5)
2023-10-25 11:02:14,994 [INFO] PluginManage:310 - Check plugin clock
2023-10-25 11:02:15,018 [INFO] PluginManage:359 - Loaded plugin clock (category:base,tabindex:2)
2023-10-25 11:02:15,018 [INFO] PluginManage:310 - Check plugin ddr
2023-10-25 11:02:15,024 [INFO] PluginManage:359 - Loaded plugin ddr (category:tool,tabindex:6)
2023-10-25 11:02:15,024 [INFO] PluginManage:310 - Check plugin filemanager
2023-10-25 11:02:15,213 [INFO] PluginManage:359 - Loaded plugin filemanager (category:base,tabindex:10)
2023-10-25 11:02:15,214 [INFO] PluginManage:310 - Check plugin ipmanager
2023-10-25 11:02:15,223 [INFO] PluginManage:359 - Loaded plugin ipmanager (category:base,tabindex:5)
2023-10-25 11:02:15,223 [INFO] PluginManage:310 - Check plugin lpbam
2023-10-25 11:02:15,244 [INFO] PluginManage:359 - Loaded plugin lpbam (category:base,tabindex:0)
2023-10-25 11:02:15,244 [INFO] PluginManage:310 - Check plugin memorymap
2023-10-25 11:02:15,278 [INFO] PluginManage:359 - Loaded plugin memorymap (category:base,tabindex:4)
2023-10-25 11:02:15,278 [INFO] PluginManage:310 - Check plugin pinoutandconfiguration
2023-10-25 11:02:15,299 [INFO] PluginManage:359 - Loaded plugin pinoutandconfiguration (category:base,tabindex:1)
2023-10-25 11:02:15,299 [INFO] PluginManage:310 - Check plugin pinoutconfig
2023-10-25 11:02:15,437 [WARN] SupportedApi:132 - Cannot load RTOS API schema: s4s-elt-must-match.1: The content of 'definitions' must match (annotation?, (simpleType | complexType)?, (unique | key | keyref)*)). A problem was found starting at: attribute.
2023-10-25 11:02:15,658 [INFO] PluginManage:359 - Loaded plugin pinoutconfig (category:base,tabindex:0)
2023-10-25 11:02:15,658 [INFO] PluginManage:310 - Check plugin power
2023-10-25 11:02:15,684 [INFO] PluginManage:359 - Loaded plugin power (category:power,tabindex:4)
2023-10-25 11:02:15,684 [INFO] PluginManage:310 - Check plugin projectmanager
2023-10-25 11:02:15,702 [INFO] PluginManage:359 - Loaded plugin projectmanager (category:projectmanager,tabindex:3)
2023-10-25 11:02:15,702 [INFO] PluginManage:310 - Check plugin thirdparty
2023-10-25 11:02:16,050 [INFO] PluginManage:359 - Loaded plugin thirdparty (category:base,tabindex:-1)
2023-10-25 11:02:16,050 [INFO] PluginManage:310 - Check plugin tools
2023-10-25 11:02:16,050 [WARN] IntegrityCheckThread:84 - waiting for thirdparty lock release [integrity check]
2023-10-25 11:02:16,051 [INFO] IntegrityCheckThread:86 - entering critical section [integrity check]
2023-10-25 11:02:16,051 [INFO] ThirdPartyUpdaterWithRetryManager:70 - Updater plugin not ready yet. [1/15]
2023-10-25 11:02:16,096 [INFO] PluginManage:359 - Loaded plugin tools (category:base,tabindex:7)
2023-10-25 11:02:16,096 [INFO] PluginManage:310 - Check plugin tutovideos
2023-10-25 11:02:16,389 [INFO] PluginManage:359 - Loaded plugin tutovideos (category:base,tabindex:-1)
2023-10-25 11:02:16,389 [INFO] PluginManage:310 - Check plugin updater
2023-10-25 11:02:16,403 [INFO] PluginManage:359 - Loaded plugin updater (category:base,tabindex:12)
2023-10-25 11:02:16,403 [INFO] PluginManage:310 - Check plugin userauth
2023-10-25 11:02:16,409 [INFO] UserAuth:113 - Init User Auth plugin
2023-10-25 11:02:16,410 [INFO] PluginManage:359 - Loaded plugin userauth (category:base,tabindex:14)
2023-10-25 11:02:16,410 [INFO] PluginManage:283 - PluginManage : Loaded plugins [17]
2023-10-25 11:02:16,732 [INFO] PinOutPanel:1499 - setPackage(No Configuration,No Configuration)
2023-10-25 11:02:16,886 [INFO] CADModel:165 - CPN selected for project level
2023-10-25 11:02:16,886 [INFO] CADModel:114 - Register for checkConnection events
2023-10-25 11:02:16,920 [INFO] IPUIPlugin:80 - create IPUIPlugin
2023-10-25 11:02:16,920 [INFO] PluginManager:220 - loadIPPluginJar : add adc
2023-10-25 11:02:16,967 [INFO] IPUIPlugin:80 - create IPUIPlugin
2023-10-25 11:02:16,967 [INFO] PluginManager:220 - loadIPPluginJar : add aes
2023-10-25 11:02:17,019 [INFO] IPUIPlugin:80 - create IPUIPlugin
2023-10-25 11:02:17,019 [INFO] PluginManager:220 - loadIPPluginJar : add can
2023-10-25 11:02:17,048 [INFO] IPUIPlugin:80 - create IPUIPlugin
2023-10-25 11:02:17,048 [INFO] PluginManager:220 - loadIPPluginJar : add comp
2023-10-25 11:02:17,089 [INFO] IPUIPlugin:80 - create IPUIPlugin
2023-10-25 11:02:17,089 [INFO] PluginManager:220 - loadIPPluginJar : add cryp
2023-10-25 11:02:17,128 [INFO] IPUIPlugin:80 - create IPUIPlugin
2023-10-25 11:02:17,128 [INFO] PluginManager:220 - loadIPPluginJar : add dfsdm
2023-10-25 11:02:17,147 [INFO] IPUIPlugin:80 - create IPUIPlugin
2023-10-25 11:02:17,147 [INFO] PluginManager:220 - loadIPPluginJar : add dma
2023-10-25 11:02:17,201 [INFO] IPUIPlugin:80 - create IPUIPlugin
2023-10-25 11:02:17,201 [INFO] PluginManager:220 - loadIPPluginJar : add dma3
2023-10-25 11:02:17,228 [INFO] IPUIPlugin:80 - create IPUIPlugin
2023-10-25 11:02:17,229 [INFO] PluginManager:220 - loadIPPluginJar : add fatfs
2023-10-25 11:02:17,290 [INFO] IPUIPlugin:80 - create IPUIPlugin
2023-10-25 11:02:17,290 [INFO] PluginManager:220 - loadIPPluginJar : add fmc
2023-10-25 11:02:17,308 [INFO] IPUIPlugin:80 - create IPUIPlugin
2023-10-25 11:02:17,309 [INFO] PluginManager:220 - loadIPPluginJar : add freertos
2023-10-25 11:02:17,335 [INFO] IPUIPlugin:80 - create IPUIPlugin
2023-10-25 11:02:17,335 [INFO] PluginManager:220 - loadIPPluginJar : add genericplugin
2023-10-25 11:02:17,468 [INFO] IPUIPlugin:80 - create IPUIPlugin
2023-10-25 11:02:17,469 [INFO] PluginManager:220 - loadIPPluginJar : add gfxmmu
2023-10-25 11:02:17,639 [INFO] IPUIPlugin:80 - create IPUIPlugin
2023-10-25 11:02:17,639 [INFO] PluginManager:220 - loadIPPluginJar : add gic
2023-10-25 11:02:17,654 [INFO] IPUIPlugin:80 - create IPUIPlugin
2023-10-25 11:02:17,655 [INFO] PluginManager:220 - loadIPPluginJar : add gpio
2023-10-25 11:02:17,774 [INFO] IPUIPlugin:80 - create IPUIPlugin
2023-10-25 11:02:17,775 [INFO] PluginManager:220 - loadIPPluginJar : add gtzc
2023-10-25 11:02:17,815 [INFO] IPUIPlugin:80 - create IPUIPlugin
2023-10-25 11:02:17,816 [INFO] PluginManager:220 - loadIPPluginJar : add hash
2023-10-25 11:02:17,881 [INFO] IPUIPlugin:80 - create IPUIPlugin
2023-10-25 11:02:17,881 [INFO] PluginManager:220 - loadIPPluginJar : add i2c
2023-10-25 11:02:17,932 [INFO] IPUIPlugin:80 - create IPUIPlugin
2023-10-25 11:02:17,933 [INFO] PluginManager:220 - loadIPPluginJar : add i2s
2023-10-25 11:02:17,985 [INFO] IPUIPlugin:80 - create IPUIPlugin
2023-10-25 11:02:17,986 [INFO] PluginManager:220 - loadIPPluginJar : add i3c
2023-10-25 11:02:18,135 [INFO] IPUIPlugin:80 - create IPUIPlugin
2023-10-25 11:02:18,135 [INFO] PluginManager:220 - loadIPPluginJar : add ipddr
2023-10-25 11:02:18,249 [INFO] IPUIPlugin:80 - create IPUIPlugin
2023-10-25 11:02:18,250 [INFO] PluginManager:220 - loadIPPluginJar : add linkedlist
2023-10-25 11:02:18,294 [INFO] IPUIPlugin:80 - create IPUIPlugin
2023-10-25 11:02:18,294 [INFO] PluginManager:220 - loadIPPluginJar : add lorawan
2023-10-25 11:02:18,341 [INFO] IPUIPlugin:80 - create IPUIPlugin
2023-10-25 11:02:18,341 [INFO] PluginManager:220 - loadIPPluginJar : add ltdc
2023-10-25 11:02:18,360 [INFO] IPUIPlugin:80 - create IPUIPlugin
2023-10-25 11:02:18,360 [INFO] PluginManager:220 - loadIPPluginJar : add mdma
2023-10-25 11:02:18,376 [INFO] IPUIPlugin:80 - create IPUIPlugin
2023-10-25 11:02:18,376 [INFO] PluginManager:220 - loadIPPluginJar : add nvic
2023-10-25 11:02:18,424 [INFO] IPUIPlugin:80 - create IPUIPlugin
2023-10-25 11:02:18,425 [INFO] PluginManager:220 - loadIPPluginJar : add opamp
2023-10-25 11:02:18,502 [INFO] IPUIPlugin:80 - create IPUIPlugin
2023-10-25 11:02:18,502 [INFO] PluginManager:220 - loadIPPluginJar : add openamp
2023-10-25 11:02:18,556 [INFO] IPUIPlugin:80 - create IPUIPlugin
2023-10-25 11:02:18,556 [INFO] PluginManager:220 - loadIPPluginJar : add pdm2pcm
2023-10-25 11:02:18,574 [INFO] IPUIPlugin:80 - create IPUIPlugin
2023-10-25 11:02:18,577 [INFO] PluginManager:220 - loadIPPluginJar : add plateformsettings
2023-10-25 11:02:18,602 [INFO] IPUIPlugin:80 - create IPUIPlugin
2023-10-25 11:02:18,602 [INFO] PluginManager:220 - loadIPPluginJar : add quadspi
2023-10-25 11:02:18,619 [INFO] IPUIPlugin:80 - create IPUIPlugin
2023-10-25 11:02:18,619 [INFO] PluginManager:220 - loadIPPluginJar : add resmgrutility
2023-10-25 11:02:18,682 [INFO] IPUIPlugin:80 - create IPUIPlugin
2023-10-25 11:02:18,682 [INFO] PluginManager:220 - loadIPPluginJar : add sai
2023-10-25 11:02:18,727 [INFO] IPUIPlugin:80 - create IPUIPlugin
2023-10-25 11:02:18,727 [INFO] PluginManager:220 - loadIPPluginJar : add spi
2023-10-25 11:02:18,805 [INFO] IPUIPlugin:80 - create IPUIPlugin
2023-10-25 11:02:18,805 [INFO] PluginManager:220 - loadIPPluginJar : add stm32_wpan
2023-10-25 11:02:18,833 [INFO] IPUIPlugin:80 - create IPUIPlugin
2023-10-25 11:02:18,833 [INFO] PluginManager:220 - loadIPPluginJar : add tim
2023-10-25 11:02:18,907 [INFO] IPUIPlugin:80 - create IPUIPlugin
2023-10-25 11:02:18,907 [INFO] PluginManager:220 - loadIPPluginJar : add touchsensing
2023-10-25 11:02:18,935 [INFO] IPUIPlugin:80 - create IPUIPlugin
2023-10-25 11:02:18,935 [INFO] PluginManager:220 - loadIPPluginJar : add tracer_emb
2023-10-25 11:02:18,965 [INFO] IPUIPlugin:80 - create IPUIPlugin
2023-10-25 11:02:18,965 [INFO] PluginManager:220 - loadIPPluginJar : add ts
2023-10-25 11:02:18,991 [INFO] IPUIPlugin:80 - create IPUIPlugin
2023-10-25 11:02:18,992 [INFO] PluginManager:220 - loadIPPluginJar : add tsc
2023-10-25 11:02:19,020 [INFO] IPUIPlugin:80 - create IPUIPlugin
2023-10-25 11:02:19,020 [INFO] PluginManager:220 - loadIPPluginJar : add ucpd
2023-10-25 11:02:19,053 [INFO] ThirdPartyUpdaterWithRetryManager:70 - Updater plugin not ready yet. [2/15]
2023-10-25 11:02:19,080 [INFO] IPUIPlugin:80 - create IPUIPlugin
2023-10-25 11:02:19,080 [INFO] PluginManager:220 - loadIPPluginJar : add usart
2023-10-25 11:02:19,133 [INFO] IPUIPlugin:80 - create IPUIPlugin
2023-10-25 11:02:19,133 [INFO] PluginManager:220 - loadIPPluginJar : add usbx
2023-10-25 11:02:19,292 [INFO] CADModel:165 - CPN selected for project level
2023-10-25 11:02:19,292 [INFO] CADModel:114 - Register for checkConnection events
2023-10-25 11:02:19,293 [FATAL] Updater:308 - Updater called before beeing initialized
2023-10-25 11:02:19,293 [ERROR] CADModel:125 - Updater not yet initialized, retry later 
2023-10-25 11:02:19,510 [INFO] CADModel:165 - CPN selected for project level
2023-10-25 11:02:19,510 [INFO] CADModel:114 - Register for checkConnection events
2023-10-25 11:02:19,510 [FATAL] Updater:308 - Updater called before beeing initialized
2023-10-25 11:02:19,511 [ERROR] CADModel:125 - Updater not yet initialized, retry later 
2023-10-25 11:02:19,515 [FATAL] Updater:308 - Updater called before beeing initialized
2023-10-25 11:02:19,670 [FATAL] Updater:308 - Updater called before beeing initialized
2023-10-25 11:02:19,685 [INFO] DbMcusAds:53 - JSON generation date=Tue Mar 07 11:50:55 TRT 2023 (1678179055114)
2023-10-25 11:02:19,686 [FATAL] Updater:308 - Updater called before beeing initialized
2023-10-25 11:02:19,792 [WARN] DetailPanel:346 - Failed to get advertising image, set to default
2023-10-25 11:02:19,964 [FATAL] Updater:308 - Updater called before beeing initialized
2023-10-25 11:02:19,966 [FATAL] Updater:308 - Updater called before beeing initialized
2023-10-25 11:02:19,966 [FATAL] Updater:308 - Updater called before beeing initialized
2023-10-25 11:02:19,967 [WARN] DetailPanel:346 - Failed to get advertising image, set to default
2023-10-25 11:02:19,967 [FATAL] Updater:308 - Updater called before beeing initialized
2023-10-25 11:02:20,058 [ERROR] Updater:1120 - MainUpdater not yet initialized. External WinMGr cannot be set.
2023-10-25 11:02:20,072 [INFO] Updater:1056 - Updater Version found : 6.9.2
2023-10-25 11:02:20,098 [INFO] ApplicationProperties:184 - Using Application install path: C:\ST\STM32CubeIDE_1.13.2\STM32CubeIDE\plugins\com.st.stm32cube.common.mx_6.9.2.202309101412
2023-10-25 11:02:20,283 [INFO] MainUpdater:2868 - connection check result : 10
2023-10-25 11:02:20,285 [INFO] MainUpdater:285 - Updater Check For Update Now.
2023-10-25 11:02:20,286 [INFO] MicroXplorer:498 - Change Database Version : DB.6.0.92
2023-10-25 11:02:20,312 [INFO] McuFinderGlobals:63 - Set McuFinder mode to 2 (CubeIDE integrated)
2023-10-25 11:02:20,313 [INFO] UserAuth:179 - activating auth plugin
2023-10-25 11:02:20,316 [INFO] UserAuth:393 - Internet connection configuration mode: 1
2023-10-25 11:02:20,349 [INFO] JxBrowserEngine:151 - Initiate JxBrowser Engine with user profile folder
2023-10-25 11:02:20,533 [INFO] CheckServerUpdateThread:120 - End of CheckServer Thread
2023-10-25 11:02:22,346 [WARN] PackLoader:240 - Cannot read IP mode file for STMicroelectronics.X-CUBE-SMBUS.2.1.0
2023-10-25 11:02:22,431 [WARN] PackLoader:240 - Cannot read IP mode file for STMicroelectronics.X-CUBE-AZRTOS-F7.1.1.0
2023-10-25 11:02:22,457 [WARN] PackLoader:240 - Cannot read IP mode file for STMicroelectronics.FP-SNS-MOTENV1.4.3.2
2023-10-25 11:02:22,478 [WARN] PackLoader:240 - Cannot read IP mode file for STMicroelectronics.FP-SNS-FLIGHT1.5.0.2
2023-10-25 11:02:22,508 [WARN] PackLoader:240 - Cannot read IP mode file for STMicroelectronics.X-CUBE-DISPLAY.3.0.0
2023-10-25 11:02:22,536 [WARN] PackLoader:240 - Cannot read IP mode file for STMicroelectronics.X-CUBE-BLE1.7.0.0
2023-10-25 11:02:22,560 [WARN] PackLoader:240 - Cannot read IP mode file for emotas.I-CUBE-CANOPEN.1.3.0
2023-10-25 11:02:22,591 [INFO] LogOutputStream:77 - [STDOUT_REDIRECT] 1 : Invalid condition id : UX_CORESTACK_Condition cause : null
2023-10-25 11:02:22,592 [INFO] LogOutputStream:77 - [STDOUT_REDIRECT] 1 : Invalid condition id : UX_CORESTACK_Condition cause : null
2023-10-25 11:02:22,594 [INFO] LogOutputStream:77 - [STDOUT_REDIRECT] 1 : Invalid condition id : UX_CORESTACK_Condition cause : null
2023-10-25 11:02:22,596 [INFO] LogOutputStream:77 - [STDOUT_REDIRECT] 1 : Invalid condition id : UX_CORESTACK_Condition cause : null
2023-10-25 11:02:22,600 [INFO] LogOutputStream:77 - [STDOUT_REDIRECT] 1 : Invalid condition id : UX_CORESTACK_Condition cause : null
2023-10-25 11:02:22,609 [WARN] PackLoader:240 - Cannot read IP mode file for STMicroelectronics.X-CUBE-AZRTOS-WL.2.0.0
2023-10-25 11:02:22,632 [WARN] PackLoader:240 - Cannot read IP mode file for WES.I-CUBE-Cesium.1.3.0
2023-10-25 11:02:22,654 [WARN] PackLoader:240 - Cannot read IP mode file for STMicroelectronics.X-CUBE-BLE2.3.3.0
2023-10-25 11:02:22,676 [WARN] PackLoader:240 - Cannot read IP mode file for STMicroelectronics.X-CUBE-ALGOBUILD.1.3.0
2023-10-25 11:02:22,729 [WARN] PackLoader:240 - Cannot read IP mode file for STMicroelectronics.X-CUBE-AZRTOS-G0.1.1.0
2023-10-25 11:02:22,754 [WARN] PackLoader:240 - Cannot read IP mode file for STMicroelectronics.X-CUBE-NFC4.3.0.0
2023-10-25 11:02:22,777 [WARN] PackLoader:240 - Cannot read IP mode file for STMicroelectronics.FP-ATR-SIGFOX1.3.2.0
2023-10-25 11:02:22,843 [WARN] PackLoader:240 - Cannot read IP mode file for SEGGER.I-CUBE-embOS.1.3.1
2023-10-25 11:02:22,931 [WARN] PackLoader:240 - Cannot read IP mode file for STMicroelectronics.X-CUBE-GNSS1.6.0.0
2023-10-25 11:02:22,994 [WARN] PackLoader:240 - Cannot read IP mode file for STMicroelectronics.X-CUBE-AZRTOS-F4.1.1.0
2023-10-25 11:02:23,127 [WARN] PackLoader:240 - Cannot read IP mode file for STMicroelectronics.X-CUBE-AZRTOS-L5.2.0.0
2023-10-25 11:02:23,419 [WARN] PackLoader:240 - Cannot read IP mode file for STMicroelectronics.X-CUBE-MEMS1.9.6.0
2023-10-25 11:02:23,988 [WARN] PackLoader:240 - Cannot read IP mode file for STMicroelectronics.X-CUBE-EEPRMA1.4.2.0
2023-10-25 11:02:24,068 [WARN] PackLoader:240 - Cannot read IP mode file for ITTIA_DB.I-CUBE-ITTIADB.8.8.0
2023-10-25 11:02:24,103 [WARN] PackLoader:240 - Cannot read IP mode file for STMicroelectronics.X-CUBE-BLEMGR.2.0.0
2023-10-25 11:02:24,179 [WARN] ConditionMgr:438 - getConditionDescription Invalid condition id : UX DEVICE CLASS RTOS Condition cause : null
2023-10-25 11:02:24,179 [WARN] ConditionMgr:438 - getConditionDescription Invalid condition id : UX DEVICE CLASS RTOS Condition cause : null
2023-10-25 11:02:24,188 [WARN] PackLoader:240 - Cannot read IP mode file for STMicroelectronics.X-CUBE-AZRTOS-H7.3.1.0
2023-10-25 11:02:24,189 [WARN] ConditionMgr:1039 - genDependencies : Invalid condition id : UX DEVICE CLASS RTOS Condition cause : null
2023-10-25 11:02:24,190 [WARN] ConditionMgr:1039 - genDependencies : Invalid condition id : UX DEVICE CLASS RTOS Condition cause : null
2023-10-25 11:02:24,190 [WARN] ConditionMgr:1039 - genDependencies : Invalid condition id : UX DEVICE CLASS RTOS Condition cause : null
2023-10-25 11:02:24,191 [WARN] ConditionMgr:1039 - genDependencies : Invalid condition id : UX DEVICE CLASS RTOS Condition cause : null
2023-10-25 11:02:24,191 [WARN] ConditionMgr:1039 - genDependencies : Invalid condition id : UX DEVICE CLASS RTOS Condition cause : null
2023-10-25 11:02:24,217 [WARN] PackLoader:240 - Cannot read IP mode file for STMicroelectronics.X-CUBE-NFC7.1.0.1
2023-10-25 11:02:24,237 [WARN] PackLoader:240 - Cannot read IP mode file for STMicroelectronics.X-CUBE-EEPRMA1.4.1.0
2023-10-25 11:02:24,253 [WARN] PackLoader:240 - Cannot read IP mode file for STMicroelectronics.X-CUBE-AI.8.1.0
2023-10-25 11:02:24,312 [WARN] ConditionMgr:438 - getConditionDescription Invalid condition id : LAN8742 Phy interface Condition cause : null
2023-10-25 11:02:24,313 [WARN] PackLoader:240 - Cannot read IP mode file for STMicroelectronics.X-CUBE-AZRTOS-L4.2.0.0
2023-10-25 11:02:24,317 [WARN] ConditionMgr:1039 - genDependencies : Invalid condition id : LAN8742 Phy interface Condition cause : null
2023-10-25 11:02:24,318 [WARN] ConditionMgr:1039 - genDependencies : Invalid condition id : LAN8742 Phy interface Condition cause : null
2023-10-25 11:02:24,319 [WARN] ConditionMgr:1039 - genDependencies : Invalid condition id : LAN8742 Phy interface Condition cause : null
2023-10-25 11:02:24,340 [WARN] PackLoader:240 - Cannot read IP mode file for STMicroelectronics.X-CUBE-SFXS2LP1.4.0.0
2023-10-25 11:02:24,341 [INFO] WebApp:157 - Instantiating new browser for Auth
2023-10-25 11:02:24,362 [WARN] PackLoader:240 - Cannot read IP mode file for STMicroelectronics.X-CUBE-ISPU.1.1.0
2023-10-25 11:02:24,432 [WARN] ConditionMgr:438 - getConditionDescription Invalid condition id : UX DEVICE CLASS RTOS Condition cause : null
2023-10-25 11:02:24,432 [WARN] ConditionMgr:438 - getConditionDescription Invalid condition id : UX DEVICE CLASS RTOS Condition cause : null
2023-10-25 11:02:24,439 [WARN] PackLoader:240 - Cannot read IP mode file for STMicroelectronics.X-CUBE-AZRTOS-WB.2.0.0
2023-10-25 11:02:24,440 [WARN] ConditionMgr:1039 - genDependencies : Invalid condition id : UX DEVICE CLASS RTOS Condition cause : null
2023-10-25 11:02:24,441 [WARN] ConditionMgr:1039 - genDependencies : Invalid condition id : UX DEVICE CLASS RTOS Condition cause : null
2023-10-25 11:02:24,442 [WARN] ConditionMgr:1039 - genDependencies : Invalid condition id : UX DEVICE CLASS RTOS Condition cause : null
2023-10-25 11:02:24,443 [WARN] ConditionMgr:1039 - genDependencies : Invalid condition id : UX DEVICE CLASS RTOS Condition cause : null
2023-10-25 11:02:24,443 [WARN] ConditionMgr:1039 - genDependencies : Invalid condition id : UX DEVICE CLASS RTOS Condition cause : null
2023-10-25 11:02:24,483 [WARN] PackLoader:240 - Cannot read IP mode file for STMicroelectronics.X-CUBE-SUBG2.5.0.0
2023-10-25 11:02:24,528 [WARN] PackLoader:240 - Cannot read IP mode file for STMicroelectronics.X-CUBE-TOF1.3.3.1
2023-10-25 11:02:24,593 [WARN] PackLoader:240 - Cannot read IP mode file for STMicroelectronics.X-CUBE-AZRTOS-G4.2.0.0
2023-10-25 11:02:24,651 [WARN] PackLoader:240 - Cannot read IP mode file for Infineon.AIROC-Wi-Fi-Bluetooth-STM32.1.5.1
2023-10-25 11:02:24,779 [WARN] PackLoader:240 - Cannot read IP mode file for STMicroelectronics.X-CUBE-MEMS1.10.0.0
2023-10-25 11:02:24,996 [WARN] PackLoader:240 - Cannot read IP mode file for STMicroelectronics.X-CUBE-FREERTOS.1.1.0
2023-10-25 11:02:25,014 [WARN] PackLoader:240 - Cannot read IP mode file for portGmbH.I-Cube-SoM-uGOAL.1.1.0
2023-10-25 11:02:25,030 [WARN] PackLoader:240 - Cannot read IP mode file for STMicroelectronics.X-CUBE-ALS.1.0.1
2023-10-25 11:02:25,047 [WARN] PackLoader:240 - Cannot read IP mode file for STMicroelectronics.FP-ATR-ASTRA1.2.0.0
2023-10-25 11:02:25,049 [INFO] ThirdParty:978 - Integrity check success = true
2023-10-25 11:02:25,049 [INFO] IntegrityCheckThread:100 - exiting critical section [integrity check]
2023-10-25 11:02:25,049 [INFO] IntegrityCheckThread:103 - End integrity checks thread
2023-10-25 11:02:25,591 [INFO] WebApp:753 - Register for checkConnection events
2023-10-25 11:02:25,592 [INFO] WebApp:390 - Apply proxy settings
2023-10-25 11:02:25,592 [INFO] WebApp:475 - Chromium requires no authentication
2023-10-25 11:02:25,608 [INFO] WebApp:418 - Direct internet connection detected
2023-10-25 11:02:25,903 [INFO] WebApp:188 - Starting web application
2023-10-25 11:02:25,904 [INFO] WebApp:520 - Web application path used C:\ST\STM32CubeIDE_1.13.2\STM32CubeIDE\plugins\com.st.stm32cube.common.mx_6.9.2.202309101412\db\plugins\mcufinder\reactClient1\index.html
2023-10-25 11:02:47,231 [ERROR] LogOutputStream:75 - [STDERR_REDIRECT] SLF4J: Failed to load class "org.slf4j.impl.StaticLoggerBinder".
2023-10-25 11:02:47,232 [ERROR] LogOutputStream:75 - [STDERR_REDIRECT] SLF4J: Defaulting to no-operation (NOP) logger implementation
2023-10-25 11:02:47,237 [ERROR] LogOutputStream:75 - [STDERR_REDIRECT] SLF4J: See http://www.slf4j.org/codes.html#StaticLoggerBinder for further details.
2023-10-25 11:54:52,768 [INFO] LogOutputStream:77 - [STDOUT_REDIRECT] StartTraceHandler.execute(), success : Collect=false
2023-10-25 11:55:01,765 [INFO] LogOutputStream:77 - [STDOUT_REDIRECT] StartTraceHandler.execute(), success : Collect=true
2023-10-25 11:55:35,369 [INFO] McuFinderGlobals:63 - Set McuFinder mode to 2 (CubeIDE integrated)
2023-10-25 11:55:35,401 [INFO] MainUpdater:2868 - connection check result : 10
2023-10-25 11:55:36,247 [INFO] ApiDb:581 - Connected to CubeFinder SQLite database (C:\Users\E-AY\.stmcufinder\plugins\mcufinder\mcu\cube-finder-db.db)
2023-10-25 11:55:36,365 [INFO] ApiDb:668 - CubeFinder database Data Model version=2.1
2023-10-25 11:55:36,365 [INFO] ApiDb:669 - CubeFinder database Configuration version=3.0.37
2023-10-25 11:55:36,365 [INFO] ApiDb:670 - CubeFinder database generation date=2023-10-13 (1697197505)
2023-10-25 11:55:36,365 [INFO] ApiDb:671 - CubeFinder database FW Pack versions=[FP-ATR-ASTRA1_V2.0.0, FP-SNS-FLIGHT1_V5.0.1, FP-SNS-FLIGHT1_V5.0.2, FP-SNS-MOTENV1_V4.3.1, FP-SNS-MOTENV1_V4.3.2, FP-SNS-SMARTAG2_V1.2.0, I-CUBE-ITTIADB_V8.6.3-1, STM32Cube_FW_C0_V1.1.0, STM32Cube_FW_F4_V1.27.1, STM32Cube_FW_F7_V1.17.0, STM32Cube_FW_G0_V1.6.1, STM32Cube_FW_G4_V1.5.1, STM32Cube_FW_H5_V0.5.1, STM32Cube_FW_H5_V1.1.1, STM32Cube_FW_H7_V1.11.0, STM32Cube_FW_L0_V1.12.2, STM32Cube_FW_L5_V1.5.0, STM32Cube_FW_U5_V1.3.0, STM32Cube_FW_U5_V1.3.0RC4, STM32Cube_FW_WBA_V1.0.0RC1, STM32Cube_FW_WBA_V1.1.0RC1, STM32Cube_FW_WBA_V1.1.1, STM32Cube_FW_WB_V1.15.0RC1, STM32Cube_FW_WB_V1.16.0, STM32Cube_FW_WB_V1.16.0RC2, STM32Cube_FW_WB_V1.17.3, STM32Cube_FW_WL_V1.3.0, X-CUBE-ALGOBUILD_V1.3.0, X-CUBE-ALS_V1.0.1, X-CUBE-AZRTOS-F4_V1.1.0, X-CUBE-AZRTOS-F7_V1.1.0, X-CUBE-AZRTOS-G0_V1.1.0, X-CUBE-AZRTOS-G4_V2.0.0, X-CUBE-AZRTOS-H7_V3.1.0, X-CUBE-AZRTOS-L4_V1.0.0, X-CUBE-AZRTOS-L4_V2.0.0, X-CUBE-AZRTOS-L5_V1.1.0, X-CUBE-AZRTOS-WB_V2.0.0, X-CUBE-AZRTOS-WL_V2.0.0, X-CUBE-BLE1_V7.0.0, X-CUBE-BLE2_V3.3.0, X-CUBE-BLEMGR_V2.0.0, X-CUBE-EEPRMA1_V4.1.0, X-CUBE-FREERTOS_V1.1.0, X-CUBE-GNSS1_V6.0.0, X-CUBE-MEMS1_V10.0.0, X-CUBE-MEMS1_V9.1.0, X-CUBE-MEMS1_V9.4.0, X-CUBE-MEMS1_V9.6.0, X-CUBE-NFC4_V3.0.0, X-CUBE-NFC7_V1.0.1, X-CUBE-SFXS2LP1_V4.0.0, X-CUBE-SUBG2_V5.0.0, X-CUBE-TOF1_V3.3.1]
2023-10-25 11:55:36,550 [INFO] DbBoardsSqlite:226 - include board P-NUCLEO-WB55-NUCLEO as a kit item of type 'Nucleo-64'
2023-10-25 11:55:36,550 [INFO] DbBoardsSqlite:226 - include board P-NUCLEO-WB55-USBDONGLE as a kit item of type 'Nucleo USB Dongle'
2023-10-25 11:55:36,552 [INFO] DbBoardsSqlite:226 - include board STEVAL-IDP005V1 as a kit item of type 'Evaluation Board'
2023-10-25 11:55:36,552 [INFO] DbBoardsSqlite:226 - include board STEVAL-IDP005V2 as a kit item of type 'Evaluation Board'
2023-10-25 11:55:37,075 [INFO] ApiDb:240 - Found 323 in-development CPN: [B-G473E-ZEST1S, B-WB1M-WPAN1, B-WL5M-SUBG1, NUCLEO-C031C6, NUCLEO-H503RB, NUCLEO-H563ZI, NUCLEO-U545RE-Q, NUCLEO-U5A5ZJ-Q, NUCLEO-WBA52CG, STEVAL-PROTEUS1, STEVAL-SMARTAG2, STEVAL-STWINBX1, STM320518-EVAL, STM32C0116-DK, STM32C011D6Y3TR, STM32C011D6Y6TR, STM32C011F4P3, STM32C011F4P6, STM32C011F4U3, STM32C011F4U6TR, STM32C011F6P3, STM32C011F6P6, STM32C011F6U3, STM32C011F6U6TR, STM32C011J4M3, STM32C011J4M6, STM32C011J6M3, STM32C011J6M6, STM32C0316-DK, STM32C031C4T3, STM32C031C4T6, STM32C031C4U3, STM32C031C4U6, STM32C031C6T3, STM32C031C6T6, STM32C031C6U3, STM32C031C6U6, STM32C031F4P3, STM32C031F4P6, STM32C031F6P3, STM32C031F6P6, STM32C031G4U3, STM32C031G4U6, STM32C031G6U3, STM32C031G6U6, STM32C031K4T3, STM32C031K4T6, STM32C031K4U3, STM32C031K4U6, STM32C031K6T3, STM32C031K6T6, STM32C031K6U3, STM32C031K6U6, STM32G071K8TXN, STM32G071K8UXN, STM32G081GBU6N, STM32G081KBT6N, STM32G081KBUXN, STM32G0B1CCT6N, STM32G0B1KCT6, STM32G0B1NEY6TR, STM32G0B1RCT6N, STM32G0C1CCT6, STM32G0C1CCT6N, STM32G0C1CCU6N, STM32G0C1CET6N, STM32G0C1CEU6N, STM32G0C1KCT6, STM32G0C1NEY6TR, STM32G0C1RCI6N, STM32G0C1RCT6N, STM32G0C1REI6N, STM32G0C1RET6N, STM32G0C1VCI6, STM32G0C1VEI6, STM32G471CCT6, STM32G471CCU6, STM32G471CET3, STM32G471CET6, STM32G471CEU3, STM32G471CEU6, STM32G471MCT6, STM32G471MET3, STM32G471MET6, STM32G471MEY6TR, STM32G471QCT6, STM32G471QET3, STM32G471RCT6, STM32G471RET3, STM32G471RET6, STM32G471VCH6, STM32G471VCI6, STM32G471VCT6, STM32G471VEH3, STM32G471VEH6, STM32G471VEI3, STM32G471VEI6, STM32G471VET3, STM32G471VET6, STM32G474CCT6, STM32H503CBT6, STM32H503CBU6, STM32H503EBY6TR, STM32H503KBU6, STM32H503RBT6, STM32H562AGI6, STM32H562AII6, STM32H562IGK6, STM32H562IGT6, STM32H562IIK6, STM32H562IIT6, STM32H562RGT6, STM32H562RGV6, STM32H562RIT6, STM32H562RIV6, STM32H562VGT6, STM32H562VIT6, STM32H562ZGT6, STM32H562ZIT6, STM32H563AGI6, STM32H563AII3Q, STM32H563AII6, STM32H563IGK6, STM32H563IGT6, STM32H563IIK3Q, STM32H563IIK6, STM32H563IIT3Q, STM32H563IIT6, STM32H563MIY3QTR, STM32H563RGT6, STM32H563RGV6, STM32H563RIT6, STM32H563RIV6, STM32H563VGT6, STM32H563VIT3Q, STM32H563VIT6, STM32H563ZGT6, STM32H563ZIT3Q, STM32H563ZIT6, STM32H573AII3Q, STM32H573AII6, STM32H573I-DK, STM32H573IIK3Q, STM32H573IIK6, STM32H573IIT3Q, STM32H573IIT6, STM32H573MIY3QTR, STM32H573RIT6, STM32H573RIV6, STM32H573VIT3Q, STM32H573VIT6, STM32H573ZIT3Q, STM32H573ZIT6, STM32L4R5QGI6STR, STM32MP131AAE3, STM32MP131AAF3, STM32MP131AAG3, STM32MP131CAE3, STM32MP131CAF3, STM32MP131CAG3, STM32MP131DAE7, STM32MP131DAF7, STM32MP131DAG7, STM32MP131FAE7, STM32MP131FAF7, STM32MP131FAG7, STM32MP133AAE3, STM32MP133AAF3, STM32MP133AAG3, STM32MP133CAE3, STM32MP133CAF3, STM32MP133CAG3, STM32MP133DAE7, STM32MP133DAF7, STM32MP133DAG7, STM32MP133FAE7, STM32MP133FAF7, STM32MP133FAG7, STM32MP135AAE3, STM32MP135AAF3, STM32MP135AAG3, STM32MP135CAE3, STM32MP135CAF3, STM32MP135CAG3, STM32MP135DAE7, STM32MP135DAF7, STM32MP135DAG7, STM32MP135F-DK, STM32MP135FAE7, STM32MP135FAF7, STM32MP135FAF7T, STM32MP135FAF7U, STM32MP135FAG7, STM32U535CBT6, STM32U535CBT6Q, STM32U535CBU6, STM32U535CBU6Q, STM32U535CCT6, STM32U535CCT6Q, STM32U535CCU6, STM32U535CCU6Q, STM32U535CET6, STM32U535CET6Q, STM32U535CEU6, STM32U535CEU6Q, STM32U535JEY6QTR, STM32U535NCY6QTR, STM32U535NEY6QTR, STM32U535RBI6, STM32U535RBI6Q, STM32U535RBT6, STM32U535RBT6Q, STM32U535RCI6, STM32U535RCI6Q, STM32U535RCT6, STM32U535RCT6Q, STM32U535REI6, STM32U535REI6Q, STM32U535RET6, STM32U535RET6Q, STM32U535VCI6, STM32U535VCI6Q, STM32U535VCT6, STM32U535VCT6Q, STM32U535VEI6, STM32U535VEI6Q, STM32U535VET6, STM32U535VET6Q, STM32U545CET6, STM32U545CET6Q, STM32U545CEU6, STM32U545CEU6Q, STM32U545JEY6QTR, STM32U545NEY6QTR, STM32U545REI6, STM32U545REI6Q, STM32U545RET6, STM32U545RET6Q, STM32U545VEI6, STM32U545VEI6Q, STM32U545VET6, STM32U545VET6Q, STM32U595AIH6, STM32U595AIH6Q, STM32U595AJH6, STM32U595AJH6Q, STM32U595QII6, STM32U595QII6Q, STM32U595QJI6, STM32U595QJI6Q, STM32U595RIT6, STM32U595RIT6Q, STM32U595RJT6, STM32U595RJT6Q, STM32U595VIT6, STM32U595VIT6Q, STM32U595VJT6, STM32U595VJT6Q, STM32U595ZIT6, STM32U595ZIT6Q, STM32U595ZIY6QTR, STM32U595ZJT6, STM32U595ZJT6Q, STM32U595ZJY6QTR, STM32U599BJY6QTR, STM32U599NIH6Q, STM32U599NJH6Q, STM32U599VIT6Q, STM32U599VJT6, STM32U599VJT6Q, STM32U599ZIT6Q, STM32U599ZIY6QTR, STM32U599ZJT6Q, STM32U599ZJY6QTR, STM32U5A5AJH6, STM32U5A5AJH6Q, STM32U5A5QJI6, STM32U5A5QJI6Q, STM32U5A5RJT6, STM32U5A5RJT6Q, STM32U5A5VJT6, STM32U5A5VJT6Q, STM32U5A5ZJT6, STM32U5A5ZJT6Q, STM32U5A5ZJY6QTR, STM32U5A9BJY6QTR, STM32U5A9J-DK, STM32U5A9NJH6Q, STM32U5A9VJT6Q, STM32U5A9ZJT6Q, STM32U5A9ZJY6QTR, STM32U5F7VIT6, STM32U5F7VIT6Q, STM32U5F7VJT6, STM32U5F7VJT6Q, STM32U5F9BJY6QTR, STM32U5F9NJH6Q, STM32U5F9VIT6Q, STM32U5F9VJT6Q, STM32U5F9ZIJ6QTR, STM32U5F9ZIT6Q, STM32U5F9ZJJ6QTR, STM32U5F9ZJT6Q, STM32U5G7VJT6, STM32U5G7VJT6Q, STM32U5G9BJY6QTR, STM32U5G9J-DK1, STM32U5G9J-DK2, STM32U5G9NJH6Q, STM32U5G9VJT6Q, STM32U5G9ZJJ6QTR, STM32U5G9ZJT6Q, STM32WB1MMCH6, STM32WBA52CEU6, STM32WBA52CEU6T, STM32WBA52CGU6, STM32WBA52CGU6T, STM32WBA52KEU6, STM32WBA52KEU6T, STM32WBA52KGU6, STM32WBA52KGU6T, STM32WL5MOCH6, STM32WL5MOCH6TR]
2023-10-25 11:55:37,269 [INFO] BoardInfo:880 - No configuration file found for board P-NUCLEO-WB55
2023-10-25 11:55:37,270 [INFO] DbBoards:157 - Kit is not supported: P-NUCLEO-WB55
2023-10-25 11:55:37,277 [INFO] BoardInfo:880 - No configuration file found for board STEVAL-BFA001V1B
2023-10-25 11:55:37,277 [INFO] DbBoards:157 - Kit is not supported: STEVAL-BFA001V1B
2023-10-25 11:55:37,279 [INFO] BoardInfo:880 - No configuration file found for board STEVAL-BFA001V2B
2023-10-25 11:55:37,279 [INFO] DbBoards:157 - Kit is not supported: STEVAL-BFA001V2B
2023-10-25 11:55:37,472 [INFO] DbBoards:161 - Found 190 boards, 187 are supported
2023-10-25 11:55:37,479 [INFO] ApiDb:668 - CubeFinder database Data Model version=2.1
2023-10-25 11:55:37,479 [INFO] ApiDb:669 - CubeFinder database Configuration version=3.0.37
2023-10-25 11:55:37,479 [INFO] ApiDb:670 - CubeFinder database generation date=2023-10-13 (1697197505)
2023-10-25 11:55:37,479 [INFO] ApiDb:671 - CubeFinder database FW Pack versions=[FP-ATR-ASTRA1_V2.0.0, FP-SNS-FLIGHT1_V5.0.1, FP-SNS-FLIGHT1_V5.0.2, FP-SNS-MOTENV1_V4.3.1, FP-SNS-MOTENV1_V4.3.2, FP-SNS-SMARTAG2_V1.2.0, I-CUBE-ITTIADB_V8.6.3-1, STM32Cube_FW_C0_V1.1.0, STM32Cube_FW_F4_V1.27.1, STM32Cube_FW_F7_V1.17.0, STM32Cube_FW_G0_V1.6.1, STM32Cube_FW_G4_V1.5.1, STM32Cube_FW_H5_V0.5.1, STM32Cube_FW_H5_V1.1.1, STM32Cube_FW_H7_V1.11.0, STM32Cube_FW_L0_V1.12.2, STM32Cube_FW_L5_V1.5.0, STM32Cube_FW_U5_V1.3.0, STM32Cube_FW_U5_V1.3.0RC4, STM32Cube_FW_WBA_V1.0.0RC1, STM32Cube_FW_WBA_V1.1.0RC1, STM32Cube_FW_WBA_V1.1.1, STM32Cube_FW_WB_V1.15.0RC1, STM32Cube_FW_WB_V1.16.0, STM32Cube_FW_WB_V1.16.0RC2, STM32Cube_FW_WB_V1.17.3, STM32Cube_FW_WL_V1.3.0, X-CUBE-ALGOBUILD_V1.3.0, X-CUBE-ALS_V1.0.1, X-CUBE-AZRTOS-F4_V1.1.0, X-CUBE-AZRTOS-F7_V1.1.0, X-CUBE-AZRTOS-G0_V1.1.0, X-CUBE-AZRTOS-G4_V2.0.0, X-CUBE-AZRTOS-H7_V3.1.0, X-CUBE-AZRTOS-L4_V1.0.0, X-CUBE-AZRTOS-L4_V2.0.0, X-CUBE-AZRTOS-L5_V1.1.0, X-CUBE-AZRTOS-WB_V2.0.0, X-CUBE-AZRTOS-WL_V2.0.0, X-CUBE-BLE1_V7.0.0, X-CUBE-BLE2_V3.3.0, X-CUBE-BLEMGR_V2.0.0, X-CUBE-EEPRMA1_V4.1.0, X-CUBE-FREERTOS_V1.1.0, X-CUBE-GNSS1_V6.0.0, X-CUBE-MEMS1_V10.0.0, X-CUBE-MEMS1_V9.1.0, X-CUBE-MEMS1_V9.4.0, X-CUBE-MEMS1_V9.6.0, X-CUBE-NFC4_V3.0.0, X-CUBE-NFC7_V1.0.1, X-CUBE-SFXS2LP1_V4.0.0, X-CUBE-SUBG2_V5.0.0, X-CUBE-TOF1_V3.3.1]
2023-10-25 11:55:40,481 [INFO] ApiDb:240 - Found 323 in-development CPN: [B-G473E-ZEST1S, B-WB1M-WPAN1, B-WL5M-SUBG1, NUCLEO-C031C6, NUCLEO-H503RB, NUCLEO-H563ZI, NUCLEO-U545RE-Q, NUCLEO-U5A5ZJ-Q, NUCLEO-WBA52CG, STEVAL-PROTEUS1, STEVAL-SMARTAG2, STEVAL-STWINBX1, STM320518-EVAL, STM32C0116-DK, STM32C011D6Y3TR, STM32C011D6Y6TR, STM32C011F4P3, STM32C011F4P6, STM32C011F4U3, STM32C011F4U6TR, STM32C011F6P3, STM32C011F6P6, STM32C011F6U3, STM32C011F6U6TR, STM32C011J4M3, STM32C011J4M6, STM32C011J6M3, STM32C011J6M6, STM32C0316-DK, STM32C031C4T3, STM32C031C4T6, STM32C031C4U3, STM32C031C4U6, STM32C031C6T3, STM32C031C6T6, STM32C031C6U3, STM32C031C6U6, STM32C031F4P3, STM32C031F4P6, STM32C031F6P3, STM32C031F6P6, STM32C031G4U3, STM32C031G4U6, STM32C031G6U3, STM32C031G6U6, STM32C031K4T3, STM32C031K4T6, STM32C031K4U3, STM32C031K4U6, STM32C031K6T3, STM32C031K6T6, STM32C031K6U3, STM32C031K6U6, STM32G071K8TXN, STM32G071K8UXN, STM32G081GBU6N, STM32G081KBT6N, STM32G081KBUXN, STM32G0B1CCT6N, STM32G0B1KCT6, STM32G0B1NEY6TR, STM32G0B1RCT6N, STM32G0C1CCT6, STM32G0C1CCT6N, STM32G0C1CCU6N, STM32G0C1CET6N, STM32G0C1CEU6N, STM32G0C1KCT6, STM32G0C1NEY6TR, STM32G0C1RCI6N, STM32G0C1RCT6N, STM32G0C1REI6N, STM32G0C1RET6N, STM32G0C1VCI6, STM32G0C1VEI6, STM32G471CCT6, STM32G471CCU6, STM32G471CET3, STM32G471CET6, STM32G471CEU3, STM32G471CEU6, STM32G471MCT6, STM32G471MET3, STM32G471MET6, STM32G471MEY6TR, STM32G471QCT6, STM32G471QET3, STM32G471RCT6, STM32G471RET3, STM32G471RET6, STM32G471VCH6, STM32G471VCI6, STM32G471VCT6, STM32G471VEH3, STM32G471VEH6, STM32G471VEI3, STM32G471VEI6, STM32G471VET3, STM32G471VET6, STM32G474CCT6, STM32H503CBT6, STM32H503CBU6, STM32H503EBY6TR, STM32H503KBU6, STM32H503RBT6, STM32H562AGI6, STM32H562AII6, STM32H562IGK6, STM32H562IGT6, STM32H562IIK6, STM32H562IIT6, STM32H562RGT6, STM32H562RGV6, STM32H562RIT6, STM32H562RIV6, STM32H562VGT6, STM32H562VIT6, STM32H562ZGT6, STM32H562ZIT6, STM32H563AGI6, STM32H563AII3Q, STM32H563AII6, STM32H563IGK6, STM32H563IGT6, STM32H563IIK3Q, STM32H563IIK6, STM32H563IIT3Q, STM32H563IIT6, STM32H563MIY3QTR, STM32H563RGT6, STM32H563RGV6, STM32H563RIT6, STM32H563RIV6, STM32H563VGT6, STM32H563VIT3Q, STM32H563VIT6, STM32H563ZGT6, STM32H563ZIT3Q, STM32H563ZIT6, STM32H573AII3Q, STM32H573AII6, STM32H573I-DK, STM32H573IIK3Q, STM32H573IIK6, STM32H573IIT3Q, STM32H573IIT6, STM32H573MIY3QTR, STM32H573RIT6, STM32H573RIV6, STM32H573VIT3Q, STM32H573VIT6, STM32H573ZIT3Q, STM32H573ZIT6, STM32L4R5QGI6STR, STM32MP131AAE3, STM32MP131AAF3, STM32MP131AAG3, STM32MP131CAE3, STM32MP131CAF3, STM32MP131CAG3, STM32MP131DAE7, STM32MP131DAF7, STM32MP131DAG7, STM32MP131FAE7, STM32MP131FAF7, STM32MP131FAG7, STM32MP133AAE3, STM32MP133AAF3, STM32MP133AAG3, STM32MP133CAE3, STM32MP133CAF3, STM32MP133CAG3, STM32MP133DAE7, STM32MP133DAF7, STM32MP133DAG7, STM32MP133FAE7, STM32MP133FAF7, STM32MP133FAG7, STM32MP135AAE3, STM32MP135AAF3, STM32MP135AAG3, STM32MP135CAE3, STM32MP135CAF3, STM32MP135CAG3, STM32MP135DAE7, STM32MP135DAF7, STM32MP135DAG7, STM32MP135F-DK, STM32MP135FAE7, STM32MP135FAF7, STM32MP135FAF7T, STM32MP135FAF7U, STM32MP135FAG7, STM32U535CBT6, STM32U535CBT6Q, STM32U535CBU6, STM32U535CBU6Q, STM32U535CCT6, STM32U535CCT6Q, STM32U535CCU6, STM32U535CCU6Q, STM32U535CET6, STM32U535CET6Q, STM32U535CEU6, STM32U535CEU6Q, STM32U535JEY6QTR, STM32U535NCY6QTR, STM32U535NEY6QTR, STM32U535RBI6, STM32U535RBI6Q, STM32U535RBT6, STM32U535RBT6Q, STM32U535RCI6, STM32U535RCI6Q, STM32U535RCT6, STM32U535RCT6Q, STM32U535REI6, STM32U535REI6Q, STM32U535RET6, STM32U535RET6Q, STM32U535VCI6, STM32U535VCI6Q, STM32U535VCT6, STM32U535VCT6Q, STM32U535VEI6, STM32U535VEI6Q, STM32U535VET6, STM32U535VET6Q, STM32U545CET6, STM32U545CET6Q, STM32U545CEU6, STM32U545CEU6Q, STM32U545JEY6QTR, STM32U545NEY6QTR, STM32U545REI6, STM32U545REI6Q, STM32U545RET6, STM32U545RET6Q, STM32U545VEI6, STM32U545VEI6Q, STM32U545VET6, STM32U545VET6Q, STM32U595AIH6, STM32U595AIH6Q, STM32U595AJH6, STM32U595AJH6Q, STM32U595QII6, STM32U595QII6Q, STM32U595QJI6, STM32U595QJI6Q, STM32U595RIT6, STM32U595RIT6Q, STM32U595RJT6, STM32U595RJT6Q, STM32U595VIT6, STM32U595VIT6Q, STM32U595VJT6, STM32U595VJT6Q, STM32U595ZIT6, STM32U595ZIT6Q, STM32U595ZIY6QTR, STM32U595ZJT6, STM32U595ZJT6Q, STM32U595ZJY6QTR, STM32U599BJY6QTR, STM32U599NIH6Q, STM32U599NJH6Q, STM32U599VIT6Q, STM32U599VJT6, STM32U599VJT6Q, STM32U599ZIT6Q, STM32U599ZIY6QTR, STM32U599ZJT6Q, STM32U599ZJY6QTR, STM32U5A5AJH6, STM32U5A5AJH6Q, STM32U5A5QJI6, STM32U5A5QJI6Q, STM32U5A5RJT6, STM32U5A5RJT6Q, STM32U5A5VJT6, STM32U5A5VJT6Q, STM32U5A5ZJT6, STM32U5A5ZJT6Q, STM32U5A5ZJY6QTR, STM32U5A9BJY6QTR, STM32U5A9J-DK, STM32U5A9NJH6Q, STM32U5A9VJT6Q, STM32U5A9ZJT6Q, STM32U5A9ZJY6QTR, STM32U5F7VIT6, STM32U5F7VIT6Q, STM32U5F7VJT6, STM32U5F7VJT6Q, STM32U5F9BJY6QTR, STM32U5F9NJH6Q, STM32U5F9VIT6Q, STM32U5F9VJT6Q, STM32U5F9ZIJ6QTR, STM32U5F9ZIT6Q, STM32U5F9ZJJ6QTR, STM32U5F9ZJT6Q, STM32U5G7VJT6, STM32U5G7VJT6Q, STM32U5G9BJY6QTR, STM32U5G9J-DK1, STM32U5G9J-DK2, STM32U5G9NJH6Q, STM32U5G9VJT6Q, STM32U5G9ZJJ6QTR, STM32U5G9ZJT6Q, STM32WB1MMCH6, STM32WBA52CEU6, STM32WBA52CEU6T, STM32WBA52CGU6, STM32WBA52CGU6T, STM32WBA52KEU6, STM32WBA52KEU6T, STM32WBA52KGU6, STM32WBA52KGU6T, STM32WL5MOCH6, STM32WL5MOCH6TR]
2023-10-25 11:55:40,485 [INFO] DbMcus:217 - Found 3848 MCUs, 3848 are supported
2023-10-25 11:55:40,485 [INFO] ApiDb:423 - Load user favorites file C:\Users\E-AY/.stm32cubeide/favorites.mcus.txt: 0 item(s)
2023-10-25 11:55:40,486 [INFO] ApiDb:427 - User favorites MCUs=[]
2023-10-25 11:55:40,486 [INFO] DbMcus:223 - Set 0 / 0 favorites MCUs
2023-10-25 11:55:40,817 [INFO] ApiDb:423 - Load user favorites file C:\Users\E-AY/.stm32cubeide/favorites.boards.txt: 1 item(s)
2023-10-25 11:55:40,817 [INFO] ApiDb:427 - User favorites Boards=[STM32F407G-DISC1]
2023-10-25 11:55:40,817 [INFO] DbBoards:190 - Set 1 / 1 favorites Boards
2023-10-25 11:55:40,818 [INFO] McuFinderGlobals:76 - Set McuFinderConnectedMode to true
2023-10-25 11:55:40,826 [INFO] MultiScanPanel:200 - Auto-refresh data requested => check proxy status ongoing
2023-10-25 11:55:40,831 [INFO] FinderPluginLoader:95 - Searching for filters in installed packs
2023-10-25 11:55:42,642 [INFO] LoadUrlFilesThread:185 - End of LoadServerUrlFiles without Thread
2023-10-25 11:55:42,698 [INFO] DetailPanel:341 - Set advertising image to C:/Users/E-AY/STM32Cube/Repository/\en.prom-stm32h5-mcu-finder.jpg
2023-10-25 11:55:56,506 [INFO] McuFinderGlobals:76 - Set McuFinderConnectedMode to true
2023-10-25 11:55:56,918 [INFO] ApiDb:448 - Save user favorites file C:\Users\E-AY/.stm32cubeide/favorites.mcus.txt: 0 item(s)
2023-10-25 11:55:56,918 [INFO] ApiDb:452 - User favorites MCUs=[]
2023-10-25 11:57:03,169 [INFO] LogOutputStream:77 - [STDOUT_REDIRECT] StartTraceHandler.execute(), success : Collect=false
2023-10-25 11:57:53,577 [INFO] LogOutputStream:77 - [STDOUT_REDIRECT] StartTraceHandler.execute(), success : Collect=true
2023-10-25 11:59:31,776 [INFO] MainUpdater:2868 - connection check result : 10
2023-10-25 11:59:31,963 [INFO] McuFinderGlobals:76 - Set McuFinderConnectedMode to true
2023-10-25 11:59:31,966 [INFO] MultiScanPanel:200 - Auto-refresh data requested => check proxy status ongoing
2023-10-25 11:59:31,967 [INFO] FinderPluginLoader:95 - Searching for filters in installed packs
2023-10-25 11:59:33,214 [INFO] LoadUrlFilesThread:185 - End of LoadServerUrlFiles without Thread
2023-10-25 11:59:33,214 [INFO] DetailPanel:341 - Set advertising image to C:/Users/E-AY/STM32Cube/Repository/\en.prom-stm32h5-mcu-finder.jpg
2023-10-25 11:59:44,221 [INFO] MultiScanPanel:200 - Auto-refresh data requested => check proxy status ongoing
2023-10-25 11:59:44,396 [INFO] LoadUrlFilesThread:185 - End of LoadServerUrlFiles without Thread
2023-10-25 11:59:44,396 [INFO] DetailPanel:341 - Set advertising image to C:/Users/E-AY/STM32Cube/Repository/\en.prom-stm32h5-mcu-finder.jpg
2023-10-25 11:59:44,411 [INFO] DbBoards:634 - Loading board mini-images...
2023-10-25 11:59:47,783 [INFO] DbBoards:657 - Loaded 190 board mini-images
2023-10-25 12:00:19,361 [INFO] McuFinderGlobals:76 - Set McuFinderConnectedMode to true
2023-10-25 12:00:19,364 [INFO] ApiDb:448 - Save user favorites file C:\Users\E-AY/.stm32cubeide/favorites.mcus.txt: 0 item(s)
2023-10-25 12:00:19,364 [INFO] ApiDb:452 - User favorites MCUs=[]
2023-10-25 12:00:19,365 [INFO] ApiDb:448 - Save user favorites file C:\Users\E-AY/.stm32cubeide/favorites.boards.txt: 1 item(s)
2023-10-25 12:00:19,366 [INFO] ApiDb:452 - User favorites Boards=[STM32F407G-DISC1]
2023-10-25 12:05:31,074 [INFO] LogOutputStream:77 - [STDOUT_REDIRECT] StartTraceHandler.execute(), success : Collect=false
2023-10-25 12:05:32,011 [INFO] LogOutputStream:77 - [STDOUT_REDIRECT] StartTraceHandler.execute(), success : Collect=true
2023-10-25 12:05:58,183 [INFO] McuFinderGlobals:63 - Set McuFinder mode to 2 (CubeIDE integrated)
2023-10-25 12:05:58,183 [INFO] UserAuth:179 - activating auth plugin
2023-10-25 12:05:58,187 [INFO] UserAuth:393 - Internet connection configuration mode: 1
2023-10-25 12:06:33,653 [ERROR] LogOutputStream:75 - [STDERR_REDIRECT] Exception in thread "SWV client thread" java.lang.NullPointerException: Cannot invoke "com.st.stm32cube.ide.mcu.debug.swv.core.SWVPlugin.isDebugging()" because "com.st.stm32cube.ide.mcu.debug.swv.core.SWVPlugin.plugin" is null
2023-10-25 12:06:33,658 [ERROR] LogOutputStream:75 - [STDERR_REDIRECT] 	at com.st.stm32cube.ide.mcu.debug.swv.core.SWVPlugin.debugTrace(SWVPlugin.java:85)
2023-10-25 12:06:33,663 [ERROR] LogOutputStream:75 - [STDERR_REDIRECT] 	at com.st.stm32cube.ide.mcu.debug.swv.core.SWVClient.TRACE(SWVClient.java:768)
2023-10-25 12:06:33,666 [ERROR] LogOutputStream:75 - [STDERR_REDIRECT] 	at com.st.stm32cube.ide.mcu.debug.swv.core.SWVClient.readByte(SWVClient.java:296)
2023-10-25 12:06:33,670 [ERROR] LogOutputStream:75 - [STDERR_REDIRECT] 	at com.st.stm32cube.ide.mcu.debug.swv.core.SWVClient.getNextByte(SWVClient.java:277)
2023-10-25 12:06:33,673 [ERROR] LogOutputStream:75 - [STDERR_REDIRECT] 	at com.st.stm32cube.ide.mcu.debug.swv.core.SWVClient.run(SWVClient.java:313)
2023-10-25 12:06:39,083 [ERROR] LogOutputStream:75 - [STDERR_REDIRECT] 
2023-10-25 12:09:43,590 [INFO] Activator:176 - 


2023-10-25 12:09:43,593 [INFO] Activator:177 - !SESSION log4j initialized
2023-10-25 12:09:46,917 [INFO] LogOutputStream:77 - [STDOUT_REDIRECT] 
2023-10-25 12:09:50,669 [INFO] ApplicationProperties:184 - Using Application install path: C:\ST\STM32CubeIDE_1.13.2\STM32CubeIDE\plugins\com.st.stm32cube.common.mx_6.9.2.202309101412
2023-10-25 12:09:50,692 [INFO] DbMcusXml:78 - Set database path to: C:\ST\STM32CubeIDE_1.13.2\STM32CubeIDE\plugins\com.st.stm32cube.common.mx_6.9.2.202309101412\\db\/mcu/
2023-10-25 12:09:50,692 [INFO] ApiDb:274 - Set plugin database path to: C:\ST\STM32CubeIDE_1.13.2\STM32CubeIDE\plugins\com.st.stm32cube.common.mx_6.9.2.202309101412\\db\/plugins/boardmanager/
2023-10-25 12:09:50,693 [WARN] ApiDb:259 - Overriding images path with different value:  => C:\ST\STM32CubeIDE_1.13.2\STM32CubeIDE\plugins\com.st.stm32cube.common.mx_6.9.2.202309101412\\db\/plugins/mcufinder/images/
2023-10-25 12:09:50,704 [INFO] ApiDb:250 - Set database path to: C:\Users\E-AY\.stmcufinder\plugins\mcufinder//mcu/
2023-10-25 12:09:50,705 [INFO] DbMcusAds:125 - Set database path to: C:\Users\E-AY\.stmcufinder\plugins\mcufinder//mcu/
2023-10-25 12:09:50,708 [INFO] CrossReferenceDbSqlite:203 - Set database path to: C:\Users\E-AY\.stmcufinder\plugins\mcufinder//mcu/cs/
2023-10-25 12:09:50,853 [INFO] RulesReader:64 - Compatibility file has been processed (293 Rules)
2023-10-25 12:09:50,962 [INFO] DbMcusXml:78 - Set database path to: C:\ST\STM32CubeIDE_1.13.2\STM32CubeIDE\plugins\com.st.stm32cube.common.mx_6.9.2.202309101412\\db\/mcu/
2023-10-25 12:09:50,962 [INFO] ApiDb:274 - Set plugin database path to: C:\ST\STM32CubeIDE_1.13.2\STM32CubeIDE\plugins\com.st.stm32cube.common.mx_6.9.2.202309101412\\db\/plugins/boardmanager/
2023-10-25 12:09:50,962 [INFO] ApiDb:261 - Set plugin images path to: C:\ST\STM32CubeIDE_1.13.2\STM32CubeIDE\plugins\com.st.stm32cube.common.mx_6.9.2.202309101412\\db\/plugins/mcufinder/images/
2023-10-25 12:09:50,962 [WARN] DbFile:41 - Overriding database path with different value: C:\Users\E-AY\.stmcufinder\plugins\mcufinder/ => C:\Users\E-AY\.stmcufinder\plugins\mcufinder
2023-10-25 12:09:50,963 [INFO] ApiDb:250 - Set database path to: C:\Users\E-AY\.stmcufinder\plugins\mcufinder//mcu/
2023-10-25 12:09:50,963 [WARN] DbFile:41 - Overriding database path with different value: C:\Users\E-AY\.stmcufinder\plugins\mcufinder/ => C:\Users\E-AY\.stmcufinder\plugins\mcufinder
2023-10-25 12:09:50,963 [INFO] DbMcusAds:125 - Set database path to: C:\Users\E-AY\.stmcufinder\plugins\mcufinder//mcu/
2023-10-25 12:09:50,963 [WARN] DbFile:41 - Overriding database path with different value: C:\Users\E-AY\.stmcufinder\plugins\mcufinder/ => C:\Users\E-AY\.stmcufinder\plugins\mcufinder
2023-10-25 12:09:50,963 [WARN] DbFile:41 - Overriding database path with different value: C:\Users\E-AY\.stmcufinder\plugins\mcufinder/ => C:\Users\E-AY\.stmcufinder\plugins\mcufinder
2023-10-25 12:09:50,963 [INFO] CrossReferenceDbSqlite:203 - Set database path to: C:\Users\E-AY\.stmcufinder\plugins\mcufinder//mcu/cs/
2023-10-25 12:09:51,109 [INFO] MainPanel:262 - HeapMemory: 268435456
2023-10-25 12:09:51,217 [INFO] DbMcusXml:78 - Set database path to: C:\ST\STM32CubeIDE_1.13.2\STM32CubeIDE\plugins\com.st.stm32cube.common.mx_6.9.2.202309101412\\db\/mcu/
2023-10-25 12:09:51,217 [INFO] ApiDb:274 - Set plugin database path to: C:\ST\STM32CubeIDE_1.13.2\STM32CubeIDE\plugins\com.st.stm32cube.common.mx_6.9.2.202309101412\\db\/plugins/boardmanager/
2023-10-25 12:09:51,218 [INFO] ApiDb:261 - Set plugin images path to: C:\ST\STM32CubeIDE_1.13.2\STM32CubeIDE\plugins\com.st.stm32cube.common.mx_6.9.2.202309101412\\db\/plugins/mcufinder/images/
2023-10-25 12:09:51,218 [WARN] DbFile:41 - Overriding database path with different value: C:\Users\E-AY\.stmcufinder\plugins\mcufinder/ => C:\Users\E-AY\.stmcufinder\plugins\mcufinder
2023-10-25 12:09:51,218 [INFO] ApiDb:250 - Set database path to: C:\Users\E-AY\.stmcufinder\plugins\mcufinder//mcu/
2023-10-25 12:09:51,219 [WARN] DbFile:41 - Overriding database path with different value: C:\Users\E-AY\.stmcufinder\plugins\mcufinder/ => C:\Users\E-AY\.stmcufinder\plugins\mcufinder
2023-10-25 12:09:51,219 [INFO] DbMcusAds:125 - Set database path to: C:\Users\E-AY\.stmcufinder\plugins\mcufinder//mcu/
2023-10-25 12:09:51,219 [WARN] DbFile:41 - Overriding database path with different value: C:\Users\E-AY\.stmcufinder\plugins\mcufinder/ => C:\Users\E-AY\.stmcufinder\plugins\mcufinder
2023-10-25 12:09:51,219 [WARN] DbFile:41 - Overriding database path with different value: C:\Users\E-AY\.stmcufinder\plugins\mcufinder/ => C:\Users\E-AY\.stmcufinder\plugins\mcufinder
2023-10-25 12:09:51,219 [INFO] CrossReferenceDbSqlite:203 - Set database path to: C:\Users\E-AY\.stmcufinder\plugins\mcufinder//mcu/cs/
2023-10-25 12:09:51,240 [INFO] ApplicationProperties:184 - Using Application install path: C:\ST\STM32CubeIDE_1.13.2\STM32CubeIDE\plugins\com.st.stm32cube.common.mx_6.9.2.202309101412
2023-10-25 12:09:51,242 [INFO] PluginManage:196 - Search for loadable plugins [exclusion list=, ]
2023-10-25 12:09:51,244 [INFO] PluginManage:310 - Check plugin analytics
2023-10-25 12:09:51,505 [INFO] AnalyticsPlugin:253 - Accepted Software Licenses: 
2023-10-25 12:09:51,505 [INFO] AnalyticsPlugin:255 - Accepted CMSIS Pack Licenses: 
2023-10-25 12:09:51,506 [INFO] AnalyticsPlugin:257 - Accepted Firmware Licenses: 
2023-10-25 12:09:51,510 [INFO] PluginManage:359 - Loaded plugin analytics (category:tool,tabindex:-1)
2023-10-25 12:09:51,510 [INFO] PluginManage:310 - Check plugin cadmodel
2023-10-25 12:09:51,518 [INFO] CADModel:105 - Init CAD model plugin
2023-10-25 12:09:51,518 [INFO] PluginManage:359 - Loaded plugin cadmodel (category:power,tabindex:5)
2023-10-25 12:09:51,518 [INFO] PluginManage:310 - Check plugin clock
2023-10-25 12:09:51,529 [INFO] PluginManage:359 - Loaded plugin clock (category:base,tabindex:2)
2023-10-25 12:09:51,529 [INFO] PluginManage:310 - Check plugin ddr
2023-10-25 12:09:51,533 [INFO] PluginManage:359 - Loaded plugin ddr (category:tool,tabindex:6)
2023-10-25 12:09:51,533 [INFO] PluginManage:310 - Check plugin filemanager
2023-10-25 12:09:51,761 [INFO] PluginManage:359 - Loaded plugin filemanager (category:base,tabindex:10)
2023-10-25 12:09:51,761 [INFO] PluginManage:310 - Check plugin ipmanager
2023-10-25 12:09:51,772 [INFO] PluginManage:359 - Loaded plugin ipmanager (category:base,tabindex:5)
2023-10-25 12:09:51,772 [INFO] PluginManage:310 - Check plugin lpbam
2023-10-25 12:09:51,781 [INFO] PluginManage:359 - Loaded plugin lpbam (category:base,tabindex:0)
2023-10-25 12:09:51,782 [INFO] PluginManage:310 - Check plugin memorymap
2023-10-25 12:09:51,799 [INFO] PluginManage:359 - Loaded plugin memorymap (category:base,tabindex:4)
2023-10-25 12:09:51,799 [INFO] PluginManage:310 - Check plugin pinoutandconfiguration
2023-10-25 12:09:51,807 [INFO] PluginManage:359 - Loaded plugin pinoutandconfiguration (category:base,tabindex:1)
2023-10-25 12:09:51,807 [INFO] PluginManage:310 - Check plugin pinoutconfig
2023-10-25 12:09:51,928 [WARN] SupportedApi:132 - Cannot load RTOS API schema: s4s-elt-must-match.1: The content of 'definitions' must match (annotation?, (simpleType | complexType)?, (unique | key | keyref)*)). A problem was found starting at: attribute.
2023-10-25 12:09:52,126 [INFO] PluginManage:359 - Loaded plugin pinoutconfig (category:base,tabindex:0)
2023-10-25 12:09:52,127 [INFO] PluginManage:310 - Check plugin power
2023-10-25 12:09:52,138 [INFO] PluginManage:359 - Loaded plugin power (category:power,tabindex:4)
2023-10-25 12:09:52,138 [INFO] PluginManage:310 - Check plugin projectmanager
2023-10-25 12:09:52,158 [INFO] PluginManage:359 - Loaded plugin projectmanager (category:projectmanager,tabindex:3)
2023-10-25 12:09:52,158 [INFO] PluginManage:310 - Check plugin thirdparty
2023-10-25 12:09:52,325 [WARN] IntegrityCheckThread:84 - waiting for thirdparty lock release [integrity check]
2023-10-25 12:09:52,325 [INFO] PluginManage:359 - Loaded plugin thirdparty (category:base,tabindex:-1)
2023-10-25 12:09:52,325 [INFO] IntegrityCheckThread:86 - entering critical section [integrity check]
2023-10-25 12:09:52,326 [INFO] PluginManage:310 - Check plugin tools
2023-10-25 12:09:52,326 [INFO] ThirdPartyUpdaterWithRetryManager:70 - Updater plugin not ready yet. [1/15]
2023-10-25 12:09:52,330 [INFO] PluginManage:359 - Loaded plugin tools (category:base,tabindex:7)
2023-10-25 12:09:52,330 [INFO] PluginManage:310 - Check plugin tutovideos
2023-10-25 12:09:52,561 [INFO] PluginManage:359 - Loaded plugin tutovideos (category:base,tabindex:-1)
2023-10-25 12:09:52,561 [INFO] PluginManage:310 - Check plugin updater
2023-10-25 12:09:52,572 [INFO] PluginManage:359 - Loaded plugin updater (category:base,tabindex:12)
2023-10-25 12:09:52,572 [INFO] PluginManage:310 - Check plugin userauth
2023-10-25 12:09:52,579 [INFO] UserAuth:113 - Init User Auth plugin
2023-10-25 12:09:52,579 [INFO] PluginManage:359 - Loaded plugin userauth (category:base,tabindex:14)
2023-10-25 12:09:52,580 [INFO] PluginManage:283 - PluginManage : Loaded plugins [17]
2023-10-25 12:09:52,845 [INFO] PinOutPanel:1499 - setPackage(No Configuration,No Configuration)
2023-10-25 12:09:52,973 [INFO] CADModel:165 - CPN selected for project level
2023-10-25 12:09:52,973 [INFO] CADModel:114 - Register for checkConnection events
2023-10-25 12:09:52,992 [INFO] IPUIPlugin:80 - create IPUIPlugin
2023-10-25 12:09:52,992 [INFO] PluginManager:220 - loadIPPluginJar : add adc
2023-10-25 12:09:52,995 [INFO] IPUIPlugin:80 - create IPUIPlugin
2023-10-25 12:09:52,995 [INFO] PluginManager:220 - loadIPPluginJar : add aes
2023-10-25 12:09:52,998 [INFO] IPUIPlugin:80 - create IPUIPlugin
2023-10-25 12:09:52,998 [INFO] PluginManager:220 - loadIPPluginJar : add can
2023-10-25 12:09:53,001 [INFO] IPUIPlugin:80 - create IPUIPlugin
2023-10-25 12:09:53,001 [INFO] PluginManager:220 - loadIPPluginJar : add comp
2023-10-25 12:09:53,005 [INFO] IPUIPlugin:80 - create IPUIPlugin
2023-10-25 12:09:53,005 [INFO] PluginManager:220 - loadIPPluginJar : add cryp
2023-10-25 12:09:53,009 [INFO] IPUIPlugin:80 - create IPUIPlugin
2023-10-25 12:09:53,009 [INFO] PluginManager:220 - loadIPPluginJar : add dfsdm
2023-10-25 12:09:53,014 [INFO] IPUIPlugin:80 - create IPUIPlugin
2023-10-25 12:09:53,015 [INFO] PluginManager:220 - loadIPPluginJar : add dma
2023-10-25 12:09:53,018 [INFO] IPUIPlugin:80 - create IPUIPlugin
2023-10-25 12:09:53,018 [INFO] PluginManager:220 - loadIPPluginJar : add dma3
2023-10-25 12:09:53,020 [INFO] IPUIPlugin:80 - create IPUIPlugin
2023-10-25 12:09:53,020 [INFO] PluginManager:220 - loadIPPluginJar : add fatfs
2023-10-25 12:09:53,024 [INFO] IPUIPlugin:80 - create IPUIPlugin
2023-10-25 12:09:53,024 [INFO] PluginManager:220 - loadIPPluginJar : add fmc
2023-10-25 12:09:53,031 [INFO] IPUIPlugin:80 - create IPUIPlugin
2023-10-25 12:09:53,031 [INFO] PluginManager:220 - loadIPPluginJar : add freertos
2023-10-25 12:09:53,033 [INFO] IPUIPlugin:80 - create IPUIPlugin
2023-10-25 12:09:53,033 [INFO] PluginManager:220 - loadIPPluginJar : add genericplugin
2023-10-25 12:09:53,035 [INFO] IPUIPlugin:80 - create IPUIPlugin
2023-10-25 12:09:53,036 [INFO] PluginManager:220 - loadIPPluginJar : add gfxmmu
2023-10-25 12:09:53,040 [INFO] IPUIPlugin:80 - create IPUIPlugin
2023-10-25 12:09:53,041 [INFO] PluginManager:220 - loadIPPluginJar : add gic
2023-10-25 12:09:53,045 [INFO] IPUIPlugin:80 - create IPUIPlugin
2023-10-25 12:09:53,045 [INFO] PluginManager:220 - loadIPPluginJar : add gpio
2023-10-25 12:09:53,048 [INFO] IPUIPlugin:80 - create IPUIPlugin
2023-10-25 12:09:53,048 [INFO] PluginManager:220 - loadIPPluginJar : add gtzc
2023-10-25 12:09:53,051 [INFO] IPUIPlugin:80 - create IPUIPlugin
2023-10-25 12:09:53,051 [INFO] PluginManager:220 - loadIPPluginJar : add hash
2023-10-25 12:09:53,054 [INFO] IPUIPlugin:80 - create IPUIPlugin
2023-10-25 12:09:53,054 [INFO] PluginManager:220 - loadIPPluginJar : add i2c
2023-10-25 12:09:53,058 [INFO] IPUIPlugin:80 - create IPUIPlugin
2023-10-25 12:09:53,058 [INFO] PluginManager:220 - loadIPPluginJar : add i2s
2023-10-25 12:09:53,062 [INFO] IPUIPlugin:80 - create IPUIPlugin
2023-10-25 12:09:53,062 [INFO] PluginManager:220 - loadIPPluginJar : add i3c
2023-10-25 12:09:53,067 [INFO] IPUIPlugin:80 - create IPUIPlugin
2023-10-25 12:09:53,067 [INFO] PluginManager:220 - loadIPPluginJar : add ipddr
2023-10-25 12:09:53,074 [INFO] IPUIPlugin:80 - create IPUIPlugin
2023-10-25 12:09:53,074 [INFO] PluginManager:220 - loadIPPluginJar : add linkedlist
2023-10-25 12:09:53,078 [INFO] IPUIPlugin:80 - create IPUIPlugin
2023-10-25 12:09:53,078 [INFO] PluginManager:220 - loadIPPluginJar : add lorawan
2023-10-25 12:09:53,081 [INFO] IPUIPlugin:80 - create IPUIPlugin
2023-10-25 12:09:53,081 [INFO] PluginManager:220 - loadIPPluginJar : add ltdc
2023-10-25 12:09:53,087 [INFO] IPUIPlugin:80 - create IPUIPlugin
2023-10-25 12:09:53,087 [INFO] PluginManager:220 - loadIPPluginJar : add mdma
2023-10-25 12:09:53,092 [INFO] IPUIPlugin:80 - create IPUIPlugin
2023-10-25 12:09:53,092 [INFO] PluginManager:220 - loadIPPluginJar : add nvic
2023-10-25 12:09:53,095 [INFO] IPUIPlugin:80 - create IPUIPlugin
2023-10-25 12:09:53,095 [INFO] PluginManager:220 - loadIPPluginJar : add opamp
2023-10-25 12:09:53,099 [INFO] IPUIPlugin:80 - create IPUIPlugin
2023-10-25 12:09:53,099 [INFO] PluginManager:220 - loadIPPluginJar : add openamp
2023-10-25 12:09:53,109 [INFO] IPUIPlugin:80 - create IPUIPlugin
2023-10-25 12:09:53,109 [INFO] PluginManager:220 - loadIPPluginJar : add pdm2pcm
2023-10-25 12:09:53,115 [INFO] IPUIPlugin:80 - create IPUIPlugin
2023-10-25 12:09:53,119 [INFO] PluginManager:220 - loadIPPluginJar : add plateformsettings
2023-10-25 12:09:53,121 [INFO] IPUIPlugin:80 - create IPUIPlugin
2023-10-25 12:09:53,121 [INFO] PluginManager:220 - loadIPPluginJar : add quadspi
2023-10-25 12:09:53,125 [INFO] IPUIPlugin:80 - create IPUIPlugin
2023-10-25 12:09:53,126 [INFO] PluginManager:220 - loadIPPluginJar : add resmgrutility
2023-10-25 12:09:53,128 [INFO] IPUIPlugin:80 - create IPUIPlugin
2023-10-25 12:09:53,128 [INFO] PluginManager:220 - loadIPPluginJar : add sai
2023-10-25 12:09:53,132 [INFO] IPUIPlugin:80 - create IPUIPlugin
2023-10-25 12:09:53,132 [INFO] PluginManager:220 - loadIPPluginJar : add spi
2023-10-25 12:09:53,137 [INFO] IPUIPlugin:80 - create IPUIPlugin
2023-10-25 12:09:53,137 [INFO] PluginManager:220 - loadIPPluginJar : add stm32_wpan
2023-10-25 12:09:53,139 [INFO] IPUIPlugin:80 - create IPUIPlugin
2023-10-25 12:09:53,139 [INFO] PluginManager:220 - loadIPPluginJar : add tim
2023-10-25 12:09:53,143 [INFO] IPUIPlugin:80 - create IPUIPlugin
2023-10-25 12:09:53,143 [INFO] PluginManager:220 - loadIPPluginJar : add touchsensing
2023-10-25 12:09:53,147 [INFO] IPUIPlugin:80 - create IPUIPlugin
2023-10-25 12:09:53,147 [INFO] PluginManager:220 - loadIPPluginJar : add tracer_emb
2023-10-25 12:09:53,149 [INFO] IPUIPlugin:80 - create IPUIPlugin
2023-10-25 12:09:53,149 [INFO] PluginManager:220 - loadIPPluginJar : add ts
2023-10-25 12:09:53,152 [INFO] IPUIPlugin:80 - create IPUIPlugin
2023-10-25 12:09:53,152 [INFO] PluginManager:220 - loadIPPluginJar : add tsc
2023-10-25 12:09:53,154 [INFO] IPUIPlugin:80 - create IPUIPlugin
2023-10-25 12:09:53,155 [INFO] PluginManager:220 - loadIPPluginJar : add ucpd
2023-10-25 12:09:53,158 [INFO] IPUIPlugin:80 - create IPUIPlugin
2023-10-25 12:09:53,158 [INFO] PluginManager:220 - loadIPPluginJar : add usart
2023-10-25 12:09:53,161 [INFO] IPUIPlugin:80 - create IPUIPlugin
2023-10-25 12:09:53,162 [INFO] PluginManager:220 - loadIPPluginJar : add usbx
2023-10-25 12:09:53,301 [INFO] CADModel:165 - CPN selected for project level
2023-10-25 12:09:53,301 [INFO] CADModel:114 - Register for checkConnection events
2023-10-25 12:09:53,301 [FATAL] Updater:308 - Updater called before beeing initialized
2023-10-25 12:09:53,301 [ERROR] CADModel:125 - Updater not yet initialized, retry later 
2023-10-25 12:09:53,481 [INFO] CADModel:165 - CPN selected for project level
2023-10-25 12:09:53,481 [INFO] CADModel:114 - Register for checkConnection events
2023-10-25 12:09:53,481 [FATAL] Updater:308 - Updater called before beeing initialized
2023-10-25 12:09:53,481 [ERROR] CADModel:125 - Updater not yet initialized, retry later 
2023-10-25 12:09:53,485 [FATAL] Updater:308 - Updater called before beeing initialized
2023-10-25 12:09:53,619 [FATAL] Updater:308 - Updater called before beeing initialized
2023-10-25 12:09:53,627 [INFO] DbMcusAds:53 - JSON generation date=Tue Mar 07 11:50:55 TRT 2023 (1678179055114)
2023-10-25 12:09:53,627 [FATAL] Updater:308 - Updater called before beeing initialized
2023-10-25 12:09:53,680 [WARN] DetailPanel:346 - Failed to get advertising image, set to default
2023-10-25 12:09:53,812 [FATAL] Updater:308 - Updater called before beeing initialized
2023-10-25 12:09:53,814 [FATAL] Updater:308 - Updater called before beeing initialized
2023-10-25 12:09:53,814 [FATAL] Updater:308 - Updater called before beeing initialized
2023-10-25 12:09:53,814 [WARN] DetailPanel:346 - Failed to get advertising image, set to default
2023-10-25 12:09:53,815 [FATAL] Updater:308 - Updater called before beeing initialized
2023-10-25 12:09:53,872 [ERROR] Updater:1120 - MainUpdater not yet initialized. External WinMGr cannot be set.
2023-10-25 12:09:53,875 [INFO] Updater:1056 - Updater Version found : 6.9.2
2023-10-25 12:09:53,892 [INFO] ApplicationProperties:184 - Using Application install path: C:\ST\STM32CubeIDE_1.13.2\STM32CubeIDE\plugins\com.st.stm32cube.common.mx_6.9.2.202309101412
2023-10-25 12:09:54,028 [INFO] MainUpdater:2868 - connection check result : 10
2023-10-25 12:09:54,030 [INFO] MainUpdater:285 - Updater Check For Update Now.
2023-10-25 12:09:54,030 [INFO] MicroXplorer:498 - Change Database Version : DB.6.0.92
2023-10-25 12:09:54,051 [INFO] McuFinderGlobals:63 - Set McuFinder mode to 2 (CubeIDE integrated)
2023-10-25 12:09:54,051 [INFO] UserAuth:179 - activating auth plugin
2023-10-25 12:09:54,054 [INFO] UserAuth:393 - Internet connection configuration mode: 1
2023-10-25 12:09:54,080 [INFO] JxBrowserEngine:151 - Initiate JxBrowser Engine with user profile folder
2023-10-25 12:09:54,243 [INFO] CheckServerUpdateThread:120 - End of CheckServer Thread
2023-10-25 12:09:54,979 [INFO] WebApp:157 - Instantiating new browser for Auth
2023-10-25 12:09:55,597 [WARN] PackLoader:240 - Cannot read IP mode file for STMicroelectronics.X-CUBE-SMBUS.2.1.0
2023-10-25 12:09:55,685 [WARN] PackLoader:240 - Cannot read IP mode file for STMicroelectronics.X-CUBE-AZRTOS-F7.1.1.0
2023-10-25 12:09:55,707 [WARN] PackLoader:240 - Cannot read IP mode file for STMicroelectronics.FP-SNS-MOTENV1.4.3.2
2023-10-25 12:09:55,720 [WARN] PackLoader:240 - Cannot read IP mode file for STMicroelectronics.FP-SNS-FLIGHT1.5.0.2
2023-10-25 12:09:55,736 [WARN] PackLoader:240 - Cannot read IP mode file for STMicroelectronics.X-CUBE-DISPLAY.3.0.0
2023-10-25 12:09:55,761 [WARN] PackLoader:240 - Cannot read IP mode file for STMicroelectronics.X-CUBE-BLE1.7.0.0
2023-10-25 12:09:55,772 [WARN] PackLoader:240 - Cannot read IP mode file for emotas.I-CUBE-CANOPEN.1.3.0
2023-10-25 12:09:55,793 [INFO] LogOutputStream:77 - [STDOUT_REDIRECT] 1 : Invalid condition id : UX_CORESTACK_Condition cause : null
2023-10-25 12:09:55,794 [INFO] LogOutputStream:77 - [STDOUT_REDIRECT] 1 : Invalid condition id : UX_CORESTACK_Condition cause : null
2023-10-25 12:09:55,796 [INFO] LogOutputStream:77 - [STDOUT_REDIRECT] 1 : Invalid condition id : UX_CORESTACK_Condition cause : null
2023-10-25 12:09:55,800 [INFO] LogOutputStream:77 - [STDOUT_REDIRECT] 1 : Invalid condition id : UX_CORESTACK_Condition cause : null
2023-10-25 12:09:55,803 [INFO] LogOutputStream:77 - [STDOUT_REDIRECT] 1 : Invalid condition id : UX_CORESTACK_Condition cause : null
2023-10-25 12:09:55,810 [WARN] PackLoader:240 - Cannot read IP mode file for STMicroelectronics.X-CUBE-AZRTOS-WL.2.0.0
2023-10-25 12:09:55,826 [WARN] PackLoader:240 - Cannot read IP mode file for WES.I-CUBE-Cesium.1.3.0
2023-10-25 12:09:55,836 [WARN] PackLoader:240 - Cannot read IP mode file for STMicroelectronics.X-CUBE-BLE2.3.3.0
2023-10-25 12:09:55,847 [WARN] PackLoader:240 - Cannot read IP mode file for STMicroelectronics.X-CUBE-ALGOBUILD.1.3.0
2023-10-25 12:09:55,879 [WARN] PackLoader:240 - Cannot read IP mode file for STMicroelectronics.X-CUBE-AZRTOS-G0.1.1.0
2023-10-25 12:09:55,892 [WARN] PackLoader:240 - Cannot read IP mode file for STMicroelectronics.X-CUBE-NFC4.3.0.0
2023-10-25 12:09:55,901 [WARN] PackLoader:240 - Cannot read IP mode file for STMicroelectronics.FP-ATR-SIGFOX1.3.2.0
2023-10-25 12:09:55,994 [WARN] PackLoader:240 - Cannot read IP mode file for SEGGER.I-CUBE-embOS.1.3.1
2023-10-25 12:09:56,110 [INFO] WebApp:753 - Register for checkConnection events
2023-10-25 12:09:56,111 [INFO] WebApp:390 - Apply proxy settings
2023-10-25 12:09:56,111 [INFO] WebApp:475 - Chromium requires no authentication
2023-10-25 12:09:56,114 [WARN] PackLoader:240 - Cannot read IP mode file for STMicroelectronics.X-CUBE-GNSS1.6.0.0
2023-10-25 12:09:56,126 [INFO] WebApp:418 - Direct internet connection detected
2023-10-25 12:09:56,142 [WARN] PackLoader:240 - Cannot read IP mode file for STMicroelectronics.X-CUBE-AZRTOS-F4.1.1.0
2023-10-25 12:09:56,176 [WARN] PackLoader:240 - Cannot read IP mode file for STMicroelectronics.X-CUBE-AZRTOS-L5.2.0.0
2023-10-25 12:09:56,225 [WARN] PackLoader:240 - Cannot read IP mode file for STMicroelectronics.X-CUBE-MEMS1.9.6.0
2023-10-25 12:09:56,509 [WARN] PackLoader:240 - Cannot read IP mode file for STMicroelectronics.X-CUBE-EEPRMA1.4.2.0
2023-10-25 12:09:56,521 [WARN] PackLoader:240 - Cannot read IP mode file for ITTIA_DB.I-CUBE-ITTIADB.8.8.0
2023-10-25 12:09:56,533 [WARN] PackLoader:240 - Cannot read IP mode file for STMicroelectronics.X-CUBE-BLEMGR.2.0.0
2023-10-25 12:09:56,562 [WARN] ConditionMgr:438 - getConditionDescription Invalid condition id : UX DEVICE CLASS RTOS Condition cause : null
2023-10-25 12:09:56,562 [WARN] ConditionMgr:438 - getConditionDescription Invalid condition id : UX DEVICE CLASS RTOS Condition cause : null
2023-10-25 12:09:56,568 [WARN] PackLoader:240 - Cannot read IP mode file for STMicroelectronics.X-CUBE-AZRTOS-H7.3.1.0
2023-10-25 12:09:56,570 [WARN] ConditionMgr:1039 - genDependencies : Invalid condition id : UX DEVICE CLASS RTOS Condition cause : null
2023-10-25 12:09:56,570 [WARN] ConditionMgr:1039 - genDependencies : Invalid condition id : UX DEVICE CLASS RTOS Condition cause : null
2023-10-25 12:09:56,571 [WARN] ConditionMgr:1039 - genDependencies : Invalid condition id : UX DEVICE CLASS RTOS Condition cause : null
2023-10-25 12:09:56,572 [INFO] WebApp:188 - Starting web application
2023-10-25 12:09:56,572 [INFO] WebApp:520 - Web application path used C:\ST\STM32CubeIDE_1.13.2\STM32CubeIDE\plugins\com.st.stm32cube.common.mx_6.9.2.202309101412\db\plugins\mcufinder\reactClient1\index.html
2023-10-25 12:09:56,572 [WARN] ConditionMgr:1039 - genDependencies : Invalid condition id : UX DEVICE CLASS RTOS Condition cause : null
2023-10-25 12:09:56,572 [WARN] ConditionMgr:1039 - genDependencies : Invalid condition id : UX DEVICE CLASS RTOS Condition cause : null
2023-10-25 12:09:56,584 [WARN] PackLoader:240 - Cannot read IP mode file for STMicroelectronics.X-CUBE-NFC7.1.0.1
2023-10-25 12:09:56,595 [WARN] PackLoader:240 - Cannot read IP mode file for STMicroelectronics.X-CUBE-EEPRMA1.4.1.0
2023-10-25 12:09:56,605 [WARN] PackLoader:240 - Cannot read IP mode file for STMicroelectronics.X-CUBE-AI.8.1.0
2023-10-25 12:09:56,642 [WARN] ConditionMgr:438 - getConditionDescription Invalid condition id : LAN8742 Phy interface Condition cause : null
2023-10-25 12:09:56,644 [WARN] PackLoader:240 - Cannot read IP mode file for STMicroelectronics.X-CUBE-AZRTOS-L4.2.0.0
2023-10-25 12:09:56,645 [WARN] ConditionMgr:1039 - genDependencies : Invalid condition id : LAN8742 Phy interface Condition cause : null
2023-10-25 12:09:56,646 [WARN] ConditionMgr:1039 - genDependencies : Invalid condition id : LAN8742 Phy interface Condition cause : null
2023-10-25 12:09:56,646 [WARN] ConditionMgr:1039 - genDependencies : Invalid condition id : LAN8742 Phy interface Condition cause : null
2023-10-25 12:09:56,660 [WARN] PackLoader:240 - Cannot read IP mode file for STMicroelectronics.X-CUBE-SFXS2LP1.4.0.0
2023-10-25 12:09:56,670 [WARN] PackLoader:240 - Cannot read IP mode file for STMicroelectronics.X-CUBE-ISPU.1.1.0
2023-10-25 12:09:56,692 [WARN] ConditionMgr:438 - getConditionDescription Invalid condition id : UX DEVICE CLASS RTOS Condition cause : null
2023-10-25 12:09:56,692 [WARN] ConditionMgr:438 - getConditionDescription Invalid condition id : UX DEVICE CLASS RTOS Condition cause : null
2023-10-25 12:09:56,697 [WARN] PackLoader:240 - Cannot read IP mode file for STMicroelectronics.X-CUBE-AZRTOS-WB.2.0.0
2023-10-25 12:09:56,698 [WARN] ConditionMgr:1039 - genDependencies : Invalid condition id : UX DEVICE CLASS RTOS Condition cause : null
2023-10-25 12:09:56,699 [WARN] ConditionMgr:1039 - genDependencies : Invalid condition id : UX DEVICE CLASS RTOS Condition cause : null
2023-10-25 12:09:56,700 [WARN] ConditionMgr:1039 - genDependencies : Invalid condition id : UX DEVICE CLASS RTOS Condition cause : null
2023-10-25 12:09:56,700 [WARN] ConditionMgr:1039 - genDependencies : Invalid condition id : UX DEVICE CLASS RTOS Condition cause : null
2023-10-25 12:09:56,700 [WARN] ConditionMgr:1039 - genDependencies : Invalid condition id : UX DEVICE CLASS RTOS Condition cause : null
2023-10-25 12:09:56,718 [WARN] PackLoader:240 - Cannot read IP mode file for STMicroelectronics.X-CUBE-SUBG2.5.0.0
2023-10-25 12:09:56,744 [WARN] PackLoader:240 - Cannot read IP mode file for STMicroelectronics.X-CUBE-TOF1.3.3.1
2023-10-25 12:09:56,795 [WARN] PackLoader:240 - Cannot read IP mode file for STMicroelectronics.X-CUBE-AZRTOS-G4.2.0.0
2023-10-25 12:09:56,824 [WARN] PackLoader:240 - Cannot read IP mode file for Infineon.AIROC-Wi-Fi-Bluetooth-STM32.1.5.1
2023-10-25 12:09:56,913 [WARN] PackLoader:240 - Cannot read IP mode file for STMicroelectronics.X-CUBE-MEMS1.10.0.0
2023-10-25 12:09:57,164 [WARN] PackLoader:240 - Cannot read IP mode file for STMicroelectronics.X-CUBE-FREERTOS.1.1.0
2023-10-25 12:09:57,173 [WARN] PackLoader:240 - Cannot read IP mode file for portGmbH.I-Cube-SoM-uGOAL.1.1.0
2023-10-25 12:09:57,179 [WARN] PackLoader:240 - Cannot read IP mode file for STMicroelectronics.X-CUBE-ALS.1.0.1
2023-10-25 12:09:57,184 [WARN] PackLoader:240 - Cannot read IP mode file for STMicroelectronics.FP-ATR-ASTRA1.2.0.0
2023-10-25 12:09:57,185 [INFO] ThirdParty:978 - Integrity check success = true
2023-10-25 12:09:57,185 [INFO] IntegrityCheckThread:100 - exiting critical section [integrity check]
2023-10-25 12:09:57,186 [INFO] IntegrityCheckThread:103 - End integrity checks thread
2023-10-25 12:10:18,003 [ERROR] LogOutputStream:75 - [STDERR_REDIRECT] SLF4J: Failed to load class "org.slf4j.impl.StaticLoggerBinder".
2023-10-25 12:10:18,004 [ERROR] LogOutputStream:75 - [STDERR_REDIRECT] SLF4J: Defaulting to no-operation (NOP) logger implementation
2023-10-25 12:10:18,008 [ERROR] LogOutputStream:75 - [STDERR_REDIRECT] SLF4J: See http://www.slf4j.org/codes.html#StaticLoggerBinder for further details.
2023-10-25 16:17:12,669 [INFO] McuFinderGlobals:63 - Set McuFinder mode to 2 (CubeIDE integrated)
2023-10-25 16:17:12,712 [INFO] MainUpdater:2868 - connection check result : 10
2023-10-25 16:17:13,759 [INFO] ApiDb:581 - Connected to CubeFinder SQLite database (C:\Users\E-AY\.stmcufinder\plugins\mcufinder\mcu\cube-finder-db.db)
2023-10-25 16:17:13,879 [INFO] ApiDb:668 - CubeFinder database Data Model version=2.1
2023-10-25 16:17:13,879 [INFO] ApiDb:669 - CubeFinder database Configuration version=3.0.37
2023-10-25 16:17:13,879 [INFO] ApiDb:670 - CubeFinder database generation date=2023-10-13 (1697197505)
2023-10-25 16:17:13,888 [INFO] ApiDb:671 - CubeFinder database FW Pack versions=[FP-ATR-ASTRA1_V2.0.0, FP-SNS-FLIGHT1_V5.0.1, FP-SNS-FLIGHT1_V5.0.2, FP-SNS-MOTENV1_V4.3.1, FP-SNS-MOTENV1_V4.3.2, FP-SNS-SMARTAG2_V1.2.0, I-CUBE-ITTIADB_V8.6.3-1, STM32Cube_FW_C0_V1.1.0, STM32Cube_FW_F4_V1.27.1, STM32Cube_FW_F7_V1.17.0, STM32Cube_FW_G0_V1.6.1, STM32Cube_FW_G4_V1.5.1, STM32Cube_FW_H5_V0.5.1, STM32Cube_FW_H5_V1.1.1, STM32Cube_FW_H7_V1.11.0, STM32Cube_FW_L0_V1.12.2, STM32Cube_FW_L5_V1.5.0, STM32Cube_FW_U5_V1.3.0, STM32Cube_FW_U5_V1.3.0RC4, STM32Cube_FW_WBA_V1.0.0RC1, STM32Cube_FW_WBA_V1.1.0RC1, STM32Cube_FW_WBA_V1.1.1, STM32Cube_FW_WB_V1.15.0RC1, STM32Cube_FW_WB_V1.16.0, STM32Cube_FW_WB_V1.16.0RC2, STM32Cube_FW_WB_V1.17.3, STM32Cube_FW_WL_V1.3.0, X-CUBE-ALGOBUILD_V1.3.0, X-CUBE-ALS_V1.0.1, X-CUBE-AZRTOS-F4_V1.1.0, X-CUBE-AZRTOS-F7_V1.1.0, X-CUBE-AZRTOS-G0_V1.1.0, X-CUBE-AZRTOS-G4_V2.0.0, X-CUBE-AZRTOS-H7_V3.1.0, X-CUBE-AZRTOS-L4_V1.0.0, X-CUBE-AZRTOS-L4_V2.0.0, X-CUBE-AZRTOS-L5_V1.1.0, X-CUBE-AZRTOS-WB_V2.0.0, X-CUBE-AZRTOS-WL_V2.0.0, X-CUBE-BLE1_V7.0.0, X-CUBE-BLE2_V3.3.0, X-CUBE-BLEMGR_V2.0.0, X-CUBE-EEPRMA1_V4.1.0, X-CUBE-FREERTOS_V1.1.0, X-CUBE-GNSS1_V6.0.0, X-CUBE-MEMS1_V10.0.0, X-CUBE-MEMS1_V9.1.0, X-CUBE-MEMS1_V9.4.0, X-CUBE-MEMS1_V9.6.0, X-CUBE-NFC4_V3.0.0, X-CUBE-NFC7_V1.0.1, X-CUBE-SFXS2LP1_V4.0.0, X-CUBE-SUBG2_V5.0.0, X-CUBE-TOF1_V3.3.1]
2023-10-25 16:17:14,128 [INFO] DbBoardsSqlite:226 - include board P-NUCLEO-WB55-NUCLEO as a kit item of type 'Nucleo-64'
2023-10-25 16:17:14,128 [INFO] DbBoardsSqlite:226 - include board P-NUCLEO-WB55-USBDONGLE as a kit item of type 'Nucleo USB Dongle'
2023-10-25 16:17:14,128 [INFO] DbBoardsSqlite:226 - include board STEVAL-IDP005V1 as a kit item of type 'Evaluation Board'
2023-10-25 16:17:14,128 [INFO] DbBoardsSqlite:226 - include board STEVAL-IDP005V2 as a kit item of type 'Evaluation Board'
2023-10-25 16:17:14,690 [INFO] ApiDb:240 - Found 323 in-development CPN: [B-G473E-ZEST1S, B-WB1M-WPAN1, B-WL5M-SUBG1, NUCLEO-C031C6, NUCLEO-H503RB, NUCLEO-H563ZI, NUCLEO-U545RE-Q, NUCLEO-U5A5ZJ-Q, NUCLEO-WBA52CG, STEVAL-PROTEUS1, STEVAL-SMARTAG2, STEVAL-STWINBX1, STM320518-EVAL, STM32C0116-DK, STM32C011D6Y3TR, STM32C011D6Y6TR, STM32C011F4P3, STM32C011F4P6, STM32C011F4U3, STM32C011F4U6TR, STM32C011F6P3, STM32C011F6P6, STM32C011F6U3, STM32C011F6U6TR, STM32C011J4M3, STM32C011J4M6, STM32C011J6M3, STM32C011J6M6, STM32C0316-DK, STM32C031C4T3, STM32C031C4T6, STM32C031C4U3, STM32C031C4U6, STM32C031C6T3, STM32C031C6T6, STM32C031C6U3, STM32C031C6U6, STM32C031F4P3, STM32C031F4P6, STM32C031F6P3, STM32C031F6P6, STM32C031G4U3, STM32C031G4U6, STM32C031G6U3, STM32C031G6U6, STM32C031K4T3, STM32C031K4T6, STM32C031K4U3, STM32C031K4U6, STM32C031K6T3, STM32C031K6T6, STM32C031K6U3, STM32C031K6U6, STM32G071K8TXN, STM32G071K8UXN, STM32G081GBU6N, STM32G081KBT6N, STM32G081KBUXN, STM32G0B1CCT6N, STM32G0B1KCT6, STM32G0B1NEY6TR, STM32G0B1RCT6N, STM32G0C1CCT6, STM32G0C1CCT6N, STM32G0C1CCU6N, STM32G0C1CET6N, STM32G0C1CEU6N, STM32G0C1KCT6, STM32G0C1NEY6TR, STM32G0C1RCI6N, STM32G0C1RCT6N, STM32G0C1REI6N, STM32G0C1RET6N, STM32G0C1VCI6, STM32G0C1VEI6, STM32G471CCT6, STM32G471CCU6, STM32G471CET3, STM32G471CET6, STM32G471CEU3, STM32G471CEU6, STM32G471MCT6, STM32G471MET3, STM32G471MET6, STM32G471MEY6TR, STM32G471QCT6, STM32G471QET3, STM32G471RCT6, STM32G471RET3, STM32G471RET6, STM32G471VCH6, STM32G471VCI6, STM32G471VCT6, STM32G471VEH3, STM32G471VEH6, STM32G471VEI3, STM32G471VEI6, STM32G471VET3, STM32G471VET6, STM32G474CCT6, STM32H503CBT6, STM32H503CBU6, STM32H503EBY6TR, STM32H503KBU6, STM32H503RBT6, STM32H562AGI6, STM32H562AII6, STM32H562IGK6, STM32H562IGT6, STM32H562IIK6, STM32H562IIT6, STM32H562RGT6, STM32H562RGV6, STM32H562RIT6, STM32H562RIV6, STM32H562VGT6, STM32H562VIT6, STM32H562ZGT6, STM32H562ZIT6, STM32H563AGI6, STM32H563AII3Q, STM32H563AII6, STM32H563IGK6, STM32H563IGT6, STM32H563IIK3Q, STM32H563IIK6, STM32H563IIT3Q, STM32H563IIT6, STM32H563MIY3QTR, STM32H563RGT6, STM32H563RGV6, STM32H563RIT6, STM32H563RIV6, STM32H563VGT6, STM32H563VIT3Q, STM32H563VIT6, STM32H563ZGT6, STM32H563ZIT3Q, STM32H563ZIT6, STM32H573AII3Q, STM32H573AII6, STM32H573I-DK, STM32H573IIK3Q, STM32H573IIK6, STM32H573IIT3Q, STM32H573IIT6, STM32H573MIY3QTR, STM32H573RIT6, STM32H573RIV6, STM32H573VIT3Q, STM32H573VIT6, STM32H573ZIT3Q, STM32H573ZIT6, STM32L4R5QGI6STR, STM32MP131AAE3, STM32MP131AAF3, STM32MP131AAG3, STM32MP131CAE3, STM32MP131CAF3, STM32MP131CAG3, STM32MP131DAE7, STM32MP131DAF7, STM32MP131DAG7, STM32MP131FAE7, STM32MP131FAF7, STM32MP131FAG7, STM32MP133AAE3, STM32MP133AAF3, STM32MP133AAG3, STM32MP133CAE3, STM32MP133CAF3, STM32MP133CAG3, STM32MP133DAE7, STM32MP133DAF7, STM32MP133DAG7, STM32MP133FAE7, STM32MP133FAF7, STM32MP133FAG7, STM32MP135AAE3, STM32MP135AAF3, STM32MP135AAG3, STM32MP135CAE3, STM32MP135CAF3, STM32MP135CAG3, STM32MP135DAE7, STM32MP135DAF7, STM32MP135DAG7, STM32MP135F-DK, STM32MP135FAE7, STM32MP135FAF7, STM32MP135FAF7T, STM32MP135FAF7U, STM32MP135FAG7, STM32U535CBT6, STM32U535CBT6Q, STM32U535CBU6, STM32U535CBU6Q, STM32U535CCT6, STM32U535CCT6Q, STM32U535CCU6, STM32U535CCU6Q, STM32U535CET6, STM32U535CET6Q, STM32U535CEU6, STM32U535CEU6Q, STM32U535JEY6QTR, STM32U535NCY6QTR, STM32U535NEY6QTR, STM32U535RBI6, STM32U535RBI6Q, STM32U535RBT6, STM32U535RBT6Q, STM32U535RCI6, STM32U535RCI6Q, STM32U535RCT6, STM32U535RCT6Q, STM32U535REI6, STM32U535REI6Q, STM32U535RET6, STM32U535RET6Q, STM32U535VCI6, STM32U535VCI6Q, STM32U535VCT6, STM32U535VCT6Q, STM32U535VEI6, STM32U535VEI6Q, STM32U535VET6, STM32U535VET6Q, STM32U545CET6, STM32U545CET6Q, STM32U545CEU6, STM32U545CEU6Q, STM32U545JEY6QTR, STM32U545NEY6QTR, STM32U545REI6, STM32U545REI6Q, STM32U545RET6, STM32U545RET6Q, STM32U545VEI6, STM32U545VEI6Q, STM32U545VET6, STM32U545VET6Q, STM32U595AIH6, STM32U595AIH6Q, STM32U595AJH6, STM32U595AJH6Q, STM32U595QII6, STM32U595QII6Q, STM32U595QJI6, STM32U595QJI6Q, STM32U595RIT6, STM32U595RIT6Q, STM32U595RJT6, STM32U595RJT6Q, STM32U595VIT6, STM32U595VIT6Q, STM32U595VJT6, STM32U595VJT6Q, STM32U595ZIT6, STM32U595ZIT6Q, STM32U595ZIY6QTR, STM32U595ZJT6, STM32U595ZJT6Q, STM32U595ZJY6QTR, STM32U599BJY6QTR, STM32U599NIH6Q, STM32U599NJH6Q, STM32U599VIT6Q, STM32U599VJT6, STM32U599VJT6Q, STM32U599ZIT6Q, STM32U599ZIY6QTR, STM32U599ZJT6Q, STM32U599ZJY6QTR, STM32U5A5AJH6, STM32U5A5AJH6Q, STM32U5A5QJI6, STM32U5A5QJI6Q, STM32U5A5RJT6, STM32U5A5RJT6Q, STM32U5A5VJT6, STM32U5A5VJT6Q, STM32U5A5ZJT6, STM32U5A5ZJT6Q, STM32U5A5ZJY6QTR, STM32U5A9BJY6QTR, STM32U5A9J-DK, STM32U5A9NJH6Q, STM32U5A9VJT6Q, STM32U5A9ZJT6Q, STM32U5A9ZJY6QTR, STM32U5F7VIT6, STM32U5F7VIT6Q, STM32U5F7VJT6, STM32U5F7VJT6Q, STM32U5F9BJY6QTR, STM32U5F9NJH6Q, STM32U5F9VIT6Q, STM32U5F9VJT6Q, STM32U5F9ZIJ6QTR, STM32U5F9ZIT6Q, STM32U5F9ZJJ6QTR, STM32U5F9ZJT6Q, STM32U5G7VJT6, STM32U5G7VJT6Q, STM32U5G9BJY6QTR, STM32U5G9J-DK1, STM32U5G9J-DK2, STM32U5G9NJH6Q, STM32U5G9VJT6Q, STM32U5G9ZJJ6QTR, STM32U5G9ZJT6Q, STM32WB1MMCH6, STM32WBA52CEU6, STM32WBA52CEU6T, STM32WBA52CGU6, STM32WBA52CGU6T, STM32WBA52KEU6, STM32WBA52KEU6T, STM32WBA52KGU6, STM32WBA52KGU6T, STM32WL5MOCH6, STM32WL5MOCH6TR]
2023-10-25 16:17:15,149 [INFO] BoardInfo:880 - No configuration file found for board P-NUCLEO-WB55
2023-10-25 16:17:15,151 [INFO] DbBoards:157 - Kit is not supported: P-NUCLEO-WB55
2023-10-25 16:17:15,168 [INFO] BoardInfo:880 - No configuration file found for board STEVAL-BFA001V1B
2023-10-25 16:17:15,168 [INFO] DbBoards:157 - Kit is not supported: STEVAL-BFA001V1B
2023-10-25 16:17:15,176 [INFO] BoardInfo:880 - No configuration file found for board STEVAL-BFA001V2B
2023-10-25 16:17:15,176 [INFO] DbBoards:157 - Kit is not supported: STEVAL-BFA001V2B
2023-10-25 16:17:15,656 [INFO] DbBoards:161 - Found 190 boards, 187 are supported
2023-10-25 16:17:15,662 [INFO] ApiDb:668 - CubeFinder database Data Model version=2.1
2023-10-25 16:17:15,663 [INFO] ApiDb:669 - CubeFinder database Configuration version=3.0.37
2023-10-25 16:17:15,663 [INFO] ApiDb:670 - CubeFinder database generation date=2023-10-13 (1697197505)
2023-10-25 16:17:15,663 [INFO] ApiDb:671 - CubeFinder database FW Pack versions=[FP-ATR-ASTRA1_V2.0.0, FP-SNS-FLIGHT1_V5.0.1, FP-SNS-FLIGHT1_V5.0.2, FP-SNS-MOTENV1_V4.3.1, FP-SNS-MOTENV1_V4.3.2, FP-SNS-SMARTAG2_V1.2.0, I-CUBE-ITTIADB_V8.6.3-1, STM32Cube_FW_C0_V1.1.0, STM32Cube_FW_F4_V1.27.1, STM32Cube_FW_F7_V1.17.0, STM32Cube_FW_G0_V1.6.1, STM32Cube_FW_G4_V1.5.1, STM32Cube_FW_H5_V0.5.1, STM32Cube_FW_H5_V1.1.1, STM32Cube_FW_H7_V1.11.0, STM32Cube_FW_L0_V1.12.2, STM32Cube_FW_L5_V1.5.0, STM32Cube_FW_U5_V1.3.0, STM32Cube_FW_U5_V1.3.0RC4, STM32Cube_FW_WBA_V1.0.0RC1, STM32Cube_FW_WBA_V1.1.0RC1, STM32Cube_FW_WBA_V1.1.1, STM32Cube_FW_WB_V1.15.0RC1, STM32Cube_FW_WB_V1.16.0, STM32Cube_FW_WB_V1.16.0RC2, STM32Cube_FW_WB_V1.17.3, STM32Cube_FW_WL_V1.3.0, X-CUBE-ALGOBUILD_V1.3.0, X-CUBE-ALS_V1.0.1, X-CUBE-AZRTOS-F4_V1.1.0, X-CUBE-AZRTOS-F7_V1.1.0, X-CUBE-AZRTOS-G0_V1.1.0, X-CUBE-AZRTOS-G4_V2.0.0, X-CUBE-AZRTOS-H7_V3.1.0, X-CUBE-AZRTOS-L4_V1.0.0, X-CUBE-AZRTOS-L4_V2.0.0, X-CUBE-AZRTOS-L5_V1.1.0, X-CUBE-AZRTOS-WB_V2.0.0, X-CUBE-AZRTOS-WL_V2.0.0, X-CUBE-BLE1_V7.0.0, X-CUBE-BLE2_V3.3.0, X-CUBE-BLEMGR_V2.0.0, X-CUBE-EEPRMA1_V4.1.0, X-CUBE-FREERTOS_V1.1.0, X-CUBE-GNSS1_V6.0.0, X-CUBE-MEMS1_V10.0.0, X-CUBE-MEMS1_V9.1.0, X-CUBE-MEMS1_V9.4.0, X-CUBE-MEMS1_V9.6.0, X-CUBE-NFC4_V3.0.0, X-CUBE-NFC7_V1.0.1, X-CUBE-SFXS2LP1_V4.0.0, X-CUBE-SUBG2_V5.0.0, X-CUBE-TOF1_V3.3.1]
2023-10-25 16:17:18,709 [INFO] ApiDb:240 - Found 323 in-development CPN: [B-G473E-ZEST1S, B-WB1M-WPAN1, B-WL5M-SUBG1, NUCLEO-C031C6, NUCLEO-H503RB, NUCLEO-H563ZI, NUCLEO-U545RE-Q, NUCLEO-U5A5ZJ-Q, NUCLEO-WBA52CG, STEVAL-PROTEUS1, STEVAL-SMARTAG2, STEVAL-STWINBX1, STM320518-EVAL, STM32C0116-DK, STM32C011D6Y3TR, STM32C011D6Y6TR, STM32C011F4P3, STM32C011F4P6, STM32C011F4U3, STM32C011F4U6TR, STM32C011F6P3, STM32C011F6P6, STM32C011F6U3, STM32C011F6U6TR, STM32C011J4M3, STM32C011J4M6, STM32C011J6M3, STM32C011J6M6, STM32C0316-DK, STM32C031C4T3, STM32C031C4T6, STM32C031C4U3, STM32C031C4U6, STM32C031C6T3, STM32C031C6T6, STM32C031C6U3, STM32C031C6U6, STM32C031F4P3, STM32C031F4P6, STM32C031F6P3, STM32C031F6P6, STM32C031G4U3, STM32C031G4U6, STM32C031G6U3, STM32C031G6U6, STM32C031K4T3, STM32C031K4T6, STM32C031K4U3, STM32C031K4U6, STM32C031K6T3, STM32C031K6T6, STM32C031K6U3, STM32C031K6U6, STM32G071K8TXN, STM32G071K8UXN, STM32G081GBU6N, STM32G081KBT6N, STM32G081KBUXN, STM32G0B1CCT6N, STM32G0B1KCT6, STM32G0B1NEY6TR, STM32G0B1RCT6N, STM32G0C1CCT6, STM32G0C1CCT6N, STM32G0C1CCU6N, STM32G0C1CET6N, STM32G0C1CEU6N, STM32G0C1KCT6, STM32G0C1NEY6TR, STM32G0C1RCI6N, STM32G0C1RCT6N, STM32G0C1REI6N, STM32G0C1RET6N, STM32G0C1VCI6, STM32G0C1VEI6, STM32G471CCT6, STM32G471CCU6, STM32G471CET3, STM32G471CET6, STM32G471CEU3, STM32G471CEU6, STM32G471MCT6, STM32G471MET3, STM32G471MET6, STM32G471MEY6TR, STM32G471QCT6, STM32G471QET3, STM32G471RCT6, STM32G471RET3, STM32G471RET6, STM32G471VCH6, STM32G471VCI6, STM32G471VCT6, STM32G471VEH3, STM32G471VEH6, STM32G471VEI3, STM32G471VEI6, STM32G471VET3, STM32G471VET6, STM32G474CCT6, STM32H503CBT6, STM32H503CBU6, STM32H503EBY6TR, STM32H503KBU6, STM32H503RBT6, STM32H562AGI6, STM32H562AII6, STM32H562IGK6, STM32H562IGT6, STM32H562IIK6, STM32H562IIT6, STM32H562RGT6, STM32H562RGV6, STM32H562RIT6, STM32H562RIV6, STM32H562VGT6, STM32H562VIT6, STM32H562ZGT6, STM32H562ZIT6, STM32H563AGI6, STM32H563AII3Q, STM32H563AII6, STM32H563IGK6, STM32H563IGT6, STM32H563IIK3Q, STM32H563IIK6, STM32H563IIT3Q, STM32H563IIT6, STM32H563MIY3QTR, STM32H563RGT6, STM32H563RGV6, STM32H563RIT6, STM32H563RIV6, STM32H563VGT6, STM32H563VIT3Q, STM32H563VIT6, STM32H563ZGT6, STM32H563ZIT3Q, STM32H563ZIT6, STM32H573AII3Q, STM32H573AII6, STM32H573I-DK, STM32H573IIK3Q, STM32H573IIK6, STM32H573IIT3Q, STM32H573IIT6, STM32H573MIY3QTR, STM32H573RIT6, STM32H573RIV6, STM32H573VIT3Q, STM32H573VIT6, STM32H573ZIT3Q, STM32H573ZIT6, STM32L4R5QGI6STR, STM32MP131AAE3, STM32MP131AAF3, STM32MP131AAG3, STM32MP131CAE3, STM32MP131CAF3, STM32MP131CAG3, STM32MP131DAE7, STM32MP131DAF7, STM32MP131DAG7, STM32MP131FAE7, STM32MP131FAF7, STM32MP131FAG7, STM32MP133AAE3, STM32MP133AAF3, STM32MP133AAG3, STM32MP133CAE3, STM32MP133CAF3, STM32MP133CAG3, STM32MP133DAE7, STM32MP133DAF7, STM32MP133DAG7, STM32MP133FAE7, STM32MP133FAF7, STM32MP133FAG7, STM32MP135AAE3, STM32MP135AAF3, STM32MP135AAG3, STM32MP135CAE3, STM32MP135CAF3, STM32MP135CAG3, STM32MP135DAE7, STM32MP135DAF7, STM32MP135DAG7, STM32MP135F-DK, STM32MP135FAE7, STM32MP135FAF7, STM32MP135FAF7T, STM32MP135FAF7U, STM32MP135FAG7, STM32U535CBT6, STM32U535CBT6Q, STM32U535CBU6, STM32U535CBU6Q, STM32U535CCT6, STM32U535CCT6Q, STM32U535CCU6, STM32U535CCU6Q, STM32U535CET6, STM32U535CET6Q, STM32U535CEU6, STM32U535CEU6Q, STM32U535JEY6QTR, STM32U535NCY6QTR, STM32U535NEY6QTR, STM32U535RBI6, STM32U535RBI6Q, STM32U535RBT6, STM32U535RBT6Q, STM32U535RCI6, STM32U535RCI6Q, STM32U535RCT6, STM32U535RCT6Q, STM32U535REI6, STM32U535REI6Q, STM32U535RET6, STM32U535RET6Q, STM32U535VCI6, STM32U535VCI6Q, STM32U535VCT6, STM32U535VCT6Q, STM32U535VEI6, STM32U535VEI6Q, STM32U535VET6, STM32U535VET6Q, STM32U545CET6, STM32U545CET6Q, STM32U545CEU6, STM32U545CEU6Q, STM32U545JEY6QTR, STM32U545NEY6QTR, STM32U545REI6, STM32U545REI6Q, STM32U545RET6, STM32U545RET6Q, STM32U545VEI6, STM32U545VEI6Q, STM32U545VET6, STM32U545VET6Q, STM32U595AIH6, STM32U595AIH6Q, STM32U595AJH6, STM32U595AJH6Q, STM32U595QII6, STM32U595QII6Q, STM32U595QJI6, STM32U595QJI6Q, STM32U595RIT6, STM32U595RIT6Q, STM32U595RJT6, STM32U595RJT6Q, STM32U595VIT6, STM32U595VIT6Q, STM32U595VJT6, STM32U595VJT6Q, STM32U595ZIT6, STM32U595ZIT6Q, STM32U595ZIY6QTR, STM32U595ZJT6, STM32U595ZJT6Q, STM32U595ZJY6QTR, STM32U599BJY6QTR, STM32U599NIH6Q, STM32U599NJH6Q, STM32U599VIT6Q, STM32U599VJT6, STM32U599VJT6Q, STM32U599ZIT6Q, STM32U599ZIY6QTR, STM32U599ZJT6Q, STM32U599ZJY6QTR, STM32U5A5AJH6, STM32U5A5AJH6Q, STM32U5A5QJI6, STM32U5A5QJI6Q, STM32U5A5RJT6, STM32U5A5RJT6Q, STM32U5A5VJT6, STM32U5A5VJT6Q, STM32U5A5ZJT6, STM32U5A5ZJT6Q, STM32U5A5ZJY6QTR, STM32U5A9BJY6QTR, STM32U5A9J-DK, STM32U5A9NJH6Q, STM32U5A9VJT6Q, STM32U5A9ZJT6Q, STM32U5A9ZJY6QTR, STM32U5F7VIT6, STM32U5F7VIT6Q, STM32U5F7VJT6, STM32U5F7VJT6Q, STM32U5F9BJY6QTR, STM32U5F9NJH6Q, STM32U5F9VIT6Q, STM32U5F9VJT6Q, STM32U5F9ZIJ6QTR, STM32U5F9ZIT6Q, STM32U5F9ZJJ6QTR, STM32U5F9ZJT6Q, STM32U5G7VJT6, STM32U5G7VJT6Q, STM32U5G9BJY6QTR, STM32U5G9J-DK1, STM32U5G9J-DK2, STM32U5G9NJH6Q, STM32U5G9VJT6Q, STM32U5G9ZJJ6QTR, STM32U5G9ZJT6Q, STM32WB1MMCH6, STM32WBA52CEU6, STM32WBA52CEU6T, STM32WBA52CGU6, STM32WBA52CGU6T, STM32WBA52KEU6, STM32WBA52KEU6T, STM32WBA52KGU6, STM32WBA52KGU6T, STM32WL5MOCH6, STM32WL5MOCH6TR]
2023-10-25 16:17:18,722 [INFO] DbMcus:217 - Found 3848 MCUs, 3848 are supported
2023-10-25 16:17:18,722 [INFO] ApiDb:423 - Load user favorites file C:\Users\E-AY/.stm32cubeide/favorites.mcus.txt: 0 item(s)
2023-10-25 16:17:18,722 [INFO] ApiDb:427 - User favorites MCUs=[]
2023-10-25 16:17:18,722 [INFO] DbMcus:223 - Set 0 / 0 favorites MCUs
2023-10-25 16:17:19,095 [INFO] ApiDb:423 - Load user favorites file C:\Users\E-AY/.stm32cubeide/favorites.boards.txt: 1 item(s)
2023-10-25 16:17:19,095 [INFO] ApiDb:427 - User favorites Boards=[STM32F407G-DISC1]
2023-10-25 16:17:19,095 [INFO] DbBoards:190 - Set 1 / 1 favorites Boards
2023-10-25 16:17:19,095 [INFO] McuFinderGlobals:76 - Set McuFinderConnectedMode to true
2023-10-25 16:17:19,115 [INFO] MultiScanPanel:200 - Auto-refresh data requested => check proxy status ongoing
2023-10-25 16:17:19,127 [INFO] FinderPluginLoader:95 - Searching for filters in installed packs
2023-10-25 16:17:21,171 [INFO] LoadUrlFilesThread:185 - End of LoadServerUrlFiles without Thread
2023-10-25 16:17:21,230 [INFO] DetailPanel:341 - Set advertising image to C:/Users/E-AY/STM32Cube/Repository/\en.prom-stm32h5-mcu-finder.jpg
2023-10-25 16:17:26,055 [INFO] MultiScanPanel:200 - Auto-refresh data requested => check proxy status ongoing
2023-10-25 16:17:26,244 [INFO] LoadUrlFilesThread:185 - End of LoadServerUrlFiles without Thread
2023-10-25 16:17:26,244 [INFO] DetailPanel:341 - Set advertising image to C:/Users/E-AY/STM32Cube/Repository/\en.prom-stm32h5-mcu-finder.jpg
2023-10-25 16:17:26,262 [INFO] DbBoards:634 - Loading board mini-images...
2023-10-25 16:17:29,298 [INFO] DbBoards:657 - Loaded 190 board mini-images
2023-10-25 16:18:27,778 [INFO] McuFinderGlobals:76 - Set McuFinderConnectedMode to true
2023-10-25 16:18:27,788 [INFO] ApiDb:448 - Save user favorites file C:\Users\E-AY/.stm32cubeide/favorites.mcus.txt: 0 item(s)
2023-10-25 16:18:27,789 [INFO] ApiDb:452 - User favorites MCUs=[]
2023-10-25 16:18:27,791 [INFO] ApiDb:448 - Save user favorites file C:\Users\E-AY/.stm32cubeide/favorites.boards.txt: 1 item(s)
2023-10-25 16:18:27,792 [INFO] ApiDb:452 - User favorites Boards=[STM32F407G-DISC1]
2023-10-25 17:01:01,526 [ERROR] ConfigurationRetriever:142 - IOException on connection: Read timed out
2023-10-25 17:01:04,538 [ERROR] ConfigurationRetriever:142 - IOException on connection: Read timed out
2023-10-25 17:01:06,539 [ERROR] ConfigurationRetriever:142 - IOException on connection: Connect timed out
2023-10-25 19:13:55,432 [ERROR] LogOutputStream:75 - [STDERR_REDIRECT] 
