2023-11-07 14:24:04,874 [INFO] Activator:176 - 


2023-11-07 14:24:04,883 [INFO] Activator:177 - !SESSION log4j initialized
2023-11-07 14:24:11,086 [INFO] LogOutputStream:77 - [STDOUT_REDIRECT] 
2023-11-07 14:24:17,520 [INFO] ApplicationProperties:184 - Using Application install path: C:\ST\STM32CubeIDE_1.13.2\STM32CubeIDE\plugins\com.st.stm32cube.common.mx_6.9.2.202309101412
2023-11-07 14:24:17,536 [INFO] DbMcusXml:78 - Set database path to: C:\ST\STM32CubeIDE_1.13.2\STM32CubeIDE\plugins\com.st.stm32cube.common.mx_6.9.2.202309101412\\db\/mcu/
2023-11-07 14:24:17,536 [INFO] ApiDb:274 - Set plugin database path to: C:\ST\STM32CubeIDE_1.13.2\STM32CubeIDE\plugins\com.st.stm32cube.common.mx_6.9.2.202309101412\\db\/plugins/boardmanager/
2023-11-07 14:24:17,536 [WARN] ApiDb:259 - Overriding images path with different value:  => C:\ST\STM32CubeIDE_1.13.2\STM32CubeIDE\plugins\com.st.stm32cube.common.mx_6.9.2.202309101412\\db\/plugins/mcufinder/images/
2023-11-07 14:24:17,551 [INFO] ApiDb:250 - Set database path to: C:\Users\E-AY\.stmcufinder\plugins\mcufinder//mcu/
2023-11-07 14:24:17,567 [INFO] DbMcusAds:125 - Set database path to: C:\Users\E-AY\.stmcufinder\plugins\mcufinder//mcu/
2023-11-07 14:24:17,567 [INFO] CrossReferenceDbSqlite:203 - Set database path to: C:\Users\E-AY\.stmcufinder\plugins\mcufinder//mcu/cs/
2023-11-07 14:24:17,724 [INFO] RulesReader:64 - Compatibility file has been processed (293 Rules)
2023-11-07 14:24:17,834 [INFO] DbMcusXml:78 - Set database path to: C:\ST\STM32CubeIDE_1.13.2\STM32CubeIDE\plugins\com.st.stm32cube.common.mx_6.9.2.202309101412\\db\/mcu/
2023-11-07 14:24:17,834 [INFO] ApiDb:274 - Set plugin database path to: C:\ST\STM32CubeIDE_1.13.2\STM32CubeIDE\plugins\com.st.stm32cube.common.mx_6.9.2.202309101412\\db\/plugins/boardmanager/
2023-11-07 14:24:17,834 [INFO] ApiDb:261 - Set plugin images path to: C:\ST\STM32CubeIDE_1.13.2\STM32CubeIDE\plugins\com.st.stm32cube.common.mx_6.9.2.202309101412\\db\/plugins/mcufinder/images/
2023-11-07 14:24:17,834 [WARN] DbFile:41 - Overriding database path with different value: C:\Users\E-AY\.stmcufinder\plugins\mcufinder/ => C:\Users\E-AY\.stmcufinder\plugins\mcufinder
2023-11-07 14:24:17,834 [INFO] ApiDb:250 - Set database path to: C:\Users\E-AY\.stmcufinder\plugins\mcufinder//mcu/
2023-11-07 14:24:17,834 [WARN] DbFile:41 - Overriding database path with different value: C:\Users\E-AY\.stmcufinder\plugins\mcufinder/ => C:\Users\E-AY\.stmcufinder\plugins\mcufinder
2023-11-07 14:24:17,834 [INFO] DbMcusAds:125 - Set database path to: C:\Users\E-AY\.stmcufinder\plugins\mcufinder//mcu/
2023-11-07 14:24:17,834 [WARN] DbFile:41 - Overriding database path with different value: C:\Users\E-AY\.stmcufinder\plugins\mcufinder/ => C:\Users\E-AY\.stmcufinder\plugins\mcufinder
2023-11-07 14:24:17,834 [WARN] DbFile:41 - Overriding database path with different value: C:\Users\E-AY\.stmcufinder\plugins\mcufinder/ => C:\Users\E-AY\.stmcufinder\plugins\mcufinder
2023-11-07 14:24:17,834 [INFO] CrossReferenceDbSqlite:203 - Set database path to: C:\Users\E-AY\.stmcufinder\plugins\mcufinder//mcu/cs/
2023-11-07 14:24:17,944 [INFO] MainPanel:262 - HeapMemory: 268435456
2023-11-07 14:24:18,053 [INFO] DbMcusXml:78 - Set database path to: C:\ST\STM32CubeIDE_1.13.2\STM32CubeIDE\plugins\com.st.stm32cube.common.mx_6.9.2.202309101412\\db\/mcu/
2023-11-07 14:24:18,069 [INFO] ApiDb:274 - Set plugin database path to: C:\ST\STM32CubeIDE_1.13.2\STM32CubeIDE\plugins\com.st.stm32cube.common.mx_6.9.2.202309101412\\db\/plugins/boardmanager/
2023-11-07 14:24:18,069 [INFO] ApiDb:261 - Set plugin images path to: C:\ST\STM32CubeIDE_1.13.2\STM32CubeIDE\plugins\com.st.stm32cube.common.mx_6.9.2.202309101412\\db\/plugins/mcufinder/images/
2023-11-07 14:24:18,069 [WARN] DbFile:41 - Overriding database path with different value: C:\Users\E-AY\.stmcufinder\plugins\mcufinder/ => C:\Users\E-AY\.stmcufinder\plugins\mcufinder
2023-11-07 14:24:18,069 [INFO] ApiDb:250 - Set database path to: C:\Users\E-AY\.stmcufinder\plugins\mcufinder//mcu/
2023-11-07 14:24:18,069 [WARN] DbFile:41 - Overriding database path with different value: C:\Users\E-AY\.stmcufinder\plugins\mcufinder/ => C:\Users\E-AY\.stmcufinder\plugins\mcufinder
2023-11-07 14:24:18,069 [INFO] DbMcusAds:125 - Set database path to: C:\Users\E-AY\.stmcufinder\plugins\mcufinder//mcu/
2023-11-07 14:24:18,069 [WARN] DbFile:41 - Overriding database path with different value: C:\Users\E-AY\.stmcufinder\plugins\mcufinder/ => C:\Users\E-AY\.stmcufinder\plugins\mcufinder
2023-11-07 14:24:18,069 [WARN] DbFile:41 - Overriding database path with different value: C:\Users\E-AY\.stmcufinder\plugins\mcufinder/ => C:\Users\E-AY\.stmcufinder\plugins\mcufinder
2023-11-07 14:24:18,069 [INFO] CrossReferenceDbSqlite:203 - Set database path to: C:\Users\E-AY\.stmcufinder\plugins\mcufinder//mcu/cs/
2023-11-07 14:24:18,085 [INFO] ApplicationProperties:184 - Using Application install path: C:\ST\STM32CubeIDE_1.13.2\STM32CubeIDE\plugins\com.st.stm32cube.common.mx_6.9.2.202309101412
2023-11-07 14:24:18,085 [INFO] PluginManage:196 - Search for loadable plugins [exclusion list=, ]
2023-11-07 14:24:18,085 [INFO] PluginManage:310 - Check plugin analytics
2023-11-07 14:24:18,351 [INFO] AnalyticsPlugin:253 - Accepted Software Licenses: 
2023-11-07 14:24:18,351 [INFO] AnalyticsPlugin:255 - Accepted CMSIS Pack Licenses: 
2023-11-07 14:24:18,351 [INFO] AnalyticsPlugin:257 - Accepted Firmware Licenses: 
2023-11-07 14:24:18,351 [INFO] PluginManage:359 - Loaded plugin analytics (category:tool,tabindex:-1)
2023-11-07 14:24:18,351 [INFO] PluginManage:310 - Check plugin cadmodel
2023-11-07 14:24:18,367 [INFO] CADModel:105 - Init CAD model plugin
2023-11-07 14:24:18,367 [INFO] PluginManage:359 - Loaded plugin cadmodel (category:power,tabindex:5)
2023-11-07 14:24:18,367 [INFO] PluginManage:310 - Check plugin clock
2023-11-07 14:24:18,398 [INFO] PluginManage:359 - Loaded plugin clock (category:base,tabindex:2)
2023-11-07 14:24:18,398 [INFO] PluginManage:310 - Check plugin ddr
2023-11-07 14:24:18,400 [INFO] PluginManage:359 - Loaded plugin ddr (category:tool,tabindex:6)
2023-11-07 14:24:18,400 [INFO] PluginManage:310 - Check plugin filemanager
2023-11-07 14:24:18,555 [INFO] PluginManage:359 - Loaded plugin filemanager (category:base,tabindex:10)
2023-11-07 14:24:18,555 [INFO] PluginManage:310 - Check plugin ipmanager
2023-11-07 14:24:18,570 [INFO] PluginManage:359 - Loaded plugin ipmanager (category:base,tabindex:5)
2023-11-07 14:24:18,570 [INFO] PluginManage:310 - Check plugin lpbam
2023-11-07 14:24:18,585 [INFO] PluginManage:359 - Loaded plugin lpbam (category:base,tabindex:0)
2023-11-07 14:24:18,585 [INFO] PluginManage:310 - Check plugin memorymap
2023-11-07 14:24:18,617 [INFO] PluginManage:359 - Loaded plugin memorymap (category:base,tabindex:4)
2023-11-07 14:24:18,617 [INFO] PluginManage:310 - Check plugin pinoutandconfiguration
2023-11-07 14:24:18,633 [INFO] PluginManage:359 - Loaded plugin pinoutandconfiguration (category:base,tabindex:1)
2023-11-07 14:24:18,633 [INFO] PluginManage:310 - Check plugin pinoutconfig
2023-11-07 14:24:18,758 [WARN] SupportedApi:132 - Cannot load RTOS API schema: s4s-elt-must-match.1: The content of 'definitions' must match (annotation?, (simpleType | complexType)?, (unique | key | keyref)*)). A problem was found starting at: attribute.
2023-11-07 14:24:18,962 [INFO] PluginManage:359 - Loaded plugin pinoutconfig (category:base,tabindex:0)
2023-11-07 14:24:18,962 [INFO] PluginManage:310 - Check plugin power
2023-11-07 14:24:18,978 [INFO] PluginManage:359 - Loaded plugin power (category:power,tabindex:4)
2023-11-07 14:24:18,978 [INFO] PluginManage:310 - Check plugin projectmanager
2023-11-07 14:24:19,006 [INFO] PluginManage:359 - Loaded plugin projectmanager (category:projectmanager,tabindex:3)
2023-11-07 14:24:19,006 [INFO] PluginManage:310 - Check plugin thirdparty
2023-11-07 14:24:19,335 [INFO] PluginManage:359 - Loaded plugin thirdparty (category:base,tabindex:-1)
2023-11-07 14:24:19,335 [INFO] PluginManage:310 - Check plugin tools
2023-11-07 14:24:19,335 [WARN] IntegrityCheckThread:84 - waiting for thirdparty lock release [integrity check]
2023-11-07 14:24:19,335 [INFO] IntegrityCheckThread:86 - entering critical section [integrity check]
2023-11-07 14:24:19,335 [INFO] ThirdPartyUpdaterWithRetryManager:70 - Updater plugin not ready yet. [1/15]
2023-11-07 14:24:19,382 [INFO] PluginManage:359 - Loaded plugin tools (category:base,tabindex:7)
2023-11-07 14:24:19,382 [INFO] PluginManage:310 - Check plugin tutovideos
2023-11-07 14:24:19,633 [INFO] PluginManage:359 - Loaded plugin tutovideos (category:base,tabindex:-1)
2023-11-07 14:24:19,633 [INFO] PluginManage:310 - Check plugin updater
2023-11-07 14:24:19,649 [INFO] PluginManage:359 - Loaded plugin updater (category:base,tabindex:12)
2023-11-07 14:24:19,649 [INFO] PluginManage:310 - Check plugin userauth
2023-11-07 14:24:19,664 [INFO] UserAuth:113 - Init User Auth plugin
2023-11-07 14:24:19,664 [INFO] PluginManage:359 - Loaded plugin userauth (category:base,tabindex:14)
2023-11-07 14:24:19,664 [INFO] PluginManage:283 - PluginManage : Loaded plugins [17]
2023-11-07 14:24:19,947 [INFO] PinOutPanel:1499 - setPackage(No Configuration,No Configuration)
2023-11-07 14:24:20,088 [INFO] CADModel:165 - CPN selected for project level
2023-11-07 14:24:20,088 [INFO] CADModel:114 - Register for checkConnection events
2023-11-07 14:24:20,119 [INFO] IPUIPlugin:80 - create IPUIPlugin
2023-11-07 14:24:20,119 [INFO] PluginManager:220 - loadIPPluginJar : add adc
2023-11-07 14:24:20,166 [INFO] IPUIPlugin:80 - create IPUIPlugin
2023-11-07 14:24:20,166 [INFO] PluginManager:220 - loadIPPluginJar : add aes
2023-11-07 14:24:20,213 [INFO] IPUIPlugin:80 - create IPUIPlugin
2023-11-07 14:24:20,213 [INFO] PluginManager:220 - loadIPPluginJar : add can
2023-11-07 14:24:20,229 [INFO] IPUIPlugin:80 - create IPUIPlugin
2023-11-07 14:24:20,229 [INFO] PluginManager:220 - loadIPPluginJar : add comp
2023-11-07 14:24:20,276 [INFO] IPUIPlugin:80 - create IPUIPlugin
2023-11-07 14:24:20,276 [INFO] PluginManager:220 - loadIPPluginJar : add cryp
2023-11-07 14:24:20,307 [INFO] IPUIPlugin:80 - create IPUIPlugin
2023-11-07 14:24:20,307 [INFO] PluginManager:220 - loadIPPluginJar : add dfsdm
2023-11-07 14:24:20,323 [INFO] IPUIPlugin:80 - create IPUIPlugin
2023-11-07 14:24:20,323 [INFO] PluginManager:220 - loadIPPluginJar : add dma
2023-11-07 14:24:20,370 [INFO] IPUIPlugin:80 - create IPUIPlugin
2023-11-07 14:24:20,370 [INFO] PluginManager:220 - loadIPPluginJar : add dma3
2023-11-07 14:24:20,404 [INFO] IPUIPlugin:80 - create IPUIPlugin
2023-11-07 14:24:20,404 [INFO] PluginManager:220 - loadIPPluginJar : add fatfs
2023-11-07 14:24:20,448 [INFO] IPUIPlugin:80 - create IPUIPlugin
2023-11-07 14:24:20,448 [INFO] PluginManager:220 - loadIPPluginJar : add fmc
2023-11-07 14:24:20,464 [INFO] IPUIPlugin:80 - create IPUIPlugin
2023-11-07 14:24:20,464 [INFO] PluginManager:220 - loadIPPluginJar : add freertos
2023-11-07 14:24:20,495 [INFO] IPUIPlugin:80 - create IPUIPlugin
2023-11-07 14:24:20,495 [INFO] PluginManager:220 - loadIPPluginJar : add genericplugin
2023-11-07 14:24:20,605 [INFO] IPUIPlugin:80 - create IPUIPlugin
2023-11-07 14:24:20,605 [INFO] PluginManager:220 - loadIPPluginJar : add gfxmmu
2023-11-07 14:24:20,746 [INFO] IPUIPlugin:80 - create IPUIPlugin
2023-11-07 14:24:20,746 [INFO] PluginManager:220 - loadIPPluginJar : add gic
2023-11-07 14:24:20,762 [INFO] IPUIPlugin:80 - create IPUIPlugin
2023-11-07 14:24:20,762 [INFO] PluginManager:220 - loadIPPluginJar : add gpio
2023-11-07 14:24:20,887 [INFO] IPUIPlugin:80 - create IPUIPlugin
2023-11-07 14:24:20,887 [INFO] PluginManager:220 - loadIPPluginJar : add gtzc
2023-11-07 14:24:20,919 [INFO] IPUIPlugin:80 - create IPUIPlugin
2023-11-07 14:24:20,919 [INFO] PluginManager:220 - loadIPPluginJar : add hash
2023-11-07 14:24:20,981 [INFO] IPUIPlugin:80 - create IPUIPlugin
2023-11-07 14:24:20,981 [INFO] PluginManager:220 - loadIPPluginJar : add i2c
2023-11-07 14:24:21,029 [INFO] IPUIPlugin:80 - create IPUIPlugin
2023-11-07 14:24:21,029 [INFO] PluginManager:220 - loadIPPluginJar : add i2s
2023-11-07 14:24:21,076 [INFO] IPUIPlugin:80 - create IPUIPlugin
2023-11-07 14:24:21,076 [INFO] PluginManager:220 - loadIPPluginJar : add i3c
2023-11-07 14:24:21,217 [INFO] IPUIPlugin:80 - create IPUIPlugin
2023-11-07 14:24:21,217 [INFO] PluginManager:220 - loadIPPluginJar : add ipddr
2023-11-07 14:24:21,327 [INFO] IPUIPlugin:80 - create IPUIPlugin
2023-11-07 14:24:21,327 [INFO] PluginManager:220 - loadIPPluginJar : add linkedlist
2023-11-07 14:24:21,358 [INFO] IPUIPlugin:80 - create IPUIPlugin
2023-11-07 14:24:21,358 [INFO] PluginManager:220 - loadIPPluginJar : add lorawan
2023-11-07 14:24:21,406 [INFO] IPUIPlugin:80 - create IPUIPlugin
2023-11-07 14:24:21,406 [INFO] PluginManager:220 - loadIPPluginJar : add ltdc
2023-11-07 14:24:21,421 [INFO] IPUIPlugin:80 - create IPUIPlugin
2023-11-07 14:24:21,421 [INFO] PluginManager:220 - loadIPPluginJar : add mdma
2023-11-07 14:24:21,436 [INFO] IPUIPlugin:80 - create IPUIPlugin
2023-11-07 14:24:21,436 [INFO] PluginManager:220 - loadIPPluginJar : add nvic
2023-11-07 14:24:21,483 [INFO] IPUIPlugin:80 - create IPUIPlugin
2023-11-07 14:24:21,483 [INFO] PluginManager:220 - loadIPPluginJar : add opamp
2023-11-07 14:24:21,546 [INFO] IPUIPlugin:80 - create IPUIPlugin
2023-11-07 14:24:21,546 [INFO] PluginManager:220 - loadIPPluginJar : add openamp
2023-11-07 14:24:21,593 [INFO] IPUIPlugin:80 - create IPUIPlugin
2023-11-07 14:24:21,593 [INFO] PluginManager:220 - loadIPPluginJar : add pdm2pcm
2023-11-07 14:24:21,609 [INFO] IPUIPlugin:80 - create IPUIPlugin
2023-11-07 14:24:21,609 [INFO] PluginManager:220 - loadIPPluginJar : add plateformsettings
2023-11-07 14:24:21,640 [INFO] IPUIPlugin:80 - create IPUIPlugin
2023-11-07 14:24:21,640 [INFO] PluginManager:220 - loadIPPluginJar : add quadspi
2023-11-07 14:24:21,656 [INFO] IPUIPlugin:80 - create IPUIPlugin
2023-11-07 14:24:21,656 [INFO] PluginManager:220 - loadIPPluginJar : add resmgrutility
2023-11-07 14:24:21,719 [INFO] IPUIPlugin:80 - create IPUIPlugin
2023-11-07 14:24:21,719 [INFO] PluginManager:220 - loadIPPluginJar : add sai
2023-11-07 14:24:21,750 [INFO] IPUIPlugin:80 - create IPUIPlugin
2023-11-07 14:24:21,750 [INFO] PluginManager:220 - loadIPPluginJar : add spi
2023-11-07 14:24:21,829 [INFO] IPUIPlugin:80 - create IPUIPlugin
2023-11-07 14:24:21,829 [INFO] PluginManager:220 - loadIPPluginJar : add stm32_wpan
2023-11-07 14:24:21,860 [INFO] IPUIPlugin:80 - create IPUIPlugin
2023-11-07 14:24:21,860 [INFO] PluginManager:220 - loadIPPluginJar : add tim
2023-11-07 14:24:21,922 [INFO] IPUIPlugin:80 - create IPUIPlugin
2023-11-07 14:24:21,922 [INFO] PluginManager:220 - loadIPPluginJar : add touchsensing
2023-11-07 14:24:21,938 [INFO] IPUIPlugin:80 - create IPUIPlugin
2023-11-07 14:24:21,938 [INFO] PluginManager:220 - loadIPPluginJar : add tracer_emb
2023-11-07 14:24:21,969 [INFO] IPUIPlugin:80 - create IPUIPlugin
2023-11-07 14:24:21,969 [INFO] PluginManager:220 - loadIPPluginJar : add ts
2023-11-07 14:24:22,000 [INFO] IPUIPlugin:80 - create IPUIPlugin
2023-11-07 14:24:22,000 [INFO] PluginManager:220 - loadIPPluginJar : add tsc
2023-11-07 14:24:22,016 [INFO] IPUIPlugin:80 - create IPUIPlugin
2023-11-07 14:24:22,016 [INFO] PluginManager:220 - loadIPPluginJar : add ucpd
2023-11-07 14:24:22,079 [INFO] IPUIPlugin:80 - create IPUIPlugin
2023-11-07 14:24:22,079 [INFO] PluginManager:220 - loadIPPluginJar : add usart
2023-11-07 14:24:22,126 [INFO] IPUIPlugin:80 - create IPUIPlugin
2023-11-07 14:24:22,126 [INFO] PluginManager:220 - loadIPPluginJar : add usbx
2023-11-07 14:24:22,273 [INFO] CADModel:165 - CPN selected for project level
2023-11-07 14:24:22,273 [INFO] CADModel:114 - Register for checkConnection events
2023-11-07 14:24:22,273 [FATAL] Updater:308 - Updater called before beeing initialized
2023-11-07 14:24:22,273 [ERROR] CADModel:125 - Updater not yet initialized, retry later 
2023-11-07 14:24:22,345 [INFO] ThirdPartyUpdaterWithRetryManager:70 - Updater plugin not ready yet. [2/15]
2023-11-07 14:24:22,480 [INFO] CADModel:165 - CPN selected for project level
2023-11-07 14:24:22,480 [INFO] CADModel:114 - Register for checkConnection events
2023-11-07 14:24:22,480 [FATAL] Updater:308 - Updater called before beeing initialized
2023-11-07 14:24:22,480 [ERROR] CADModel:125 - Updater not yet initialized, retry later 
2023-11-07 14:24:22,480 [FATAL] Updater:308 - Updater called before beeing initialized
2023-11-07 14:24:22,607 [FATAL] Updater:308 - Updater called before beeing initialized
2023-11-07 14:24:22,621 [INFO] DbMcusAds:53 - JSON generation date=Tue Mar 07 11:50:55 TRT 2023 (1678179055335)
2023-11-07 14:24:22,621 [FATAL] Updater:308 - Updater called before beeing initialized
2023-11-07 14:24:22,715 [WARN] DetailPanel:346 - Failed to get advertising image, set to default
2023-11-07 14:24:22,862 [FATAL] Updater:308 - Updater called before beeing initialized
2023-11-07 14:24:22,862 [FATAL] Updater:308 - Updater called before beeing initialized
2023-11-07 14:24:22,862 [FATAL] Updater:308 - Updater called before beeing initialized
2023-11-07 14:24:22,862 [WARN] DetailPanel:346 - Failed to get advertising image, set to default
2023-11-07 14:24:22,862 [FATAL] Updater:308 - Updater called before beeing initialized
2023-11-07 14:24:22,954 [ERROR] Updater:1120 - MainUpdater not yet initialized. External WinMGr cannot be set.
2023-11-07 14:24:22,969 [INFO] Updater:1056 - Updater Version found : 6.9.2
2023-11-07 14:24:22,985 [INFO] ApplicationProperties:184 - Using Application install path: C:\ST\STM32CubeIDE_1.13.2\STM32CubeIDE\plugins\com.st.stm32cube.common.mx_6.9.2.202309101412
2023-11-07 14:24:23,158 [INFO] MainUpdater:2868 - connection check result : 10
2023-11-07 14:24:23,158 [INFO] MainUpdater:285 - Updater Check For Update Now.
2023-11-07 14:24:23,158 [INFO] MicroXplorer:498 - Change Database Version : DB.6.0.92
2023-11-07 14:24:23,181 [INFO] McuFinderGlobals:63 - Set McuFinder mode to 2 (CubeIDE integrated)
2023-11-07 14:24:23,181 [INFO] UserAuth:179 - activating auth plugin
2023-11-07 14:24:23,194 [INFO] UserAuth:393 - Internet connection configuration mode: 1
2023-11-07 14:24:23,226 [INFO] JxBrowserEngine:151 - Initiate JxBrowser Engine with user profile folder
2023-11-07 14:24:23,420 [INFO] CheckServerUpdateThread:120 - End of CheckServer Thread
2023-11-07 14:24:25,783 [WARN] PackLoader:240 - Cannot read IP mode file for STMicroelectronics.X-CUBE-SMBUS.2.1.0
2023-11-07 14:24:25,868 [WARN] PackLoader:240 - Cannot read IP mode file for STMicroelectronics.X-CUBE-AZRTOS-F7.1.1.0
2023-11-07 14:24:25,899 [WARN] PackLoader:240 - Cannot read IP mode file for STMicroelectronics.FP-SNS-MOTENV1.4.3.2
2023-11-07 14:24:25,931 [WARN] PackLoader:240 - Cannot read IP mode file for STMicroelectronics.FP-SNS-FLIGHT1.5.0.2
2023-11-07 14:24:25,962 [WARN] PackLoader:240 - Cannot read IP mode file for STMicroelectronics.X-CUBE-DISPLAY.3.0.0
2023-11-07 14:24:26,009 [WARN] PackLoader:240 - Cannot read IP mode file for STMicroelectronics.X-CUBE-BLE1.7.0.0
2023-11-07 14:24:26,040 [WARN] PackLoader:240 - Cannot read IP mode file for emotas.I-CUBE-CANOPEN.1.3.0
2023-11-07 14:24:26,103 [INFO] LogOutputStream:77 - [STDOUT_REDIRECT] 1 : Invalid condition id : UX_CORESTACK_Condition cause : null
2023-11-07 14:24:26,103 [INFO] LogOutputStream:77 - [STDOUT_REDIRECT] 1 : Invalid condition id : UX_CORESTACK_Condition cause : null
2023-11-07 14:24:26,114 [INFO] LogOutputStream:77 - [STDOUT_REDIRECT] 1 : Invalid condition id : UX_CORESTACK_Condition cause : null
2023-11-07 14:24:26,119 [INFO] LogOutputStream:77 - [STDOUT_REDIRECT] 1 : Invalid condition id : UX_CORESTACK_Condition cause : null
2023-11-07 14:24:26,119 [INFO] LogOutputStream:77 - [STDOUT_REDIRECT] 1 : Invalid condition id : UX_CORESTACK_Condition cause : null
2023-11-07 14:24:26,119 [WARN] PackLoader:240 - Cannot read IP mode file for STMicroelectronics.X-CUBE-AZRTOS-WL.2.0.0
2023-11-07 14:24:26,155 [WARN] PackLoader:240 - Cannot read IP mode file for WES.I-CUBE-Cesium.1.3.0
2023-11-07 14:24:26,186 [WARN] PackLoader:240 - Cannot read IP mode file for STMicroelectronics.X-CUBE-BLE2.3.3.0
2023-11-07 14:24:26,231 [WARN] PackLoader:240 - Cannot read IP mode file for STMicroelectronics.X-CUBE-ALGOBUILD.1.3.0
2023-11-07 14:24:26,277 [WARN] PackLoader:240 - Cannot read IP mode file for STMicroelectronics.X-CUBE-AZRTOS-G0.1.1.0
2023-11-07 14:24:26,316 [WARN] PackLoader:240 - Cannot read IP mode file for STMicroelectronics.X-CUBE-NFC4.3.0.0
2023-11-07 14:24:26,374 [WARN] PackLoader:240 - Cannot read IP mode file for STMicroelectronics.X-CUBE-BLEMGR.3.0.0
2023-11-07 14:24:26,390 [INFO] WebApp:157 - Instantiating new browser for Auth
2023-11-07 14:24:26,415 [WARN] PackLoader:240 - Cannot read IP mode file for STMicroelectronics.FP-ATR-SIGFOX1.3.2.0
2023-11-07 14:24:26,499 [WARN] PackLoader:240 - Cannot read IP mode file for SEGGER.I-CUBE-embOS.1.3.1
2023-11-07 14:24:26,615 [WARN] PackLoader:240 - Cannot read IP mode file for STMicroelectronics.X-CUBE-GNSS1.6.0.0
2023-11-07 14:24:26,655 [WARN] PackLoader:240 - Cannot read IP mode file for STMicroelectronics.X-CUBE-AZRTOS-F4.1.1.0
2023-11-07 14:24:26,720 [WARN] PackLoader:240 - Cannot read IP mode file for STMicroelectronics.X-CUBE-AZRTOS-L5.2.0.0
2023-11-07 14:24:26,840 [WARN] PackLoader:240 - Cannot read IP mode file for STMicroelectronics.X-CUBE-MEMS1.9.6.0
2023-11-07 14:24:27,253 [WARN] PackLoader:240 - Cannot read IP mode file for STMicroelectronics.X-CUBE-EEPRMA1.4.2.0
2023-11-07 14:24:27,269 [WARN] PackLoader:240 - Cannot read IP mode file for ITTIA_DB.I-CUBE-ITTIADB.8.8.0
2023-11-07 14:24:27,284 [WARN] PackLoader:240 - Cannot read IP mode file for STMicroelectronics.X-CUBE-BLEMGR.2.0.0
2023-11-07 14:24:27,349 [WARN] ConditionMgr:438 - getConditionDescription Invalid condition id : UX DEVICE CLASS RTOS Condition cause : null
2023-11-07 14:24:27,349 [WARN] ConditionMgr:438 - getConditionDescription Invalid condition id : UX DEVICE CLASS RTOS Condition cause : null
2023-11-07 14:24:27,349 [WARN] PackLoader:240 - Cannot read IP mode file for STMicroelectronics.X-CUBE-AZRTOS-H7.3.1.0
2023-11-07 14:24:27,349 [WARN] ConditionMgr:1039 - genDependencies : Invalid condition id : UX DEVICE CLASS RTOS Condition cause : null
2023-11-07 14:24:27,349 [WARN] ConditionMgr:1039 - genDependencies : Invalid condition id : UX DEVICE CLASS RTOS Condition cause : null
2023-11-07 14:24:27,349 [WARN] ConditionMgr:1039 - genDependencies : Invalid condition id : UX DEVICE CLASS RTOS Condition cause : null
2023-11-07 14:24:27,349 [WARN] ConditionMgr:1039 - genDependencies : Invalid condition id : UX DEVICE CLASS RTOS Condition cause : null
2023-11-07 14:24:27,349 [WARN] ConditionMgr:1039 - genDependencies : Invalid condition id : UX DEVICE CLASS RTOS Condition cause : null
2023-11-07 14:24:27,384 [WARN] PackLoader:240 - Cannot read IP mode file for STMicroelectronics.X-CUBE-NFC7.1.0.1
2023-11-07 14:24:27,411 [WARN] PackLoader:240 - Cannot read IP mode file for STMicroelectronics.X-CUBE-EEPRMA1.4.1.0
2023-11-07 14:24:27,433 [WARN] PackLoader:240 - Cannot read IP mode file for STMicroelectronics.X-CUBE-AI.8.1.0
2023-11-07 14:24:27,488 [WARN] ConditionMgr:438 - getConditionDescription Invalid condition id : LAN8742 Phy interface Condition cause : null
2023-11-07 14:24:27,489 [WARN] PackLoader:240 - Cannot read IP mode file for STMicroelectronics.X-CUBE-AZRTOS-L4.2.0.0
2023-11-07 14:24:27,492 [WARN] ConditionMgr:1039 - genDependencies : Invalid condition id : LAN8742 Phy interface Condition cause : null
2023-11-07 14:24:27,493 [WARN] ConditionMgr:1039 - genDependencies : Invalid condition id : LAN8742 Phy interface Condition cause : null
2023-11-07 14:24:27,494 [WARN] ConditionMgr:1039 - genDependencies : Invalid condition id : LAN8742 Phy interface Condition cause : null
2023-11-07 14:24:27,521 [WARN] PackLoader:240 - Cannot read IP mode file for STMicroelectronics.X-CUBE-SFXS2LP1.4.0.0
2023-11-07 14:24:27,543 [WARN] PackLoader:240 - Cannot read IP mode file for STMicroelectronics.X-CUBE-ISPU.1.1.0
2023-11-07 14:24:27,585 [WARN] ConditionMgr:438 - getConditionDescription Invalid condition id : UX DEVICE CLASS RTOS Condition cause : null
2023-11-07 14:24:27,585 [WARN] ConditionMgr:438 - getConditionDescription Invalid condition id : UX DEVICE CLASS RTOS Condition cause : null
2023-11-07 14:24:27,589 [WARN] PackLoader:240 - Cannot read IP mode file for STMicroelectronics.X-CUBE-AZRTOS-WB.2.0.0
2023-11-07 14:24:27,590 [WARN] ConditionMgr:1039 - genDependencies : Invalid condition id : UX DEVICE CLASS RTOS Condition cause : null
2023-11-07 14:24:27,590 [WARN] ConditionMgr:1039 - genDependencies : Invalid condition id : UX DEVICE CLASS RTOS Condition cause : null
2023-11-07 14:24:27,591 [WARN] ConditionMgr:1039 - genDependencies : Invalid condition id : UX DEVICE CLASS RTOS Condition cause : null
2023-11-07 14:24:27,591 [WARN] ConditionMgr:1039 - genDependencies : Invalid condition id : UX DEVICE CLASS RTOS Condition cause : null
2023-11-07 14:24:27,592 [WARN] ConditionMgr:1039 - genDependencies : Invalid condition id : UX DEVICE CLASS RTOS Condition cause : null
2023-11-07 14:24:27,619 [WARN] PackLoader:240 - Cannot read IP mode file for STMicroelectronics.X-CUBE-SUBG2.5.0.0
2023-11-07 14:24:27,660 [WARN] PackLoader:240 - Cannot read IP mode file for STMicroelectronics.X-CUBE-TOF1.3.3.1
2023-11-07 14:24:27,706 [WARN] PackLoader:240 - Cannot read IP mode file for STMicroelectronics.X-CUBE-AZRTOS-G4.2.0.0
2023-11-07 14:24:27,737 [WARN] PackLoader:240 - Cannot read IP mode file for Infineon.AIROC-Wi-Fi-Bluetooth-STM32.1.5.1
2023-11-07 14:24:27,821 [WARN] PackLoader:240 - Cannot read IP mode file for STMicroelectronics.X-CUBE-MEMS1.10.0.0
2023-11-07 14:24:27,832 [INFO] WebApp:753 - Register for checkConnection events
2023-11-07 14:24:27,832 [INFO] WebApp:390 - Apply proxy settings
2023-11-07 14:24:27,833 [INFO] WebApp:475 - Chromium requires no authentication
2023-11-07 14:24:27,846 [INFO] WebApp:418 - Direct internet connection detected
2023-11-07 14:24:27,998 [WARN] PackLoader:240 - Cannot read IP mode file for STMicroelectronics.X-CUBE-FREERTOS.1.1.0
2023-11-07 14:24:28,017 [WARN] PackLoader:240 - Cannot read IP mode file for portGmbH.I-Cube-SoM-uGOAL.1.1.0
2023-11-07 14:24:28,029 [WARN] PackLoader:240 - Cannot read IP mode file for STMicroelectronics.X-CUBE-ALS.1.0.1
2023-11-07 14:24:28,045 [WARN] PackLoader:240 - Cannot read IP mode file for STMicroelectronics.FP-ATR-ASTRA1.2.0.0
2023-11-07 14:24:28,045 [INFO] ThirdParty:978 - Integrity check success = true
2023-11-07 14:24:28,045 [INFO] IntegrityCheckThread:100 - exiting critical section [integrity check]
2023-11-07 14:24:28,045 [INFO] IntegrityCheckThread:103 - End integrity checks thread
2023-11-07 14:24:28,186 [INFO] WebApp:188 - Starting web application
2023-11-07 14:24:28,186 [INFO] WebApp:520 - Web application path used C:\ST\STM32CubeIDE_1.13.2\STM32CubeIDE\plugins\com.st.stm32cube.common.mx_6.9.2.202309101412\db\plugins\mcufinder\reactClient1\index.html
2023-11-07 14:24:49,468 [ERROR] LogOutputStream:75 - [STDERR_REDIRECT] SLF4J: Failed to load class "org.slf4j.impl.StaticLoggerBinder".
2023-11-07 14:24:49,468 [ERROR] LogOutputStream:75 - [STDERR_REDIRECT] SLF4J: Defaulting to no-operation (NOP) logger implementation
2023-11-07 14:24:49,471 [ERROR] LogOutputStream:75 - [STDERR_REDIRECT] SLF4J: See http://www.slf4j.org/codes.html#StaticLoggerBinder for further details.
2023-11-07 16:52:38,139 [ERROR] LogOutputStream:75 - [STDERR_REDIRECT] 
2023-11-07 16:52:50,785 [INFO] Activator:176 - 


2023-11-07 16:52:50,788 [INFO] Activator:177 - !SESSION log4j initialized
2023-11-07 16:52:55,948 [INFO] LogOutputStream:77 - [STDOUT_REDIRECT] 
2023-11-07 16:53:00,371 [INFO] ApplicationProperties:184 - Using Application install path: C:\ST\STM32CubeIDE_1.13.2\STM32CubeIDE\plugins\com.st.stm32cube.common.mx_6.9.2.202309101412
2023-11-07 16:53:00,398 [INFO] DbMcusXml:78 - Set database path to: C:\ST\STM32CubeIDE_1.13.2\STM32CubeIDE\plugins\com.st.stm32cube.common.mx_6.9.2.202309101412\\db\/mcu/
2023-11-07 16:53:00,399 [INFO] ApiDb:274 - Set plugin database path to: C:\ST\STM32CubeIDE_1.13.2\STM32CubeIDE\plugins\com.st.stm32cube.common.mx_6.9.2.202309101412\\db\/plugins/boardmanager/
2023-11-07 16:53:00,399 [WARN] ApiDb:259 - Overriding images path with different value:  => C:\ST\STM32CubeIDE_1.13.2\STM32CubeIDE\plugins\com.st.stm32cube.common.mx_6.9.2.202309101412\\db\/plugins/mcufinder/images/
2023-11-07 16:53:00,413 [INFO] ApiDb:250 - Set database path to: C:\Users\E-AY\.stmcufinder\plugins\mcufinder//mcu/
2023-11-07 16:53:00,416 [INFO] DbMcusAds:125 - Set database path to: C:\Users\E-AY\.stmcufinder\plugins\mcufinder//mcu/
2023-11-07 16:53:00,421 [INFO] CrossReferenceDbSqlite:203 - Set database path to: C:\Users\E-AY\.stmcufinder\plugins\mcufinder//mcu/cs/
2023-11-07 16:53:00,570 [INFO] RulesReader:64 - Compatibility file has been processed (293 Rules)
2023-11-07 16:53:00,678 [INFO] DbMcusXml:78 - Set database path to: C:\ST\STM32CubeIDE_1.13.2\STM32CubeIDE\plugins\com.st.stm32cube.common.mx_6.9.2.202309101412\\db\/mcu/
2023-11-07 16:53:00,678 [INFO] ApiDb:274 - Set plugin database path to: C:\ST\STM32CubeIDE_1.13.2\STM32CubeIDE\plugins\com.st.stm32cube.common.mx_6.9.2.202309101412\\db\/plugins/boardmanager/
2023-11-07 16:53:00,679 [INFO] ApiDb:261 - Set plugin images path to: C:\ST\STM32CubeIDE_1.13.2\STM32CubeIDE\plugins\com.st.stm32cube.common.mx_6.9.2.202309101412\\db\/plugins/mcufinder/images/
2023-11-07 16:53:00,679 [WARN] DbFile:41 - Overriding database path with different value: C:\Users\E-AY\.stmcufinder\plugins\mcufinder/ => C:\Users\E-AY\.stmcufinder\plugins\mcufinder
2023-11-07 16:53:00,679 [INFO] ApiDb:250 - Set database path to: C:\Users\E-AY\.stmcufinder\plugins\mcufinder//mcu/
2023-11-07 16:53:00,679 [WARN] DbFile:41 - Overriding database path with different value: C:\Users\E-AY\.stmcufinder\plugins\mcufinder/ => C:\Users\E-AY\.stmcufinder\plugins\mcufinder
2023-11-07 16:53:00,679 [INFO] DbMcusAds:125 - Set database path to: C:\Users\E-AY\.stmcufinder\plugins\mcufinder//mcu/
2023-11-07 16:53:00,679 [WARN] DbFile:41 - Overriding database path with different value: C:\Users\E-AY\.stmcufinder\plugins\mcufinder/ => C:\Users\E-AY\.stmcufinder\plugins\mcufinder
2023-11-07 16:53:00,680 [WARN] DbFile:41 - Overriding database path with different value: C:\Users\E-AY\.stmcufinder\plugins\mcufinder/ => C:\Users\E-AY\.stmcufinder\plugins\mcufinder
2023-11-07 16:53:00,680 [INFO] CrossReferenceDbSqlite:203 - Set database path to: C:\Users\E-AY\.stmcufinder\plugins\mcufinder//mcu/cs/
2023-11-07 16:53:00,783 [INFO] MainPanel:262 - HeapMemory: 268435456
2023-11-07 16:53:00,913 [INFO] DbMcusXml:78 - Set database path to: C:\ST\STM32CubeIDE_1.13.2\STM32CubeIDE\plugins\com.st.stm32cube.common.mx_6.9.2.202309101412\\db\/mcu/
2023-11-07 16:53:00,913 [INFO] ApiDb:274 - Set plugin database path to: C:\ST\STM32CubeIDE_1.13.2\STM32CubeIDE\plugins\com.st.stm32cube.common.mx_6.9.2.202309101412\\db\/plugins/boardmanager/
2023-11-07 16:53:00,913 [INFO] ApiDb:261 - Set plugin images path to: C:\ST\STM32CubeIDE_1.13.2\STM32CubeIDE\plugins\com.st.stm32cube.common.mx_6.9.2.202309101412\\db\/plugins/mcufinder/images/
2023-11-07 16:53:00,914 [WARN] DbFile:41 - Overriding database path with different value: C:\Users\E-AY\.stmcufinder\plugins\mcufinder/ => C:\Users\E-AY\.stmcufinder\plugins\mcufinder
2023-11-07 16:53:00,914 [INFO] ApiDb:250 - Set database path to: C:\Users\E-AY\.stmcufinder\plugins\mcufinder//mcu/
2023-11-07 16:53:00,914 [WARN] DbFile:41 - Overriding database path with different value: C:\Users\E-AY\.stmcufinder\plugins\mcufinder/ => C:\Users\E-AY\.stmcufinder\plugins\mcufinder
2023-11-07 16:53:00,914 [INFO] DbMcusAds:125 - Set database path to: C:\Users\E-AY\.stmcufinder\plugins\mcufinder//mcu/
2023-11-07 16:53:00,914 [WARN] DbFile:41 - Overriding database path with different value: C:\Users\E-AY\.stmcufinder\plugins\mcufinder/ => C:\Users\E-AY\.stmcufinder\plugins\mcufinder
2023-11-07 16:53:00,914 [WARN] DbFile:41 - Overriding database path with different value: C:\Users\E-AY\.stmcufinder\plugins\mcufinder/ => C:\Users\E-AY\.stmcufinder\plugins\mcufinder
2023-11-07 16:53:00,914 [INFO] CrossReferenceDbSqlite:203 - Set database path to: C:\Users\E-AY\.stmcufinder\plugins\mcufinder//mcu/cs/
2023-11-07 16:53:00,942 [INFO] ApplicationProperties:184 - Using Application install path: C:\ST\STM32CubeIDE_1.13.2\STM32CubeIDE\plugins\com.st.stm32cube.common.mx_6.9.2.202309101412
2023-11-07 16:53:00,945 [INFO] PluginManage:196 - Search for loadable plugins [exclusion list=, ]
2023-11-07 16:53:00,948 [INFO] PluginManage:310 - Check plugin analytics
2023-11-07 16:53:01,278 [INFO] AnalyticsPlugin:253 - Accepted Software Licenses: 
2023-11-07 16:53:01,278 [INFO] AnalyticsPlugin:255 - Accepted CMSIS Pack Licenses: 
2023-11-07 16:53:01,278 [INFO] AnalyticsPlugin:257 - Accepted Firmware Licenses: 
2023-11-07 16:53:01,283 [INFO] PluginManage:359 - Loaded plugin analytics (category:tool,tabindex:-1)
2023-11-07 16:53:01,284 [INFO] PluginManage:310 - Check plugin cadmodel
2023-11-07 16:53:01,291 [INFO] CADModel:105 - Init CAD model plugin
2023-11-07 16:53:01,291 [INFO] PluginManage:359 - Loaded plugin cadmodel (category:power,tabindex:5)
2023-11-07 16:53:01,291 [INFO] PluginManage:310 - Check plugin clock
2023-11-07 16:53:01,305 [INFO] PluginManage:359 - Loaded plugin clock (category:base,tabindex:2)
2023-11-07 16:53:01,305 [INFO] PluginManage:310 - Check plugin ddr
2023-11-07 16:53:01,308 [INFO] PluginManage:359 - Loaded plugin ddr (category:tool,tabindex:6)
2023-11-07 16:53:01,309 [INFO] PluginManage:310 - Check plugin filemanager
2023-11-07 16:53:01,498 [INFO] PluginManage:359 - Loaded plugin filemanager (category:base,tabindex:10)
2023-11-07 16:53:01,499 [INFO] PluginManage:310 - Check plugin ipmanager
2023-11-07 16:53:01,509 [INFO] PluginManage:359 - Loaded plugin ipmanager (category:base,tabindex:5)
2023-11-07 16:53:01,509 [INFO] PluginManage:310 - Check plugin lpbam
2023-11-07 16:53:01,519 [INFO] PluginManage:359 - Loaded plugin lpbam (category:base,tabindex:0)
2023-11-07 16:53:01,519 [INFO] PluginManage:310 - Check plugin memorymap
2023-11-07 16:53:01,536 [INFO] PluginManage:359 - Loaded plugin memorymap (category:base,tabindex:4)
2023-11-07 16:53:01,536 [INFO] PluginManage:310 - Check plugin pinoutandconfiguration
2023-11-07 16:53:01,544 [INFO] PluginManage:359 - Loaded plugin pinoutandconfiguration (category:base,tabindex:1)
2023-11-07 16:53:01,544 [INFO] PluginManage:310 - Check plugin pinoutconfig
2023-11-07 16:53:01,663 [WARN] SupportedApi:132 - Cannot load RTOS API schema: s4s-elt-must-match.1: The content of 'definitions' must match (annotation?, (simpleType | complexType)?, (unique | key | keyref)*)). A problem was found starting at: attribute.
2023-11-07 16:53:01,891 [INFO] PluginManage:359 - Loaded plugin pinoutconfig (category:base,tabindex:0)
2023-11-07 16:53:01,892 [INFO] PluginManage:310 - Check plugin power
2023-11-07 16:53:01,902 [INFO] PluginManage:359 - Loaded plugin power (category:power,tabindex:4)
2023-11-07 16:53:01,902 [INFO] PluginManage:310 - Check plugin projectmanager
2023-11-07 16:53:01,921 [INFO] PluginManage:359 - Loaded plugin projectmanager (category:projectmanager,tabindex:3)
2023-11-07 16:53:01,921 [INFO] PluginManage:310 - Check plugin thirdparty
2023-11-07 16:53:02,109 [INFO] PluginManage:359 - Loaded plugin thirdparty (category:base,tabindex:-1)
2023-11-07 16:53:02,109 [WARN] IntegrityCheckThread:84 - waiting for thirdparty lock release [integrity check]
2023-11-07 16:53:02,109 [INFO] PluginManage:310 - Check plugin tools
2023-11-07 16:53:02,109 [INFO] IntegrityCheckThread:86 - entering critical section [integrity check]
2023-11-07 16:53:02,110 [INFO] ThirdPartyUpdaterWithRetryManager:70 - Updater plugin not ready yet. [1/15]
2023-11-07 16:53:02,112 [INFO] PluginManage:359 - Loaded plugin tools (category:base,tabindex:7)
2023-11-07 16:53:02,112 [INFO] PluginManage:310 - Check plugin tutovideos
2023-11-07 16:53:02,352 [INFO] PluginManage:359 - Loaded plugin tutovideos (category:base,tabindex:-1)
2023-11-07 16:53:02,352 [INFO] PluginManage:310 - Check plugin updater
2023-11-07 16:53:02,363 [INFO] PluginManage:359 - Loaded plugin updater (category:base,tabindex:12)
2023-11-07 16:53:02,364 [INFO] PluginManage:310 - Check plugin userauth
2023-11-07 16:53:02,370 [INFO] UserAuth:113 - Init User Auth plugin
2023-11-07 16:53:02,370 [INFO] PluginManage:359 - Loaded plugin userauth (category:base,tabindex:14)
2023-11-07 16:53:02,371 [INFO] PluginManage:283 - PluginManage : Loaded plugins [17]
2023-11-07 16:53:02,649 [INFO] PinOutPanel:1499 - setPackage(No Configuration,No Configuration)
2023-11-07 16:53:02,785 [INFO] CADModel:165 - CPN selected for project level
2023-11-07 16:53:02,786 [INFO] CADModel:114 - Register for checkConnection events
2023-11-07 16:53:02,806 [INFO] IPUIPlugin:80 - create IPUIPlugin
2023-11-07 16:53:02,807 [INFO] PluginManager:220 - loadIPPluginJar : add adc
2023-11-07 16:53:02,810 [INFO] IPUIPlugin:80 - create IPUIPlugin
2023-11-07 16:53:02,810 [INFO] PluginManager:220 - loadIPPluginJar : add aes
2023-11-07 16:53:02,813 [INFO] IPUIPlugin:80 - create IPUIPlugin
2023-11-07 16:53:02,813 [INFO] PluginManager:220 - loadIPPluginJar : add can
2023-11-07 16:53:02,815 [INFO] IPUIPlugin:80 - create IPUIPlugin
2023-11-07 16:53:02,815 [INFO] PluginManager:220 - loadIPPluginJar : add comp
2023-11-07 16:53:02,819 [INFO] IPUIPlugin:80 - create IPUIPlugin
2023-11-07 16:53:02,819 [INFO] PluginManager:220 - loadIPPluginJar : add cryp
2023-11-07 16:53:02,823 [INFO] IPUIPlugin:80 - create IPUIPlugin
2023-11-07 16:53:02,823 [INFO] PluginManager:220 - loadIPPluginJar : add dfsdm
2023-11-07 16:53:02,831 [INFO] IPUIPlugin:80 - create IPUIPlugin
2023-11-07 16:53:02,832 [INFO] PluginManager:220 - loadIPPluginJar : add dma
2023-11-07 16:53:02,835 [INFO] IPUIPlugin:80 - create IPUIPlugin
2023-11-07 16:53:02,835 [INFO] PluginManager:220 - loadIPPluginJar : add dma3
2023-11-07 16:53:02,838 [INFO] IPUIPlugin:80 - create IPUIPlugin
2023-11-07 16:53:02,838 [INFO] PluginManager:220 - loadIPPluginJar : add fatfs
2023-11-07 16:53:02,843 [INFO] IPUIPlugin:80 - create IPUIPlugin
2023-11-07 16:53:02,843 [INFO] PluginManager:220 - loadIPPluginJar : add fmc
2023-11-07 16:53:02,849 [INFO] IPUIPlugin:80 - create IPUIPlugin
2023-11-07 16:53:02,850 [INFO] PluginManager:220 - loadIPPluginJar : add freertos
2023-11-07 16:53:02,851 [INFO] IPUIPlugin:80 - create IPUIPlugin
2023-11-07 16:53:02,851 [INFO] PluginManager:220 - loadIPPluginJar : add genericplugin
2023-11-07 16:53:02,854 [INFO] IPUIPlugin:80 - create IPUIPlugin
2023-11-07 16:53:02,854 [INFO] PluginManager:220 - loadIPPluginJar : add gfxmmu
2023-11-07 16:53:02,859 [INFO] IPUIPlugin:80 - create IPUIPlugin
2023-11-07 16:53:02,859 [INFO] PluginManager:220 - loadIPPluginJar : add gic
2023-11-07 16:53:02,863 [INFO] IPUIPlugin:80 - create IPUIPlugin
2023-11-07 16:53:02,863 [INFO] PluginManager:220 - loadIPPluginJar : add gpio
2023-11-07 16:53:02,866 [INFO] IPUIPlugin:80 - create IPUIPlugin
2023-11-07 16:53:02,867 [INFO] PluginManager:220 - loadIPPluginJar : add gtzc
2023-11-07 16:53:02,870 [INFO] IPUIPlugin:80 - create IPUIPlugin
2023-11-07 16:53:02,870 [INFO] PluginManager:220 - loadIPPluginJar : add hash
2023-11-07 16:53:02,873 [INFO] IPUIPlugin:80 - create IPUIPlugin
2023-11-07 16:53:02,873 [INFO] PluginManager:220 - loadIPPluginJar : add i2c
2023-11-07 16:53:02,876 [INFO] IPUIPlugin:80 - create IPUIPlugin
2023-11-07 16:53:02,876 [INFO] PluginManager:220 - loadIPPluginJar : add i2s
2023-11-07 16:53:02,879 [INFO] IPUIPlugin:80 - create IPUIPlugin
2023-11-07 16:53:02,879 [INFO] PluginManager:220 - loadIPPluginJar : add i3c
2023-11-07 16:53:02,883 [INFO] IPUIPlugin:80 - create IPUIPlugin
2023-11-07 16:53:02,883 [INFO] PluginManager:220 - loadIPPluginJar : add ipddr
2023-11-07 16:53:02,891 [INFO] IPUIPlugin:80 - create IPUIPlugin
2023-11-07 16:53:02,891 [INFO] PluginManager:220 - loadIPPluginJar : add linkedlist
2023-11-07 16:53:02,895 [INFO] IPUIPlugin:80 - create IPUIPlugin
2023-11-07 16:53:02,895 [INFO] PluginManager:220 - loadIPPluginJar : add lorawan
2023-11-07 16:53:02,896 [INFO] IPUIPlugin:80 - create IPUIPlugin
2023-11-07 16:53:02,897 [INFO] PluginManager:220 - loadIPPluginJar : add ltdc
2023-11-07 16:53:02,905 [INFO] IPUIPlugin:80 - create IPUIPlugin
2023-11-07 16:53:02,905 [INFO] PluginManager:220 - loadIPPluginJar : add mdma
2023-11-07 16:53:02,911 [INFO] IPUIPlugin:80 - create IPUIPlugin
2023-11-07 16:53:02,911 [INFO] PluginManager:220 - loadIPPluginJar : add nvic
2023-11-07 16:53:02,914 [INFO] IPUIPlugin:80 - create IPUIPlugin
2023-11-07 16:53:02,914 [INFO] PluginManager:220 - loadIPPluginJar : add opamp
2023-11-07 16:53:02,917 [INFO] IPUIPlugin:80 - create IPUIPlugin
2023-11-07 16:53:02,917 [INFO] PluginManager:220 - loadIPPluginJar : add openamp
2023-11-07 16:53:02,921 [INFO] IPUIPlugin:80 - create IPUIPlugin
2023-11-07 16:53:02,921 [INFO] PluginManager:220 - loadIPPluginJar : add pdm2pcm
2023-11-07 16:53:02,928 [INFO] IPUIPlugin:80 - create IPUIPlugin
2023-11-07 16:53:02,932 [INFO] PluginManager:220 - loadIPPluginJar : add plateformsettings
2023-11-07 16:53:02,934 [INFO] IPUIPlugin:80 - create IPUIPlugin
2023-11-07 16:53:02,934 [INFO] PluginManager:220 - loadIPPluginJar : add quadspi
2023-11-07 16:53:02,938 [INFO] IPUIPlugin:80 - create IPUIPlugin
2023-11-07 16:53:02,938 [INFO] PluginManager:220 - loadIPPluginJar : add resmgrutility
2023-11-07 16:53:02,941 [INFO] IPUIPlugin:80 - create IPUIPlugin
2023-11-07 16:53:02,941 [INFO] PluginManager:220 - loadIPPluginJar : add sai
2023-11-07 16:53:02,944 [INFO] IPUIPlugin:80 - create IPUIPlugin
2023-11-07 16:53:02,944 [INFO] PluginManager:220 - loadIPPluginJar : add spi
2023-11-07 16:53:02,949 [INFO] IPUIPlugin:80 - create IPUIPlugin
2023-11-07 16:53:02,950 [INFO] PluginManager:220 - loadIPPluginJar : add stm32_wpan
2023-11-07 16:53:02,952 [INFO] IPUIPlugin:80 - create IPUIPlugin
2023-11-07 16:53:02,952 [INFO] PluginManager:220 - loadIPPluginJar : add tim
2023-11-07 16:53:02,957 [INFO] IPUIPlugin:80 - create IPUIPlugin
2023-11-07 16:53:02,957 [INFO] PluginManager:220 - loadIPPluginJar : add touchsensing
2023-11-07 16:53:02,960 [INFO] IPUIPlugin:80 - create IPUIPlugin
2023-11-07 16:53:02,961 [INFO] PluginManager:220 - loadIPPluginJar : add tracer_emb
2023-11-07 16:53:02,963 [INFO] IPUIPlugin:80 - create IPUIPlugin
2023-11-07 16:53:02,963 [INFO] PluginManager:220 - loadIPPluginJar : add ts
2023-11-07 16:53:02,965 [INFO] IPUIPlugin:80 - create IPUIPlugin
2023-11-07 16:53:02,965 [INFO] PluginManager:220 - loadIPPluginJar : add tsc
2023-11-07 16:53:02,967 [INFO] IPUIPlugin:80 - create IPUIPlugin
2023-11-07 16:53:02,967 [INFO] PluginManager:220 - loadIPPluginJar : add ucpd
2023-11-07 16:53:02,970 [INFO] IPUIPlugin:80 - create IPUIPlugin
2023-11-07 16:53:02,970 [INFO] PluginManager:220 - loadIPPluginJar : add usart
2023-11-07 16:53:02,973 [INFO] IPUIPlugin:80 - create IPUIPlugin
2023-11-07 16:53:02,974 [INFO] PluginManager:220 - loadIPPluginJar : add usbx
2023-11-07 16:53:03,121 [INFO] CADModel:165 - CPN selected for project level
2023-11-07 16:53:03,121 [INFO] CADModel:114 - Register for checkConnection events
2023-11-07 16:53:03,122 [FATAL] Updater:308 - Updater called before beeing initialized
2023-11-07 16:53:03,122 [ERROR] CADModel:125 - Updater not yet initialized, retry later 
2023-11-07 16:53:03,325 [INFO] CADModel:165 - CPN selected for project level
2023-11-07 16:53:03,325 [INFO] CADModel:114 - Register for checkConnection events
2023-11-07 16:53:03,325 [FATAL] Updater:308 - Updater called before beeing initialized
2023-11-07 16:53:03,325 [ERROR] CADModel:125 - Updater not yet initialized, retry later 
2023-11-07 16:53:03,329 [FATAL] Updater:308 - Updater called before beeing initialized
2023-11-07 16:53:03,471 [FATAL] Updater:308 - Updater called before beeing initialized
2023-11-07 16:53:03,483 [INFO] DbMcusAds:53 - JSON generation date=Tue Mar 07 11:50:55 TRT 2023 (1678179055335)
2023-11-07 16:53:03,483 [FATAL] Updater:308 - Updater called before beeing initialized
2023-11-07 16:53:03,533 [WARN] DetailPanel:346 - Failed to get advertising image, set to default
2023-11-07 16:53:03,682 [FATAL] Updater:308 - Updater called before beeing initialized
2023-11-07 16:53:03,685 [FATAL] Updater:308 - Updater called before beeing initialized
2023-11-07 16:53:03,685 [FATAL] Updater:308 - Updater called before beeing initialized
2023-11-07 16:53:03,685 [WARN] DetailPanel:346 - Failed to get advertising image, set to default
2023-11-07 16:53:03,687 [FATAL] Updater:308 - Updater called before beeing initialized
2023-11-07 16:53:03,755 [ERROR] Updater:1120 - MainUpdater not yet initialized. External WinMGr cannot be set.
2023-11-07 16:53:03,760 [INFO] Updater:1056 - Updater Version found : 6.9.2
2023-11-07 16:53:03,788 [INFO] ApplicationProperties:184 - Using Application install path: C:\ST\STM32CubeIDE_1.13.2\STM32CubeIDE\plugins\com.st.stm32cube.common.mx_6.9.2.202309101412
2023-11-07 16:53:04,032 [INFO] MainUpdater:2868 - connection check result : 10
2023-11-07 16:53:04,033 [INFO] MainUpdater:285 - Updater Check For Update Now.
2023-11-07 16:53:04,033 [INFO] MicroXplorer:498 - Change Database Version : DB.6.0.92
2023-11-07 16:53:04,040 [INFO] McuFinderGlobals:63 - Set McuFinder mode to 2 (CubeIDE integrated)
2023-11-07 16:53:04,041 [INFO] UserAuth:179 - activating auth plugin
2023-11-07 16:53:04,043 [INFO] UserAuth:393 - Internet connection configuration mode: 1
2023-11-07 16:53:04,066 [INFO] JxBrowserEngine:151 - Initiate JxBrowser Engine with user profile folder
2023-11-07 16:53:04,248 [INFO] CheckServerUpdateThread:120 - End of CheckServer Thread
2023-11-07 16:53:05,125 [INFO] WebApp:157 - Instantiating new browser for Auth
2023-11-07 16:53:05,443 [WARN] PackLoader:240 - Cannot read IP mode file for STMicroelectronics.X-CUBE-SMBUS.2.1.0
2023-11-07 16:53:05,520 [WARN] PackLoader:240 - Cannot read IP mode file for STMicroelectronics.X-CUBE-AZRTOS-F7.1.1.0
2023-11-07 16:53:05,538 [WARN] PackLoader:240 - Cannot read IP mode file for STMicroelectronics.FP-SNS-MOTENV1.4.3.2
2023-11-07 16:53:05,551 [WARN] PackLoader:240 - Cannot read IP mode file for STMicroelectronics.FP-SNS-FLIGHT1.5.0.2
2023-11-07 16:53:05,569 [WARN] PackLoader:240 - Cannot read IP mode file for STMicroelectronics.X-CUBE-DISPLAY.3.0.0
2023-11-07 16:53:05,594 [WARN] PackLoader:240 - Cannot read IP mode file for STMicroelectronics.X-CUBE-BLE1.7.0.0
2023-11-07 16:53:05,604 [WARN] PackLoader:240 - Cannot read IP mode file for emotas.I-CUBE-CANOPEN.1.3.0
2023-11-07 16:53:05,627 [INFO] LogOutputStream:77 - [STDOUT_REDIRECT] 1 : Invalid condition id : UX_CORESTACK_Condition cause : null
2023-11-07 16:53:05,628 [INFO] LogOutputStream:77 - [STDOUT_REDIRECT] 1 : Invalid condition id : UX_CORESTACK_Condition cause : null
2023-11-07 16:53:05,631 [INFO] LogOutputStream:77 - [STDOUT_REDIRECT] 1 : Invalid condition id : UX_CORESTACK_Condition cause : null
2023-11-07 16:53:05,635 [INFO] LogOutputStream:77 - [STDOUT_REDIRECT] 1 : Invalid condition id : UX_CORESTACK_Condition cause : null
2023-11-07 16:53:05,638 [INFO] LogOutputStream:77 - [STDOUT_REDIRECT] 1 : Invalid condition id : UX_CORESTACK_Condition cause : null
2023-11-07 16:53:05,646 [WARN] PackLoader:240 - Cannot read IP mode file for STMicroelectronics.X-CUBE-AZRTOS-WL.2.0.0
2023-11-07 16:53:05,664 [WARN] PackLoader:240 - Cannot read IP mode file for WES.I-CUBE-Cesium.1.3.0
2023-11-07 16:53:05,673 [WARN] PackLoader:240 - Cannot read IP mode file for STMicroelectronics.X-CUBE-BLE2.3.3.0
2023-11-07 16:53:05,686 [WARN] PackLoader:240 - Cannot read IP mode file for STMicroelectronics.X-CUBE-ALGOBUILD.1.3.0
2023-11-07 16:53:05,720 [WARN] PackLoader:240 - Cannot read IP mode file for STMicroelectronics.X-CUBE-AZRTOS-G0.1.1.0
2023-11-07 16:53:05,736 [WARN] PackLoader:240 - Cannot read IP mode file for STMicroelectronics.X-CUBE-NFC4.3.0.0
2023-11-07 16:53:05,807 [WARN] PackLoader:240 - Cannot read IP mode file for STMicroelectronics.X-CUBE-BLEMGR.3.0.0
2023-11-07 16:53:05,820 [WARN] PackLoader:240 - Cannot read IP mode file for STMicroelectronics.FP-ATR-SIGFOX1.3.2.0
2023-11-07 16:53:05,922 [WARN] PackLoader:240 - Cannot read IP mode file for SEGGER.I-CUBE-embOS.1.3.1
2023-11-07 16:53:06,031 [WARN] PackLoader:240 - Cannot read IP mode file for STMicroelectronics.X-CUBE-GNSS1.6.0.0
2023-11-07 16:53:06,068 [WARN] PackLoader:240 - Cannot read IP mode file for STMicroelectronics.X-CUBE-AZRTOS-F4.1.1.0
2023-11-07 16:53:06,108 [WARN] PackLoader:240 - Cannot read IP mode file for STMicroelectronics.X-CUBE-AZRTOS-L5.2.0.0
2023-11-07 16:53:06,189 [WARN] PackLoader:240 - Cannot read IP mode file for STMicroelectronics.X-CUBE-MEMS1.9.6.0
2023-11-07 16:53:06,468 [WARN] PackLoader:240 - Cannot read IP mode file for STMicroelectronics.X-CUBE-EEPRMA1.4.2.0
2023-11-07 16:53:06,477 [WARN] PackLoader:240 - Cannot read IP mode file for ITTIA_DB.I-CUBE-ITTIADB.8.8.0
2023-11-07 16:53:06,488 [WARN] PackLoader:240 - Cannot read IP mode file for STMicroelectronics.X-CUBE-BLEMGR.2.0.0
2023-11-07 16:53:06,499 [INFO] WebApp:753 - Register for checkConnection events
2023-11-07 16:53:06,500 [INFO] WebApp:390 - Apply proxy settings
2023-11-07 16:53:06,500 [INFO] WebApp:475 - Chromium requires no authentication
2023-11-07 16:53:06,517 [INFO] WebApp:418 - Direct internet connection detected
2023-11-07 16:53:06,521 [WARN] ConditionMgr:438 - getConditionDescription Invalid condition id : UX DEVICE CLASS RTOS Condition cause : null
2023-11-07 16:53:06,522 [WARN] ConditionMgr:438 - getConditionDescription Invalid condition id : UX DEVICE CLASS RTOS Condition cause : null
2023-11-07 16:53:06,527 [WARN] PackLoader:240 - Cannot read IP mode file for STMicroelectronics.X-CUBE-AZRTOS-H7.3.1.0
2023-11-07 16:53:06,530 [WARN] ConditionMgr:1039 - genDependencies : Invalid condition id : UX DEVICE CLASS RTOS Condition cause : null
2023-11-07 16:53:06,530 [WARN] ConditionMgr:1039 - genDependencies : Invalid condition id : UX DEVICE CLASS RTOS Condition cause : null
2023-11-07 16:53:06,532 [WARN] ConditionMgr:1039 - genDependencies : Invalid condition id : UX DEVICE CLASS RTOS Condition cause : null
2023-11-07 16:53:06,532 [WARN] ConditionMgr:1039 - genDependencies : Invalid condition id : UX DEVICE CLASS RTOS Condition cause : null
2023-11-07 16:53:06,533 [WARN] ConditionMgr:1039 - genDependencies : Invalid condition id : UX DEVICE CLASS RTOS Condition cause : null
2023-11-07 16:53:06,543 [WARN] PackLoader:240 - Cannot read IP mode file for STMicroelectronics.X-CUBE-NFC7.1.0.1
2023-11-07 16:53:06,552 [WARN] PackLoader:240 - Cannot read IP mode file for STMicroelectronics.X-CUBE-EEPRMA1.4.1.0
2023-11-07 16:53:06,561 [WARN] PackLoader:240 - Cannot read IP mode file for STMicroelectronics.X-CUBE-AI.8.1.0
2023-11-07 16:53:06,592 [WARN] ConditionMgr:438 - getConditionDescription Invalid condition id : LAN8742 Phy interface Condition cause : null
2023-11-07 16:53:06,593 [WARN] PackLoader:240 - Cannot read IP mode file for STMicroelectronics.X-CUBE-AZRTOS-L4.2.0.0
2023-11-07 16:53:06,595 [WARN] ConditionMgr:1039 - genDependencies : Invalid condition id : LAN8742 Phy interface Condition cause : null
2023-11-07 16:53:06,596 [WARN] ConditionMgr:1039 - genDependencies : Invalid condition id : LAN8742 Phy interface Condition cause : null
2023-11-07 16:53:06,597 [WARN] ConditionMgr:1039 - genDependencies : Invalid condition id : LAN8742 Phy interface Condition cause : null
2023-11-07 16:53:06,608 [WARN] PackLoader:240 - Cannot read IP mode file for STMicroelectronics.X-CUBE-SFXS2LP1.4.0.0
2023-11-07 16:53:06,625 [WARN] PackLoader:240 - Cannot read IP mode file for STMicroelectronics.X-CUBE-ISPU.1.1.0
2023-11-07 16:53:06,656 [WARN] ConditionMgr:438 - getConditionDescription Invalid condition id : UX DEVICE CLASS RTOS Condition cause : null
2023-11-07 16:53:06,657 [WARN] ConditionMgr:438 - getConditionDescription Invalid condition id : UX DEVICE CLASS RTOS Condition cause : null
2023-11-07 16:53:06,663 [WARN] PackLoader:240 - Cannot read IP mode file for STMicroelectronics.X-CUBE-AZRTOS-WB.2.0.0
2023-11-07 16:53:06,664 [WARN] ConditionMgr:1039 - genDependencies : Invalid condition id : UX DEVICE CLASS RTOS Condition cause : null
2023-11-07 16:53:06,665 [WARN] ConditionMgr:1039 - genDependencies : Invalid condition id : UX DEVICE CLASS RTOS Condition cause : null
2023-11-07 16:53:06,666 [WARN] ConditionMgr:1039 - genDependencies : Invalid condition id : UX DEVICE CLASS RTOS Condition cause : null
2023-11-07 16:53:06,666 [WARN] ConditionMgr:1039 - genDependencies : Invalid condition id : UX DEVICE CLASS RTOS Condition cause : null
2023-11-07 16:53:06,667 [WARN] ConditionMgr:1039 - genDependencies : Invalid condition id : UX DEVICE CLASS RTOS Condition cause : null
2023-11-07 16:53:06,686 [WARN] PackLoader:240 - Cannot read IP mode file for STMicroelectronics.X-CUBE-SUBG2.5.0.0
2023-11-07 16:53:06,716 [WARN] PackLoader:240 - Cannot read IP mode file for STMicroelectronics.X-CUBE-TOF1.3.3.1
2023-11-07 16:53:06,770 [WARN] PackLoader:240 - Cannot read IP mode file for STMicroelectronics.X-CUBE-AZRTOS-G4.2.0.0
2023-11-07 16:53:06,822 [WARN] PackLoader:240 - Cannot read IP mode file for Infineon.AIROC-Wi-Fi-Bluetooth-STM32.1.5.1
2023-11-07 16:53:06,912 [WARN] PackLoader:240 - Cannot read IP mode file for STMicroelectronics.X-CUBE-MEMS1.10.0.0
2023-11-07 16:53:07,028 [INFO] WebApp:188 - Starting web application
2023-11-07 16:53:07,028 [INFO] WebApp:520 - Web application path used C:\ST\STM32CubeIDE_1.13.2\STM32CubeIDE\plugins\com.st.stm32cube.common.mx_6.9.2.202309101412\db\plugins\mcufinder\reactClient1\index.html
2023-11-07 16:53:07,171 [WARN] PackLoader:240 - Cannot read IP mode file for STMicroelectronics.X-CUBE-FREERTOS.1.1.0
2023-11-07 16:53:07,179 [WARN] PackLoader:240 - Cannot read IP mode file for portGmbH.I-Cube-SoM-uGOAL.1.1.0
2023-11-07 16:53:07,185 [WARN] PackLoader:240 - Cannot read IP mode file for STMicroelectronics.X-CUBE-ALS.1.0.1
2023-11-07 16:53:07,192 [WARN] PackLoader:240 - Cannot read IP mode file for STMicroelectronics.FP-ATR-ASTRA1.2.0.0
2023-11-07 16:53:07,193 [INFO] ThirdParty:978 - Integrity check success = true
2023-11-07 16:53:07,193 [INFO] IntegrityCheckThread:100 - exiting critical section [integrity check]
2023-11-07 16:53:07,193 [INFO] IntegrityCheckThread:103 - End integrity checks thread
2023-11-07 16:53:28,033 [ERROR] LogOutputStream:75 - [STDERR_REDIRECT] SLF4J: Failed to load class "org.slf4j.impl.StaticLoggerBinder".
2023-11-07 16:53:28,034 [ERROR] LogOutputStream:75 - [STDERR_REDIRECT] SLF4J: Defaulting to no-operation (NOP) logger implementation
2023-11-07 16:53:28,037 [ERROR] LogOutputStream:75 - [STDERR_REDIRECT] SLF4J: See http://www.slf4j.org/codes.html#StaticLoggerBinder for further details.
2023-11-07 17:22:06,394 [INFO] Activator:176 - 


2023-11-07 17:22:06,397 [INFO] Activator:177 - !SESSION log4j initialized
2023-11-07 17:22:11,704 [INFO] LogOutputStream:77 - [STDOUT_REDIRECT] 
2023-11-07 17:22:16,218 [INFO] ApplicationProperties:184 - Using Application install path: C:\ST\STM32CubeIDE_1.13.2\STM32CubeIDE\plugins\com.st.stm32cube.common.mx_6.9.2.202309101412
2023-11-07 17:22:16,241 [INFO] DbMcusXml:78 - Set database path to: C:\ST\STM32CubeIDE_1.13.2\STM32CubeIDE\plugins\com.st.stm32cube.common.mx_6.9.2.202309101412\\db\/mcu/
2023-11-07 17:22:16,242 [INFO] ApiDb:274 - Set plugin database path to: C:\ST\STM32CubeIDE_1.13.2\STM32CubeIDE\plugins\com.st.stm32cube.common.mx_6.9.2.202309101412\\db\/plugins/boardmanager/
2023-11-07 17:22:16,242 [WARN] ApiDb:259 - Overriding images path with different value:  => C:\ST\STM32CubeIDE_1.13.2\STM32CubeIDE\plugins\com.st.stm32cube.common.mx_6.9.2.202309101412\\db\/plugins/mcufinder/images/
2023-11-07 17:22:16,253 [INFO] ApiDb:250 - Set database path to: C:\Users\E-AY\.stmcufinder\plugins\mcufinder//mcu/
2023-11-07 17:22:16,255 [INFO] DbMcusAds:125 - Set database path to: C:\Users\E-AY\.stmcufinder\plugins\mcufinder//mcu/
2023-11-07 17:22:16,258 [INFO] CrossReferenceDbSqlite:203 - Set database path to: C:\Users\E-AY\.stmcufinder\plugins\mcufinder//mcu/cs/
2023-11-07 17:22:16,413 [INFO] RulesReader:64 - Compatibility file has been processed (293 Rules)
2023-11-07 17:22:16,531 [INFO] DbMcusXml:78 - Set database path to: C:\ST\STM32CubeIDE_1.13.2\STM32CubeIDE\plugins\com.st.stm32cube.common.mx_6.9.2.202309101412\\db\/mcu/
2023-11-07 17:22:16,531 [INFO] ApiDb:274 - Set plugin database path to: C:\ST\STM32CubeIDE_1.13.2\STM32CubeIDE\plugins\com.st.stm32cube.common.mx_6.9.2.202309101412\\db\/plugins/boardmanager/
2023-11-07 17:22:16,531 [INFO] ApiDb:261 - Set plugin images path to: C:\ST\STM32CubeIDE_1.13.2\STM32CubeIDE\plugins\com.st.stm32cube.common.mx_6.9.2.202309101412\\db\/plugins/mcufinder/images/
2023-11-07 17:22:16,531 [WARN] DbFile:41 - Overriding database path with different value: C:\Users\E-AY\.stmcufinder\plugins\mcufinder/ => C:\Users\E-AY\.stmcufinder\plugins\mcufinder
2023-11-07 17:22:16,532 [INFO] ApiDb:250 - Set database path to: C:\Users\E-AY\.stmcufinder\plugins\mcufinder//mcu/
2023-11-07 17:22:16,532 [WARN] DbFile:41 - Overriding database path with different value: C:\Users\E-AY\.stmcufinder\plugins\mcufinder/ => C:\Users\E-AY\.stmcufinder\plugins\mcufinder
2023-11-07 17:22:16,532 [INFO] DbMcusAds:125 - Set database path to: C:\Users\E-AY\.stmcufinder\plugins\mcufinder//mcu/
2023-11-07 17:22:16,532 [WARN] DbFile:41 - Overriding database path with different value: C:\Users\E-AY\.stmcufinder\plugins\mcufinder/ => C:\Users\E-AY\.stmcufinder\plugins\mcufinder
2023-11-07 17:22:16,532 [WARN] DbFile:41 - Overriding database path with different value: C:\Users\E-AY\.stmcufinder\plugins\mcufinder/ => C:\Users\E-AY\.stmcufinder\plugins\mcufinder
2023-11-07 17:22:16,532 [INFO] CrossReferenceDbSqlite:203 - Set database path to: C:\Users\E-AY\.stmcufinder\plugins\mcufinder//mcu/cs/
2023-11-07 17:22:16,638 [INFO] MainPanel:262 - HeapMemory: 268435456
2023-11-07 17:22:16,758 [INFO] DbMcusXml:78 - Set database path to: C:\ST\STM32CubeIDE_1.13.2\STM32CubeIDE\plugins\com.st.stm32cube.common.mx_6.9.2.202309101412\\db\/mcu/
2023-11-07 17:22:16,759 [INFO] ApiDb:274 - Set plugin database path to: C:\ST\STM32CubeIDE_1.13.2\STM32CubeIDE\plugins\com.st.stm32cube.common.mx_6.9.2.202309101412\\db\/plugins/boardmanager/
2023-11-07 17:22:16,759 [INFO] ApiDb:261 - Set plugin images path to: C:\ST\STM32CubeIDE_1.13.2\STM32CubeIDE\plugins\com.st.stm32cube.common.mx_6.9.2.202309101412\\db\/plugins/mcufinder/images/
2023-11-07 17:22:16,759 [WARN] DbFile:41 - Overriding database path with different value: C:\Users\E-AY\.stmcufinder\plugins\mcufinder/ => C:\Users\E-AY\.stmcufinder\plugins\mcufinder
2023-11-07 17:22:16,760 [INFO] ApiDb:250 - Set database path to: C:\Users\E-AY\.stmcufinder\plugins\mcufinder//mcu/
2023-11-07 17:22:16,760 [WARN] DbFile:41 - Overriding database path with different value: C:\Users\E-AY\.stmcufinder\plugins\mcufinder/ => C:\Users\E-AY\.stmcufinder\plugins\mcufinder
2023-11-07 17:22:16,760 [INFO] DbMcusAds:125 - Set database path to: C:\Users\E-AY\.stmcufinder\plugins\mcufinder//mcu/
2023-11-07 17:22:16,760 [WARN] DbFile:41 - Overriding database path with different value: C:\Users\E-AY\.stmcufinder\plugins\mcufinder/ => C:\Users\E-AY\.stmcufinder\plugins\mcufinder
2023-11-07 17:22:16,760 [WARN] DbFile:41 - Overriding database path with different value: C:\Users\E-AY\.stmcufinder\plugins\mcufinder/ => C:\Users\E-AY\.stmcufinder\plugins\mcufinder
2023-11-07 17:22:16,760 [INFO] CrossReferenceDbSqlite:203 - Set database path to: C:\Users\E-AY\.stmcufinder\plugins\mcufinder//mcu/cs/
2023-11-07 17:22:16,783 [INFO] ApplicationProperties:184 - Using Application install path: C:\ST\STM32CubeIDE_1.13.2\STM32CubeIDE\plugins\com.st.stm32cube.common.mx_6.9.2.202309101412
2023-11-07 17:22:16,784 [INFO] PluginManage:196 - Search for loadable plugins [exclusion list=, ]
2023-11-07 17:22:16,787 [INFO] PluginManage:310 - Check plugin analytics
2023-11-07 17:22:17,009 [INFO] AnalyticsPlugin:253 - Accepted Software Licenses: 
2023-11-07 17:22:17,010 [INFO] AnalyticsPlugin:255 - Accepted CMSIS Pack Licenses: 
2023-11-07 17:22:17,010 [INFO] AnalyticsPlugin:257 - Accepted Firmware Licenses: 
2023-11-07 17:22:17,014 [INFO] PluginManage:359 - Loaded plugin analytics (category:tool,tabindex:-1)
2023-11-07 17:22:17,015 [INFO] PluginManage:310 - Check plugin cadmodel
2023-11-07 17:22:17,023 [INFO] CADModel:105 - Init CAD model plugin
2023-11-07 17:22:17,023 [INFO] PluginManage:359 - Loaded plugin cadmodel (category:power,tabindex:5)
2023-11-07 17:22:17,023 [INFO] PluginManage:310 - Check plugin clock
2023-11-07 17:22:17,037 [INFO] PluginManage:359 - Loaded plugin clock (category:base,tabindex:2)
2023-11-07 17:22:17,038 [INFO] PluginManage:310 - Check plugin ddr
2023-11-07 17:22:17,041 [INFO] PluginManage:359 - Loaded plugin ddr (category:tool,tabindex:6)
2023-11-07 17:22:17,041 [INFO] PluginManage:310 - Check plugin filemanager
2023-11-07 17:22:17,206 [INFO] PluginManage:359 - Loaded plugin filemanager (category:base,tabindex:10)
2023-11-07 17:22:17,206 [INFO] PluginManage:310 - Check plugin ipmanager
2023-11-07 17:22:17,216 [INFO] PluginManage:359 - Loaded plugin ipmanager (category:base,tabindex:5)
2023-11-07 17:22:17,217 [INFO] PluginManage:310 - Check plugin lpbam
2023-11-07 17:22:17,228 [INFO] PluginManage:359 - Loaded plugin lpbam (category:base,tabindex:0)
2023-11-07 17:22:17,228 [INFO] PluginManage:310 - Check plugin memorymap
2023-11-07 17:22:17,246 [INFO] PluginManage:359 - Loaded plugin memorymap (category:base,tabindex:4)
2023-11-07 17:22:17,247 [INFO] PluginManage:310 - Check plugin pinoutandconfiguration
2023-11-07 17:22:17,256 [INFO] PluginManage:359 - Loaded plugin pinoutandconfiguration (category:base,tabindex:1)
2023-11-07 17:22:17,256 [INFO] PluginManage:310 - Check plugin pinoutconfig
2023-11-07 17:22:17,369 [WARN] SupportedApi:132 - Cannot load RTOS API schema: s4s-elt-must-match.1: The content of 'definitions' must match (annotation?, (simpleType | complexType)?, (unique | key | keyref)*)). A problem was found starting at: attribute.
2023-11-07 17:22:17,552 [INFO] PluginManage:359 - Loaded plugin pinoutconfig (category:base,tabindex:0)
2023-11-07 17:22:17,552 [INFO] PluginManage:310 - Check plugin power
2023-11-07 17:22:17,564 [INFO] PluginManage:359 - Loaded plugin power (category:power,tabindex:4)
2023-11-07 17:22:17,565 [INFO] PluginManage:310 - Check plugin projectmanager
2023-11-07 17:22:17,585 [INFO] PluginManage:359 - Loaded plugin projectmanager (category:projectmanager,tabindex:3)
2023-11-07 17:22:17,585 [INFO] PluginManage:310 - Check plugin thirdparty
2023-11-07 17:22:17,773 [INFO] PluginManage:359 - Loaded plugin thirdparty (category:base,tabindex:-1)
2023-11-07 17:22:17,773 [INFO] PluginManage:310 - Check plugin tools
2023-11-07 17:22:17,773 [WARN] IntegrityCheckThread:84 - waiting for thirdparty lock release [integrity check]
2023-11-07 17:22:17,774 [INFO] IntegrityCheckThread:86 - entering critical section [integrity check]
2023-11-07 17:22:17,774 [INFO] ThirdPartyUpdaterWithRetryManager:70 - Updater plugin not ready yet. [1/15]
2023-11-07 17:22:17,777 [INFO] PluginManage:359 - Loaded plugin tools (category:base,tabindex:7)
2023-11-07 17:22:17,777 [INFO] PluginManage:310 - Check plugin tutovideos
2023-11-07 17:22:18,002 [INFO] PluginManage:359 - Loaded plugin tutovideos (category:base,tabindex:-1)
2023-11-07 17:22:18,002 [INFO] PluginManage:310 - Check plugin updater
2023-11-07 17:22:18,017 [INFO] PluginManage:359 - Loaded plugin updater (category:base,tabindex:12)
2023-11-07 17:22:18,017 [INFO] PluginManage:310 - Check plugin userauth
2023-11-07 17:22:18,022 [INFO] UserAuth:113 - Init User Auth plugin
2023-11-07 17:22:18,023 [INFO] PluginManage:359 - Loaded plugin userauth (category:base,tabindex:14)
2023-11-07 17:22:18,023 [INFO] PluginManage:283 - PluginManage : Loaded plugins [17]
2023-11-07 17:22:18,303 [INFO] PinOutPanel:1499 - setPackage(No Configuration,No Configuration)
2023-11-07 17:22:18,437 [INFO] CADModel:165 - CPN selected for project level
2023-11-07 17:22:18,437 [INFO] CADModel:114 - Register for checkConnection events
2023-11-07 17:22:18,454 [INFO] IPUIPlugin:80 - create IPUIPlugin
2023-11-07 17:22:18,454 [INFO] PluginManager:220 - loadIPPluginJar : add adc
2023-11-07 17:22:18,470 [INFO] IPUIPlugin:80 - create IPUIPlugin
2023-11-07 17:22:18,471 [INFO] PluginManager:220 - loadIPPluginJar : add aes
2023-11-07 17:22:18,474 [INFO] IPUIPlugin:80 - create IPUIPlugin
2023-11-07 17:22:18,474 [INFO] PluginManager:220 - loadIPPluginJar : add can
2023-11-07 17:22:18,476 [INFO] IPUIPlugin:80 - create IPUIPlugin
2023-11-07 17:22:18,477 [INFO] PluginManager:220 - loadIPPluginJar : add comp
2023-11-07 17:22:18,479 [INFO] IPUIPlugin:80 - create IPUIPlugin
2023-11-07 17:22:18,479 [INFO] PluginManager:220 - loadIPPluginJar : add cryp
2023-11-07 17:22:18,482 [INFO] IPUIPlugin:80 - create IPUIPlugin
2023-11-07 17:22:18,482 [INFO] PluginManager:220 - loadIPPluginJar : add dfsdm
2023-11-07 17:22:18,488 [INFO] IPUIPlugin:80 - create IPUIPlugin
2023-11-07 17:22:18,489 [INFO] PluginManager:220 - loadIPPluginJar : add dma
2023-11-07 17:22:18,501 [INFO] IPUIPlugin:80 - create IPUIPlugin
2023-11-07 17:22:18,501 [INFO] PluginManager:220 - loadIPPluginJar : add dma3
2023-11-07 17:22:18,503 [INFO] IPUIPlugin:80 - create IPUIPlugin
2023-11-07 17:22:18,503 [INFO] PluginManager:220 - loadIPPluginJar : add fatfs
2023-11-07 17:22:18,506 [INFO] IPUIPlugin:80 - create IPUIPlugin
2023-11-07 17:22:18,507 [INFO] PluginManager:220 - loadIPPluginJar : add fmc
2023-11-07 17:22:18,512 [INFO] IPUIPlugin:80 - create IPUIPlugin
2023-11-07 17:22:18,513 [INFO] PluginManager:220 - loadIPPluginJar : add freertos
2023-11-07 17:22:18,516 [INFO] IPUIPlugin:80 - create IPUIPlugin
2023-11-07 17:22:18,517 [INFO] PluginManager:220 - loadIPPluginJar : add genericplugin
2023-11-07 17:22:18,518 [INFO] IPUIPlugin:80 - create IPUIPlugin
2023-11-07 17:22:18,519 [INFO] PluginManager:220 - loadIPPluginJar : add gfxmmu
2023-11-07 17:22:18,525 [INFO] IPUIPlugin:80 - create IPUIPlugin
2023-11-07 17:22:18,525 [INFO] PluginManager:220 - loadIPPluginJar : add gic
2023-11-07 17:22:18,530 [INFO] IPUIPlugin:80 - create IPUIPlugin
2023-11-07 17:22:18,530 [INFO] PluginManager:220 - loadIPPluginJar : add gpio
2023-11-07 17:22:18,533 [INFO] IPUIPlugin:80 - create IPUIPlugin
2023-11-07 17:22:18,533 [INFO] PluginManager:220 - loadIPPluginJar : add gtzc
2023-11-07 17:22:18,536 [INFO] IPUIPlugin:80 - create IPUIPlugin
2023-11-07 17:22:18,536 [INFO] PluginManager:220 - loadIPPluginJar : add hash
2023-11-07 17:22:18,539 [INFO] IPUIPlugin:80 - create IPUIPlugin
2023-11-07 17:22:18,540 [INFO] PluginManager:220 - loadIPPluginJar : add i2c
2023-11-07 17:22:18,542 [INFO] IPUIPlugin:80 - create IPUIPlugin
2023-11-07 17:22:18,542 [INFO] PluginManager:220 - loadIPPluginJar : add i2s
2023-11-07 17:22:18,545 [INFO] IPUIPlugin:80 - create IPUIPlugin
2023-11-07 17:22:18,545 [INFO] PluginManager:220 - loadIPPluginJar : add i3c
2023-11-07 17:22:18,548 [INFO] IPUIPlugin:80 - create IPUIPlugin
2023-11-07 17:22:18,548 [INFO] PluginManager:220 - loadIPPluginJar : add ipddr
2023-11-07 17:22:18,556 [INFO] IPUIPlugin:80 - create IPUIPlugin
2023-11-07 17:22:18,556 [INFO] PluginManager:220 - loadIPPluginJar : add linkedlist
2023-11-07 17:22:18,559 [INFO] IPUIPlugin:80 - create IPUIPlugin
2023-11-07 17:22:18,559 [INFO] PluginManager:220 - loadIPPluginJar : add lorawan
2023-11-07 17:22:18,560 [INFO] IPUIPlugin:80 - create IPUIPlugin
2023-11-07 17:22:18,560 [INFO] PluginManager:220 - loadIPPluginJar : add ltdc
2023-11-07 17:22:18,566 [INFO] IPUIPlugin:80 - create IPUIPlugin
2023-11-07 17:22:18,567 [INFO] PluginManager:220 - loadIPPluginJar : add mdma
2023-11-07 17:22:18,571 [INFO] IPUIPlugin:80 - create IPUIPlugin
2023-11-07 17:22:18,571 [INFO] PluginManager:220 - loadIPPluginJar : add nvic
2023-11-07 17:22:18,574 [INFO] IPUIPlugin:80 - create IPUIPlugin
2023-11-07 17:22:18,574 [INFO] PluginManager:220 - loadIPPluginJar : add opamp
2023-11-07 17:22:18,576 [INFO] IPUIPlugin:80 - create IPUIPlugin
2023-11-07 17:22:18,577 [INFO] PluginManager:220 - loadIPPluginJar : add openamp
2023-11-07 17:22:18,579 [INFO] IPUIPlugin:80 - create IPUIPlugin
2023-11-07 17:22:18,580 [INFO] PluginManager:220 - loadIPPluginJar : add pdm2pcm
2023-11-07 17:22:18,586 [INFO] IPUIPlugin:80 - create IPUIPlugin
2023-11-07 17:22:18,589 [INFO] PluginManager:220 - loadIPPluginJar : add plateformsettings
2023-11-07 17:22:18,591 [INFO] IPUIPlugin:80 - create IPUIPlugin
2023-11-07 17:22:18,591 [INFO] PluginManager:220 - loadIPPluginJar : add quadspi
2023-11-07 17:22:18,594 [INFO] IPUIPlugin:80 - create IPUIPlugin
2023-11-07 17:22:18,594 [INFO] PluginManager:220 - loadIPPluginJar : add resmgrutility
2023-11-07 17:22:18,597 [INFO] IPUIPlugin:80 - create IPUIPlugin
2023-11-07 17:22:18,597 [INFO] PluginManager:220 - loadIPPluginJar : add sai
2023-11-07 17:22:18,600 [INFO] IPUIPlugin:80 - create IPUIPlugin
2023-11-07 17:22:18,600 [INFO] PluginManager:220 - loadIPPluginJar : add spi
2023-11-07 17:22:18,605 [INFO] IPUIPlugin:80 - create IPUIPlugin
2023-11-07 17:22:18,605 [INFO] PluginManager:220 - loadIPPluginJar : add stm32_wpan
2023-11-07 17:22:18,606 [INFO] IPUIPlugin:80 - create IPUIPlugin
2023-11-07 17:22:18,607 [INFO] PluginManager:220 - loadIPPluginJar : add tim
2023-11-07 17:22:18,610 [INFO] IPUIPlugin:80 - create IPUIPlugin
2023-11-07 17:22:18,610 [INFO] PluginManager:220 - loadIPPluginJar : add touchsensing
2023-11-07 17:22:18,612 [INFO] IPUIPlugin:80 - create IPUIPlugin
2023-11-07 17:22:18,612 [INFO] PluginManager:220 - loadIPPluginJar : add tracer_emb
2023-11-07 17:22:18,614 [INFO] IPUIPlugin:80 - create IPUIPlugin
2023-11-07 17:22:18,614 [INFO] PluginManager:220 - loadIPPluginJar : add ts
2023-11-07 17:22:18,616 [INFO] IPUIPlugin:80 - create IPUIPlugin
2023-11-07 17:22:18,616 [INFO] PluginManager:220 - loadIPPluginJar : add tsc
2023-11-07 17:22:18,618 [INFO] IPUIPlugin:80 - create IPUIPlugin
2023-11-07 17:22:18,619 [INFO] PluginManager:220 - loadIPPluginJar : add ucpd
2023-11-07 17:22:18,622 [INFO] IPUIPlugin:80 - create IPUIPlugin
2023-11-07 17:22:18,622 [INFO] PluginManager:220 - loadIPPluginJar : add usart
2023-11-07 17:22:18,625 [INFO] IPUIPlugin:80 - create IPUIPlugin
2023-11-07 17:22:18,625 [INFO] PluginManager:220 - loadIPPluginJar : add usbx
2023-11-07 17:22:18,770 [INFO] CADModel:165 - CPN selected for project level
2023-11-07 17:22:18,770 [INFO] CADModel:114 - Register for checkConnection events
2023-11-07 17:22:18,770 [FATAL] Updater:308 - Updater called before beeing initialized
2023-11-07 17:22:18,770 [ERROR] CADModel:125 - Updater not yet initialized, retry later 
2023-11-07 17:22:18,962 [INFO] CADModel:165 - CPN selected for project level
2023-11-07 17:22:18,963 [INFO] CADModel:114 - Register for checkConnection events
2023-11-07 17:22:18,963 [FATAL] Updater:308 - Updater called before beeing initialized
2023-11-07 17:22:18,963 [ERROR] CADModel:125 - Updater not yet initialized, retry later 
2023-11-07 17:22:18,967 [FATAL] Updater:308 - Updater called before beeing initialized
2023-11-07 17:22:19,110 [FATAL] Updater:308 - Updater called before beeing initialized
2023-11-07 17:22:19,117 [INFO] DbMcusAds:53 - JSON generation date=Tue Mar 07 11:50:55 TRT 2023 (1678179055335)
2023-11-07 17:22:19,117 [FATAL] Updater:308 - Updater called before beeing initialized
2023-11-07 17:22:19,170 [WARN] DetailPanel:346 - Failed to get advertising image, set to default
2023-11-07 17:22:19,313 [FATAL] Updater:308 - Updater called before beeing initialized
2023-11-07 17:22:19,316 [FATAL] Updater:308 - Updater called before beeing initialized
2023-11-07 17:22:19,316 [FATAL] Updater:308 - Updater called before beeing initialized
2023-11-07 17:22:19,316 [WARN] DetailPanel:346 - Failed to get advertising image, set to default
2023-11-07 17:22:19,317 [FATAL] Updater:308 - Updater called before beeing initialized
2023-11-07 17:22:19,381 [ERROR] Updater:1120 - MainUpdater not yet initialized. External WinMGr cannot be set.
2023-11-07 17:22:19,387 [INFO] Updater:1056 - Updater Version found : 6.9.2
2023-11-07 17:22:19,415 [INFO] ApplicationProperties:184 - Using Application install path: C:\ST\STM32CubeIDE_1.13.2\STM32CubeIDE\plugins\com.st.stm32cube.common.mx_6.9.2.202309101412
2023-11-07 17:22:20,647 [INFO] MainUpdater:2868 - connection check result : 10
2023-11-07 17:22:20,647 [INFO] MainUpdater:285 - Updater Check For Update Now.
2023-11-07 17:22:20,648 [INFO] MicroXplorer:498 - Change Database Version : DB.6.0.92
2023-11-07 17:22:20,658 [INFO] McuFinderGlobals:63 - Set McuFinder mode to 2 (CubeIDE integrated)
2023-11-07 17:22:20,659 [INFO] UserAuth:179 - activating auth plugin
2023-11-07 17:22:20,662 [INFO] UserAuth:393 - Internet connection configuration mode: 1
2023-11-07 17:22:20,696 [INFO] JxBrowserEngine:151 - Initiate JxBrowser Engine with user profile folder
2023-11-07 17:22:20,777 [WARN] MainUpdater:1189 - Updater busy. Cannot search thirdparties
2023-11-07 17:22:20,777 [INFO] ThirdPartyUpdaterWithRetryManager:96 - Updater plugin is busy. [1/15]
2023-11-07 17:22:20,856 [INFO] CheckServerUpdateThread:120 - End of CheckServer Thread
2023-11-07 17:22:21,822 [INFO] WebApp:157 - Instantiating new browser for Auth
2023-11-07 17:22:22,767 [INFO] WebApp:753 - Register for checkConnection events
2023-11-07 17:22:22,768 [INFO] WebApp:390 - Apply proxy settings
2023-11-07 17:22:22,768 [INFO] WebApp:475 - Chromium requires no authentication
2023-11-07 17:22:22,778 [INFO] WebApp:418 - Direct internet connection detected
2023-11-07 17:22:23,010 [INFO] WebApp:188 - Starting web application
2023-11-07 17:22:23,010 [INFO] WebApp:520 - Web application path used C:\ST\STM32CubeIDE_1.13.2\STM32CubeIDE\plugins\com.st.stm32cube.common.mx_6.9.2.202309101412\db\plugins\mcufinder\reactClient1\index.html
2023-11-07 17:22:23,986 [WARN] PackLoader:240 - Cannot read IP mode file for STMicroelectronics.X-CUBE-SMBUS.2.1.0
2023-11-07 17:22:24,028 [WARN] PackLoader:240 - Cannot read IP mode file for STMicroelectronics.X-CUBE-AZRTOS-F7.1.1.0
2023-11-07 17:22:24,042 [WARN] PackLoader:240 - Cannot read IP mode file for STMicroelectronics.FP-SNS-MOTENV1.4.3.2
2023-11-07 17:22:24,052 [WARN] PackLoader:240 - Cannot read IP mode file for STMicroelectronics.FP-SNS-FLIGHT1.5.0.2
2023-11-07 17:22:24,063 [WARN] PackLoader:240 - Cannot read IP mode file for STMicroelectronics.X-CUBE-DISPLAY.3.0.0
2023-11-07 17:22:24,080 [WARN] PackLoader:240 - Cannot read IP mode file for STMicroelectronics.X-CUBE-BLE1.7.0.0
2023-11-07 17:22:24,089 [WARN] PackLoader:240 - Cannot read IP mode file for emotas.I-CUBE-CANOPEN.1.3.0
2023-11-07 17:22:24,107 [INFO] LogOutputStream:77 - [STDOUT_REDIRECT] 1 : Invalid condition id : UX_CORESTACK_Condition cause : null
2023-11-07 17:22:24,108 [INFO] LogOutputStream:77 - [STDOUT_REDIRECT] 1 : Invalid condition id : UX_CORESTACK_Condition cause : null
2023-11-07 17:22:24,110 [INFO] LogOutputStream:77 - [STDOUT_REDIRECT] 1 : Invalid condition id : UX_CORESTACK_Condition cause : null
2023-11-07 17:22:24,112 [INFO] LogOutputStream:77 - [STDOUT_REDIRECT] 1 : Invalid condition id : UX_CORESTACK_Condition cause : null
2023-11-07 17:22:24,114 [INFO] LogOutputStream:77 - [STDOUT_REDIRECT] 1 : Invalid condition id : UX_CORESTACK_Condition cause : null
2023-11-07 17:22:24,118 [WARN] PackLoader:240 - Cannot read IP mode file for STMicroelectronics.X-CUBE-AZRTOS-WL.2.0.0
2023-11-07 17:22:24,136 [WARN] PackLoader:240 - Cannot read IP mode file for WES.I-CUBE-Cesium.1.3.0
2023-11-07 17:22:24,145 [WARN] PackLoader:240 - Cannot read IP mode file for STMicroelectronics.X-CUBE-BLE2.3.3.0
2023-11-07 17:22:24,157 [WARN] PackLoader:240 - Cannot read IP mode file for STMicroelectronics.X-CUBE-ALGOBUILD.1.3.0
2023-11-07 17:22:24,181 [WARN] PackLoader:240 - Cannot read IP mode file for STMicroelectronics.X-CUBE-AZRTOS-G0.1.1.0
2023-11-07 17:22:24,193 [WARN] PackLoader:240 - Cannot read IP mode file for STMicroelectronics.X-CUBE-NFC4.3.0.0
2023-11-07 17:22:24,212 [WARN] PackLoader:240 - Cannot read IP mode file for STMicroelectronics.X-CUBE-BLEMGR.3.0.0
2023-11-07 17:22:24,220 [WARN] PackLoader:240 - Cannot read IP mode file for STMicroelectronics.FP-ATR-SIGFOX1.3.2.0
2023-11-07 17:22:24,269 [WARN] PackLoader:240 - Cannot read IP mode file for SEGGER.I-CUBE-embOS.1.3.1
2023-11-07 17:22:24,330 [WARN] PackLoader:240 - Cannot read IP mode file for STMicroelectronics.X-CUBE-GNSS1.6.0.0
2023-11-07 17:22:24,366 [WARN] PackLoader:240 - Cannot read IP mode file for STMicroelectronics.X-CUBE-AZRTOS-F4.1.1.0
2023-11-07 17:22:24,395 [WARN] PackLoader:240 - Cannot read IP mode file for STMicroelectronics.X-CUBE-AZRTOS-L5.2.0.0
2023-11-07 17:22:24,449 [WARN] PackLoader:240 - Cannot read IP mode file for STMicroelectronics.X-CUBE-MEMS1.9.6.0
2023-11-07 17:22:24,670 [WARN] PackLoader:240 - Cannot read IP mode file for STMicroelectronics.X-CUBE-EEPRMA1.4.2.0
2023-11-07 17:22:24,681 [WARN] PackLoader:240 - Cannot read IP mode file for ITTIA_DB.I-CUBE-ITTIADB.8.8.0
2023-11-07 17:22:24,691 [WARN] PackLoader:240 - Cannot read IP mode file for STMicroelectronics.X-CUBE-BLEMGR.2.0.0
2023-11-07 17:22:24,717 [WARN] ConditionMgr:438 - getConditionDescription Invalid condition id : UX DEVICE CLASS RTOS Condition cause : null
2023-11-07 17:22:24,718 [WARN] ConditionMgr:438 - getConditionDescription Invalid condition id : UX DEVICE CLASS RTOS Condition cause : null
2023-11-07 17:22:24,721 [WARN] PackLoader:240 - Cannot read IP mode file for STMicroelectronics.X-CUBE-AZRTOS-H7.3.1.0
2023-11-07 17:22:24,723 [WARN] ConditionMgr:1039 - genDependencies : Invalid condition id : UX DEVICE CLASS RTOS Condition cause : null
2023-11-07 17:22:24,724 [WARN] ConditionMgr:1039 - genDependencies : Invalid condition id : UX DEVICE CLASS RTOS Condition cause : null
2023-11-07 17:22:24,725 [WARN] ConditionMgr:1039 - genDependencies : Invalid condition id : UX DEVICE CLASS RTOS Condition cause : null
2023-11-07 17:22:24,726 [WARN] ConditionMgr:1039 - genDependencies : Invalid condition id : UX DEVICE CLASS RTOS Condition cause : null
2023-11-07 17:22:24,726 [WARN] ConditionMgr:1039 - genDependencies : Invalid condition id : UX DEVICE CLASS RTOS Condition cause : null
2023-11-07 17:22:24,737 [WARN] PackLoader:240 - Cannot read IP mode file for STMicroelectronics.X-CUBE-NFC7.1.0.1
2023-11-07 17:22:24,747 [WARN] PackLoader:240 - Cannot read IP mode file for STMicroelectronics.X-CUBE-EEPRMA1.4.1.0
2023-11-07 17:22:24,757 [WARN] PackLoader:240 - Cannot read IP mode file for STMicroelectronics.X-CUBE-AI.8.1.0
2023-11-07 17:22:24,817 [WARN] ConditionMgr:438 - getConditionDescription Invalid condition id : LAN8742 Phy interface Condition cause : null
2023-11-07 17:22:24,818 [WARN] PackLoader:240 - Cannot read IP mode file for STMicroelectronics.X-CUBE-AZRTOS-L4.2.0.0
2023-11-07 17:22:24,821 [WARN] ConditionMgr:1039 - genDependencies : Invalid condition id : LAN8742 Phy interface Condition cause : null
2023-11-07 17:22:24,822 [WARN] ConditionMgr:1039 - genDependencies : Invalid condition id : LAN8742 Phy interface Condition cause : null
2023-11-07 17:22:24,823 [WARN] ConditionMgr:1039 - genDependencies : Invalid condition id : LAN8742 Phy interface Condition cause : null
2023-11-07 17:22:24,837 [WARN] PackLoader:240 - Cannot read IP mode file for STMicroelectronics.X-CUBE-SFXS2LP1.4.0.0
2023-11-07 17:22:24,845 [WARN] PackLoader:240 - Cannot read IP mode file for STMicroelectronics.X-CUBE-ISPU.1.1.0
2023-11-07 17:22:24,869 [WARN] ConditionMgr:438 - getConditionDescription Invalid condition id : UX DEVICE CLASS RTOS Condition cause : null
2023-11-07 17:22:24,870 [WARN] ConditionMgr:438 - getConditionDescription Invalid condition id : UX DEVICE CLASS RTOS Condition cause : null
2023-11-07 17:22:24,873 [WARN] PackLoader:240 - Cannot read IP mode file for STMicroelectronics.X-CUBE-AZRTOS-WB.2.0.0
2023-11-07 17:22:24,874 [WARN] ConditionMgr:1039 - genDependencies : Invalid condition id : UX DEVICE CLASS RTOS Condition cause : null
2023-11-07 17:22:24,874 [WARN] ConditionMgr:1039 - genDependencies : Invalid condition id : UX DEVICE CLASS RTOS Condition cause : null
2023-11-07 17:22:24,875 [WARN] ConditionMgr:1039 - genDependencies : Invalid condition id : UX DEVICE CLASS RTOS Condition cause : null
2023-11-07 17:22:24,875 [WARN] ConditionMgr:1039 - genDependencies : Invalid condition id : UX DEVICE CLASS RTOS Condition cause : null
2023-11-07 17:22:24,875 [WARN] ConditionMgr:1039 - genDependencies : Invalid condition id : UX DEVICE CLASS RTOS Condition cause : null
2023-11-07 17:22:24,887 [WARN] PackLoader:240 - Cannot read IP mode file for STMicroelectronics.X-CUBE-SUBG2.5.0.0
2023-11-07 17:22:24,910 [WARN] PackLoader:240 - Cannot read IP mode file for STMicroelectronics.X-CUBE-TOF1.3.3.1
2023-11-07 17:22:24,938 [WARN] PackLoader:240 - Cannot read IP mode file for STMicroelectronics.X-CUBE-AZRTOS-G4.2.0.0
2023-11-07 17:22:24,954 [WARN] PackLoader:240 - Cannot read IP mode file for Infineon.AIROC-Wi-Fi-Bluetooth-STM32.1.5.1
2023-11-07 17:22:25,025 [WARN] PackLoader:240 - Cannot read IP mode file for STMicroelectronics.X-CUBE-MEMS1.10.0.0
2023-11-07 17:22:25,175 [WARN] PackLoader:240 - Cannot read IP mode file for STMicroelectronics.X-CUBE-FREERTOS.1.1.0
2023-11-07 17:22:25,187 [WARN] PackLoader:240 - Cannot read IP mode file for portGmbH.I-Cube-SoM-uGOAL.1.1.0
2023-11-07 17:22:25,192 [WARN] PackLoader:240 - Cannot read IP mode file for STMicroelectronics.X-CUBE-ALS.1.0.1
2023-11-07 17:22:25,198 [WARN] PackLoader:240 - Cannot read IP mode file for STMicroelectronics.FP-ATR-ASTRA1.2.0.0
2023-11-07 17:22:25,199 [INFO] ThirdParty:978 - Integrity check success = true
2023-11-07 17:22:25,199 [INFO] IntegrityCheckThread:100 - exiting critical section [integrity check]
2023-11-07 17:22:25,199 [INFO] IntegrityCheckThread:103 - End integrity checks thread
2023-11-07 17:22:44,046 [ERROR] LogOutputStream:75 - [STDERR_REDIRECT] SLF4J: Failed to load class "org.slf4j.impl.StaticLoggerBinder".
2023-11-07 17:22:44,046 [ERROR] LogOutputStream:75 - [STDERR_REDIRECT] SLF4J: Defaulting to no-operation (NOP) logger implementation
2023-11-07 17:22:44,048 [ERROR] LogOutputStream:75 - [STDERR_REDIRECT] SLF4J: See http://www.slf4j.org/codes.html#StaticLoggerBinder for further details.
2023-11-07 20:04:14,344 [ERROR] LogOutputStream:75 - [STDERR_REDIRECT] 
