2023-11-23 15:42:37,610 [INFO] Activator:176 - 


2023-11-23 15:42:37,619 [INFO] Activator:177 - !SESSION log4j initialized
2023-11-23 15:42:45,140 [INFO] LogOutputStream:77 - [STDOUT_REDIRECT] 
2023-11-23 15:42:47,455 [INFO] ApplicationProperties:184 - Using Application install path: C:\ST\STM32CubeIDE_1.13.2\STM32CubeIDE\plugins\com.st.stm32cube.common.mx_6.9.2.202309101412
2023-11-23 15:42:47,480 [INFO] DbMcusXml:78 - Set database path to: C:\ST\STM32CubeIDE_1.13.2\STM32CubeIDE\plugins\com.st.stm32cube.common.mx_6.9.2.202309101412\\db\/mcu/
2023-11-23 15:42:47,481 [INFO] ApiDb:274 - Set plugin database path to: C:\ST\STM32CubeIDE_1.13.2\STM32CubeIDE\plugins\com.st.stm32cube.common.mx_6.9.2.202309101412\\db\/plugins/boardmanager/
2023-11-23 15:42:47,482 [WARN] ApiDb:259 - Overriding images path with different value:  => C:\ST\STM32CubeIDE_1.13.2\STM32CubeIDE\plugins\com.st.stm32cube.common.mx_6.9.2.202309101412\\db\/plugins/mcufinder/images/
2023-11-23 15:42:47,498 [INFO] ApiDb:250 - Set database path to: C:\Users\E-AY\.stmcufinder\plugins\mcufinder//mcu/
2023-11-23 15:42:47,500 [INFO] DbMcusAds:125 - Set database path to: C:\Users\E-AY\.stmcufinder\plugins\mcufinder//mcu/
2023-11-23 15:42:47,502 [INFO] CrossReferenceDbSqlite:203 - Set database path to: C:\Users\E-AY\.stmcufinder\plugins\mcufinder//mcu/cs/
2023-11-23 15:42:47,666 [INFO] RulesReader:64 - Compatibility file has been processed (293 Rules)
2023-11-23 15:42:47,783 [INFO] DbMcusXml:78 - Set database path to: C:\ST\STM32CubeIDE_1.13.2\STM32CubeIDE\plugins\com.st.stm32cube.common.mx_6.9.2.202309101412\\db\/mcu/
2023-11-23 15:42:47,783 [INFO] ApiDb:274 - Set plugin database path to: C:\ST\STM32CubeIDE_1.13.2\STM32CubeIDE\plugins\com.st.stm32cube.common.mx_6.9.2.202309101412\\db\/plugins/boardmanager/
2023-11-23 15:42:47,783 [INFO] ApiDb:261 - Set plugin images path to: C:\ST\STM32CubeIDE_1.13.2\STM32CubeIDE\plugins\com.st.stm32cube.common.mx_6.9.2.202309101412\\db\/plugins/mcufinder/images/
2023-11-23 15:42:47,783 [WARN] DbFile:41 - Overriding database path with different value: C:\Users\E-AY\.stmcufinder\plugins\mcufinder/ => C:\Users\E-AY\.stmcufinder\plugins\mcufinder
2023-11-23 15:42:47,784 [INFO] ApiDb:250 - Set database path to: C:\Users\E-AY\.stmcufinder\plugins\mcufinder//mcu/
2023-11-23 15:42:47,784 [WARN] DbFile:41 - Overriding database path with different value: C:\Users\E-AY\.stmcufinder\plugins\mcufinder/ => C:\Users\E-AY\.stmcufinder\plugins\mcufinder
2023-11-23 15:42:47,784 [INFO] DbMcusAds:125 - Set database path to: C:\Users\E-AY\.stmcufinder\plugins\mcufinder//mcu/
2023-11-23 15:42:47,784 [WARN] DbFile:41 - Overriding database path with different value: C:\Users\E-AY\.stmcufinder\plugins\mcufinder/ => C:\Users\E-AY\.stmcufinder\plugins\mcufinder
2023-11-23 15:42:47,784 [WARN] DbFile:41 - Overriding database path with different value: C:\Users\E-AY\.stmcufinder\plugins\mcufinder/ => C:\Users\E-AY\.stmcufinder\plugins\mcufinder
2023-11-23 15:42:47,784 [INFO] CrossReferenceDbSqlite:203 - Set database path to: C:\Users\E-AY\.stmcufinder\plugins\mcufinder//mcu/cs/
2023-11-23 15:42:47,883 [INFO] MainPanel:262 - HeapMemory: 268435456
2023-11-23 15:42:47,995 [INFO] DbMcusXml:78 - Set database path to: C:\ST\STM32CubeIDE_1.13.2\STM32CubeIDE\plugins\com.st.stm32cube.common.mx_6.9.2.202309101412\\db\/mcu/
2023-11-23 15:42:47,995 [INFO] ApiDb:274 - Set plugin database path to: C:\ST\STM32CubeIDE_1.13.2\STM32CubeIDE\plugins\com.st.stm32cube.common.mx_6.9.2.202309101412\\db\/plugins/boardmanager/
2023-11-23 15:42:47,996 [INFO] ApiDb:261 - Set plugin images path to: C:\ST\STM32CubeIDE_1.13.2\STM32CubeIDE\plugins\com.st.stm32cube.common.mx_6.9.2.202309101412\\db\/plugins/mcufinder/images/
2023-11-23 15:42:47,997 [WARN] DbFile:41 - Overriding database path with different value: C:\Users\E-AY\.stmcufinder\plugins\mcufinder/ => C:\Users\E-AY\.stmcufinder\plugins\mcufinder
2023-11-23 15:42:47,997 [INFO] ApiDb:250 - Set database path to: C:\Users\E-AY\.stmcufinder\plugins\mcufinder//mcu/
2023-11-23 15:42:47,997 [WARN] DbFile:41 - Overriding database path with different value: C:\Users\E-AY\.stmcufinder\plugins\mcufinder/ => C:\Users\E-AY\.stmcufinder\plugins\mcufinder
2023-11-23 15:42:47,997 [INFO] DbMcusAds:125 - Set database path to: C:\Users\E-AY\.stmcufinder\plugins\mcufinder//mcu/
2023-11-23 15:42:47,997 [WARN] DbFile:41 - Overriding database path with different value: C:\Users\E-AY\.stmcufinder\plugins\mcufinder/ => C:\Users\E-AY\.stmcufinder\plugins\mcufinder
2023-11-23 15:42:47,997 [WARN] DbFile:41 - Overriding database path with different value: C:\Users\E-AY\.stmcufinder\plugins\mcufinder/ => C:\Users\E-AY\.stmcufinder\plugins\mcufinder
2023-11-23 15:42:47,998 [INFO] CrossReferenceDbSqlite:203 - Set database path to: C:\Users\E-AY\.stmcufinder\plugins\mcufinder//mcu/cs/
2023-11-23 15:42:48,022 [INFO] ApplicationProperties:184 - Using Application install path: C:\ST\STM32CubeIDE_1.13.2\STM32CubeIDE\plugins\com.st.stm32cube.common.mx_6.9.2.202309101412
2023-11-23 15:42:48,023 [INFO] PluginManage:196 - Search for loadable plugins [exclusion list=, ]
2023-11-23 15:42:48,025 [INFO] PluginManage:310 - Check plugin analytics
2023-11-23 15:42:48,287 [INFO] AnalyticsPlugin:253 - Accepted Software Licenses: 
2023-11-23 15:42:48,287 [INFO] AnalyticsPlugin:255 - Accepted CMSIS Pack Licenses: 
2023-11-23 15:42:48,288 [INFO] AnalyticsPlugin:257 - Accepted Firmware Licenses: 
2023-11-23 15:42:48,293 [INFO] PluginManage:359 - Loaded plugin analytics (category:tool,tabindex:-1)
2023-11-23 15:42:48,294 [INFO] PluginManage:310 - Check plugin cadmodel
2023-11-23 15:42:48,314 [INFO] CADModel:105 - Init CAD model plugin
2023-11-23 15:42:48,314 [INFO] PluginManage:359 - Loaded plugin cadmodel (category:power,tabindex:5)
2023-11-23 15:42:48,314 [INFO] PluginManage:310 - Check plugin clock
2023-11-23 15:42:48,341 [INFO] PluginManage:359 - Loaded plugin clock (category:base,tabindex:2)
2023-11-23 15:42:48,341 [INFO] PluginManage:310 - Check plugin ddr
2023-11-23 15:42:48,344 [INFO] PluginManage:359 - Loaded plugin ddr (category:tool,tabindex:6)
2023-11-23 15:42:48,345 [INFO] PluginManage:310 - Check plugin filemanager
2023-11-23 15:42:48,537 [INFO] PluginManage:359 - Loaded plugin filemanager (category:base,tabindex:10)
2023-11-23 15:42:48,537 [INFO] PluginManage:310 - Check plugin ipmanager
2023-11-23 15:42:48,546 [INFO] PluginManage:359 - Loaded plugin ipmanager (category:base,tabindex:5)
2023-11-23 15:42:48,547 [INFO] PluginManage:310 - Check plugin lpbam
2023-11-23 15:42:48,570 [INFO] PluginManage:359 - Loaded plugin lpbam (category:base,tabindex:0)
2023-11-23 15:42:48,570 [INFO] PluginManage:310 - Check plugin memorymap
2023-11-23 15:42:48,606 [INFO] PluginManage:359 - Loaded plugin memorymap (category:base,tabindex:4)
2023-11-23 15:42:48,606 [INFO] PluginManage:310 - Check plugin pinoutandconfiguration
2023-11-23 15:42:48,628 [INFO] PluginManage:359 - Loaded plugin pinoutandconfiguration (category:base,tabindex:1)
2023-11-23 15:42:48,629 [INFO] PluginManage:310 - Check plugin pinoutconfig
2023-11-23 15:42:48,766 [WARN] SupportedApi:132 - Cannot load RTOS API schema: s4s-elt-must-match.1: The content of 'definitions' must match (annotation?, (simpleType | complexType)?, (unique | key | keyref)*)). A problem was found starting at: attribute.
2023-11-23 15:42:48,978 [INFO] PluginManage:359 - Loaded plugin pinoutconfig (category:base,tabindex:0)
2023-11-23 15:42:48,978 [INFO] PluginManage:310 - Check plugin power
2023-11-23 15:42:49,004 [INFO] PluginManage:359 - Loaded plugin power (category:power,tabindex:4)
2023-11-23 15:42:49,004 [INFO] PluginManage:310 - Check plugin projectmanager
2023-11-23 15:42:49,027 [INFO] PluginManage:359 - Loaded plugin projectmanager (category:projectmanager,tabindex:3)
2023-11-23 15:42:49,028 [INFO] PluginManage:310 - Check plugin thirdparty
2023-11-23 15:42:49,377 [INFO] PluginManage:359 - Loaded plugin thirdparty (category:base,tabindex:-1)
2023-11-23 15:42:49,377 [INFO] PluginManage:310 - Check plugin tools
2023-11-23 15:42:49,377 [WARN] IntegrityCheckThread:84 - waiting for thirdparty lock release [integrity check]
2023-11-23 15:42:49,378 [INFO] IntegrityCheckThread:86 - entering critical section [integrity check]
2023-11-23 15:42:49,379 [INFO] ThirdPartyUpdaterWithRetryManager:70 - Updater plugin not ready yet. [1/15]
2023-11-23 15:42:49,420 [INFO] PluginManage:359 - Loaded plugin tools (category:base,tabindex:7)
2023-11-23 15:42:49,420 [INFO] PluginManage:310 - Check plugin tutovideos
2023-11-23 15:42:49,673 [INFO] PluginManage:359 - Loaded plugin tutovideos (category:base,tabindex:-1)
2023-11-23 15:42:49,673 [INFO] PluginManage:310 - Check plugin updater
2023-11-23 15:42:49,686 [INFO] PluginManage:359 - Loaded plugin updater (category:base,tabindex:12)
2023-11-23 15:42:49,686 [INFO] PluginManage:310 - Check plugin userauth
2023-11-23 15:42:49,693 [INFO] UserAuth:113 - Init User Auth plugin
2023-11-23 15:42:49,693 [INFO] PluginManage:359 - Loaded plugin userauth (category:base,tabindex:14)
2023-11-23 15:42:49,693 [INFO] PluginManage:283 - PluginManage : Loaded plugins [17]
2023-11-23 15:42:49,970 [INFO] PinOutPanel:1499 - setPackage(No Configuration,No Configuration)
2023-11-23 15:42:50,107 [INFO] CADModel:165 - CPN selected for project level
2023-11-23 15:42:50,107 [INFO] CADModel:114 - Register for checkConnection events
2023-11-23 15:42:50,142 [INFO] IPUIPlugin:80 - create IPUIPlugin
2023-11-23 15:42:50,142 [INFO] PluginManager:220 - loadIPPluginJar : add adc
2023-11-23 15:42:50,186 [INFO] IPUIPlugin:80 - create IPUIPlugin
2023-11-23 15:42:50,186 [INFO] PluginManager:220 - loadIPPluginJar : add aes
2023-11-23 15:42:50,236 [INFO] IPUIPlugin:80 - create IPUIPlugin
2023-11-23 15:42:50,236 [INFO] PluginManager:220 - loadIPPluginJar : add can
2023-11-23 15:42:50,264 [INFO] IPUIPlugin:80 - create IPUIPlugin
2023-11-23 15:42:50,265 [INFO] PluginManager:220 - loadIPPluginJar : add comp
2023-11-23 15:42:50,305 [INFO] IPUIPlugin:80 - create IPUIPlugin
2023-11-23 15:42:50,305 [INFO] PluginManager:220 - loadIPPluginJar : add cryp
2023-11-23 15:42:50,342 [INFO] IPUIPlugin:80 - create IPUIPlugin
2023-11-23 15:42:50,342 [INFO] PluginManager:220 - loadIPPluginJar : add dfsdm
2023-11-23 15:42:50,361 [INFO] IPUIPlugin:80 - create IPUIPlugin
2023-11-23 15:42:50,362 [INFO] PluginManager:220 - loadIPPluginJar : add dma
2023-11-23 15:42:50,413 [INFO] IPUIPlugin:80 - create IPUIPlugin
2023-11-23 15:42:50,414 [INFO] PluginManager:220 - loadIPPluginJar : add dma3
2023-11-23 15:42:50,438 [INFO] IPUIPlugin:80 - create IPUIPlugin
2023-11-23 15:42:50,439 [INFO] PluginManager:220 - loadIPPluginJar : add fatfs
2023-11-23 15:42:50,497 [INFO] IPUIPlugin:80 - create IPUIPlugin
2023-11-23 15:42:50,497 [INFO] PluginManager:220 - loadIPPluginJar : add fmc
2023-11-23 15:42:50,517 [INFO] IPUIPlugin:80 - create IPUIPlugin
2023-11-23 15:42:50,518 [INFO] PluginManager:220 - loadIPPluginJar : add freertos
2023-11-23 15:42:50,543 [INFO] IPUIPlugin:80 - create IPUIPlugin
2023-11-23 15:42:50,543 [INFO] PluginManager:220 - loadIPPluginJar : add genericplugin
2023-11-23 15:42:50,655 [INFO] IPUIPlugin:80 - create IPUIPlugin
2023-11-23 15:42:50,655 [INFO] PluginManager:220 - loadIPPluginJar : add gfxmmu
2023-11-23 15:42:50,812 [INFO] IPUIPlugin:80 - create IPUIPlugin
2023-11-23 15:42:50,812 [INFO] PluginManager:220 - loadIPPluginJar : add gic
2023-11-23 15:42:50,830 [INFO] IPUIPlugin:80 - create IPUIPlugin
2023-11-23 15:42:50,830 [INFO] PluginManager:220 - loadIPPluginJar : add gpio
2023-11-23 15:42:50,943 [INFO] IPUIPlugin:80 - create IPUIPlugin
2023-11-23 15:42:50,943 [INFO] PluginManager:220 - loadIPPluginJar : add gtzc
2023-11-23 15:42:50,983 [INFO] IPUIPlugin:80 - create IPUIPlugin
2023-11-23 15:42:50,983 [INFO] PluginManager:220 - loadIPPluginJar : add hash
2023-11-23 15:42:51,047 [INFO] IPUIPlugin:80 - create IPUIPlugin
2023-11-23 15:42:51,047 [INFO] PluginManager:220 - loadIPPluginJar : add i2c
2023-11-23 15:42:51,095 [INFO] IPUIPlugin:80 - create IPUIPlugin
2023-11-23 15:42:51,096 [INFO] PluginManager:220 - loadIPPluginJar : add i2s
2023-11-23 15:42:51,147 [INFO] IPUIPlugin:80 - create IPUIPlugin
2023-11-23 15:42:51,147 [INFO] PluginManager:220 - loadIPPluginJar : add i3c
2023-11-23 15:42:51,282 [INFO] IPUIPlugin:80 - create IPUIPlugin
2023-11-23 15:42:51,283 [INFO] PluginManager:220 - loadIPPluginJar : add ipddr
2023-11-23 15:42:51,394 [INFO] IPUIPlugin:80 - create IPUIPlugin
2023-11-23 15:42:51,394 [INFO] PluginManager:220 - loadIPPluginJar : add linkedlist
2023-11-23 15:42:51,436 [INFO] IPUIPlugin:80 - create IPUIPlugin
2023-11-23 15:42:51,437 [INFO] PluginManager:220 - loadIPPluginJar : add lorawan
2023-11-23 15:42:51,482 [INFO] IPUIPlugin:80 - create IPUIPlugin
2023-11-23 15:42:51,482 [INFO] PluginManager:220 - loadIPPluginJar : add ltdc
2023-11-23 15:42:51,501 [INFO] IPUIPlugin:80 - create IPUIPlugin
2023-11-23 15:42:51,501 [INFO] PluginManager:220 - loadIPPluginJar : add mdma
2023-11-23 15:42:51,516 [INFO] IPUIPlugin:80 - create IPUIPlugin
2023-11-23 15:42:51,516 [INFO] PluginManager:220 - loadIPPluginJar : add nvic
2023-11-23 15:42:51,560 [INFO] IPUIPlugin:80 - create IPUIPlugin
2023-11-23 15:42:51,560 [INFO] PluginManager:220 - loadIPPluginJar : add opamp
2023-11-23 15:42:51,632 [INFO] IPUIPlugin:80 - create IPUIPlugin
2023-11-23 15:42:51,632 [INFO] PluginManager:220 - loadIPPluginJar : add openamp
2023-11-23 15:42:51,683 [INFO] IPUIPlugin:80 - create IPUIPlugin
2023-11-23 15:42:51,683 [INFO] PluginManager:220 - loadIPPluginJar : add pdm2pcm
2023-11-23 15:42:51,702 [INFO] IPUIPlugin:80 - create IPUIPlugin
2023-11-23 15:42:51,705 [INFO] PluginManager:220 - loadIPPluginJar : add plateformsettings
2023-11-23 15:42:51,731 [INFO] IPUIPlugin:80 - create IPUIPlugin
2023-11-23 15:42:51,732 [INFO] PluginManager:220 - loadIPPluginJar : add quadspi
2023-11-23 15:42:51,748 [INFO] IPUIPlugin:80 - create IPUIPlugin
2023-11-23 15:42:51,748 [INFO] PluginManager:220 - loadIPPluginJar : add resmgrutility
2023-11-23 15:42:51,807 [INFO] IPUIPlugin:80 - create IPUIPlugin
2023-11-23 15:42:51,807 [INFO] PluginManager:220 - loadIPPluginJar : add sai
2023-11-23 15:42:51,853 [INFO] IPUIPlugin:80 - create IPUIPlugin
2023-11-23 15:42:51,853 [INFO] PluginManager:220 - loadIPPluginJar : add spi
2023-11-23 15:42:51,927 [INFO] IPUIPlugin:80 - create IPUIPlugin
2023-11-23 15:42:51,927 [INFO] PluginManager:220 - loadIPPluginJar : add stm32_wpan
2023-11-23 15:42:51,956 [INFO] IPUIPlugin:80 - create IPUIPlugin
2023-11-23 15:42:51,956 [INFO] PluginManager:220 - loadIPPluginJar : add tim
2023-11-23 15:42:52,025 [INFO] IPUIPlugin:80 - create IPUIPlugin
2023-11-23 15:42:52,025 [INFO] PluginManager:220 - loadIPPluginJar : add touchsensing
2023-11-23 15:42:52,053 [INFO] IPUIPlugin:80 - create IPUIPlugin
2023-11-23 15:42:52,053 [INFO] PluginManager:220 - loadIPPluginJar : add tracer_emb
2023-11-23 15:42:52,081 [INFO] IPUIPlugin:80 - create IPUIPlugin
2023-11-23 15:42:52,082 [INFO] PluginManager:220 - loadIPPluginJar : add ts
2023-11-23 15:42:52,107 [INFO] IPUIPlugin:80 - create IPUIPlugin
2023-11-23 15:42:52,107 [INFO] PluginManager:220 - loadIPPluginJar : add tsc
2023-11-23 15:42:52,136 [INFO] IPUIPlugin:80 - create IPUIPlugin
2023-11-23 15:42:52,136 [INFO] PluginManager:220 - loadIPPluginJar : add ucpd
2023-11-23 15:42:52,190 [INFO] IPUIPlugin:80 - create IPUIPlugin
2023-11-23 15:42:52,191 [INFO] PluginManager:220 - loadIPPluginJar : add usart
2023-11-23 15:42:52,245 [INFO] IPUIPlugin:80 - create IPUIPlugin
2023-11-23 15:42:52,245 [INFO] PluginManager:220 - loadIPPluginJar : add usbx
2023-11-23 15:42:52,380 [INFO] ThirdPartyUpdaterWithRetryManager:70 - Updater plugin not ready yet. [2/15]
2023-11-23 15:42:52,391 [INFO] CADModel:165 - CPN selected for project level
2023-11-23 15:42:52,391 [INFO] CADModel:114 - Register for checkConnection events
2023-11-23 15:42:52,392 [FATAL] Updater:308 - Updater called before beeing initialized
2023-11-23 15:42:52,392 [ERROR] CADModel:125 - Updater not yet initialized, retry later 
2023-11-23 15:42:52,596 [INFO] CADModel:165 - CPN selected for project level
2023-11-23 15:42:52,596 [INFO] CADModel:114 - Register for checkConnection events
2023-11-23 15:42:52,596 [FATAL] Updater:308 - Updater called before beeing initialized
2023-11-23 15:42:52,596 [ERROR] CADModel:125 - Updater not yet initialized, retry later 
2023-11-23 15:42:52,601 [FATAL] Updater:308 - Updater called before beeing initialized
2023-11-23 15:42:52,733 [FATAL] Updater:308 - Updater called before beeing initialized
2023-11-23 15:42:52,747 [INFO] DbMcusAds:53 - JSON generation date=Tue Mar 07 11:50:55 TRT 2023 (1678179055335)
2023-11-23 15:42:52,747 [FATAL] Updater:308 - Updater called before beeing initialized
2023-11-23 15:42:52,851 [WARN] DetailPanel:346 - Failed to get advertising image, set to default
2023-11-23 15:42:52,994 [FATAL] Updater:308 - Updater called before beeing initialized
2023-11-23 15:42:52,996 [FATAL] Updater:308 - Updater called before beeing initialized
2023-11-23 15:42:52,997 [FATAL] Updater:308 - Updater called before beeing initialized
2023-11-23 15:42:52,997 [WARN] DetailPanel:346 - Failed to get advertising image, set to default
2023-11-23 15:42:52,998 [FATAL] Updater:308 - Updater called before beeing initialized
2023-11-23 15:42:53,081 [ERROR] Updater:1120 - MainUpdater not yet initialized. External WinMGr cannot be set.
2023-11-23 15:42:53,095 [INFO] Updater:1056 - Updater Version found : 6.9.2
2023-11-23 15:42:53,119 [INFO] ApplicationProperties:184 - Using Application install path: C:\ST\STM32CubeIDE_1.13.2\STM32CubeIDE\plugins\com.st.stm32cube.common.mx_6.9.2.202309101412
2023-11-23 15:42:53,292 [INFO] MainUpdater:2868 - connection check result : 10
2023-11-23 15:42:53,293 [INFO] MainUpdater:285 - Updater Check For Update Now.
2023-11-23 15:42:53,294 [INFO] MicroXplorer:498 - Change Database Version : DB.6.0.92
2023-11-23 15:42:53,319 [INFO] McuFinderGlobals:63 - Set McuFinder mode to 2 (CubeIDE integrated)
2023-11-23 15:42:53,320 [INFO] UserAuth:179 - activating auth plugin
2023-11-23 15:42:53,323 [INFO] UserAuth:393 - Internet connection configuration mode: 1
2023-11-23 15:42:53,359 [INFO] JxBrowserEngine:151 - Initiate JxBrowser Engine with user profile folder
2023-11-23 15:42:53,539 [INFO] CheckServerUpdateThread:120 - End of CheckServer Thread
2023-11-23 15:42:55,913 [WARN] PackLoader:240 - Cannot read IP mode file for STMicroelectronics.X-CUBE-SMBUS.2.1.0
2023-11-23 15:42:55,999 [WARN] PackLoader:240 - Cannot read IP mode file for STMicroelectronics.X-CUBE-AZRTOS-F7.1.1.0
2023-11-23 15:42:56,029 [WARN] PackLoader:240 - Cannot read IP mode file for STMicroelectronics.FP-SNS-MOTENV1.4.3.2
2023-11-23 15:42:56,050 [WARN] PackLoader:240 - Cannot read IP mode file for STMicroelectronics.FP-SNS-FLIGHT1.5.0.2
2023-11-23 15:42:56,079 [WARN] PackLoader:240 - Cannot read IP mode file for STMicroelectronics.X-CUBE-DISPLAY.3.0.0
2023-11-23 15:42:56,117 [WARN] PackLoader:240 - Cannot read IP mode file for STMicroelectronics.X-CUBE-BLE1.7.0.0
2023-11-23 15:42:56,143 [WARN] PackLoader:240 - Cannot read IP mode file for emotas.I-CUBE-CANOPEN.1.3.0
2023-11-23 15:42:56,180 [INFO] LogOutputStream:77 - [STDOUT_REDIRECT] 1 : Invalid condition id : UX_CORESTACK_Condition cause : null
2023-11-23 15:42:56,181 [INFO] LogOutputStream:77 - [STDOUT_REDIRECT] 1 : Invalid condition id : UX_CORESTACK_Condition cause : null
2023-11-23 15:42:56,183 [INFO] LogOutputStream:77 - [STDOUT_REDIRECT] 1 : Invalid condition id : UX_CORESTACK_Condition cause : null
2023-11-23 15:42:56,185 [INFO] LogOutputStream:77 - [STDOUT_REDIRECT] 1 : Invalid condition id : UX_CORESTACK_Condition cause : null
2023-11-23 15:42:56,188 [INFO] LogOutputStream:77 - [STDOUT_REDIRECT] 1 : Invalid condition id : UX_CORESTACK_Condition cause : null
2023-11-23 15:42:56,196 [WARN] PackLoader:240 - Cannot read IP mode file for STMicroelectronics.X-CUBE-AZRTOS-WL.2.0.0
2023-11-23 15:42:56,256 [WARN] PackLoader:240 - Cannot read IP mode file for WES.I-CUBE-Cesium.1.3.0
2023-11-23 15:42:56,335 [WARN] PackLoader:240 - Cannot read IP mode file for STMicroelectronics.X-CUBE-BLE2.3.3.0
2023-11-23 15:42:56,370 [WARN] PackLoader:240 - Cannot read IP mode file for STMicroelectronics.X-CUBE-ALGOBUILD.1.3.0
2023-11-23 15:42:56,438 [WARN] PackLoader:240 - Cannot read IP mode file for STMicroelectronics.X-CUBE-AZRTOS-G0.1.1.0
2023-11-23 15:42:56,498 [WARN] PackLoader:240 - Cannot read IP mode file for STMicroelectronics.X-CUBE-NFC4.3.0.0
2023-11-23 15:42:56,538 [WARN] PackLoader:240 - Cannot read IP mode file for STMicroelectronics.X-CUBE-BLEMGR.3.0.0
2023-11-23 15:42:56,564 [WARN] PackLoader:240 - Cannot read IP mode file for STMicroelectronics.FP-ATR-SIGFOX1.3.2.0
2023-11-23 15:42:56,648 [WARN] PackLoader:240 - Cannot read IP mode file for SEGGER.I-CUBE-embOS.1.3.1
2023-11-23 15:42:56,739 [WARN] PackLoader:240 - Cannot read IP mode file for STMicroelectronics.X-CUBE-GNSS1.6.0.0
2023-11-23 15:42:56,776 [INFO] WebApp:157 - Instantiating new browser for Auth
2023-11-23 15:42:56,786 [WARN] PackLoader:240 - Cannot read IP mode file for STMicroelectronics.X-CUBE-AZRTOS-F4.1.1.0
2023-11-23 15:42:56,858 [WARN] PackLoader:240 - Cannot read IP mode file for STMicroelectronics.X-CUBE-AZRTOS-L5.2.0.0
2023-11-23 15:42:56,980 [WARN] PackLoader:240 - Cannot read IP mode file for STMicroelectronics.X-CUBE-MEMS1.9.6.0
2023-11-23 15:42:57,303 [WARN] PackLoader:240 - Cannot read IP mode file for STMicroelectronics.X-CUBE-EEPRMA1.4.2.0
2023-11-23 15:42:57,321 [WARN] PackLoader:240 - Cannot read IP mode file for ITTIA_DB.I-CUBE-ITTIADB.8.8.0
2023-11-23 15:42:57,342 [WARN] PackLoader:240 - Cannot read IP mode file for STMicroelectronics.X-CUBE-BLEMGR.2.0.0
2023-11-23 15:42:57,383 [WARN] ConditionMgr:438 - getConditionDescription Invalid condition id : UX DEVICE CLASS RTOS Condition cause : null
2023-11-23 15:42:57,383 [WARN] ConditionMgr:438 - getConditionDescription Invalid condition id : UX DEVICE CLASS RTOS Condition cause : null
2023-11-23 15:42:57,387 [WARN] PackLoader:240 - Cannot read IP mode file for STMicroelectronics.X-CUBE-AZRTOS-H7.3.1.0
2023-11-23 15:42:57,389 [WARN] ConditionMgr:1039 - genDependencies : Invalid condition id : UX DEVICE CLASS RTOS Condition cause : null
2023-11-23 15:42:57,389 [WARN] ConditionMgr:1039 - genDependencies : Invalid condition id : UX DEVICE CLASS RTOS Condition cause : null
2023-11-23 15:42:57,390 [WARN] ConditionMgr:1039 - genDependencies : Invalid condition id : UX DEVICE CLASS RTOS Condition cause : null
2023-11-23 15:42:57,390 [WARN] ConditionMgr:1039 - genDependencies : Invalid condition id : UX DEVICE CLASS RTOS Condition cause : null
2023-11-23 15:42:57,390 [WARN] ConditionMgr:1039 - genDependencies : Invalid condition id : UX DEVICE CLASS RTOS Condition cause : null
2023-11-23 15:42:57,411 [WARN] PackLoader:240 - Cannot read IP mode file for STMicroelectronics.X-CUBE-NFC7.1.0.1
2023-11-23 15:42:57,426 [WARN] PackLoader:240 - Cannot read IP mode file for STMicroelectronics.X-CUBE-EEPRMA1.4.1.0
2023-11-23 15:42:57,447 [WARN] PackLoader:240 - Cannot read IP mode file for STMicroelectronics.X-CUBE-AI.8.1.0
2023-11-23 15:42:57,500 [WARN] ConditionMgr:438 - getConditionDescription Invalid condition id : LAN8742 Phy interface Condition cause : null
2023-11-23 15:42:57,501 [WARN] PackLoader:240 - Cannot read IP mode file for STMicroelectronics.X-CUBE-AZRTOS-L4.2.0.0
2023-11-23 15:42:57,504 [WARN] ConditionMgr:1039 - genDependencies : Invalid condition id : LAN8742 Phy interface Condition cause : null
2023-11-23 15:42:57,504 [WARN] ConditionMgr:1039 - genDependencies : Invalid condition id : LAN8742 Phy interface Condition cause : null
2023-11-23 15:42:57,506 [WARN] ConditionMgr:1039 - genDependencies : Invalid condition id : LAN8742 Phy interface Condition cause : null
2023-11-23 15:42:57,528 [WARN] PackLoader:240 - Cannot read IP mode file for STMicroelectronics.X-CUBE-SFXS2LP1.4.0.0
2023-11-23 15:42:57,546 [WARN] PackLoader:240 - Cannot read IP mode file for STMicroelectronics.X-CUBE-ISPU.1.1.0
2023-11-23 15:42:57,576 [WARN] ConditionMgr:438 - getConditionDescription Invalid condition id : UX DEVICE CLASS RTOS Condition cause : null
2023-11-23 15:42:57,576 [WARN] ConditionMgr:438 - getConditionDescription Invalid condition id : UX DEVICE CLASS RTOS Condition cause : null
2023-11-23 15:42:57,580 [WARN] PackLoader:240 - Cannot read IP mode file for STMicroelectronics.X-CUBE-AZRTOS-WB.2.0.0
2023-11-23 15:42:57,582 [WARN] ConditionMgr:1039 - genDependencies : Invalid condition id : UX DEVICE CLASS RTOS Condition cause : null
2023-11-23 15:42:57,582 [WARN] ConditionMgr:1039 - genDependencies : Invalid condition id : UX DEVICE CLASS RTOS Condition cause : null
2023-11-23 15:42:57,582 [WARN] ConditionMgr:1039 - genDependencies : Invalid condition id : UX DEVICE CLASS RTOS Condition cause : null
2023-11-23 15:42:57,583 [WARN] ConditionMgr:1039 - genDependencies : Invalid condition id : UX DEVICE CLASS RTOS Condition cause : null
2023-11-23 15:42:57,583 [WARN] ConditionMgr:1039 - genDependencies : Invalid condition id : UX DEVICE CLASS RTOS Condition cause : null
2023-11-23 15:42:57,621 [WARN] PackLoader:240 - Cannot read IP mode file for STMicroelectronics.X-CUBE-SUBG2.5.0.0
2023-11-23 15:42:57,665 [WARN] PackLoader:240 - Cannot read IP mode file for STMicroelectronics.X-CUBE-TOF1.3.3.1
2023-11-23 15:42:57,741 [WARN] PackLoader:240 - Cannot read IP mode file for STMicroelectronics.X-CUBE-AZRTOS-G4.2.0.0
2023-11-23 15:42:57,783 [WARN] PackLoader:240 - Cannot read IP mode file for Infineon.AIROC-Wi-Fi-Bluetooth-STM32.1.5.1
2023-11-23 15:42:57,802 [WARN] PackLoader:240 - Cannot read IP mode file for STMicroelectronics.FP-SNS-MOTENVWB1.1.3.0
2023-11-23 15:42:57,878 [WARN] PackLoader:240 - Cannot read IP mode file for STMicroelectronics.X-CUBE-MEMS1.10.0.0
2023-11-23 15:42:58,032 [INFO] WebApp:753 - Register for checkConnection events
2023-11-23 15:42:58,033 [INFO] WebApp:390 - Apply proxy settings
2023-11-23 15:42:58,033 [INFO] WebApp:475 - Chromium requires no authentication
2023-11-23 15:42:58,046 [INFO] WebApp:418 - Direct internet connection detected
2023-11-23 15:42:58,051 [WARN] PackLoader:240 - Cannot read IP mode file for STMicroelectronics.X-CUBE-FREERTOS.1.1.0
2023-11-23 15:42:58,069 [WARN] PackLoader:240 - Cannot read IP mode file for portGmbH.I-Cube-SoM-uGOAL.1.1.0
2023-11-23 15:42:58,088 [WARN] PackLoader:240 - Cannot read IP mode file for STMicroelectronics.X-CUBE-ALS.1.0.1
2023-11-23 15:42:58,102 [WARN] PackLoader:240 - Cannot read IP mode file for STMicroelectronics.FP-ATR-ASTRA1.2.0.0
2023-11-23 15:42:58,128 [WARN] PackLoader:240 - Cannot read IP mode file for STMicroelectronics.X-CUBE-TOF1.3.4.0
2023-11-23 15:42:58,147 [INFO] ThirdParty:978 - Integrity check success = true
2023-11-23 15:42:58,147 [INFO] IntegrityCheckThread:100 - exiting critical section [integrity check]
2023-11-23 15:42:58,147 [INFO] IntegrityCheckThread:103 - End integrity checks thread
2023-11-23 15:42:58,374 [INFO] WebApp:188 - Starting web application
2023-11-23 15:42:58,374 [INFO] WebApp:520 - Web application path used C:\ST\STM32CubeIDE_1.13.2\STM32CubeIDE\plugins\com.st.stm32cube.common.mx_6.9.2.202309101412\db\plugins\mcufinder\reactClient1\index.html
2023-11-23 15:43:19,619 [ERROR] LogOutputStream:75 - [STDERR_REDIRECT] SLF4J: Failed to load class "org.slf4j.impl.StaticLoggerBinder".
2023-11-23 15:43:19,620 [ERROR] LogOutputStream:75 - [STDERR_REDIRECT] SLF4J: Defaulting to no-operation (NOP) logger implementation
2023-11-23 15:43:19,622 [ERROR] LogOutputStream:75 - [STDERR_REDIRECT] SLF4J: See http://www.slf4j.org/codes.html#StaticLoggerBinder for further details.
2023-11-23 16:08:41,065 [ERROR] LogOutputStream:75 - [STDERR_REDIRECT] Exception in thread "Thread-26" java.lang.IllegalStateException: Need an underlying widget to be able to set the input.(Has the widget been disposed?)
2023-11-23 16:08:41,072 [ERROR] LogOutputStream:75 - [STDERR_REDIRECT] 	at org.eclipse.jface.viewers.StructuredViewer.setInput(StructuredViewer.java:1627)
2023-11-23 16:08:41,082 [ERROR] LogOutputStream:75 - [STDERR_REDIRECT] 	at com.st.stm32cube.ide.mcu.buildanalyzer.MemUsageComposite.setInput(MemUsageComposite.java:97)
2023-11-23 16:08:41,086 [ERROR] LogOutputStream:75 - [STDERR_REDIRECT] 	at elf_analyzer.ElfAnalyzerView.clearView(ElfAnalyzerView.java:285)
2023-11-23 16:08:41,093 [ERROR] LogOutputStream:75 - [STDERR_REDIRECT] 	at elf_analyzer.ElfAnalyzerView.lambda$2(ElfAnalyzerView.java:278)
2023-11-23 16:08:41,097 [ERROR] LogOutputStream:75 - [STDERR_REDIRECT] 	at com.st.stm32cube.ide.common.utils.ThreadHelper.runInUiThreadAsync(ThreadHelper.java:24)
2023-11-23 16:08:41,099 [ERROR] LogOutputStream:75 - [STDERR_REDIRECT] 	at elf_analyzer.ElfAnalyzerView.inputChanged(ElfAnalyzerView.java:278)
2023-11-23 16:08:41,106 [ERROR] LogOutputStream:75 - [STDERR_REDIRECT] 	at elf_analyzer.ElfAnalyzerView.lambda$7(ElfAnalyzerView.java:506)
2023-11-23 16:08:41,110 [ERROR] LogOutputStream:75 - [STDERR_REDIRECT] 	at java.base/java.lang.Thread.run(Thread.java:833)
