2023-11-22 14:45:57,629 [INFO] Activator:176 - 


2023-11-22 14:45:57,640 [INFO] Activator:177 - !SESSION log4j initialized
2023-11-22 14:46:05,035 [INFO] LogOutputStream:77 - [STDOUT_REDIRECT] 
2023-11-22 14:46:07,358 [INFO] ApplicationProperties:184 - Using Application install path: C:\ST\STM32CubeIDE_1.13.2\STM32CubeIDE\plugins\com.st.stm32cube.common.mx_6.9.2.202309101412
2023-11-22 14:46:07,382 [INFO] DbMcusXml:78 - Set database path to: C:\ST\STM32CubeIDE_1.13.2\STM32CubeIDE\plugins\com.st.stm32cube.common.mx_6.9.2.202309101412\\db\/mcu/
2023-11-22 14:46:07,382 [INFO] ApiDb:274 - Set plugin database path to: C:\ST\STM32CubeIDE_1.13.2\STM32CubeIDE\plugins\com.st.stm32cube.common.mx_6.9.2.202309101412\\db\/plugins/boardmanager/
2023-11-22 14:46:07,383 [WARN] ApiDb:259 - Overriding images path with different value:  => C:\ST\STM32CubeIDE_1.13.2\STM32CubeIDE\plugins\com.st.stm32cube.common.mx_6.9.2.202309101412\\db\/plugins/mcufinder/images/
2023-11-22 14:46:07,399 [INFO] ApiDb:250 - Set database path to: C:\Users\E-AY\.stmcufinder\plugins\mcufinder//mcu/
2023-11-22 14:46:07,400 [INFO] DbMcusAds:125 - Set database path to: C:\Users\E-AY\.stmcufinder\plugins\mcufinder//mcu/
2023-11-22 14:46:07,403 [INFO] CrossReferenceDbSqlite:203 - Set database path to: C:\Users\E-AY\.stmcufinder\plugins\mcufinder//mcu/cs/
2023-11-22 14:46:07,579 [INFO] RulesReader:64 - Compatibility file has been processed (293 Rules)
2023-11-22 14:46:07,713 [INFO] DbMcusXml:78 - Set database path to: C:\ST\STM32CubeIDE_1.13.2\STM32CubeIDE\plugins\com.st.stm32cube.common.mx_6.9.2.202309101412\\db\/mcu/
2023-11-22 14:46:07,713 [INFO] ApiDb:274 - Set plugin database path to: C:\ST\STM32CubeIDE_1.13.2\STM32CubeIDE\plugins\com.st.stm32cube.common.mx_6.9.2.202309101412\\db\/plugins/boardmanager/
2023-11-22 14:46:07,713 [INFO] ApiDb:261 - Set plugin images path to: C:\ST\STM32CubeIDE_1.13.2\STM32CubeIDE\plugins\com.st.stm32cube.common.mx_6.9.2.202309101412\\db\/plugins/mcufinder/images/
2023-11-22 14:46:07,713 [WARN] DbFile:41 - Overriding database path with different value: C:\Users\E-AY\.stmcufinder\plugins\mcufinder/ => C:\Users\E-AY\.stmcufinder\plugins\mcufinder
2023-11-22 14:46:07,714 [INFO] ApiDb:250 - Set database path to: C:\Users\E-AY\.stmcufinder\plugins\mcufinder//mcu/
2023-11-22 14:46:07,714 [WARN] DbFile:41 - Overriding database path with different value: C:\Users\E-AY\.stmcufinder\plugins\mcufinder/ => C:\Users\E-AY\.stmcufinder\plugins\mcufinder
2023-11-22 14:46:07,714 [INFO] DbMcusAds:125 - Set database path to: C:\Users\E-AY\.stmcufinder\plugins\mcufinder//mcu/
2023-11-22 14:46:07,714 [WARN] DbFile:41 - Overriding database path with different value: C:\Users\E-AY\.stmcufinder\plugins\mcufinder/ => C:\Users\E-AY\.stmcufinder\plugins\mcufinder
2023-11-22 14:46:07,714 [WARN] DbFile:41 - Overriding database path with different value: C:\Users\E-AY\.stmcufinder\plugins\mcufinder/ => C:\Users\E-AY\.stmcufinder\plugins\mcufinder
2023-11-22 14:46:07,714 [INFO] CrossReferenceDbSqlite:203 - Set database path to: C:\Users\E-AY\.stmcufinder\plugins\mcufinder//mcu/cs/
2023-11-22 14:46:07,817 [INFO] MainPanel:262 - HeapMemory: 268435456
2023-11-22 14:46:07,926 [INFO] DbMcusXml:78 - Set database path to: C:\ST\STM32CubeIDE_1.13.2\STM32CubeIDE\plugins\com.st.stm32cube.common.mx_6.9.2.202309101412\\db\/mcu/
2023-11-22 14:46:07,926 [INFO] ApiDb:274 - Set plugin database path to: C:\ST\STM32CubeIDE_1.13.2\STM32CubeIDE\plugins\com.st.stm32cube.common.mx_6.9.2.202309101412\\db\/plugins/boardmanager/
2023-11-22 14:46:07,926 [INFO] ApiDb:261 - Set plugin images path to: C:\ST\STM32CubeIDE_1.13.2\STM32CubeIDE\plugins\com.st.stm32cube.common.mx_6.9.2.202309101412\\db\/plugins/mcufinder/images/
2023-11-22 14:46:07,927 [WARN] DbFile:41 - Overriding database path with different value: C:\Users\E-AY\.stmcufinder\plugins\mcufinder/ => C:\Users\E-AY\.stmcufinder\plugins\mcufinder
2023-11-22 14:46:07,927 [INFO] ApiDb:250 - Set database path to: C:\Users\E-AY\.stmcufinder\plugins\mcufinder//mcu/
2023-11-22 14:46:07,928 [WARN] DbFile:41 - Overriding database path with different value: C:\Users\E-AY\.stmcufinder\plugins\mcufinder/ => C:\Users\E-AY\.stmcufinder\plugins\mcufinder
2023-11-22 14:46:07,928 [INFO] DbMcusAds:125 - Set database path to: C:\Users\E-AY\.stmcufinder\plugins\mcufinder//mcu/
2023-11-22 14:46:07,928 [WARN] DbFile:41 - Overriding database path with different value: C:\Users\E-AY\.stmcufinder\plugins\mcufinder/ => C:\Users\E-AY\.stmcufinder\plugins\mcufinder
2023-11-22 14:46:07,928 [WARN] DbFile:41 - Overriding database path with different value: C:\Users\E-AY\.stmcufinder\plugins\mcufinder/ => C:\Users\E-AY\.stmcufinder\plugins\mcufinder
2023-11-22 14:46:07,928 [INFO] CrossReferenceDbSqlite:203 - Set database path to: C:\Users\E-AY\.stmcufinder\plugins\mcufinder//mcu/cs/
2023-11-22 14:46:07,954 [INFO] ApplicationProperties:184 - Using Application install path: C:\ST\STM32CubeIDE_1.13.2\STM32CubeIDE\plugins\com.st.stm32cube.common.mx_6.9.2.202309101412
2023-11-22 14:46:07,955 [INFO] PluginManage:196 - Search for loadable plugins [exclusion list=, ]
2023-11-22 14:46:07,957 [INFO] PluginManage:310 - Check plugin analytics
2023-11-22 14:46:08,202 [INFO] AnalyticsPlugin:253 - Accepted Software Licenses: 
2023-11-22 14:46:08,203 [INFO] AnalyticsPlugin:255 - Accepted CMSIS Pack Licenses: 
2023-11-22 14:46:08,203 [INFO] AnalyticsPlugin:257 - Accepted Firmware Licenses: 
2023-11-22 14:46:08,206 [INFO] PluginManage:359 - Loaded plugin analytics (category:tool,tabindex:-1)
2023-11-22 14:46:08,207 [INFO] PluginManage:310 - Check plugin cadmodel
2023-11-22 14:46:08,226 [INFO] CADModel:105 - Init CAD model plugin
2023-11-22 14:46:08,226 [INFO] PluginManage:359 - Loaded plugin cadmodel (category:power,tabindex:5)
2023-11-22 14:46:08,226 [INFO] PluginManage:310 - Check plugin clock
2023-11-22 14:46:08,249 [INFO] PluginManage:359 - Loaded plugin clock (category:base,tabindex:2)
2023-11-22 14:46:08,249 [INFO] PluginManage:310 - Check plugin ddr
2023-11-22 14:46:08,253 [INFO] PluginManage:359 - Loaded plugin ddr (category:tool,tabindex:6)
2023-11-22 14:46:08,253 [INFO] PluginManage:310 - Check plugin filemanager
2023-11-22 14:46:08,445 [INFO] PluginManage:359 - Loaded plugin filemanager (category:base,tabindex:10)
2023-11-22 14:46:08,446 [INFO] PluginManage:310 - Check plugin ipmanager
2023-11-22 14:46:08,456 [INFO] PluginManage:359 - Loaded plugin ipmanager (category:base,tabindex:5)
2023-11-22 14:46:08,456 [INFO] PluginManage:310 - Check plugin lpbam
2023-11-22 14:46:08,483 [INFO] PluginManage:359 - Loaded plugin lpbam (category:base,tabindex:0)
2023-11-22 14:46:08,483 [INFO] PluginManage:310 - Check plugin memorymap
2023-11-22 14:46:08,511 [INFO] PluginManage:359 - Loaded plugin memorymap (category:base,tabindex:4)
2023-11-22 14:46:08,511 [INFO] PluginManage:310 - Check plugin pinoutandconfiguration
2023-11-22 14:46:08,532 [INFO] PluginManage:359 - Loaded plugin pinoutandconfiguration (category:base,tabindex:1)
2023-11-22 14:46:08,533 [INFO] PluginManage:310 - Check plugin pinoutconfig
2023-11-22 14:46:08,675 [WARN] SupportedApi:132 - Cannot load RTOS API schema: s4s-elt-must-match.1: The content of 'definitions' must match (annotation?, (simpleType | complexType)?, (unique | key | keyref)*)). A problem was found starting at: attribute.
2023-11-22 14:46:08,881 [INFO] PluginManage:359 - Loaded plugin pinoutconfig (category:base,tabindex:0)
2023-11-22 14:46:08,881 [INFO] PluginManage:310 - Check plugin power
2023-11-22 14:46:08,906 [INFO] PluginManage:359 - Loaded plugin power (category:power,tabindex:4)
2023-11-22 14:46:08,906 [INFO] PluginManage:310 - Check plugin projectmanager
2023-11-22 14:46:08,927 [INFO] PluginManage:359 - Loaded plugin projectmanager (category:projectmanager,tabindex:3)
2023-11-22 14:46:08,927 [INFO] PluginManage:310 - Check plugin thirdparty
2023-11-22 14:46:09,250 [INFO] PluginManage:359 - Loaded plugin thirdparty (category:base,tabindex:-1)
2023-11-22 14:46:09,250 [INFO] PluginManage:310 - Check plugin tools
2023-11-22 14:46:09,250 [WARN] IntegrityCheckThread:84 - waiting for thirdparty lock release [integrity check]
2023-11-22 14:46:09,250 [INFO] IntegrityCheckThread:86 - entering critical section [integrity check]
2023-11-22 14:46:09,251 [INFO] ThirdPartyUpdaterWithRetryManager:70 - Updater plugin not ready yet. [1/15]
2023-11-22 14:46:09,294 [INFO] PluginManage:359 - Loaded plugin tools (category:base,tabindex:7)
2023-11-22 14:46:09,294 [INFO] PluginManage:310 - Check plugin tutovideos
2023-11-22 14:46:09,546 [INFO] PluginManage:359 - Loaded plugin tutovideos (category:base,tabindex:-1)
2023-11-22 14:46:09,546 [INFO] PluginManage:310 - Check plugin updater
2023-11-22 14:46:09,564 [INFO] PluginManage:359 - Loaded plugin updater (category:base,tabindex:12)
2023-11-22 14:46:09,564 [INFO] PluginManage:310 - Check plugin userauth
2023-11-22 14:46:09,573 [INFO] UserAuth:113 - Init User Auth plugin
2023-11-22 14:46:09,573 [INFO] PluginManage:359 - Loaded plugin userauth (category:base,tabindex:14)
2023-11-22 14:46:09,574 [INFO] PluginManage:283 - PluginManage : Loaded plugins [17]
2023-11-22 14:46:09,861 [INFO] PinOutPanel:1499 - setPackage(No Configuration,No Configuration)
2023-11-22 14:46:10,005 [INFO] CADModel:165 - CPN selected for project level
2023-11-22 14:46:10,005 [INFO] CADModel:114 - Register for checkConnection events
2023-11-22 14:46:10,038 [INFO] IPUIPlugin:80 - create IPUIPlugin
2023-11-22 14:46:10,038 [INFO] PluginManager:220 - loadIPPluginJar : add adc
2023-11-22 14:46:10,078 [INFO] IPUIPlugin:80 - create IPUIPlugin
2023-11-22 14:46:10,078 [INFO] PluginManager:220 - loadIPPluginJar : add aes
2023-11-22 14:46:10,125 [INFO] IPUIPlugin:80 - create IPUIPlugin
2023-11-22 14:46:10,126 [INFO] PluginManager:220 - loadIPPluginJar : add can
2023-11-22 14:46:10,152 [INFO] IPUIPlugin:80 - create IPUIPlugin
2023-11-22 14:46:10,152 [INFO] PluginManager:220 - loadIPPluginJar : add comp
2023-11-22 14:46:10,191 [INFO] IPUIPlugin:80 - create IPUIPlugin
2023-11-22 14:46:10,191 [INFO] PluginManager:220 - loadIPPluginJar : add cryp
2023-11-22 14:46:10,224 [INFO] IPUIPlugin:80 - create IPUIPlugin
2023-11-22 14:46:10,225 [INFO] PluginManager:220 - loadIPPluginJar : add dfsdm
2023-11-22 14:46:10,241 [INFO] IPUIPlugin:80 - create IPUIPlugin
2023-11-22 14:46:10,241 [INFO] PluginManager:220 - loadIPPluginJar : add dma
2023-11-22 14:46:10,291 [INFO] IPUIPlugin:80 - create IPUIPlugin
2023-11-22 14:46:10,291 [INFO] PluginManager:220 - loadIPPluginJar : add dma3
2023-11-22 14:46:10,314 [INFO] IPUIPlugin:80 - create IPUIPlugin
2023-11-22 14:46:10,314 [INFO] PluginManager:220 - loadIPPluginJar : add fatfs
2023-11-22 14:46:10,370 [INFO] IPUIPlugin:80 - create IPUIPlugin
2023-11-22 14:46:10,370 [INFO] PluginManager:220 - loadIPPluginJar : add fmc
2023-11-22 14:46:10,388 [INFO] IPUIPlugin:80 - create IPUIPlugin
2023-11-22 14:46:10,388 [INFO] PluginManager:220 - loadIPPluginJar : add freertos
2023-11-22 14:46:10,410 [INFO] IPUIPlugin:80 - create IPUIPlugin
2023-11-22 14:46:10,411 [INFO] PluginManager:220 - loadIPPluginJar : add genericplugin
2023-11-22 14:46:10,515 [INFO] IPUIPlugin:80 - create IPUIPlugin
2023-11-22 14:46:10,515 [INFO] PluginManager:220 - loadIPPluginJar : add gfxmmu
2023-11-22 14:46:10,666 [INFO] IPUIPlugin:80 - create IPUIPlugin
2023-11-22 14:46:10,666 [INFO] PluginManager:220 - loadIPPluginJar : add gic
2023-11-22 14:46:10,681 [INFO] IPUIPlugin:80 - create IPUIPlugin
2023-11-22 14:46:10,681 [INFO] PluginManager:220 - loadIPPluginJar : add gpio
2023-11-22 14:46:10,791 [INFO] IPUIPlugin:80 - create IPUIPlugin
2023-11-22 14:46:10,791 [INFO] PluginManager:220 - loadIPPluginJar : add gtzc
2023-11-22 14:46:10,828 [INFO] IPUIPlugin:80 - create IPUIPlugin
2023-11-22 14:46:10,828 [INFO] PluginManager:220 - loadIPPluginJar : add hash
2023-11-22 14:46:10,889 [INFO] IPUIPlugin:80 - create IPUIPlugin
2023-11-22 14:46:10,889 [INFO] PluginManager:220 - loadIPPluginJar : add i2c
2023-11-22 14:46:10,934 [INFO] IPUIPlugin:80 - create IPUIPlugin
2023-11-22 14:46:10,934 [INFO] PluginManager:220 - loadIPPluginJar : add i2s
2023-11-22 14:46:10,982 [INFO] IPUIPlugin:80 - create IPUIPlugin
2023-11-22 14:46:10,982 [INFO] PluginManager:220 - loadIPPluginJar : add i3c
2023-11-22 14:46:11,113 [INFO] IPUIPlugin:80 - create IPUIPlugin
2023-11-22 14:46:11,113 [INFO] PluginManager:220 - loadIPPluginJar : add ipddr
2023-11-22 14:46:11,218 [INFO] IPUIPlugin:80 - create IPUIPlugin
2023-11-22 14:46:11,218 [INFO] PluginManager:220 - loadIPPluginJar : add linkedlist
2023-11-22 14:46:11,257 [INFO] IPUIPlugin:80 - create IPUIPlugin
2023-11-22 14:46:11,258 [INFO] PluginManager:220 - loadIPPluginJar : add lorawan
2023-11-22 14:46:11,299 [INFO] IPUIPlugin:80 - create IPUIPlugin
2023-11-22 14:46:11,299 [INFO] PluginManager:220 - loadIPPluginJar : add ltdc
2023-11-22 14:46:11,316 [INFO] IPUIPlugin:80 - create IPUIPlugin
2023-11-22 14:46:11,316 [INFO] PluginManager:220 - loadIPPluginJar : add mdma
2023-11-22 14:46:11,329 [INFO] IPUIPlugin:80 - create IPUIPlugin
2023-11-22 14:46:11,329 [INFO] PluginManager:220 - loadIPPluginJar : add nvic
2023-11-22 14:46:11,372 [INFO] IPUIPlugin:80 - create IPUIPlugin
2023-11-22 14:46:11,372 [INFO] PluginManager:220 - loadIPPluginJar : add opamp
2023-11-22 14:46:11,441 [INFO] IPUIPlugin:80 - create IPUIPlugin
2023-11-22 14:46:11,441 [INFO] PluginManager:220 - loadIPPluginJar : add openamp
2023-11-22 14:46:11,490 [INFO] IPUIPlugin:80 - create IPUIPlugin
2023-11-22 14:46:11,490 [INFO] PluginManager:220 - loadIPPluginJar : add pdm2pcm
2023-11-22 14:46:11,508 [INFO] IPUIPlugin:80 - create IPUIPlugin
2023-11-22 14:46:11,511 [INFO] PluginManager:220 - loadIPPluginJar : add plateformsettings
2023-11-22 14:46:11,536 [INFO] IPUIPlugin:80 - create IPUIPlugin
2023-11-22 14:46:11,536 [INFO] PluginManager:220 - loadIPPluginJar : add quadspi
2023-11-22 14:46:11,550 [INFO] IPUIPlugin:80 - create IPUIPlugin
2023-11-22 14:46:11,550 [INFO] PluginManager:220 - loadIPPluginJar : add resmgrutility
2023-11-22 14:46:11,608 [INFO] IPUIPlugin:80 - create IPUIPlugin
2023-11-22 14:46:11,608 [INFO] PluginManager:220 - loadIPPluginJar : add sai
2023-11-22 14:46:11,650 [INFO] IPUIPlugin:80 - create IPUIPlugin
2023-11-22 14:46:11,650 [INFO] PluginManager:220 - loadIPPluginJar : add spi
2023-11-22 14:46:11,720 [INFO] IPUIPlugin:80 - create IPUIPlugin
2023-11-22 14:46:11,720 [INFO] PluginManager:220 - loadIPPluginJar : add stm32_wpan
2023-11-22 14:46:11,746 [INFO] IPUIPlugin:80 - create IPUIPlugin
2023-11-22 14:46:11,746 [INFO] PluginManager:220 - loadIPPluginJar : add tim
2023-11-22 14:46:11,811 [INFO] IPUIPlugin:80 - create IPUIPlugin
2023-11-22 14:46:11,811 [INFO] PluginManager:220 - loadIPPluginJar : add touchsensing
2023-11-22 14:46:11,838 [INFO] IPUIPlugin:80 - create IPUIPlugin
2023-11-22 14:46:11,839 [INFO] PluginManager:220 - loadIPPluginJar : add tracer_emb
2023-11-22 14:46:11,867 [INFO] IPUIPlugin:80 - create IPUIPlugin
2023-11-22 14:46:11,868 [INFO] PluginManager:220 - loadIPPluginJar : add ts
2023-11-22 14:46:11,893 [INFO] IPUIPlugin:80 - create IPUIPlugin
2023-11-22 14:46:11,894 [INFO] PluginManager:220 - loadIPPluginJar : add tsc
2023-11-22 14:46:11,920 [INFO] IPUIPlugin:80 - create IPUIPlugin
2023-11-22 14:46:11,920 [INFO] PluginManager:220 - loadIPPluginJar : add ucpd
2023-11-22 14:46:11,975 [INFO] IPUIPlugin:80 - create IPUIPlugin
2023-11-22 14:46:11,975 [INFO] PluginManager:220 - loadIPPluginJar : add usart
2023-11-22 14:46:12,029 [INFO] IPUIPlugin:80 - create IPUIPlugin
2023-11-22 14:46:12,029 [INFO] PluginManager:220 - loadIPPluginJar : add usbx
2023-11-22 14:46:12,177 [INFO] CADModel:165 - CPN selected for project level
2023-11-22 14:46:12,178 [INFO] CADModel:114 - Register for checkConnection events
2023-11-22 14:46:12,178 [FATAL] Updater:308 - Updater called before beeing initialized
2023-11-22 14:46:12,178 [ERROR] CADModel:125 - Updater not yet initialized, retry later 
2023-11-22 14:46:12,252 [INFO] ThirdPartyUpdaterWithRetryManager:70 - Updater plugin not ready yet. [2/15]
2023-11-22 14:46:12,385 [INFO] CADModel:165 - CPN selected for project level
2023-11-22 14:46:12,385 [INFO] CADModel:114 - Register for checkConnection events
2023-11-22 14:46:12,385 [FATAL] Updater:308 - Updater called before beeing initialized
2023-11-22 14:46:12,385 [ERROR] CADModel:125 - Updater not yet initialized, retry later 
2023-11-22 14:46:12,389 [FATAL] Updater:308 - Updater called before beeing initialized
2023-11-22 14:46:12,529 [FATAL] Updater:308 - Updater called before beeing initialized
2023-11-22 14:46:12,543 [INFO] DbMcusAds:53 - JSON generation date=Tue Mar 07 11:50:55 TRT 2023 (1678179055335)
2023-11-22 14:46:12,543 [FATAL] Updater:308 - Updater called before beeing initialized
2023-11-22 14:46:12,644 [WARN] DetailPanel:346 - Failed to get advertising image, set to default
2023-11-22 14:46:12,788 [FATAL] Updater:308 - Updater called before beeing initialized
2023-11-22 14:46:12,790 [FATAL] Updater:308 - Updater called before beeing initialized
2023-11-22 14:46:12,791 [FATAL] Updater:308 - Updater called before beeing initialized
2023-11-22 14:46:12,791 [WARN] DetailPanel:346 - Failed to get advertising image, set to default
2023-11-22 14:46:12,792 [FATAL] Updater:308 - Updater called before beeing initialized
2023-11-22 14:46:12,879 [ERROR] Updater:1120 - MainUpdater not yet initialized. External WinMGr cannot be set.
2023-11-22 14:46:12,895 [INFO] Updater:1056 - Updater Version found : 6.9.2
2023-11-22 14:46:12,921 [INFO] ApplicationProperties:184 - Using Application install path: C:\ST\STM32CubeIDE_1.13.2\STM32CubeIDE\plugins\com.st.stm32cube.common.mx_6.9.2.202309101412
2023-11-22 14:46:13,180 [INFO] MainUpdater:2868 - connection check result : 10
2023-11-22 14:46:13,181 [INFO] MainUpdater:3562 - Updater definition file requires update
2023-11-22 14:46:13,182 [INFO] MainUpdater:285 - Updater Check For Update Now.
2023-11-22 14:46:13,182 [INFO] MicroXplorer:498 - Change Database Version : DB.6.0.92
2023-11-22 14:46:13,201 [INFO] McuFinderGlobals:63 - Set McuFinder mode to 2 (CubeIDE integrated)
2023-11-22 14:46:13,201 [INFO] UserAuth:179 - activating auth plugin
2023-11-22 14:46:13,204 [INFO] UserAuth:393 - Internet connection configuration mode: 1
2023-11-22 14:46:13,231 [INFO] JxBrowserEngine:151 - Initiate JxBrowser Engine with user profile folder
2023-11-22 14:46:13,405 [INFO] ServerAccessManage:473 - Download File updaters.zip
2023-11-22 14:46:13,785 [INFO] FileExtend:240 - Unzip File : updaters.zip
2023-11-22 14:46:13,786 [INFO] FileExtend:255 - Standard Zip Deflate
2023-11-22 14:46:14,358 [INFO] ServerAccessManage:473 - Download File PacksControlFlags.xml
2023-11-22 14:46:14,639 [INFO] ServerAccessManage:473 - Download File cubemx.pidx
2023-11-22 14:46:15,253 [WARN] MainUpdater:1189 - Updater busy. Cannot search thirdparties
2023-11-22 14:46:15,254 [INFO] ThirdPartyUpdaterWithRetryManager:96 - Updater plugin is busy. [1/15]
2023-11-22 14:46:15,407 [INFO] ServerAccessManage:473 - Download File STMicroelectronics.FP-SNS-MOTENVWB1.pdsc
2023-11-22 14:46:16,506 [INFO] ServerAccessManage:473 - Download File STMicroelectronics.X-CUBE-TOF1.pdsc
2023-11-22 14:46:17,226 [INFO] WebApp:157 - Instantiating new browser for Auth
2023-11-22 14:46:17,901 [ERROR] ServerAccessManage:1089 - Problem, file not found on Server
2023-11-22 14:46:18,064 [INFO] WebApp:753 - Register for checkConnection events
2023-11-22 14:46:18,064 [INFO] WebApp:390 - Apply proxy settings
2023-11-22 14:46:18,064 [INFO] WebApp:475 - Chromium requires no authentication
2023-11-22 14:46:18,076 [INFO] WebApp:418 - Direct internet connection detected
2023-11-22 14:46:18,254 [WARN] MainUpdater:1189 - Updater busy. Cannot search thirdparties
2023-11-22 14:46:18,254 [INFO] ThirdPartyUpdaterWithRetryManager:96 - Updater plugin is busy. [2/15]
2023-11-22 14:46:18,413 [INFO] WebApp:188 - Starting web application
2023-11-22 14:46:18,414 [INFO] WebApp:520 - Web application path used C:\ST\STM32CubeIDE_1.13.2\STM32CubeIDE\plugins\com.st.stm32cube.common.mx_6.9.2.202309101412\db\plugins\mcufinder\reactClient1\index.html
2023-11-22 14:46:19,097 [ERROR] ServerAccessManage:1096 - Problem, Http access forbiden
2023-11-22 14:46:19,098 [ERROR] ServerAccessManage:651 - Problem, Http access forbiden : RoweBots.I-CUBE-UNISONRTOS.pdsc.
2023-11-22 14:46:19,406 [WARN] PackLoader:240 - Cannot read IP mode file for STMicroelectronics.FP-SNS-MOTENVWB1.1.3.0
2023-11-22 14:46:19,452 [WARN] PackLoader:240 - Cannot read IP mode file for STMicroelectronics.X-CUBE-TOF1.3.4.0
2023-11-22 14:46:19,499 [INFO] PopulateThirdPartyThread:66 - Ending populate Thread
2023-11-22 14:46:19,501 [INFO] ThirdParty:1030 - CMSIS Pack Vendor :STMicroelectronics FP-SNS-MOTENVWB1 1.3.0
2023-11-22 14:46:19,502 [INFO] ThirdParty:1030 - CMSIS Pack Vendor :STMicroelectronics X-CUBE-TOF1 3.4.0
2023-11-22 14:46:19,502 [INFO] LoadServerUpdatesThread:373 - End of LoadServerUpdate Thread
2023-11-22 14:46:19,584 [INFO] CheckServerUpdateThread:120 - End of CheckServer Thread
2023-11-22 14:46:21,469 [WARN] PackLoader:240 - Cannot read IP mode file for STMicroelectronics.X-CUBE-SMBUS.2.1.0
2023-11-22 14:46:21,508 [WARN] PackLoader:240 - Cannot read IP mode file for STMicroelectronics.X-CUBE-AZRTOS-F7.1.1.0
2023-11-22 14:46:21,527 [WARN] PackLoader:240 - Cannot read IP mode file for STMicroelectronics.FP-SNS-MOTENV1.4.3.2
2023-11-22 14:46:21,537 [WARN] PackLoader:240 - Cannot read IP mode file for STMicroelectronics.FP-SNS-FLIGHT1.5.0.2
2023-11-22 14:46:21,559 [WARN] PackLoader:240 - Cannot read IP mode file for STMicroelectronics.X-CUBE-DISPLAY.3.0.0
2023-11-22 14:46:21,583 [WARN] PackLoader:240 - Cannot read IP mode file for STMicroelectronics.X-CUBE-BLE1.7.0.0
2023-11-22 14:46:21,600 [WARN] PackLoader:240 - Cannot read IP mode file for emotas.I-CUBE-CANOPEN.1.3.0
2023-11-22 14:46:21,624 [INFO] LogOutputStream:77 - [STDOUT_REDIRECT] 1 : Invalid condition id : UX_CORESTACK_Condition cause : null
2023-11-22 14:46:21,625 [INFO] LogOutputStream:77 - [STDOUT_REDIRECT] 1 : Invalid condition id : UX_CORESTACK_Condition cause : null
2023-11-22 14:46:21,627 [INFO] LogOutputStream:77 - [STDOUT_REDIRECT] 1 : Invalid condition id : UX_CORESTACK_Condition cause : null
2023-11-22 14:46:21,628 [INFO] LogOutputStream:77 - [STDOUT_REDIRECT] 1 : Invalid condition id : UX_CORESTACK_Condition cause : null
2023-11-22 14:46:21,630 [INFO] LogOutputStream:77 - [STDOUT_REDIRECT] 1 : Invalid condition id : UX_CORESTACK_Condition cause : null
2023-11-22 14:46:21,634 [WARN] PackLoader:240 - Cannot read IP mode file for STMicroelectronics.X-CUBE-AZRTOS-WL.2.0.0
2023-11-22 14:46:21,656 [WARN] PackLoader:240 - Cannot read IP mode file for WES.I-CUBE-Cesium.1.3.0
2023-11-22 14:46:21,670 [WARN] PackLoader:240 - Cannot read IP mode file for STMicroelectronics.X-CUBE-BLE2.3.3.0
2023-11-22 14:46:21,688 [WARN] PackLoader:240 - Cannot read IP mode file for STMicroelectronics.X-CUBE-ALGOBUILD.1.3.0
2023-11-22 14:46:21,724 [WARN] PackLoader:240 - Cannot read IP mode file for STMicroelectronics.X-CUBE-AZRTOS-G0.1.1.0
2023-11-22 14:46:21,746 [WARN] PackLoader:240 - Cannot read IP mode file for STMicroelectronics.X-CUBE-NFC4.3.0.0
2023-11-22 14:46:21,771 [WARN] PackLoader:240 - Cannot read IP mode file for STMicroelectronics.X-CUBE-BLEMGR.3.0.0
2023-11-22 14:46:21,779 [WARN] PackLoader:240 - Cannot read IP mode file for STMicroelectronics.FP-ATR-SIGFOX1.3.2.0
2023-11-22 14:46:21,832 [WARN] PackLoader:240 - Cannot read IP mode file for SEGGER.I-CUBE-embOS.1.3.1
2023-11-22 14:46:21,927 [WARN] PackLoader:240 - Cannot read IP mode file for STMicroelectronics.X-CUBE-GNSS1.6.0.0
2023-11-22 14:46:21,980 [WARN] PackLoader:240 - Cannot read IP mode file for STMicroelectronics.X-CUBE-AZRTOS-F4.1.1.0
2023-11-22 14:46:22,026 [WARN] PackLoader:240 - Cannot read IP mode file for STMicroelectronics.X-CUBE-AZRTOS-L5.2.0.0
2023-11-22 14:46:22,108 [WARN] PackLoader:240 - Cannot read IP mode file for STMicroelectronics.X-CUBE-MEMS1.9.6.0
2023-11-22 14:46:22,395 [WARN] PackLoader:240 - Cannot read IP mode file for STMicroelectronics.X-CUBE-EEPRMA1.4.2.0
2023-11-22 14:46:22,413 [WARN] PackLoader:240 - Cannot read IP mode file for ITTIA_DB.I-CUBE-ITTIADB.8.8.0
2023-11-22 14:46:22,431 [WARN] PackLoader:240 - Cannot read IP mode file for STMicroelectronics.X-CUBE-BLEMGR.2.0.0
2023-11-22 14:46:22,473 [WARN] ConditionMgr:438 - getConditionDescription Invalid condition id : UX DEVICE CLASS RTOS Condition cause : null
2023-11-22 14:46:22,474 [WARN] ConditionMgr:438 - getConditionDescription Invalid condition id : UX DEVICE CLASS RTOS Condition cause : null
2023-11-22 14:46:22,477 [WARN] PackLoader:240 - Cannot read IP mode file for STMicroelectronics.X-CUBE-AZRTOS-H7.3.1.0
2023-11-22 14:46:22,479 [WARN] ConditionMgr:1039 - genDependencies : Invalid condition id : UX DEVICE CLASS RTOS Condition cause : null
2023-11-22 14:46:22,479 [WARN] ConditionMgr:1039 - genDependencies : Invalid condition id : UX DEVICE CLASS RTOS Condition cause : null
2023-11-22 14:46:22,480 [WARN] ConditionMgr:1039 - genDependencies : Invalid condition id : UX DEVICE CLASS RTOS Condition cause : null
2023-11-22 14:46:22,480 [WARN] ConditionMgr:1039 - genDependencies : Invalid condition id : UX DEVICE CLASS RTOS Condition cause : null
2023-11-22 14:46:22,480 [WARN] ConditionMgr:1039 - genDependencies : Invalid condition id : UX DEVICE CLASS RTOS Condition cause : null
2023-11-22 14:46:22,497 [WARN] PackLoader:240 - Cannot read IP mode file for STMicroelectronics.X-CUBE-NFC7.1.0.1
2023-11-22 14:46:22,518 [WARN] PackLoader:240 - Cannot read IP mode file for STMicroelectronics.X-CUBE-EEPRMA1.4.1.0
2023-11-22 14:46:22,534 [WARN] PackLoader:240 - Cannot read IP mode file for STMicroelectronics.X-CUBE-AI.8.1.0
2023-11-22 14:46:22,579 [WARN] ConditionMgr:438 - getConditionDescription Invalid condition id : LAN8742 Phy interface Condition cause : null
2023-11-22 14:46:22,580 [WARN] PackLoader:240 - Cannot read IP mode file for STMicroelectronics.X-CUBE-AZRTOS-L4.2.0.0
2023-11-22 14:46:22,583 [WARN] ConditionMgr:1039 - genDependencies : Invalid condition id : LAN8742 Phy interface Condition cause : null
2023-11-22 14:46:22,583 [WARN] ConditionMgr:1039 - genDependencies : Invalid condition id : LAN8742 Phy interface Condition cause : null
2023-11-22 14:46:22,584 [WARN] ConditionMgr:1039 - genDependencies : Invalid condition id : LAN8742 Phy interface Condition cause : null
2023-11-22 14:46:22,602 [WARN] PackLoader:240 - Cannot read IP mode file for STMicroelectronics.X-CUBE-SFXS2LP1.4.0.0
2023-11-22 14:46:22,617 [WARN] PackLoader:240 - Cannot read IP mode file for STMicroelectronics.X-CUBE-ISPU.1.1.0
2023-11-22 14:46:22,663 [WARN] ConditionMgr:438 - getConditionDescription Invalid condition id : UX DEVICE CLASS RTOS Condition cause : null
2023-11-22 14:46:22,664 [WARN] ConditionMgr:438 - getConditionDescription Invalid condition id : UX DEVICE CLASS RTOS Condition cause : null
2023-11-22 14:46:22,668 [WARN] PackLoader:240 - Cannot read IP mode file for STMicroelectronics.X-CUBE-AZRTOS-WB.2.0.0
2023-11-22 14:46:22,669 [WARN] ConditionMgr:1039 - genDependencies : Invalid condition id : UX DEVICE CLASS RTOS Condition cause : null
2023-11-22 14:46:22,670 [WARN] ConditionMgr:1039 - genDependencies : Invalid condition id : UX DEVICE CLASS RTOS Condition cause : null
2023-11-22 14:46:22,670 [WARN] ConditionMgr:1039 - genDependencies : Invalid condition id : UX DEVICE CLASS RTOS Condition cause : null
2023-11-22 14:46:22,671 [WARN] ConditionMgr:1039 - genDependencies : Invalid condition id : UX DEVICE CLASS RTOS Condition cause : null
2023-11-22 14:46:22,671 [WARN] ConditionMgr:1039 - genDependencies : Invalid condition id : UX DEVICE CLASS RTOS Condition cause : null
2023-11-22 14:46:22,707 [WARN] PackLoader:240 - Cannot read IP mode file for STMicroelectronics.X-CUBE-SUBG2.5.0.0
2023-11-22 14:46:22,750 [WARN] PackLoader:240 - Cannot read IP mode file for STMicroelectronics.X-CUBE-TOF1.3.3.1
2023-11-22 14:46:22,825 [WARN] PackLoader:240 - Cannot read IP mode file for STMicroelectronics.X-CUBE-AZRTOS-G4.2.0.0
2023-11-22 14:46:22,871 [WARN] PackLoader:240 - Cannot read IP mode file for Infineon.AIROC-Wi-Fi-Bluetooth-STM32.1.5.1
2023-11-22 14:46:22,882 [WARN] PackLoader:240 - Cannot read IP mode file for STMicroelectronics.FP-SNS-MOTENVWB1.1.3.0
2023-11-22 14:46:22,990 [WARN] PackLoader:240 - Cannot read IP mode file for STMicroelectronics.X-CUBE-MEMS1.10.0.0
2023-11-22 14:46:23,183 [WARN] PackLoader:240 - Cannot read IP mode file for STMicroelectronics.X-CUBE-FREERTOS.1.1.0
2023-11-22 14:46:23,200 [WARN] PackLoader:240 - Cannot read IP mode file for portGmbH.I-Cube-SoM-uGOAL.1.1.0
2023-11-22 14:46:23,219 [WARN] PackLoader:240 - Cannot read IP mode file for STMicroelectronics.X-CUBE-ALS.1.0.1
2023-11-22 14:46:23,233 [WARN] PackLoader:240 - Cannot read IP mode file for STMicroelectronics.FP-ATR-ASTRA1.2.0.0
2023-11-22 14:46:23,243 [WARN] PackLoader:240 - Cannot read IP mode file for STMicroelectronics.X-CUBE-TOF1.3.4.0
2023-11-22 14:46:23,255 [INFO] ThirdParty:978 - Integrity check success = true
2023-11-22 14:46:23,255 [INFO] IntegrityCheckThread:100 - exiting critical section [integrity check]
2023-11-22 14:46:23,256 [INFO] IntegrityCheckThread:103 - End integrity checks thread
2023-11-22 14:46:39,666 [ERROR] LogOutputStream:75 - [STDERR_REDIRECT] SLF4J: Failed to load class "org.slf4j.impl.StaticLoggerBinder".
2023-11-22 14:46:39,666 [ERROR] LogOutputStream:75 - [STDERR_REDIRECT] SLF4J: Defaulting to no-operation (NOP) logger implementation
2023-11-22 14:46:39,668 [ERROR] LogOutputStream:75 - [STDERR_REDIRECT] SLF4J: See http://www.slf4j.org/codes.html#StaticLoggerBinder for further details.
2023-11-22 15:09:02,183 [INFO] McuFinderGlobals:63 - Set McuFinder mode to 2 (CubeIDE integrated)
2023-11-22 15:09:02,221 [INFO] MainUpdater:2868 - connection check result : 10
2023-11-22 15:09:02,251 [INFO] McuFinderGlobals:76 - Set McuFinderConnectedMode to true
2023-11-22 15:09:02,752 [INFO] ServerAccessManage:473 - Download File mcusAds.json._tmp_
2023-11-22 15:09:02,871 [INFO] LoadUrlFilesThread:156 - End of LoadUrlFiles Thread
2023-11-22 15:09:18,983 [INFO] DbMcusAds:53 - JSON generation date=Tue Mar 07 11:50:55 TRT 2023 (1678179055335)
2023-11-22 15:09:19,029 [ERROR] TargetSelectorAdapter:267 - Unable to refresh data
2023-11-22 15:09:19,807 [INFO] ApiDb:581 - Connected to CubeFinder SQLite database (C:\Users\E-AY\.stmcufinder\plugins\mcufinder\mcu\cube-finder-db.db)
2023-11-22 15:09:19,987 [INFO] ApiDb:668 - CubeFinder database Data Model version=2.1
2023-11-22 15:09:19,988 [INFO] ApiDb:669 - CubeFinder database Configuration version=3.0.37
2023-11-22 15:09:19,988 [INFO] ApiDb:670 - CubeFinder database generation date=2023-10-13 (1697197505)
2023-11-22 15:09:19,988 [INFO] ApiDb:671 - CubeFinder database FW Pack versions=[FP-ATR-ASTRA1_V2.0.0, FP-SNS-FLIGHT1_V5.0.1, FP-SNS-FLIGHT1_V5.0.2, FP-SNS-MOTENV1_V4.3.1, FP-SNS-MOTENV1_V4.3.2, FP-SNS-SMARTAG2_V1.2.0, I-CUBE-ITTIADB_V8.6.3-1, STM32Cube_FW_C0_V1.1.0, STM32Cube_FW_F4_V1.27.1, STM32Cube_FW_F7_V1.17.0, STM32Cube_FW_G0_V1.6.1, STM32Cube_FW_G4_V1.5.1, STM32Cube_FW_H5_V0.5.1, STM32Cube_FW_H5_V1.1.1, STM32Cube_FW_H7_V1.11.0, STM32Cube_FW_L0_V1.12.2, STM32Cube_FW_L5_V1.5.0, STM32Cube_FW_U5_V1.3.0, STM32Cube_FW_U5_V1.3.0RC4, STM32Cube_FW_WBA_V1.0.0RC1, STM32Cube_FW_WBA_V1.1.0RC1, STM32Cube_FW_WBA_V1.1.1, STM32Cube_FW_WB_V1.15.0RC1, STM32Cube_FW_WB_V1.16.0, STM32Cube_FW_WB_V1.16.0RC2, STM32Cube_FW_WB_V1.17.3, STM32Cube_FW_WL_V1.3.0, X-CUBE-ALGOBUILD_V1.3.0, X-CUBE-ALS_V1.0.1, X-CUBE-AZRTOS-F4_V1.1.0, X-CUBE-AZRTOS-F7_V1.1.0, X-CUBE-AZRTOS-G0_V1.1.0, X-CUBE-AZRTOS-G4_V2.0.0, X-CUBE-AZRTOS-H7_V3.1.0, X-CUBE-AZRTOS-L4_V1.0.0, X-CUBE-AZRTOS-L4_V2.0.0, X-CUBE-AZRTOS-L5_V1.1.0, X-CUBE-AZRTOS-WB_V2.0.0, X-CUBE-AZRTOS-WL_V2.0.0, X-CUBE-BLE1_V7.0.0, X-CUBE-BLE2_V3.3.0, X-CUBE-BLEMGR_V2.0.0, X-CUBE-EEPRMA1_V4.1.0, X-CUBE-FREERTOS_V1.1.0, X-CUBE-GNSS1_V6.0.0, X-CUBE-MEMS1_V10.0.0, X-CUBE-MEMS1_V9.1.0, X-CUBE-MEMS1_V9.4.0, X-CUBE-MEMS1_V9.6.0, X-CUBE-NFC4_V3.0.0, X-CUBE-NFC7_V1.0.1, X-CUBE-SFXS2LP1_V4.0.0, X-CUBE-SUBG2_V5.0.0, X-CUBE-TOF1_V3.3.1]
2023-11-22 15:09:20,219 [INFO] DbBoardsSqlite:226 - include board P-NUCLEO-WB55-NUCLEO as a kit item of type 'Nucleo-64'
2023-11-22 15:09:20,219 [INFO] DbBoardsSqlite:226 - include board P-NUCLEO-WB55-USBDONGLE as a kit item of type 'Nucleo USB Dongle'
2023-11-22 15:09:20,221 [INFO] DbBoardsSqlite:226 - include board STEVAL-IDP005V1 as a kit item of type 'Evaluation Board'
2023-11-22 15:09:20,222 [INFO] DbBoardsSqlite:226 - include board STEVAL-IDP005V2 as a kit item of type 'Evaluation Board'
2023-11-22 15:09:20,713 [INFO] ApiDb:240 - Found 323 in-development CPN: [B-G473E-ZEST1S, B-WB1M-WPAN1, B-WL5M-SUBG1, NUCLEO-C031C6, NUCLEO-H503RB, NUCLEO-H563ZI, NUCLEO-U545RE-Q, NUCLEO-U5A5ZJ-Q, NUCLEO-WBA52CG, STEVAL-PROTEUS1, STEVAL-SMARTAG2, STEVAL-STWINBX1, STM320518-EVAL, STM32C0116-DK, STM32C011D6Y3TR, STM32C011D6Y6TR, STM32C011F4P3, STM32C011F4P6, STM32C011F4U3, STM32C011F4U6TR, STM32C011F6P3, STM32C011F6P6, STM32C011F6U3, STM32C011F6U6TR, STM32C011J4M3, STM32C011J4M6, STM32C011J6M3, STM32C011J6M6, STM32C0316-DK, STM32C031C4T3, STM32C031C4T6, STM32C031C4U3, STM32C031C4U6, STM32C031C6T3, STM32C031C6T6, STM32C031C6U3, STM32C031C6U6, STM32C031F4P3, STM32C031F4P6, STM32C031F6P3, STM32C031F6P6, STM32C031G4U3, STM32C031G4U6, STM32C031G6U3, STM32C031G6U6, STM32C031K4T3, STM32C031K4T6, STM32C031K4U3, STM32C031K4U6, STM32C031K6T3, STM32C031K6T6, STM32C031K6U3, STM32C031K6U6, STM32G071K8TXN, STM32G071K8UXN, STM32G081GBU6N, STM32G081KBT6N, STM32G081KBUXN, STM32G0B1CCT6N, STM32G0B1KCT6, STM32G0B1NEY6TR, STM32G0B1RCT6N, STM32G0C1CCT6, STM32G0C1CCT6N, STM32G0C1CCU6N, STM32G0C1CET6N, STM32G0C1CEU6N, STM32G0C1KCT6, STM32G0C1NEY6TR, STM32G0C1RCI6N, STM32G0C1RCT6N, STM32G0C1REI6N, STM32G0C1RET6N, STM32G0C1VCI6, STM32G0C1VEI6, STM32G471CCT6, STM32G471CCU6, STM32G471CET3, STM32G471CET6, STM32G471CEU3, STM32G471CEU6, STM32G471MCT6, STM32G471MET3, STM32G471MET6, STM32G471MEY6TR, STM32G471QCT6, STM32G471QET3, STM32G471RCT6, STM32G471RET3, STM32G471RET6, STM32G471VCH6, STM32G471VCI6, STM32G471VCT6, STM32G471VEH3, STM32G471VEH6, STM32G471VEI3, STM32G471VEI6, STM32G471VET3, STM32G471VET6, STM32G474CCT6, STM32H503CBT6, STM32H503CBU6, STM32H503EBY6TR, STM32H503KBU6, STM32H503RBT6, STM32H562AGI6, STM32H562AII6, STM32H562IGK6, STM32H562IGT6, STM32H562IIK6, STM32H562IIT6, STM32H562RGT6, STM32H562RGV6, STM32H562RIT6, STM32H562RIV6, STM32H562VGT6, STM32H562VIT6, STM32H562ZGT6, STM32H562ZIT6, STM32H563AGI6, STM32H563AII3Q, STM32H563AII6, STM32H563IGK6, STM32H563IGT6, STM32H563IIK3Q, STM32H563IIK6, STM32H563IIT3Q, STM32H563IIT6, STM32H563MIY3QTR, STM32H563RGT6, STM32H563RGV6, STM32H563RIT6, STM32H563RIV6, STM32H563VGT6, STM32H563VIT3Q, STM32H563VIT6, STM32H563ZGT6, STM32H563ZIT3Q, STM32H563ZIT6, STM32H573AII3Q, STM32H573AII6, STM32H573I-DK, STM32H573IIK3Q, STM32H573IIK6, STM32H573IIT3Q, STM32H573IIT6, STM32H573MIY3QTR, STM32H573RIT6, STM32H573RIV6, STM32H573VIT3Q, STM32H573VIT6, STM32H573ZIT3Q, STM32H573ZIT6, STM32L4R5QGI6STR, STM32MP131AAE3, STM32MP131AAF3, STM32MP131AAG3, STM32MP131CAE3, STM32MP131CAF3, STM32MP131CAG3, STM32MP131DAE7, STM32MP131DAF7, STM32MP131DAG7, STM32MP131FAE7, STM32MP131FAF7, STM32MP131FAG7, STM32MP133AAE3, STM32MP133AAF3, STM32MP133AAG3, STM32MP133CAE3, STM32MP133CAF3, STM32MP133CAG3, STM32MP133DAE7, STM32MP133DAF7, STM32MP133DAG7, STM32MP133FAE7, STM32MP133FAF7, STM32MP133FAG7, STM32MP135AAE3, STM32MP135AAF3, STM32MP135AAG3, STM32MP135CAE3, STM32MP135CAF3, STM32MP135CAG3, STM32MP135DAE7, STM32MP135DAF7, STM32MP135DAG7, STM32MP135F-DK, STM32MP135FAE7, STM32MP135FAF7, STM32MP135FAF7T, STM32MP135FAF7U, STM32MP135FAG7, STM32U535CBT6, STM32U535CBT6Q, STM32U535CBU6, STM32U535CBU6Q, STM32U535CCT6, STM32U535CCT6Q, STM32U535CCU6, STM32U535CCU6Q, STM32U535CET6, STM32U535CET6Q, STM32U535CEU6, STM32U535CEU6Q, STM32U535JEY6QTR, STM32U535NCY6QTR, STM32U535NEY6QTR, STM32U535RBI6, STM32U535RBI6Q, STM32U535RBT6, STM32U535RBT6Q, STM32U535RCI6, STM32U535RCI6Q, STM32U535RCT6, STM32U535RCT6Q, STM32U535REI6, STM32U535REI6Q, STM32U535RET6, STM32U535RET6Q, STM32U535VCI6, STM32U535VCI6Q, STM32U535VCT6, STM32U535VCT6Q, STM32U535VEI6, STM32U535VEI6Q, STM32U535VET6, STM32U535VET6Q, STM32U545CET6, STM32U545CET6Q, STM32U545CEU6, STM32U545CEU6Q, STM32U545JEY6QTR, STM32U545NEY6QTR, STM32U545REI6, STM32U545REI6Q, STM32U545RET6, STM32U545RET6Q, STM32U545VEI6, STM32U545VEI6Q, STM32U545VET6, STM32U545VET6Q, STM32U595AIH6, STM32U595AIH6Q, STM32U595AJH6, STM32U595AJH6Q, STM32U595QII6, STM32U595QII6Q, STM32U595QJI6, STM32U595QJI6Q, STM32U595RIT6, STM32U595RIT6Q, STM32U595RJT6, STM32U595RJT6Q, STM32U595VIT6, STM32U595VIT6Q, STM32U595VJT6, STM32U595VJT6Q, STM32U595ZIT6, STM32U595ZIT6Q, STM32U595ZIY6QTR, STM32U595ZJT6, STM32U595ZJT6Q, STM32U595ZJY6QTR, STM32U599BJY6QTR, STM32U599NIH6Q, STM32U599NJH6Q, STM32U599VIT6Q, STM32U599VJT6, STM32U599VJT6Q, STM32U599ZIT6Q, STM32U599ZIY6QTR, STM32U599ZJT6Q, STM32U599ZJY6QTR, STM32U5A5AJH6, STM32U5A5AJH6Q, STM32U5A5QJI6, STM32U5A5QJI6Q, STM32U5A5RJT6, STM32U5A5RJT6Q, STM32U5A5VJT6, STM32U5A5VJT6Q, STM32U5A5ZJT6, STM32U5A5ZJT6Q, STM32U5A5ZJY6QTR, STM32U5A9BJY6QTR, STM32U5A9J-DK, STM32U5A9NJH6Q, STM32U5A9VJT6Q, STM32U5A9ZJT6Q, STM32U5A9ZJY6QTR, STM32U5F7VIT6, STM32U5F7VIT6Q, STM32U5F7VJT6, STM32U5F7VJT6Q, STM32U5F9BJY6QTR, STM32U5F9NJH6Q, STM32U5F9VIT6Q, STM32U5F9VJT6Q, STM32U5F9ZIJ6QTR, STM32U5F9ZIT6Q, STM32U5F9ZJJ6QTR, STM32U5F9ZJT6Q, STM32U5G7VJT6, STM32U5G7VJT6Q, STM32U5G9BJY6QTR, STM32U5G9J-DK1, STM32U5G9J-DK2, STM32U5G9NJH6Q, STM32U5G9VJT6Q, STM32U5G9ZJJ6QTR, STM32U5G9ZJT6Q, STM32WB1MMCH6, STM32WBA52CEU6, STM32WBA52CEU6T, STM32WBA52CGU6, STM32WBA52CGU6T, STM32WBA52KEU6, STM32WBA52KEU6T, STM32WBA52KGU6, STM32WBA52KGU6T, STM32WL5MOCH6, STM32WL5MOCH6TR]
2023-11-22 15:09:21,018 [INFO] BoardInfo:880 - No configuration file found for board P-NUCLEO-WB55
2023-11-22 15:09:21,018 [INFO] DbBoards:157 - Kit is not supported: P-NUCLEO-WB55
2023-11-22 15:09:21,026 [INFO] BoardInfo:880 - No configuration file found for board STEVAL-BFA001V1B
2023-11-22 15:09:21,026 [INFO] DbBoards:157 - Kit is not supported: STEVAL-BFA001V1B
2023-11-22 15:09:21,028 [INFO] BoardInfo:880 - No configuration file found for board STEVAL-BFA001V2B
2023-11-22 15:09:21,028 [INFO] DbBoards:157 - Kit is not supported: STEVAL-BFA001V2B
2023-11-22 15:09:21,212 [INFO] DbBoards:161 - Found 190 boards, 187 are supported
2023-11-22 15:09:21,219 [INFO] ApiDb:668 - CubeFinder database Data Model version=2.1
2023-11-22 15:09:21,219 [INFO] ApiDb:669 - CubeFinder database Configuration version=3.0.37
2023-11-22 15:09:21,219 [INFO] ApiDb:670 - CubeFinder database generation date=2023-10-13 (1697197505)
2023-11-22 15:09:21,219 [INFO] ApiDb:671 - CubeFinder database FW Pack versions=[FP-ATR-ASTRA1_V2.0.0, FP-SNS-FLIGHT1_V5.0.1, FP-SNS-FLIGHT1_V5.0.2, FP-SNS-MOTENV1_V4.3.1, FP-SNS-MOTENV1_V4.3.2, FP-SNS-SMARTAG2_V1.2.0, I-CUBE-ITTIADB_V8.6.3-1, STM32Cube_FW_C0_V1.1.0, STM32Cube_FW_F4_V1.27.1, STM32Cube_FW_F7_V1.17.0, STM32Cube_FW_G0_V1.6.1, STM32Cube_FW_G4_V1.5.1, STM32Cube_FW_H5_V0.5.1, STM32Cube_FW_H5_V1.1.1, STM32Cube_FW_H7_V1.11.0, STM32Cube_FW_L0_V1.12.2, STM32Cube_FW_L5_V1.5.0, STM32Cube_FW_U5_V1.3.0, STM32Cube_FW_U5_V1.3.0RC4, STM32Cube_FW_WBA_V1.0.0RC1, STM32Cube_FW_WBA_V1.1.0RC1, STM32Cube_FW_WBA_V1.1.1, STM32Cube_FW_WB_V1.15.0RC1, STM32Cube_FW_WB_V1.16.0, STM32Cube_FW_WB_V1.16.0RC2, STM32Cube_FW_WB_V1.17.3, STM32Cube_FW_WL_V1.3.0, X-CUBE-ALGOBUILD_V1.3.0, X-CUBE-ALS_V1.0.1, X-CUBE-AZRTOS-F4_V1.1.0, X-CUBE-AZRTOS-F7_V1.1.0, X-CUBE-AZRTOS-G0_V1.1.0, X-CUBE-AZRTOS-G4_V2.0.0, X-CUBE-AZRTOS-H7_V3.1.0, X-CUBE-AZRTOS-L4_V1.0.0, X-CUBE-AZRTOS-L4_V2.0.0, X-CUBE-AZRTOS-L5_V1.1.0, X-CUBE-AZRTOS-WB_V2.0.0, X-CUBE-AZRTOS-WL_V2.0.0, X-CUBE-BLE1_V7.0.0, X-CUBE-BLE2_V3.3.0, X-CUBE-BLEMGR_V2.0.0, X-CUBE-EEPRMA1_V4.1.0, X-CUBE-FREERTOS_V1.1.0, X-CUBE-GNSS1_V6.0.0, X-CUBE-MEMS1_V10.0.0, X-CUBE-MEMS1_V9.1.0, X-CUBE-MEMS1_V9.4.0, X-CUBE-MEMS1_V9.6.0, X-CUBE-NFC4_V3.0.0, X-CUBE-NFC7_V1.0.1, X-CUBE-SFXS2LP1_V4.0.0, X-CUBE-SUBG2_V5.0.0, X-CUBE-TOF1_V3.3.1]
2023-11-22 15:09:21,762 [INFO] ServerAccessManage:473 - Download File cube-finder-db.zip
2023-11-22 15:09:21,764 [ERROR] ServerAccessManage:651 - User Cancel Download : cube-finder-db.zip.
2023-11-22 15:09:21,866 [INFO] LoadUrlFilesThread:156 - End of LoadUrlFiles Thread
2023-11-22 15:09:24,112 [INFO] ApiDb:240 - Found 323 in-development CPN: [B-G473E-ZEST1S, B-WB1M-WPAN1, B-WL5M-SUBG1, NUCLEO-C031C6, NUCLEO-H503RB, NUCLEO-H563ZI, NUCLEO-U545RE-Q, NUCLEO-U5A5ZJ-Q, NUCLEO-WBA52CG, STEVAL-PROTEUS1, STEVAL-SMARTAG2, STEVAL-STWINBX1, STM320518-EVAL, STM32C0116-DK, STM32C011D6Y3TR, STM32C011D6Y6TR, STM32C011F4P3, STM32C011F4P6, STM32C011F4U3, STM32C011F4U6TR, STM32C011F6P3, STM32C011F6P6, STM32C011F6U3, STM32C011F6U6TR, STM32C011J4M3, STM32C011J4M6, STM32C011J6M3, STM32C011J6M6, STM32C0316-DK, STM32C031C4T3, STM32C031C4T6, STM32C031C4U3, STM32C031C4U6, STM32C031C6T3, STM32C031C6T6, STM32C031C6U3, STM32C031C6U6, STM32C031F4P3, STM32C031F4P6, STM32C031F6P3, STM32C031F6P6, STM32C031G4U3, STM32C031G4U6, STM32C031G6U3, STM32C031G6U6, STM32C031K4T3, STM32C031K4T6, STM32C031K4U3, STM32C031K4U6, STM32C031K6T3, STM32C031K6T6, STM32C031K6U3, STM32C031K6U6, STM32G071K8TXN, STM32G071K8UXN, STM32G081GBU6N, STM32G081KBT6N, STM32G081KBUXN, STM32G0B1CCT6N, STM32G0B1KCT6, STM32G0B1NEY6TR, STM32G0B1RCT6N, STM32G0C1CCT6, STM32G0C1CCT6N, STM32G0C1CCU6N, STM32G0C1CET6N, STM32G0C1CEU6N, STM32G0C1KCT6, STM32G0C1NEY6TR, STM32G0C1RCI6N, STM32G0C1RCT6N, STM32G0C1REI6N, STM32G0C1RET6N, STM32G0C1VCI6, STM32G0C1VEI6, STM32G471CCT6, STM32G471CCU6, STM32G471CET3, STM32G471CET6, STM32G471CEU3, STM32G471CEU6, STM32G471MCT6, STM32G471MET3, STM32G471MET6, STM32G471MEY6TR, STM32G471QCT6, STM32G471QET3, STM32G471RCT6, STM32G471RET3, STM32G471RET6, STM32G471VCH6, STM32G471VCI6, STM32G471VCT6, STM32G471VEH3, STM32G471VEH6, STM32G471VEI3, STM32G471VEI6, STM32G471VET3, STM32G471VET6, STM32G474CCT6, STM32H503CBT6, STM32H503CBU6, STM32H503EBY6TR, STM32H503KBU6, STM32H503RBT6, STM32H562AGI6, STM32H562AII6, STM32H562IGK6, STM32H562IGT6, STM32H562IIK6, STM32H562IIT6, STM32H562RGT6, STM32H562RGV6, STM32H562RIT6, STM32H562RIV6, STM32H562VGT6, STM32H562VIT6, STM32H562ZGT6, STM32H562ZIT6, STM32H563AGI6, STM32H563AII3Q, STM32H563AII6, STM32H563IGK6, STM32H563IGT6, STM32H563IIK3Q, STM32H563IIK6, STM32H563IIT3Q, STM32H563IIT6, STM32H563MIY3QTR, STM32H563RGT6, STM32H563RGV6, STM32H563RIT6, STM32H563RIV6, STM32H563VGT6, STM32H563VIT3Q, STM32H563VIT6, STM32H563ZGT6, STM32H563ZIT3Q, STM32H563ZIT6, STM32H573AII3Q, STM32H573AII6, STM32H573I-DK, STM32H573IIK3Q, STM32H573IIK6, STM32H573IIT3Q, STM32H573IIT6, STM32H573MIY3QTR, STM32H573RIT6, STM32H573RIV6, STM32H573VIT3Q, STM32H573VIT6, STM32H573ZIT3Q, STM32H573ZIT6, STM32L4R5QGI6STR, STM32MP131AAE3, STM32MP131AAF3, STM32MP131AAG3, STM32MP131CAE3, STM32MP131CAF3, STM32MP131CAG3, STM32MP131DAE7, STM32MP131DAF7, STM32MP131DAG7, STM32MP131FAE7, STM32MP131FAF7, STM32MP131FAG7, STM32MP133AAE3, STM32MP133AAF3, STM32MP133AAG3, STM32MP133CAE3, STM32MP133CAF3, STM32MP133CAG3, STM32MP133DAE7, STM32MP133DAF7, STM32MP133DAG7, STM32MP133FAE7, STM32MP133FAF7, STM32MP133FAG7, STM32MP135AAE3, STM32MP135AAF3, STM32MP135AAG3, STM32MP135CAE3, STM32MP135CAF3, STM32MP135CAG3, STM32MP135DAE7, STM32MP135DAF7, STM32MP135DAG7, STM32MP135F-DK, STM32MP135FAE7, STM32MP135FAF7, STM32MP135FAF7T, STM32MP135FAF7U, STM32MP135FAG7, STM32U535CBT6, STM32U535CBT6Q, STM32U535CBU6, STM32U535CBU6Q, STM32U535CCT6, STM32U535CCT6Q, STM32U535CCU6, STM32U535CCU6Q, STM32U535CET6, STM32U535CET6Q, STM32U535CEU6, STM32U535CEU6Q, STM32U535JEY6QTR, STM32U535NCY6QTR, STM32U535NEY6QTR, STM32U535RBI6, STM32U535RBI6Q, STM32U535RBT6, STM32U535RBT6Q, STM32U535RCI6, STM32U535RCI6Q, STM32U535RCT6, STM32U535RCT6Q, STM32U535REI6, STM32U535REI6Q, STM32U535RET6, STM32U535RET6Q, STM32U535VCI6, STM32U535VCI6Q, STM32U535VCT6, STM32U535VCT6Q, STM32U535VEI6, STM32U535VEI6Q, STM32U535VET6, STM32U535VET6Q, STM32U545CET6, STM32U545CET6Q, STM32U545CEU6, STM32U545CEU6Q, STM32U545JEY6QTR, STM32U545NEY6QTR, STM32U545REI6, STM32U545REI6Q, STM32U545RET6, STM32U545RET6Q, STM32U545VEI6, STM32U545VEI6Q, STM32U545VET6, STM32U545VET6Q, STM32U595AIH6, STM32U595AIH6Q, STM32U595AJH6, STM32U595AJH6Q, STM32U595QII6, STM32U595QII6Q, STM32U595QJI6, STM32U595QJI6Q, STM32U595RIT6, STM32U595RIT6Q, STM32U595RJT6, STM32U595RJT6Q, STM32U595VIT6, STM32U595VIT6Q, STM32U595VJT6, STM32U595VJT6Q, STM32U595ZIT6, STM32U595ZIT6Q, STM32U595ZIY6QTR, STM32U595ZJT6, STM32U595ZJT6Q, STM32U595ZJY6QTR, STM32U599BJY6QTR, STM32U599NIH6Q, STM32U599NJH6Q, STM32U599VIT6Q, STM32U599VJT6, STM32U599VJT6Q, STM32U599ZIT6Q, STM32U599ZIY6QTR, STM32U599ZJT6Q, STM32U599ZJY6QTR, STM32U5A5AJH6, STM32U5A5AJH6Q, STM32U5A5QJI6, STM32U5A5QJI6Q, STM32U5A5RJT6, STM32U5A5RJT6Q, STM32U5A5VJT6, STM32U5A5VJT6Q, STM32U5A5ZJT6, STM32U5A5ZJT6Q, STM32U5A5ZJY6QTR, STM32U5A9BJY6QTR, STM32U5A9J-DK, STM32U5A9NJH6Q, STM32U5A9VJT6Q, STM32U5A9ZJT6Q, STM32U5A9ZJY6QTR, STM32U5F7VIT6, STM32U5F7VIT6Q, STM32U5F7VJT6, STM32U5F7VJT6Q, STM32U5F9BJY6QTR, STM32U5F9NJH6Q, STM32U5F9VIT6Q, STM32U5F9VJT6Q, STM32U5F9ZIJ6QTR, STM32U5F9ZIT6Q, STM32U5F9ZJJ6QTR, STM32U5F9ZJT6Q, STM32U5G7VJT6, STM32U5G7VJT6Q, STM32U5G9BJY6QTR, STM32U5G9J-DK1, STM32U5G9J-DK2, STM32U5G9NJH6Q, STM32U5G9VJT6Q, STM32U5G9ZJJ6QTR, STM32U5G9ZJT6Q, STM32WB1MMCH6, STM32WBA52CEU6, STM32WBA52CEU6T, STM32WBA52CGU6, STM32WBA52CGU6T, STM32WBA52KEU6, STM32WBA52KEU6T, STM32WBA52KGU6, STM32WBA52KGU6T, STM32WL5MOCH6, STM32WL5MOCH6TR]
2023-11-22 15:09:24,118 [INFO] DbMcus:217 - Found 3848 MCUs, 3848 are supported
2023-11-22 15:09:24,119 [INFO] ApiDb:423 - Load user favorites file C:\Users\E-AY/.stm32cubeide/favorites.mcus.txt: 0 item(s)
2023-11-22 15:09:24,119 [INFO] ApiDb:427 - User favorites MCUs=[]
2023-11-22 15:09:24,119 [INFO] DbMcus:223 - Set 0 / 0 favorites MCUs
2023-11-22 15:09:24,496 [INFO] ApiDb:423 - Load user favorites file C:\Users\E-AY/.stm32cubeide/favorites.boards.txt: 1 item(s)
2023-11-22 15:09:24,497 [INFO] ApiDb:427 - User favorites Boards=[STM32F407G-DISC1]
2023-11-22 15:09:24,497 [INFO] DbBoards:190 - Set 1 / 1 favorites Boards
2023-11-22 15:09:24,497 [INFO] McuFinderGlobals:76 - Set McuFinderConnectedMode to true
2023-11-22 15:09:24,507 [INFO] MultiScanPanel:200 - Auto-refresh data requested => check proxy status ongoing
2023-11-22 15:09:24,511 [INFO] FinderPluginLoader:95 - Searching for filters in installed packs
2023-11-22 15:09:26,202 [INFO] LoadUrlFilesThread:185 - End of LoadServerUrlFiles without Thread
2023-11-22 15:09:26,243 [INFO] DetailPanel:341 - Set advertising image to C:/Users/E-AY/STM32Cube/Repository/\en.prom-stm32h5-mcu-finder.jpg
2023-11-22 15:09:33,575 [INFO] McuFinderGlobals:76 - Set McuFinderConnectedMode to true
2023-11-22 15:09:34,032 [INFO] ApiDb:448 - Save user favorites file C:\Users\E-AY/.stm32cubeide/favorites.mcus.txt: 0 item(s)
2023-11-22 15:09:34,032 [INFO] ApiDb:452 - User favorites MCUs=[]
2023-11-22 15:10:06,556 [INFO] MainUpdater:2868 - connection check result : 10
2023-11-22 15:10:06,556 [INFO] McuFinderGlobals:76 - Set McuFinderConnectedMode to true
2023-11-22 15:10:06,958 [INFO] ServerAccessManage:473 - Download File mcusAds.json._tmp_
2023-11-22 15:10:07,190 [INFO] LoadUrlFilesThread:156 - End of LoadUrlFiles Thread
2023-11-22 15:10:07,442 [INFO] ServerAccessManage:473 - Download File cube-finder-db.zip
2023-11-22 15:10:34,072 [INFO] FileExtend:240 - Unzip File : cube-finder-db.zip
2023-11-22 15:10:34,072 [INFO] FileExtend:255 - Standard Zip Deflate
2023-11-22 15:10:35,026 [INFO] LoadUrlFilesThread:156 - End of LoadUrlFiles Thread
2023-11-22 15:10:35,553 [INFO] ServerAccessManage:473 - Download File crdb.zip
2023-11-22 15:10:36,353 [INFO] FileExtend:240 - Unzip File : crdb.zip
2023-11-22 15:10:36,353 [INFO] FileExtend:255 - Standard Zip Deflate
2023-11-22 15:10:36,491 [INFO] LoadUrlFilesThread:156 - End of LoadUrlFiles Thread
2023-11-22 15:10:36,635 [INFO] ServerAccessManage:473 - Download File tutoVideoDB.zip
2023-11-22 15:10:36,745 [INFO] FileExtend:240 - Unzip File : tutoVideoDB.zip
2023-11-22 15:10:36,745 [INFO] FileExtend:255 - Standard Zip Deflate
2023-11-22 15:10:36,865 [INFO] LoadUrlFilesThread:156 - End of LoadUrlFiles Thread
2023-11-22 15:10:36,868 [WARN] DbFile:41 - Overriding database path with different value: C:\Users\E-AY\.stmcufinder\plugins\mcufinder/ => C:\Users\E-AY\.stmcufinder\plugins\mcufinder
2023-11-22 15:10:36,993 [INFO] ServerAccessManage:473 - Download File api_config.json
2023-11-22 15:10:37,100 [INFO] LoadUrlFilesThread:156 - End of LoadUrlFiles Thread
2023-11-22 15:10:37,102 [INFO] DbMcusAds:53 - JSON generation date=Tue Mar 07 11:50:55 TRT 2023 (1678179055335)
2023-11-22 15:10:37,105 [INFO] ApiDb:448 - Save user favorites file C:\Users\E-AY/.stm32cubeide/favorites.mcus.txt: 0 item(s)
2023-11-22 15:10:37,105 [INFO] ApiDb:452 - User favorites MCUs=[]
2023-11-22 15:10:37,107 [INFO] ApiDb:581 - Connected to CubeFinder SQLite database (C:\Users\E-AY\.stmcufinder\plugins\mcufinder\mcu\cube-finder-db.db)
2023-11-22 15:10:37,197 [INFO] ApiDb:668 - CubeFinder database Data Model version=2.1
2023-11-22 15:10:37,198 [INFO] ApiDb:669 - CubeFinder database Configuration version=3.0.37
2023-11-22 15:10:37,198 [INFO] ApiDb:670 - CubeFinder database generation date=2023-10-13 (1697197505)
2023-11-22 15:10:37,198 [INFO] ApiDb:671 - CubeFinder database FW Pack versions=[FP-ATR-ASTRA1_V2.0.0, FP-SNS-FLIGHT1_V5.0.1, FP-SNS-FLIGHT1_V5.0.2, FP-SNS-MOTENV1_V4.3.1, FP-SNS-MOTENV1_V4.3.2, FP-SNS-SMARTAG2_V1.2.0, I-CUBE-ITTIADB_V8.6.3-1, STM32Cube_FW_C0_V1.1.0, STM32Cube_FW_F4_V1.27.1, STM32Cube_FW_F7_V1.17.0, STM32Cube_FW_G0_V1.6.1, STM32Cube_FW_G4_V1.5.1, STM32Cube_FW_H5_V0.5.1, STM32Cube_FW_H5_V1.1.1, STM32Cube_FW_H7_V1.11.0, STM32Cube_FW_L0_V1.12.2, STM32Cube_FW_L5_V1.5.0, STM32Cube_FW_U5_V1.3.0, STM32Cube_FW_U5_V1.3.0RC4, STM32Cube_FW_WBA_V1.0.0RC1, STM32Cube_FW_WBA_V1.1.0RC1, STM32Cube_FW_WBA_V1.1.1, STM32Cube_FW_WB_V1.15.0RC1, STM32Cube_FW_WB_V1.16.0, STM32Cube_FW_WB_V1.16.0RC2, STM32Cube_FW_WB_V1.17.3, STM32Cube_FW_WL_V1.3.0, X-CUBE-ALGOBUILD_V1.3.0, X-CUBE-ALS_V1.0.1, X-CUBE-AZRTOS-F4_V1.1.0, X-CUBE-AZRTOS-F7_V1.1.0, X-CUBE-AZRTOS-G0_V1.1.0, X-CUBE-AZRTOS-G4_V2.0.0, X-CUBE-AZRTOS-H7_V3.1.0, X-CUBE-AZRTOS-L4_V1.0.0, X-CUBE-AZRTOS-L4_V2.0.0, X-CUBE-AZRTOS-L5_V1.1.0, X-CUBE-AZRTOS-WB_V2.0.0, X-CUBE-AZRTOS-WL_V2.0.0, X-CUBE-BLE1_V7.0.0, X-CUBE-BLE2_V3.3.0, X-CUBE-BLEMGR_V2.0.0, X-CUBE-EEPRMA1_V4.1.0, X-CUBE-FREERTOS_V1.1.0, X-CUBE-GNSS1_V6.0.0, X-CUBE-MEMS1_V10.0.0, X-CUBE-MEMS1_V9.1.0, X-CUBE-MEMS1_V9.4.0, X-CUBE-MEMS1_V9.6.0, X-CUBE-NFC4_V3.0.0, X-CUBE-NFC7_V1.0.1, X-CUBE-SFXS2LP1_V4.0.0, X-CUBE-SUBG2_V5.0.0, X-CUBE-TOF1_V3.3.1]
2023-11-22 15:10:39,719 [INFO] ApiDb:240 - Found 323 in-development CPN: [B-G473E-ZEST1S, B-WB1M-WPAN1, B-WL5M-SUBG1, NUCLEO-C031C6, NUCLEO-H503RB, NUCLEO-H563ZI, NUCLEO-U545RE-Q, NUCLEO-U5A5ZJ-Q, NUCLEO-WBA52CG, STEVAL-PROTEUS1, STEVAL-SMARTAG2, STEVAL-STWINBX1, STM320518-EVAL, STM32C0116-DK, STM32C011D6Y3TR, STM32C011D6Y6TR, STM32C011F4P3, STM32C011F4P6, STM32C011F4U3, STM32C011F4U6TR, STM32C011F6P3, STM32C011F6P6, STM32C011F6U3, STM32C011F6U6TR, STM32C011J4M3, STM32C011J4M6, STM32C011J6M3, STM32C011J6M6, STM32C0316-DK, STM32C031C4T3, STM32C031C4T6, STM32C031C4U3, STM32C031C4U6, STM32C031C6T3, STM32C031C6T6, STM32C031C6U3, STM32C031C6U6, STM32C031F4P3, STM32C031F4P6, STM32C031F6P3, STM32C031F6P6, STM32C031G4U3, STM32C031G4U6, STM32C031G6U3, STM32C031G6U6, STM32C031K4T3, STM32C031K4T6, STM32C031K4U3, STM32C031K4U6, STM32C031K6T3, STM32C031K6T6, STM32C031K6U3, STM32C031K6U6, STM32G071K8TXN, STM32G071K8UXN, STM32G081GBU6N, STM32G081KBT6N, STM32G081KBUXN, STM32G0B1CCT6N, STM32G0B1KCT6, STM32G0B1NEY6TR, STM32G0B1RCT6N, STM32G0C1CCT6, STM32G0C1CCT6N, STM32G0C1CCU6N, STM32G0C1CET6N, STM32G0C1CEU6N, STM32G0C1KCT6, STM32G0C1NEY6TR, STM32G0C1RCI6N, STM32G0C1RCT6N, STM32G0C1REI6N, STM32G0C1RET6N, STM32G0C1VCI6, STM32G0C1VEI6, STM32G471CCT6, STM32G471CCU6, STM32G471CET3, STM32G471CET6, STM32G471CEU3, STM32G471CEU6, STM32G471MCT6, STM32G471MET3, STM32G471MET6, STM32G471MEY6TR, STM32G471QCT6, STM32G471QET3, STM32G471RCT6, STM32G471RET3, STM32G471RET6, STM32G471VCH6, STM32G471VCI6, STM32G471VCT6, STM32G471VEH3, STM32G471VEH6, STM32G471VEI3, STM32G471VEI6, STM32G471VET3, STM32G471VET6, STM32G474CCT6, STM32H503CBT6, STM32H503CBU6, STM32H503EBY6TR, STM32H503KBU6, STM32H503RBT6, STM32H562AGI6, STM32H562AII6, STM32H562IGK6, STM32H562IGT6, STM32H562IIK6, STM32H562IIT6, STM32H562RGT6, STM32H562RGV6, STM32H562RIT6, STM32H562RIV6, STM32H562VGT6, STM32H562VIT6, STM32H562ZGT6, STM32H562ZIT6, STM32H563AGI6, STM32H563AII3Q, STM32H563AII6, STM32H563IGK6, STM32H563IGT6, STM32H563IIK3Q, STM32H563IIK6, STM32H563IIT3Q, STM32H563IIT6, STM32H563MIY3QTR, STM32H563RGT6, STM32H563RGV6, STM32H563RIT6, STM32H563RIV6, STM32H563VGT6, STM32H563VIT3Q, STM32H563VIT6, STM32H563ZGT6, STM32H563ZIT3Q, STM32H563ZIT6, STM32H573AII3Q, STM32H573AII6, STM32H573I-DK, STM32H573IIK3Q, STM32H573IIK6, STM32H573IIT3Q, STM32H573IIT6, STM32H573MIY3QTR, STM32H573RIT6, STM32H573RIV6, STM32H573VIT3Q, STM32H573VIT6, STM32H573ZIT3Q, STM32H573ZIT6, STM32L4R5QGI6STR, STM32MP131AAE3, STM32MP131AAF3, STM32MP131AAG3, STM32MP131CAE3, STM32MP131CAF3, STM32MP131CAG3, STM32MP131DAE7, STM32MP131DAF7, STM32MP131DAG7, STM32MP131FAE7, STM32MP131FAF7, STM32MP131FAG7, STM32MP133AAE3, STM32MP133AAF3, STM32MP133AAG3, STM32MP133CAE3, STM32MP133CAF3, STM32MP133CAG3, STM32MP133DAE7, STM32MP133DAF7, STM32MP133DAG7, STM32MP133FAE7, STM32MP133FAF7, STM32MP133FAG7, STM32MP135AAE3, STM32MP135AAF3, STM32MP135AAG3, STM32MP135CAE3, STM32MP135CAF3, STM32MP135CAG3, STM32MP135DAE7, STM32MP135DAF7, STM32MP135DAG7, STM32MP135F-DK, STM32MP135FAE7, STM32MP135FAF7, STM32MP135FAF7T, STM32MP135FAF7U, STM32MP135FAG7, STM32U535CBT6, STM32U535CBT6Q, STM32U535CBU6, STM32U535CBU6Q, STM32U535CCT6, STM32U535CCT6Q, STM32U535CCU6, STM32U535CCU6Q, STM32U535CET6, STM32U535CET6Q, STM32U535CEU6, STM32U535CEU6Q, STM32U535JEY6QTR, STM32U535NCY6QTR, STM32U535NEY6QTR, STM32U535RBI6, STM32U535RBI6Q, STM32U535RBT6, STM32U535RBT6Q, STM32U535RCI6, STM32U535RCI6Q, STM32U535RCT6, STM32U535RCT6Q, STM32U535REI6, STM32U535REI6Q, STM32U535RET6, STM32U535RET6Q, STM32U535VCI6, STM32U535VCI6Q, STM32U535VCT6, STM32U535VCT6Q, STM32U535VEI6, STM32U535VEI6Q, STM32U535VET6, STM32U535VET6Q, STM32U545CET6, STM32U545CET6Q, STM32U545CEU6, STM32U545CEU6Q, STM32U545JEY6QTR, STM32U545NEY6QTR, STM32U545REI6, STM32U545REI6Q, STM32U545RET6, STM32U545RET6Q, STM32U545VEI6, STM32U545VEI6Q, STM32U545VET6, STM32U545VET6Q, STM32U595AIH6, STM32U595AIH6Q, STM32U595AJH6, STM32U595AJH6Q, STM32U595QII6, STM32U595QII6Q, STM32U595QJI6, STM32U595QJI6Q, STM32U595RIT6, STM32U595RIT6Q, STM32U595RJT6, STM32U595RJT6Q, STM32U595VIT6, STM32U595VIT6Q, STM32U595VJT6, STM32U595VJT6Q, STM32U595ZIT6, STM32U595ZIT6Q, STM32U595ZIY6QTR, STM32U595ZJT6, STM32U595ZJT6Q, STM32U595ZJY6QTR, STM32U599BJY6QTR, STM32U599NIH6Q, STM32U599NJH6Q, STM32U599VIT6Q, STM32U599VJT6, STM32U599VJT6Q, STM32U599ZIT6Q, STM32U599ZIY6QTR, STM32U599ZJT6Q, STM32U599ZJY6QTR, STM32U5A5AJH6, STM32U5A5AJH6Q, STM32U5A5QJI6, STM32U5A5QJI6Q, STM32U5A5RJT6, STM32U5A5RJT6Q, STM32U5A5VJT6, STM32U5A5VJT6Q, STM32U5A5ZJT6, STM32U5A5ZJT6Q, STM32U5A5ZJY6QTR, STM32U5A9BJY6QTR, STM32U5A9J-DK, STM32U5A9NJH6Q, STM32U5A9VJT6Q, STM32U5A9ZJT6Q, STM32U5A9ZJY6QTR, STM32U5F7VIT6, STM32U5F7VIT6Q, STM32U5F7VJT6, STM32U5F7VJT6Q, STM32U5F9BJY6QTR, STM32U5F9NJH6Q, STM32U5F9VIT6Q, STM32U5F9VJT6Q, STM32U5F9ZIJ6QTR, STM32U5F9ZIT6Q, STM32U5F9ZJJ6QTR, STM32U5F9ZJT6Q, STM32U5G7VJT6, STM32U5G7VJT6Q, STM32U5G9BJY6QTR, STM32U5G9J-DK1, STM32U5G9J-DK2, STM32U5G9NJH6Q, STM32U5G9VJT6Q, STM32U5G9ZJJ6QTR, STM32U5G9ZJT6Q, STM32WB1MMCH6, STM32WBA52CEU6, STM32WBA52CEU6T, STM32WBA52CGU6, STM32WBA52CGU6T, STM32WBA52KEU6, STM32WBA52KEU6T, STM32WBA52KGU6, STM32WBA52KGU6T, STM32WL5MOCH6, STM32WL5MOCH6TR]
2023-11-22 15:10:39,721 [INFO] DbMcus:217 - Found 3848 MCUs, 3848 are supported
2023-11-22 15:10:39,721 [INFO] ApiDb:423 - Load user favorites file C:\Users\E-AY/.stm32cubeide/favorites.mcus.txt: 0 item(s)
2023-11-22 15:10:39,721 [INFO] ApiDb:427 - User favorites MCUs=[]
2023-11-22 15:10:39,721 [INFO] DbMcus:223 - Set 0 / 0 favorites MCUs
2023-11-22 15:10:40,050 [INFO] ApiDb:448 - Save user favorites file C:\Users\E-AY/.stm32cubeide/favorites.boards.txt: 1 item(s)
2023-11-22 15:10:40,050 [INFO] ApiDb:452 - User favorites Boards=[STM32F407G-DISC1]
2023-11-22 15:10:40,053 [INFO] ApiDb:581 - Connected to CubeFinder SQLite database (C:\Users\E-AY\.stmcufinder\plugins\mcufinder\mcu\cube-finder-db.db)
2023-11-22 15:10:40,140 [INFO] ApiDb:668 - CubeFinder database Data Model version=2.1
2023-11-22 15:10:40,140 [INFO] ApiDb:669 - CubeFinder database Configuration version=3.0.37
2023-11-22 15:10:40,140 [INFO] ApiDb:670 - CubeFinder database generation date=2023-10-13 (1697197505)
2023-11-22 15:10:40,140 [INFO] ApiDb:671 - CubeFinder database FW Pack versions=[FP-ATR-ASTRA1_V2.0.0, FP-SNS-FLIGHT1_V5.0.1, FP-SNS-FLIGHT1_V5.0.2, FP-SNS-MOTENV1_V4.3.1, FP-SNS-MOTENV1_V4.3.2, FP-SNS-SMARTAG2_V1.2.0, I-CUBE-ITTIADB_V8.6.3-1, STM32Cube_FW_C0_V1.1.0, STM32Cube_FW_F4_V1.27.1, STM32Cube_FW_F7_V1.17.0, STM32Cube_FW_G0_V1.6.1, STM32Cube_FW_G4_V1.5.1, STM32Cube_FW_H5_V0.5.1, STM32Cube_FW_H5_V1.1.1, STM32Cube_FW_H7_V1.11.0, STM32Cube_FW_L0_V1.12.2, STM32Cube_FW_L5_V1.5.0, STM32Cube_FW_U5_V1.3.0, STM32Cube_FW_U5_V1.3.0RC4, STM32Cube_FW_WBA_V1.0.0RC1, STM32Cube_FW_WBA_V1.1.0RC1, STM32Cube_FW_WBA_V1.1.1, STM32Cube_FW_WB_V1.15.0RC1, STM32Cube_FW_WB_V1.16.0, STM32Cube_FW_WB_V1.16.0RC2, STM32Cube_FW_WB_V1.17.3, STM32Cube_FW_WL_V1.3.0, X-CUBE-ALGOBUILD_V1.3.0, X-CUBE-ALS_V1.0.1, X-CUBE-AZRTOS-F4_V1.1.0, X-CUBE-AZRTOS-F7_V1.1.0, X-CUBE-AZRTOS-G0_V1.1.0, X-CUBE-AZRTOS-G4_V2.0.0, X-CUBE-AZRTOS-H7_V3.1.0, X-CUBE-AZRTOS-L4_V1.0.0, X-CUBE-AZRTOS-L4_V2.0.0, X-CUBE-AZRTOS-L5_V1.1.0, X-CUBE-AZRTOS-WB_V2.0.0, X-CUBE-AZRTOS-WL_V2.0.0, X-CUBE-BLE1_V7.0.0, X-CUBE-BLE2_V3.3.0, X-CUBE-BLEMGR_V2.0.0, X-CUBE-EEPRMA1_V4.1.0, X-CUBE-FREERTOS_V1.1.0, X-CUBE-GNSS1_V6.0.0, X-CUBE-MEMS1_V10.0.0, X-CUBE-MEMS1_V9.1.0, X-CUBE-MEMS1_V9.4.0, X-CUBE-MEMS1_V9.6.0, X-CUBE-NFC4_V3.0.0, X-CUBE-NFC7_V1.0.1, X-CUBE-SFXS2LP1_V4.0.0, X-CUBE-SUBG2_V5.0.0, X-CUBE-TOF1_V3.3.1]
2023-11-22 15:10:40,218 [INFO] DbBoardsSqlite:226 - include board P-NUCLEO-WB55-NUCLEO as a kit item of type 'Nucleo-64'
2023-11-22 15:10:40,218 [INFO] DbBoardsSqlite:226 - include board P-NUCLEO-WB55-USBDONGLE as a kit item of type 'Nucleo USB Dongle'
2023-11-22 15:10:40,219 [INFO] DbBoardsSqlite:226 - include board STEVAL-IDP005V1 as a kit item of type 'Evaluation Board'
2023-11-22 15:10:40,219 [INFO] DbBoardsSqlite:226 - include board STEVAL-IDP005V2 as a kit item of type 'Evaluation Board'
2023-11-22 15:10:40,296 [INFO] ApiDb:240 - Found 323 in-development CPN: [B-G473E-ZEST1S, B-WB1M-WPAN1, B-WL5M-SUBG1, NUCLEO-C031C6, NUCLEO-H503RB, NUCLEO-H563ZI, NUCLEO-U545RE-Q, NUCLEO-U5A5ZJ-Q, NUCLEO-WBA52CG, STEVAL-PROTEUS1, STEVAL-SMARTAG2, STEVAL-STWINBX1, STM320518-EVAL, STM32C0116-DK, STM32C011D6Y3TR, STM32C011D6Y6TR, STM32C011F4P3, STM32C011F4P6, STM32C011F4U3, STM32C011F4U6TR, STM32C011F6P3, STM32C011F6P6, STM32C011F6U3, STM32C011F6U6TR, STM32C011J4M3, STM32C011J4M6, STM32C011J6M3, STM32C011J6M6, STM32C0316-DK, STM32C031C4T3, STM32C031C4T6, STM32C031C4U3, STM32C031C4U6, STM32C031C6T3, STM32C031C6T6, STM32C031C6U3, STM32C031C6U6, STM32C031F4P3, STM32C031F4P6, STM32C031F6P3, STM32C031F6P6, STM32C031G4U3, STM32C031G4U6, STM32C031G6U3, STM32C031G6U6, STM32C031K4T3, STM32C031K4T6, STM32C031K4U3, STM32C031K4U6, STM32C031K6T3, STM32C031K6T6, STM32C031K6U3, STM32C031K6U6, STM32G071K8TXN, STM32G071K8UXN, STM32G081GBU6N, STM32G081KBT6N, STM32G081KBUXN, STM32G0B1CCT6N, STM32G0B1KCT6, STM32G0B1NEY6TR, STM32G0B1RCT6N, STM32G0C1CCT6, STM32G0C1CCT6N, STM32G0C1CCU6N, STM32G0C1CET6N, STM32G0C1CEU6N, STM32G0C1KCT6, STM32G0C1NEY6TR, STM32G0C1RCI6N, STM32G0C1RCT6N, STM32G0C1REI6N, STM32G0C1RET6N, STM32G0C1VCI6, STM32G0C1VEI6, STM32G471CCT6, STM32G471CCU6, STM32G471CET3, STM32G471CET6, STM32G471CEU3, STM32G471CEU6, STM32G471MCT6, STM32G471MET3, STM32G471MET6, STM32G471MEY6TR, STM32G471QCT6, STM32G471QET3, STM32G471RCT6, STM32G471RET3, STM32G471RET6, STM32G471VCH6, STM32G471VCI6, STM32G471VCT6, STM32G471VEH3, STM32G471VEH6, STM32G471VEI3, STM32G471VEI6, STM32G471VET3, STM32G471VET6, STM32G474CCT6, STM32H503CBT6, STM32H503CBU6, STM32H503EBY6TR, STM32H503KBU6, STM32H503RBT6, STM32H562AGI6, STM32H562AII6, STM32H562IGK6, STM32H562IGT6, STM32H562IIK6, STM32H562IIT6, STM32H562RGT6, STM32H562RGV6, STM32H562RIT6, STM32H562RIV6, STM32H562VGT6, STM32H562VIT6, STM32H562ZGT6, STM32H562ZIT6, STM32H563AGI6, STM32H563AII3Q, STM32H563AII6, STM32H563IGK6, STM32H563IGT6, STM32H563IIK3Q, STM32H563IIK6, STM32H563IIT3Q, STM32H563IIT6, STM32H563MIY3QTR, STM32H563RGT6, STM32H563RGV6, STM32H563RIT6, STM32H563RIV6, STM32H563VGT6, STM32H563VIT3Q, STM32H563VIT6, STM32H563ZGT6, STM32H563ZIT3Q, STM32H563ZIT6, STM32H573AII3Q, STM32H573AII6, STM32H573I-DK, STM32H573IIK3Q, STM32H573IIK6, STM32H573IIT3Q, STM32H573IIT6, STM32H573MIY3QTR, STM32H573RIT6, STM32H573RIV6, STM32H573VIT3Q, STM32H573VIT6, STM32H573ZIT3Q, STM32H573ZIT6, STM32L4R5QGI6STR, STM32MP131AAE3, STM32MP131AAF3, STM32MP131AAG3, STM32MP131CAE3, STM32MP131CAF3, STM32MP131CAG3, STM32MP131DAE7, STM32MP131DAF7, STM32MP131DAG7, STM32MP131FAE7, STM32MP131FAF7, STM32MP131FAG7, STM32MP133AAE3, STM32MP133AAF3, STM32MP133AAG3, STM32MP133CAE3, STM32MP133CAF3, STM32MP133CAG3, STM32MP133DAE7, STM32MP133DAF7, STM32MP133DAG7, STM32MP133FAE7, STM32MP133FAF7, STM32MP133FAG7, STM32MP135AAE3, STM32MP135AAF3, STM32MP135AAG3, STM32MP135CAE3, STM32MP135CAF3, STM32MP135CAG3, STM32MP135DAE7, STM32MP135DAF7, STM32MP135DAG7, STM32MP135F-DK, STM32MP135FAE7, STM32MP135FAF7, STM32MP135FAF7T, STM32MP135FAF7U, STM32MP135FAG7, STM32U535CBT6, STM32U535CBT6Q, STM32U535CBU6, STM32U535CBU6Q, STM32U535CCT6, STM32U535CCT6Q, STM32U535CCU6, STM32U535CCU6Q, STM32U535CET6, STM32U535CET6Q, STM32U535CEU6, STM32U535CEU6Q, STM32U535JEY6QTR, STM32U535NCY6QTR, STM32U535NEY6QTR, STM32U535RBI6, STM32U535RBI6Q, STM32U535RBT6, STM32U535RBT6Q, STM32U535RCI6, STM32U535RCI6Q, STM32U535RCT6, STM32U535RCT6Q, STM32U535REI6, STM32U535REI6Q, STM32U535RET6, STM32U535RET6Q, STM32U535VCI6, STM32U535VCI6Q, STM32U535VCT6, STM32U535VCT6Q, STM32U535VEI6, STM32U535VEI6Q, STM32U535VET6, STM32U535VET6Q, STM32U545CET6, STM32U545CET6Q, STM32U545CEU6, STM32U545CEU6Q, STM32U545JEY6QTR, STM32U545NEY6QTR, STM32U545REI6, STM32U545REI6Q, STM32U545RET6, STM32U545RET6Q, STM32U545VEI6, STM32U545VEI6Q, STM32U545VET6, STM32U545VET6Q, STM32U595AIH6, STM32U595AIH6Q, STM32U595AJH6, STM32U595AJH6Q, STM32U595QII6, STM32U595QII6Q, STM32U595QJI6, STM32U595QJI6Q, STM32U595RIT6, STM32U595RIT6Q, STM32U595RJT6, STM32U595RJT6Q, STM32U595VIT6, STM32U595VIT6Q, STM32U595VJT6, STM32U595VJT6Q, STM32U595ZIT6, STM32U595ZIT6Q, STM32U595ZIY6QTR, STM32U595ZJT6, STM32U595ZJT6Q, STM32U595ZJY6QTR, STM32U599BJY6QTR, STM32U599NIH6Q, STM32U599NJH6Q, STM32U599VIT6Q, STM32U599VJT6, STM32U599VJT6Q, STM32U599ZIT6Q, STM32U599ZIY6QTR, STM32U599ZJT6Q, STM32U599ZJY6QTR, STM32U5A5AJH6, STM32U5A5AJH6Q, STM32U5A5QJI6, STM32U5A5QJI6Q, STM32U5A5RJT6, STM32U5A5RJT6Q, STM32U5A5VJT6, STM32U5A5VJT6Q, STM32U5A5ZJT6, STM32U5A5ZJT6Q, STM32U5A5ZJY6QTR, STM32U5A9BJY6QTR, STM32U5A9J-DK, STM32U5A9NJH6Q, STM32U5A9VJT6Q, STM32U5A9ZJT6Q, STM32U5A9ZJY6QTR, STM32U5F7VIT6, STM32U5F7VIT6Q, STM32U5F7VJT6, STM32U5F7VJT6Q, STM32U5F9BJY6QTR, STM32U5F9NJH6Q, STM32U5F9VIT6Q, STM32U5F9VJT6Q, STM32U5F9ZIJ6QTR, STM32U5F9ZIT6Q, STM32U5F9ZJJ6QTR, STM32U5F9ZJT6Q, STM32U5G7VJT6, STM32U5G7VJT6Q, STM32U5G9BJY6QTR, STM32U5G9J-DK1, STM32U5G9J-DK2, STM32U5G9NJH6Q, STM32U5G9VJT6Q, STM32U5G9ZJJ6QTR, STM32U5G9ZJT6Q, STM32WB1MMCH6, STM32WBA52CEU6, STM32WBA52CEU6T, STM32WBA52CGU6, STM32WBA52CGU6T, STM32WBA52KEU6, STM32WBA52KEU6T, STM32WBA52KGU6, STM32WBA52KGU6T, STM32WL5MOCH6, STM32WL5MOCH6TR]
2023-11-22 15:10:40,466 [INFO] BoardInfo:880 - No configuration file found for board P-NUCLEO-WB55
2023-11-22 15:10:40,466 [INFO] DbBoards:157 - Kit is not supported: P-NUCLEO-WB55
2023-11-22 15:10:40,475 [INFO] BoardInfo:880 - No configuration file found for board STEVAL-BFA001V1B
2023-11-22 15:10:40,475 [INFO] DbBoards:157 - Kit is not supported: STEVAL-BFA001V1B
2023-11-22 15:10:40,477 [INFO] BoardInfo:880 - No configuration file found for board STEVAL-BFA001V2B
2023-11-22 15:10:40,477 [INFO] DbBoards:157 - Kit is not supported: STEVAL-BFA001V2B
2023-11-22 15:10:40,656 [INFO] DbBoards:161 - Found 190 boards, 187 are supported
2023-11-22 15:10:40,659 [INFO] ApiDb:423 - Load user favorites file C:\Users\E-AY/.stm32cubeide/favorites.boards.txt: 1 item(s)
2023-11-22 15:10:40,659 [INFO] ApiDb:427 - User favorites Boards=[STM32F407G-DISC1]
2023-11-22 15:10:40,659 [INFO] DbBoards:190 - Set 1 / 1 favorites Boards
2023-11-22 15:10:40,671 [INFO] LoadUrlFilesThread:185 - End of LoadServerUrlFiles without Thread
2023-11-22 15:10:40,671 [INFO] TargetSelectorAdapter:259 - Refresh data is successful
2023-11-22 15:10:40,676 [INFO] ApiDb:668 - CubeFinder database Data Model version=2.1
2023-11-22 15:10:40,676 [INFO] ApiDb:669 - CubeFinder database Configuration version=3.0.37
2023-11-22 15:10:40,676 [INFO] ApiDb:670 - CubeFinder database generation date=2023-10-13 (1697197505)
2023-11-22 15:10:40,676 [INFO] ApiDb:671 - CubeFinder database FW Pack versions=[FP-ATR-ASTRA1_V2.0.0, FP-SNS-FLIGHT1_V5.0.1, FP-SNS-FLIGHT1_V5.0.2, FP-SNS-MOTENV1_V4.3.1, FP-SNS-MOTENV1_V4.3.2, FP-SNS-SMARTAG2_V1.2.0, I-CUBE-ITTIADB_V8.6.3-1, STM32Cube_FW_C0_V1.1.0, STM32Cube_FW_F4_V1.27.1, STM32Cube_FW_F7_V1.17.0, STM32Cube_FW_G0_V1.6.1, STM32Cube_FW_G4_V1.5.1, STM32Cube_FW_H5_V0.5.1, STM32Cube_FW_H5_V1.1.1, STM32Cube_FW_H7_V1.11.0, STM32Cube_FW_L0_V1.12.2, STM32Cube_FW_L5_V1.5.0, STM32Cube_FW_U5_V1.3.0, STM32Cube_FW_U5_V1.3.0RC4, STM32Cube_FW_WBA_V1.0.0RC1, STM32Cube_FW_WBA_V1.1.0RC1, STM32Cube_FW_WBA_V1.1.1, STM32Cube_FW_WB_V1.15.0RC1, STM32Cube_FW_WB_V1.16.0, STM32Cube_FW_WB_V1.16.0RC2, STM32Cube_FW_WB_V1.17.3, STM32Cube_FW_WL_V1.3.0, X-CUBE-ALGOBUILD_V1.3.0, X-CUBE-ALS_V1.0.1, X-CUBE-AZRTOS-F4_V1.1.0, X-CUBE-AZRTOS-F7_V1.1.0, X-CUBE-AZRTOS-G0_V1.1.0, X-CUBE-AZRTOS-G4_V2.0.0, X-CUBE-AZRTOS-H7_V3.1.0, X-CUBE-AZRTOS-L4_V1.0.0, X-CUBE-AZRTOS-L4_V2.0.0, X-CUBE-AZRTOS-L5_V1.1.0, X-CUBE-AZRTOS-WB_V2.0.0, X-CUBE-AZRTOS-WL_V2.0.0, X-CUBE-BLE1_V7.0.0, X-CUBE-BLE2_V3.3.0, X-CUBE-BLEMGR_V2.0.0, X-CUBE-EEPRMA1_V4.1.0, X-CUBE-FREERTOS_V1.1.0, X-CUBE-GNSS1_V6.0.0, X-CUBE-MEMS1_V10.0.0, X-CUBE-MEMS1_V9.1.0, X-CUBE-MEMS1_V9.4.0, X-CUBE-MEMS1_V9.6.0, X-CUBE-NFC4_V3.0.0, X-CUBE-NFC7_V1.0.1, X-CUBE-SFXS2LP1_V4.0.0, X-CUBE-SUBG2_V5.0.0, X-CUBE-TOF1_V3.3.1]
2023-11-22 15:10:41,791 [ERROR] DbExamplesSqlite:437 - Missing JSON key: board_cpn
2023-11-22 15:10:41,791 [ERROR] DbExamplesSqlite:437 - Missing JSON key: board_cpn
2023-11-22 15:10:41,791 [ERROR] DbExamplesSqlite:437 - Missing JSON key: board_cpn
2023-11-22 15:10:41,792 [ERROR] DbExamplesSqlite:437 - Missing JSON key: board_cpn
2023-11-22 15:10:41,803 [INFO] DbExamplesSqlite:395 - Ignored 27 examples not supported by CubeIDE
2023-11-22 15:10:41,803 [INFO] DbExamplesSqlite:396 - Found 7221 examples active
2023-11-22 15:10:41,803 [INFO] DbExamplesSqlite:397 - Found 777 examples obsolete
2023-11-22 15:10:41,803 [INFO] DbExamplesSqlite:398 - Found 0 examples under development
2023-11-22 15:10:41,804 [INFO] DbExamplesSqlite:399 - Found 74 examples not building
2023-11-22 15:10:41,805 [INFO] DbExamples:125 - Found 7268 examples
2023-11-22 15:10:41,818 [INFO] DbExamples:222 - Found 93 boards with related examples
2023-11-22 15:10:41,819 [INFO] DbExamples:235 - Found 79 MCUs with related examples
2023-11-22 15:10:41,838 [INFO] ApiDb:423 - Load user favorites file C:\Users\E-AY/.stm32cubeide/favorites.examples.txt: 0 item(s)
2023-11-22 15:10:41,838 [INFO] ApiDb:427 - User favorites Examples=[]
2023-11-22 15:10:41,839 [INFO] DbExamples:250 - Set 0 / 0 favorites Examples
2023-11-22 15:10:41,897 [INFO] McuFinderGlobals:76 - Set McuFinderConnectedMode to true
2023-11-22 15:10:41,898 [INFO] MultiScanPanel:200 - Auto-refresh data requested => check proxy status ongoing
2023-11-22 15:10:41,899 [INFO] FinderPluginLoader:95 - Searching for filters in installed packs
2023-11-22 15:10:43,073 [INFO] LoadUrlFilesThread:185 - End of LoadServerUrlFiles without Thread
2023-11-22 15:10:43,073 [INFO] DetailPanel:341 - Set advertising image to C:/Users/E-AY/STM32Cube/Repository/\en.prom-stm32h5-mcu-finder.jpg
2023-11-22 15:12:35,381 [INFO] MultiScanPanel:200 - Auto-refresh data requested => check proxy status ongoing
2023-11-22 15:12:35,562 [INFO] LoadUrlFilesThread:185 - End of LoadServerUrlFiles without Thread
2023-11-22 15:12:35,563 [INFO] DetailPanel:341 - Set advertising image to C:/Users/E-AY/STM32Cube/Repository/\en.prom-stm32h5-mcu-finder.jpg
2023-11-22 15:12:35,580 [INFO] DbBoards:634 - Loading board mini-images...
2023-11-22 15:12:38,439 [INFO] DbBoards:657 - Loaded 190 board mini-images
2023-11-22 15:12:45,377 [INFO] BoardResultTable:719 - Unmark Board STM32F407G-DISC1 as favorite
2023-11-22 15:13:21,587 [INFO] McuFinderGlobals:76 - Set McuFinderConnectedMode to true
2023-11-22 15:13:21,590 [INFO] ApiDb:448 - Save user favorites file C:\Users\E-AY/.stm32cubeide/favorites.mcus.txt: 0 item(s)
2023-11-22 15:13:21,590 [INFO] ApiDb:452 - User favorites MCUs=[]
2023-11-22 15:13:21,593 [INFO] ApiDb:448 - Save user favorites file C:\Users\E-AY/.stm32cubeide/favorites.boards.txt: 0 item(s)
2023-11-22 15:13:21,594 [INFO] ApiDb:452 - User favorites Boards=[]
2023-11-22 18:49:33,633 [ERROR] LogOutputStream:75 - [STDERR_REDIRECT] 
