16:08:34 **** Incremental Build of configuration Debug for project switchcase ****
Info: Internal Builder is used for build
gcc -O0 -g3 -Wall -c -fmessage-length=0 -o switchcase.o "..\\switchcase.c" 
..\switchcase.c: In function 'main':
..\switchcase.c:7:21: warning: implicit declaration of function 'read_keypad' [-Wimplicit-function-declaration]
    7 |  uint8_t key_read = read_keypad();
      |                     ^~~~~~~~~~~
..\switchcase.c:13:3: warning: implicit declaration of function 'all_leds_race' [-Wimplicit-function-declaration]
   13 |   all_leds_race();
      |   ^~~~~~~~~~~~~
..\switchcase.c:17:3: warning: implicit declaration of function 'all_leds_on' [-Wimplicit-function-declaration]
   17 |   all_leds_on();
      |   ^~~~~~~~~~~
..\switchcase.c:20:3: warning: implicit declaration of function 'all_leds_toogle' [-Wimplicit-function-declaration]
   20 |   all_leds_toogle();
      |   ^~~~~~~~~~~~~~~
..\switchcase.c:24:3: warning: implicit declaration of function 'all_leds_blink' [-Wimplicit-function-declaration]
   24 |   all_leds_blink();
      |   ^~~~~~~~~~~~~~
..\switchcase.c:28:3: warning: implicit declaration of function 'all_leds_off' [-Wimplicit-function-declaration]
   28 |   all_leds_off();
      |   ^~~~~~~~~~~~
gcc -o switchcase.exe switchcase.o 
C:\CTOOLS\CTOOLS\mingw32\bin/ld.exe: switchcase.o: in function `main':
C:\Users\E-AY\Desktop\udemy_C\My_Workspace\target\switchcase\Debug/../switchcase.c:7: undefined reference to `read_keypad'
C:\CTOOLS\CTOOLS\mingw32\bin/ld.exe: C:\Users\E-AY\Desktop\udemy_C\My_Workspace\target\switchcase\Debug/../switchcase.c:13: undefined reference to `all_leds_race'
C:\CTOOLS\CTOOLS\mingw32\bin/ld.exe: C:\Users\E-AY\Desktop\udemy_C\My_Workspace\target\switchcase\Debug/../switchcase.c:17: undefined reference to `all_leds_on'
C:\CTOOLS\CTOOLS\mingw32\bin/ld.exe: C:\Users\E-AY\Desktop\udemy_C\My_Workspace\target\switchcase\Debug/../switchcase.c:20: undefined reference to `all_leds_toogle'
C:\CTOOLS\CTOOLS\mingw32\bin/ld.exe: C:\Users\E-AY\Desktop\udemy_C\My_Workspace\target\switchcase\Debug/../switchcase.c:24: undefined reference to `all_leds_blink'
C:\CTOOLS\CTOOLS\mingw32\bin/ld.exe: C:\Users\E-AY\Desktop\udemy_C\My_Workspace\target\switchcase\Debug/../switchcase.c:28: undefined reference to `all_leds_off'
collect2.exe: error: ld returned 1 exit status

16:08:34 Build Failed. 7 errors, 6 warnings. (took 481ms)

